21:25:13.745 -> CAN Receiver
21:25:13.745 -> Starting receiving CAN:
21:25:13.813 -> 78 ID 0x2E8 LEN 3 91:02:01:
21:25:13.915 -> 179 ID 0x2E8 LEN 3 91:02:01:
21:25:14.017 -> 265 ID 0x3BF LEN 2 49:00:
21:25:14.017 -> 277 ID 0x2E8 LEN 3 91:02:01:
21:25:14.084 -> 339 ID 0x3CF LEN 1 69:
21:25:14.084 -> 343 ID 0x3AF LEN 2 59:00:
21:25:14.119 -> 378 ID 0x2E8 LEN 3 91:02:01:
21:25:14.221 -> 480 ID 0x2E8 LEN 3 91:02:01:
21:25:14.221 -> 488 ID 0x3FF LEN 2 92:01:
21:25:14.323 -> 578 ID 0x2E8 LEN 3 91:02:01:
21:25:14.425 -> 679 ID 0x2E8 LEN 3 91:02:01:
21:25:14.493 -> 764 ID 0x3BF LEN 2 49:00:
21:25:14.527 -> 778 ID 0x2E8 LEN 3 91:02:01:
21:25:14.595 -> 842 ID 0x3AF LEN 2 59:00:
21:25:14.595 -> 847 ID 0x3CF LEN 1 69:
21:25:14.629 -> 878 ID 0x2E8 LEN 3 91:02:01:
21:25:14.697 -> 945 ID 0x2D0 LEN 5 12:00:31:30:00:
21:25:14.730 -> 979 ID 0x2E8 LEN 3 91:02:01:
21:25:14.730 -> 988 ID 0x3FF LEN 2 92:01:
21:25:14.831 -> 1078 ID 0x2E8 LEN 3 91:02:01:
21:25:14.934 -> 1179 ID 0x2E8 LEN 3 91:02:01:
21:25:15.002 -> 1264 ID 0x3BF LEN 2 49:00:
21:25:15.035 -> 1277 ID 0x2E8 LEN 3 91:02:01:
21:25:15.069 -> 1342 ID 0x3AF LEN 2 59:00:
21:25:15.103 -> 1355 ID 0x3CF LEN 1 69:
21:25:15.137 -> 1379 ID 0x2E8 LEN 3 91:02:01:
21:25:15.206 -> 1479 ID 0x2E8 LEN 3 91:02:01:
21:25:15.239 -> 1487 ID 0x3FF LEN 2 92:01:
21:25:15.307 -> 1577 ID 0x2E8 LEN 3 91:02:01:
21:25:15.410 -> 1679 ID 0x2E8 LEN 3 91:02:01:
21:25:15.511 -> 1764 ID 0x3BF LEN 2 49:00:
21:25:15.511 -> 1779 ID 0x2E8 LEN 3 91:02:01:
21:25:15.580 -> 1843 ID 0x3AF LEN 2 59:00:
21:25:15.614 -> 1863 ID 0x3CF LEN 1 69:
21:25:15.614 -> 1879 ID 0x2E8 LEN 3 91:02:01:
21:25:15.715 -> 1976 ID 0x2D0 LEN 5 12:00:31:30:00:
21:25:15.715 -> 1979 ID 0x2E8 LEN 3 91:02:01:
21:25:15.715 -> 1988 ID 0x3FF LEN 2 92:01:
21:25:15.817 -> 2077 ID 0x2E8 LEN 3 91:02:01:
21:25:15.919 -> 2179 ID 0x2E8 LEN 3 91:02:01:
21:25:16.019 -> 2265 ID 0x3BF LEN 2 49:00:
21:25:16.019 -> 2280 ID 0x2E8 LEN 3 91:02:01:
21:25:16.087 -> 2342 ID 0x3AF LEN 2 59:00:
21:25:16.121 -> 2371 ID 0x3CF LEN 1 69:
21:25:16.121 -> 2378 ID 0x2E8 LEN 3 91:02:01:
21:25:16.223 -> 2479 ID 0x2E8 LEN 3 91:02:01:
21:25:16.223 -> 2488 ID 0x3FF LEN 2 92:01:
21:25:16.325 -> 2578 ID 0x2E8 LEN 3 91:02:01:
21:25:16.427 -> 2678 ID 0x2E8 LEN 3 91:02:01:
21:25:16.495 -> 2764 ID 0x3BF LEN 2 49:00:
21:25:16.529 -> 2778 ID 0x2E8 LEN 3 91:02:01:
21:25:16.597 -> 2842 ID 0x3AF LEN 2 59:00:
21:25:16.631 -> 2878 ID 0x2E8 LEN 3 91:02:01:
21:25:16.631 -> 2879 ID 0x3CF LEN 1 69:
21:25:16.733 -> 2979 ID 0x2E8 LEN 3 91:02:01:
21:25:16.733 -> 2988 ID 0x3FF LEN 2 92:01:
21:25:16.733 -> 3008 ID 0x2D0 LEN 5 12:00:31:30:00:
21:25:16.834 -> 3078 ID 0x2E8 LEN 3 91:02:01:
21:25:16.936 -> 3179 ID 0x2E8 LEN 3 91:02:01:
21:25:17.004 -> 3264 ID 0x3BF LEN 2 49:00:
21:25:17.004 -> 3277 ID 0x2E8 LEN 3 91:02:01:
21:25:17.071 -> 3342 ID 0x3AF LEN 2 59:00:
21:25:17.105 -> 3378 ID 0x2E8 LEN 3 91:02:01:
21:25:17.140 -> 3383 ID 0x3CF LEN 1 69:
21:25:17.207 -> 3479 ID 0x2E8 LEN 3 91:02:01:
21:25:17.241 -> 3488 ID 0x3FF LEN 2 92:01:
21:25:17.309 -> 3577 ID 0x2E8 LEN 3 91:02:01:
21:25:17.412 -> 3679 ID 0x2E8 LEN 3 91:02:01:
21:25:17.513 -> 3764 ID 0x3BF LEN 2 49:00:
21:25:17.513 -> 3777 ID 0x2E8 LEN 3 91:02:01:
21:25:17.581 -> 3843 ID 0x3AF LEN 2 59:00:
21:25:17.615 -> 3877 ID 0x2E8 LEN 3 91:02:01:
21:25:17.649 -> 3891 ID 0x3CF LEN 1 69:
21:25:17.717 -> 3979 ID 0x2E8 LEN 3 91:02:01:
21:25:17.717 -> 3987 ID 0x3FF LEN 2 92:01:
21:25:17.785 -> 4041 ID 0x2D0 LEN 5 12:00:31:30:00:
21:25:17.819 -> 4077 ID 0x2E8 LEN 3 91:02:01:
21:25:17.921 -> 4178 ID 0x2E8 LEN 3 91:02:01:
21:25:18.021 -> 4264 ID 0x3BF LEN 2 49:00:
21:25:18.021 -> 4277 ID 0x2E8 LEN 3 91:02:01:
21:25:18.089 -> 4342 ID 0x3AF LEN 2 59:00:
21:25:18.123 -> 4378 ID 0x2E8 LEN 3 91:02:01:
21:25:18.123 -> 4399 ID 0x3CF LEN 1 69:
21:25:18.225 -> 4478 ID 0x2E8 LEN 3 91:02:01:
21:25:18.225 -> 4487 ID 0x3FF LEN 2 92:01:
21:25:18.327 -> 4577 ID 0x2E8 LEN 3 91:02:01:
21:25:18.429 -> 4678 ID 0x2E8 LEN 3 91:02:01:
21:25:18.497 -> 4764 ID 0x3BF LEN 2 49:00:
21:25:18.531 -> 4776 ID 0x2E8 LEN 3 91:02:01:
21:25:18.599 -> 4842 ID 0x3AF LEN 2 59:00:
21:25:18.633 -> 4878 ID 0x2E8 LEN 3 91:02:01:
21:25:18.633 -> 4905 ID 0x3CF LEN 1 69:
21:25:18.735 -> 4979 ID 0x2E8 LEN 3 91:02:01:
21:25:18.735 -> 4987 ID 0x3FF LEN 2 92:01:
21:25:18.802 -> 5072 ID 0x2D0 LEN 5 12:00:31:30:00:
21:25:18.837 -> 5076 ID 0x2E8 LEN 3 91:02:01:
21:25:18.905 -> 5178 ID 0x2E8 LEN 3 91:02:01:
21:25:19.006 -> 5264 ID 0x3BF LEN 2 49:00:
21:25:19.006 -> 5279 ID 0x2E8 LEN 3 91:02:01:
21:25:19.073 -> 5343 ID 0x3AF LEN 2 59:00:
21:25:19.107 -> 5378 ID 0x2E8 LEN 3 91:02:01:
21:25:19.141 -> 5414 ID 0x3CF LEN 1 69:
21:25:19.209 -> 5479 ID 0x2E8 LEN 3 91:02:01:
21:25:19.243 -> 5487 ID 0x3FF LEN 2 92:01:
21:25:19.310 -> 5577 ID 0x2E8 LEN 3 91:02:01:
21:25:19.515 -> 5764 ID 0x3BF LEN 2 49:00:
21:25:19.583 -> 5844 ID 0x3AF LEN 2 59:00:
21:25:19.854 -> 6105 ID 0x2D0 LEN 5 12:00:31:30:00:
21:25:20.022 -> 6264 ID 0x3BF LEN 2 49:00:
21:25:20.090 -> 6342 ID 0x3AF LEN 2 59:00:
21:25:20.498 -> 6764 ID 0x3BF LEN 2 49:00:
21:25:20.600 -> 6842 ID 0x3AF LEN 2 59:00:
21:25:20.870 -> 7136 ID 0x2D0 LEN 5 12:00:31:30:00:
21:25:21.007 -> 7264 ID 0x3BF LEN 2 49:00:
21:25:21.075 -> 7342 ID 0x3AF LEN 2 59:00:
21:25:21.516 -> 7763 ID 0x3BF LEN 2 49:00:
21:25:21.584 -> 7841 ID 0x3AF LEN 2 59:00:
21:25:21.923 -> 8169 ID 0x2D0 LEN 5 12:00:31:30:00:
21:25:21.991 -> 8263 ID 0x3BF LEN 2 49:00:
21:25:22.093 -> 8342 ID 0x3AF LEN 2 59:00:
21:25:22.501 -> 8764 ID 0x3BF LEN 2 49:00:
21:25:22.569 -> 8842 ID 0x3AF LEN 2 59:00:
21:25:22.942 -> 9200 ID 0x2D0 LEN 5 12:00:31:30:00:
21:25:23.009 -> 9264 ID 0x3BF LEN 2 49:00:
21:25:23.076 -> 9341 ID 0x3AF LEN 2 59:00:
21:25:23.520 -> 9763 ID 0x3BF LEN 2 49:00:
21:25:23.587 -> 9841 ID 0x3AF LEN 2 59:00:
21:25:23.962 -> 10232 ID 0x2D0 LEN 5 12:00:31:30:00:
21:25:23.995 -> 10264 ID 0x3BF LEN 2 49:00:
21:25:24.097 -> 10342 ID 0x3AF LEN 2 59:00:
21:25:24.166 -> 10415 ID 0x3AF LEN 2 5A:00:
21:25:24.267 -> 10515 ID 0x3AF LEN 2 5A:00:
21:25:24.336 -> 10599 ID 0x3AF LEN 2 5A:00:
21:25:24.370 -> 10620 ID 0x3AF LEN 2 5A:00:
21:25:24.472 -> 10715 ID 0x3AF LEN 2 5A:00:
21:25:24.506 -> 10764 ID 0x3BF LEN 2 49:00:
21:25:24.573 -> 10815 ID 0x3AF LEN 2 5A:00:
21:25:24.573 -> 10842 ID 0x3AF LEN 2 59:01:
21:25:24.642 -> 10914 ID 0x3AF LEN 2 5A:00:
21:25:24.744 -> 11015 ID 0x3AF LEN 2 5A:00:
21:25:24.845 -> 11114 ID 0x3AF LEN 2 5A:00:
21:25:24.946 -> 11214 ID 0x3AF LEN 2 5A:00:
21:25:25.014 -> 11264 ID 0x2D0 LEN 5 12:00:31:30:00:
21:25:25.014 -> 11266 ID 0x3BF LEN 2 49:00:
21:25:25.048 -> 11315 ID 0x3AF LEN 2 5A:00:
21:25:25.082 -> 11341 ID 0x3AF LEN 2 59:01:
21:25:25.150 -> 11414 ID 0x3AF LEN 2 5A:00:
21:25:25.252 -> 11514 ID 0x3AF LEN 2 5A:00:
21:25:25.354 -> 11615 ID 0x3AF LEN 2 5A:00:
21:25:25.456 -> 11721 ID 0x3AF LEN 2 5A:00:
21:25:25.489 -> 11763 ID 0x3BF LEN 2 49:00:
21:25:25.557 -> 11814 ID 0x3AF LEN 2 5A:00:
21:25:25.590 -> 11841 ID 0x3AF LEN 2 59:01:
21:25:25.658 -> 11915 ID 0x3AF LEN 2 5A:00:
21:25:25.760 -> 12014 ID 0x3AF LEN 2 5A:00:
21:25:25.861 -> 12118 ID 0x3AF LEN 2 5A:00:
21:25:25.963 -> 12215 ID 0x3AF LEN 2 5A:00:
21:25:25.997 -> 12263 ID 0x3BF LEN 2 49:00:
21:25:26.031 -> 12296 ID 0x2D0 LEN 5 12:00:31:30:00:
21:25:26.065 -> 12314 ID 0x3AF LEN 2 5A:00:
21:25:26.098 -> 12342 ID 0x3AF LEN 2 59:01:
21:25:26.167 -> 12414 ID 0x3AF LEN 2 5A:00:
21:25:26.268 -> 12514 ID 0x3AF LEN 2 5A:00:
21:25:26.370 -> 12614 ID 0x3AF LEN 2 5A:00:
21:25:26.472 -> 12715 ID 0x3AF LEN 2 5A:00:
21:25:26.506 -> 12764 ID 0x3BF LEN 2 49:00:
21:25:26.574 -> 12814 ID 0x3AF LEN 2 5A:00:
21:25:26.574 -> 12841 ID 0x3AF LEN 2 59:01:
21:25:26.642 -> 12914 ID 0x3AF LEN 2 5A:00:
21:25:26.742 -> 13015 ID 0x3AF LEN 2 5A:00:
21:25:26.845 -> 13114 ID 0x3AF LEN 2 5A:00:
21:25:26.947 -> 13214 ID 0x3AF LEN 2 5A:00:
21:25:27.015 -> 13263 ID 0x3BF LEN 2 49:00:
21:25:27.048 -> 13315 ID 0x3AF LEN 2 5A:00:
21:25:27.082 -> 13329 ID 0x2D0 LEN 5 12:00:31:30:00:
21:25:27.082 -> 13341 ID 0x3AF LEN 2 59:01:
21:25:27.150 -> 13414 ID 0x3AF LEN 2 5A:00:
21:25:27.252 -> 13514 ID 0x3AF LEN 2 5A:00:
21:25:27.354 -> 13615 ID 0x3AF LEN 2 5A:00:
21:25:27.455 -> 13714 ID 0x3AF LEN 2 5A:00:
21:25:27.489 -> 13737 ID 0x3EF LEN 3 A6:14:19:
21:25:27.524 -> 13763 ID 0x3BF LEN 2 49:00:
21:25:27.558 -> 13814 ID 0x3AF LEN 2 5A:00:
21:25:27.592 -> 13841 ID 0x3AF LEN 2 59:01:
21:25:27.659 -> 13915 ID 0x3AF LEN 2 5A:00:
21:25:27.761 -> 14014 ID 0x3AF LEN 2 5A:00:
21:25:27.863 -> 14114 ID 0x3AF LEN 2 5A:00:
21:25:27.966 -> 14215 ID 0x3AF LEN 2 5A:00:
21:25:28.000 -> 14263 ID 0x3BF LEN 2 49:00:
21:25:28.067 -> 14314 ID 0x3AF LEN 2 5A:00:
21:25:28.067 -> 14342 ID 0x3AF LEN 2 59:01:
21:25:28.101 -> 14360 ID 0x2D0 LEN 5 12:00:31:30:00:
21:25:28.170 -> 14414 ID 0x3AF LEN 2 5A:00:
21:25:28.271 -> 14515 ID 0x3AF LEN 2 5A:00:
21:25:28.374 -> 14614 ID 0x3AF LEN 2 5A:00:
21:25:28.441 -> 14714 ID 0x3AF LEN 2 5A:00:
21:25:28.510 -> 14764 ID 0x3BF LEN 2 49:00:
21:25:28.544 -> 14814 ID 0x3AF LEN 2 5A:00:
21:25:28.577 -> 14841 ID 0x3AF LEN 2 59:01:
21:25:28.645 -> 14914 ID 0x3AF LEN 2 5A:00:
21:25:28.747 -> 15014 ID 0x3AF LEN 2 5A:00:
21:25:28.850 -> 15114 ID 0x3AF LEN 2 5A:00:
21:25:28.952 -> 15214 ID 0x3AF LEN 2 5A:00:
21:25:29.019 -> 15263 ID 0x3BF LEN 2 49:00:
21:25:29.054 -> 15314 ID 0x3AF LEN 2 5A:00:
21:25:29.087 -> 15341 ID 0x3AF LEN 2 59:01:
21:25:29.122 -> 15392 ID 0x2D0 LEN 5 12:00:31:30:00:
21:25:29.156 -> 15414 ID 0x3AF LEN 2 5A:00:
21:25:29.258 -> 15514 ID 0x3AF LEN 2 5A:00:
21:25:29.360 -> 15614 ID 0x3AF LEN 2 5A:00:
21:25:29.462 -> 15714 ID 0x3AF LEN 2 5A:00:
21:25:29.495 -> 15763 ID 0x3BF LEN 2 49:00:
21:25:29.563 -> 15814 ID 0x3AF LEN 2 5A:00:
21:25:29.597 -> 15841 ID 0x3AF LEN 2 59:01:
21:25:29.665 -> 15915 ID 0x3AF LEN 2 5A:00:
21:25:29.767 -> 16014 ID 0x3AF LEN 2 5A:00:
21:25:29.869 -> 16114 ID 0x3AF LEN 2 5A:00:
21:25:29.971 -> 16214 ID 0x3AF LEN 2 5A:00:
21:25:30.004 -> 16263 ID 0x3BF LEN 2 49:00:
21:25:30.072 -> 16314 ID 0x3AF LEN 2 5A:00:
21:25:30.072 -> 16340 ID 0x3AF LEN 2 59:01:
21:25:30.173 -> 16414 ID 0x3AF LEN 2 5A:00:
21:25:30.173 -> 16424 ID 0x2D0 LEN 5 12:00:31:30:00:
21:25:30.242 -> 16514 ID 0x3AF LEN 2 5A:00:
21:25:30.344 -> 16614 ID 0x3AF LEN 2 5A:00:
21:25:30.446 -> 16714 ID 0x3AF LEN 2 5A:00:
21:25:30.514 -> 16763 ID 0x3BF LEN 2 49:00:
21:25:30.547 -> 16814 ID 0x3AF LEN 2 5A:00:
21:25:30.581 -> 16841 ID 0x3AF LEN 2 59:01:
21:25:30.648 -> 16914 ID 0x3AF LEN 2 5A:00:
21:25:30.750 -> 17014 ID 0x3AF LEN 2 5A:00:
21:25:30.852 -> 17114 ID 0x3AF LEN 2 5A:00:
21:25:30.954 -> 17214 ID 0x3AF LEN 2 5A:00:
21:25:30.988 -> 17251 ID 0x3CF LEN 1 69:
21:25:30.988 -> 17252 ID 0x3CF LEN 2 61:23:
21:25:30.988 -> 17253 ID 0x3AF LEN 2 5A:00:
21:25:31.022 -> 17263 ID 0x3BF LEN 2 49:00:
21:25:31.089 -> 17341 ID 0x3AF LEN 2 59:00:
21:25:31.089 -> 17353 ID 0x3CF LEN 2 61:23:
21:25:31.089 -> 17354 ID 0x3AF LEN 2 5A:00:
21:25:31.089 -> 17355 ID 0x3AF LEN 2 5A:00:
21:25:31.089 -> 17356 ID 0x3AF LEN 8 50:29:00:23:00:00:00:69:
21:25:31.123 -> 17380 ID 0x1C1 LEN 8 70:84:84:84:84:84:84:84:
21:25:31.123 -> 17382 ID 0x5C1 LEN 8 74:FF:FF:FF:FF:FF:FF:FF:
21:25:31.123 -> 17387 ID 0x3AF LEN 8 50:29:00:23:00:00:00:69:
21:25:31.157 -> 17417 ID 0x3AF LEN 8 50:29:00:23:00:00:00:69:
21:25:31.157 -> 17419 ID 0x121 LEN 8 70:FF:FF:FF:FF:FF:FF:FF:
21:25:31.191 -> 17457 ID 0x2E8 LEN 3 91:03:00:
21:25:31.191 -> 17458 ID 0x2D0 LEN 5 12:00:31:30:00:
21:25:31.293 -> 17556 ID 0x2E8 LEN 3 91:03:00:
21:25:31.395 -> 17655 ID 0x2E8 LEN 3 91:03:00:
21:25:31.497 -> 17756 ID 0x2E8 LEN 3 91:03:00:
21:25:31.497 -> 17758 ID 0x3CF LEN 1 69:
21:25:31.497 -> 17768 ID 0x3BF LEN 2 49:00:
21:25:31.564 -> 17817 ID 0x3EF LEN 3 A6:14:19:
21:25:31.564 -> 17818 ID 0x1B1 LEN 8 03:52:02:00:FF:FF:FF:FF:
21:25:31.564 -> 17823 ID 0x5B1 LEN 8 74:84:84:84:84:84:84:84:
21:25:31.598 -> 17840 ID 0x1C1 LEN 8 02:64:0F:84:84:84:84:84:
21:25:31.598 -> 17842 ID 0x5C1 LEN 8 74:FF:FF:FF:FF:FF:FF:FF:
21:25:31.598 -> 17845 ID 0x121 LEN 8 10:0E:77:60:FF:3F:60:22:
21:25:31.598 -> 17849 ID 0x521 LEN 8 30:01:14:84:84:84:84:84:
21:25:31.598 -> 17851 ID 0x121 LEN 8 21:20:20:4E:45:57:53:20:
21:25:31.598 -> 17856 ID 0x2E8 LEN 3 91:03:00:
21:25:31.598 -> 17857 ID 0x521 LEN 8 30:01:14:84:84:84:84:84:
21:25:31.598 -> 17860 ID 0x121 LEN 8 22:20:FF:FF:FF:FF:FF:FF:
21:25:31.598 -> 17863 ID 0x3FF LEN 2 92:01:
21:25:31.598 -> 17865 ID 0x521 LEN 8 74:84:84:84:84:84:84:84:
21:25:31.598 -> 17867 ID 0x121 LEN 8 10:0B:76:60:26:52:46:49:
21:25:31.632 -> 17873 ID 0x521 LEN 8 30:01:14:84:84:84:84:84:
21:25:31.632 -> 17875 ID 0x121 LEN 8 21:20:39:34:46:4D:FF:FF:
21:25:31.632 -> 17881 ID 0x521 LEN 8 74:84:84:84:84:84:84:84:
21:25:31.699 -> 17956 ID 0x2E8 LEN 3 91:03:00:
21:25:31.800 -> 18056 ID 0x2E8 LEN 3 91:03:00:
21:25:31.902 -> 18157 ID 0x2E8 LEN 3 91:03:00:
21:25:32.004 -> 18256 ID 0x2E8 LEN 3 91:03:00:
21:25:32.004 -> 18262 ID 0x3CF LEN 1 69:
21:25:32.004 -> 18263 ID 0x3BF LEN 2 49:00:
21:25:32.072 -> 18340 ID 0x3AF LEN 2 59:00:
21:25:32.105 -> 18356 ID 0x2E8 LEN 3 91:03:00:
21:25:32.105 -> 18363 ID 0x3FF LEN 2 92:01:
21:25:32.207 -> 18456 ID 0x2E8 LEN 3 91:03:00:
21:25:32.241 -> 18489 ID 0x2D0 LEN 5 12:00:31:30:00:
21:25:32.309 -> 18557 ID 0x2E8 LEN 3 91:03:00:
21:25:32.411 -> 18656 ID 0x2E8 LEN 3 91:03:00:
21:25:32.512 -> 18756 ID 0x2E8 LEN 3 91:03:00:
21:25:32.512 -> 18763 ID 0x3BF LEN 2 49:00:
21:25:32.512 -> 18765 ID 0x3CF LEN 1 69:
21:25:32.580 -> 18841 ID 0x3AF LEN 2 59:00:
21:25:32.614 -> 18855 ID 0x2E8 LEN 3 91:03:00:
21:25:32.614 -> 18863 ID 0x3FF LEN 2 92:01:
21:25:32.682 -> 18956 ID 0x2E8 LEN 3 91:03:00:
21:25:32.784 -> 19057 ID 0x2E8 LEN 3 91:03:00:
21:25:32.885 -> 19155 ID 0x2E8 LEN 3 91:03:00:
21:25:32.988 -> 19256 ID 0x2E8 LEN 3 91:03:00:
21:25:33.022 -> 19263 ID 0x3BF LEN 2 49:00:
21:25:33.022 -> 19270 ID 0x3CF LEN 1 69:
21:25:33.089 -> 19341 ID 0x3AF LEN 2 59:00:
21:25:33.089 -> 19356 ID 0x2E8 LEN 3 91:03:00:
21:25:33.123 -> 19363 ID 0x3FF LEN 2 92:01:
21:25:33.191 -> 19456 ID 0x2E8 LEN 3 91:03:00:
21:25:33.259 -> 19521 ID 0x2D0 LEN 5 12:00:31:30:00:
21:25:33.292 -> 19556 ID 0x2E8 LEN 3 91:03:00:
21:25:33.395 -> 19656 ID 0x2E8 LEN 3 91:03:00:
21:25:33.496 -> 19756 ID 0x2E8 LEN 3 91:03:00:
21:25:33.496 -> 19763 ID 0x3BF LEN 2 49:00:
21:25:33.530 -> 19781 ID 0x3CF LEN 1 69:
21:25:33.597 -> 19841 ID 0x3AF LEN 2 59:00:
21:25:33.597 -> 19857 ID 0x2E8 LEN 3 91:03:00:
21:25:33.597 -> 19863 ID 0x3FF LEN 2 92:01:
21:25:33.699 -> 19956 ID 0x2E8 LEN 3 91:03:00:
21:25:33.801 -> 20056 ID 0x2E8 LEN 3 91:03:00:
21:25:33.903 -> 20156 ID 0x2E8 LEN 3 91:03:00:
21:25:34.005 -> 20255 ID 0x2E8 LEN 3 91:03:00:
21:25:34.005 -> 20262 ID 0x3BF LEN 2 49:00:
21:25:34.039 -> 20290 ID 0x3CF LEN 1 69:
21:25:34.073 -> 20340 ID 0x3AF LEN 2 59:00:
21:25:34.107 -> 20357 ID 0x2E8 LEN 3 91:03:00:
21:25:34.107 -> 20364 ID 0x3FF LEN 2 92:01:
21:25:34.209 -> 20456 ID 0x2E8 LEN 3 91:03:00:
21:25:34.310 -> 20553 ID 0x2D0 LEN 5 12:00:31:30:00:
21:25:34.310 -> 20555 ID 0x2E8 LEN 3 91:03:00:
21:25:34.412 -> 20656 ID 0x2E8 LEN 3 91:03:00:
21:25:34.514 -> 20756 ID 0x2E8 LEN 3 91:03:00:
21:25:34.514 -> 20762 ID 0x3BF LEN 2 49:00:
21:25:34.548 -> 20793 ID 0x3CF LEN 1 69:
21:25:34.582 -> 20841 ID 0x3AF LEN 2 59:00:
21:25:34.616 -> 20856 ID 0x2E8 LEN 3 91:03:00:
21:25:34.616 -> 20864 ID 0x3FF LEN 2 92:01:
21:25:34.683 -> 20956 ID 0x2E8 LEN 3 91:03:00:
21:25:34.785 -> 21057 ID 0x2E8 LEN 3 91:03:00:
21:25:34.888 -> 21157 ID 0x2E8 LEN 3 91:03:00:
21:25:34.990 -> 21257 ID 0x2E8 LEN 3 91:03:00:
21:25:35.024 -> 21263 ID 0x3BF LEN 2 49:00:
21:25:35.058 -> 21301 ID 0x3CF LEN 1 69:
21:25:35.092 -> 21341 ID 0x3AF LEN 2 59:00:
21:25:35.092 -> 21357 ID 0x2E8 LEN 3 91:03:00:
21:25:35.092 -> 21364 ID 0x3FF LEN 2 92:01:
21:25:35.194 -> 21457 ID 0x2E8 LEN 3 91:03:00:
21:25:35.296 -> 21556 ID 0x2E8 LEN 3 91:03:00:
21:25:35.329 -> 21584 ID 0x2D0 LEN 5 12:00:31:30:00:
21:25:35.397 -> 21655 ID 0x2E8 LEN 3 91:03:00:
21:25:35.499 -> 21755 ID 0x2E8 LEN 3 91:03:00:
21:25:35.499 -> 21763 ID 0x3BF LEN 2 49:00:
21:25:35.567 -> 21809 ID 0x3CF LEN 1 69:
21:25:35.601 -> 21840 ID 0x3AF LEN 2 59:00:
21:25:35.601 -> 21855 ID 0x2E8 LEN 3 91:03:00:
21:25:35.601 -> 21862 ID 0x3FF LEN 2 92:01:
21:25:35.703 -> 21956 ID 0x2E8 LEN 3 91:03:00:
21:25:35.805 -> 22056 ID 0x2E8 LEN 3 91:03:00:
21:25:35.907 -> 22156 ID 0x2E8 LEN 3 91:03:00:
21:25:36.009 -> 22255 ID 0x2E8 LEN 3 91:03:00:
21:25:36.009 -> 22262 ID 0x3BF LEN 2 49:00:
21:25:36.043 -> 22312 ID 0x3CF LEN 1 69:
21:25:36.077 -> 22340 ID 0x3AF LEN 2 59:00:
21:25:36.110 -> 22355 ID 0x2E8 LEN 3 91:00:00:
21:25:36.110 -> 22362 ID 0x3FF LEN 2 92:01:
21:25:36.212 -> 22457 ID 0x2E8 LEN 3 91:00:00:
21:25:36.314 -> 22556 ID 0x2E8 LEN 3 91:00:00:
21:25:36.348 -> 22618 ID 0x2D0 LEN 5 12:00:31:30:00:
21:25:36.416 -> 22657 ID 0x2E8 LEN 3 91:00:00:
21:25:36.483 -> 22757 ID 0x2E8 LEN 3 91:00:00:
21:25:36.517 -> 22762 ID 0x3BF LEN 2 49:00:
21:25:36.551 -> 22816 ID 0x3CF LEN 1 69:
21:25:36.585 -> 22841 ID 0x3AF LEN 2 59:00:
21:25:36.585 -> 22857 ID 0x2E8 LEN 3 91:00:00:
21:25:36.619 -> 22866 ID 0x3FF LEN 2 92:01:
21:25:36.687 -> 22957 ID 0x2E8 LEN 3 91:00:00:
21:25:36.789 -> 23057 ID 0x2E8 LEN 3 91:00:00:
21:25:36.891 -> 23156 ID 0x2E8 LEN 3 91:00:00:
21:25:36.993 -> 23257 ID 0x2E8 LEN 3 91:00:00:
21:25:36.993 -> 23263 ID 0x3BF LEN 2 49:00:
21:25:37.061 -> 23324 ID 0x3CF LEN 1 69:
21:25:37.095 -> 23341 ID 0x3AF LEN 2 59:00:
21:25:37.095 -> 23357 ID 0x2E8 LEN 3 91:00:00:
21:25:37.095 -> 23366 ID 0x3FF LEN 2 92:01:
21:25:37.197 -> 23456 ID 0x2E8 LEN 3 91:00:00:
21:25:37.298 -> 23557 ID 0x2E8 LEN 3 91:00:00:
21:25:37.399 -> 23649 ID 0x2D0 LEN 5 12:00:31:30:00:
21:25:37.399 -> 23657 ID 0x2E8 LEN 3 91:00:00:
21:25:37.501 -> 23756 ID 0x2E8 LEN 3 91:00:00:
21:25:37.501 -> 23762 ID 0x3BF LEN 2 49:00:
21:25:37.569 -> 23827 ID 0x3CF LEN 1 69:
21:25:37.569 -> 23840 ID 0x3AF LEN 2 59:00:
21:25:37.603 -> 23857 ID 0x2E8 LEN 3 91:00:00:
21:25:37.603 -> 23866 ID 0x3FF LEN 2 92:01:
21:25:37.704 -> 23957 ID 0x2E8 LEN 3 91:00:00:
21:25:37.806 -> 24056 ID 0x2E8 LEN 3 91:00:00:
21:25:37.906 -> 24157 ID 0x2E8 LEN 3 91:00:00:
21:25:38.008 -> 24257 ID 0x2E8 LEN 3 91:00:00:
21:25:38.008 -> 24262 ID 0x3BF LEN 2 49:00:
21:25:38.076 -> 24332 ID 0x3CF LEN 1 69:
21:25:38.076 -> 24340 ID 0x3AF LEN 2 59:00:
21:25:38.110 -> 24356 ID 0x2E8 LEN 3 91:00:00:
21:25:38.110 -> 24366 ID 0x3FF LEN 2 92:01:
21:25:38.212 -> 24457 ID 0x2E8 LEN 3 91:00:00:
21:25:38.314 -> 24556 ID 0x2E8 LEN 3 91:00:00:
21:25:38.417 -> 24656 ID 0x2E8 LEN 3 91:00:00:
21:25:38.417 -> 24681 ID 0x2D0 LEN 5 12:00:31:30:00:
21:25:38.485 -> 24757 ID 0x2E8 LEN 3 91:00:00:
21:25:38.519 -> 24762 ID 0x3BF LEN 2 49:00:
21:25:38.587 -> 24839 ID 0x3CF LEN 1 69:
21:25:38.587 -> 24841 ID 0x3AF LEN 2 59:00:
21:25:38.587 -> 24857 ID 0x2E8 LEN 3 91:00:00:
21:25:38.620 -> 24866 ID 0x3FF LEN 2 92:01:
21:25:38.687 -> 24956 ID 0x2E8 LEN 3 91:00:00:
21:25:38.789 -> 25057 ID 0x2E8 LEN 3 91:00:00:
21:25:38.891 -> 25156 ID 0x2E8 LEN 3 91:00:00:
21:25:38.993 -> 25256 ID 0x2E8 LEN 3 91:00:00:
21:25:38.993 -> 25263 ID 0x3BF LEN 2 49:00:
21:25:39.093 -> 25340 ID 0x3AF LEN 2 59:00:
21:25:39.093 -> 25344 ID 0x3CF LEN 1 69:
21:25:39.093 -> 25357 ID 0x2E8 LEN 3 91:00:00:
21:25:39.093 -> 25366 ID 0x3FF LEN 2 92:01:
21:25:39.195 -> 25456 ID 0x2E8 LEN 3 91:00:00:
21:25:39.298 -> 25556 ID 0x2E8 LEN 3 91:00:00:
21:25:39.398 -> 25657 ID 0x2E8 LEN 3 91:00:00:
21:25:39.466 -> 25713 ID 0x2D0 LEN 5 12:00:31:30:00:
21:25:39.500 -> 25756 ID 0x2E8 LEN 3 91:00:00:
21:25:39.500 -> 25762 ID 0x3BF LEN 2 49:00:
21:25:39.568 -> 25840 ID 0x3AF LEN 2 59:00:
21:25:39.602 -> 25851 ID 0x3CF LEN 1 69:
21:25:39.602 -> 25857 ID 0x2E8 LEN 3 91:00:00:
21:25:39.602 -> 25866 ID 0x3FF LEN 2 92:01:
21:25:39.704 -> 25956 ID 0x2E8 LEN 3 91:00:00:
21:25:39.805 -> 26056 ID 0x2E8 LEN 3 91:00:00:
21:25:39.907 -> 26157 ID 0x2E8 LEN 3 91:00:00:
21:25:40.009 -> 26256 ID 0x2E8 LEN 3 91:00:00:
21:25:40.009 -> 26262 ID 0x3BF LEN 2 49:00:
21:25:40.076 -> 26340 ID 0x3AF LEN 2 59:00:
21:25:40.110 -> 26356 ID 0x2E8 LEN 3 91:00:00:
21:25:40.110 -> 26358 ID 0x3CF LEN 1 69:
21:25:40.110 -> 26365 ID 0x3FF LEN 2 92:01:
21:25:40.213 -> 26457 ID 0x2E8 LEN 3 91:00:00:
21:25:40.280 -> 26541 ID 0x121 LEN 8 10:0B:76:60:01:56:4F:4C:
21:25:40.280 -> 26554 ID 0x521 LEN 8 30:01:14:84:84:84:84:84:
21:25:40.314 -> 26556 ID 0x121 LEN 8 21:69:20:2D:37:20:FF:FF:
21:25:40.314 -> 26560 ID 0x521 LEN 8 74:84:84:84:84:84:84:84:
21:25:40.383 -> 26656 ID 0x2E8 LEN 3 91:00:00:
21:25:40.484 -> 26745 ID 0x2D0 LEN 5 12:00:31:30:00:
21:25:40.484 -> 26756 ID 0x2E8 LEN 3 91:00:00:
21:25:40.518 -> 26762 ID 0x3BF LEN 2 49:00:
21:25:40.586 -> 26841 ID 0x3AF LEN 2 59:00:
21:25:40.586 -> 26856 ID 0x2E8 LEN 3 91:00:00:
21:25:40.620 -> 26863 ID 0x3CF LEN 1 69:
21:25:40.620 -> 26866 ID 0x3FF LEN 2 92:01:
21:25:40.689 -> 26956 ID 0x2E8 LEN 3 91:00:00:
21:25:40.790 -> 27056 ID 0x2E8 LEN 3 91:00:00:
21:25:40.892 -> 27156 ID 0x2E8 LEN 3 91:00:00:
21:25:40.994 -> 27256 ID 0x2E8 LEN 3 91:00:00:
21:25:40.994 -> 27262 ID 0x3BF LEN 2 49:00:
21:25:41.096 -> 27340 ID 0x3AF LEN 2 59:00:
21:25:41.096 -> 27357 ID 0x2E8 LEN 3 91:00:00:
21:25:41.096 -> 27366 ID 0x3FF LEN 2 92:01:
21:25:41.130 -> 27370 ID 0x3CF LEN 1 69:
21:25:41.198 -> 27456 ID 0x2E8 LEN 3 91:00:00:
21:25:41.299 -> 27556 ID 0x2E8 LEN 3 91:00:00:
21:25:41.399 -> 27656 ID 0x2E8 LEN 3 91:00:00:
21:25:41.501 -> 27756 ID 0x2E8 LEN 3 91:00:00:
21:25:41.501 -> 27762 ID 0x3BF LEN 2 49:00:
21:25:41.535 -> 27777 ID 0x2D0 LEN 5 12:00:31:30:00:
21:25:41.569 -> 27819 ID 0x121 LEN 8 10:0B:76:60:01:56:4F:4C:
21:25:41.569 -> 27822 ID 0x521 LEN 8 30:01:14:84:84:84:84:84:
21:25:41.569 -> 27824 ID 0x121 LEN 8 21:69:20:2D:38:20:FF:FF:
21:25:41.569 -> 27829 ID 0x521 LEN 8 74:84:84:84:84:84:84:84:
21:25:41.603 -> 27847 ID 0x3AF LEN 2 59:00:
21:25:41.603 -> 27856 ID 0x2E8 LEN 3 91:00:00:
21:25:41.603 -> 27866 ID 0x3FF LEN 2 92:01:
21:25:41.637 -> 27882 ID 0x3CF LEN 1 69:
21:25:41.705 -> 27956 ID 0x2E8 LEN 3 91:00:00:
21:25:41.807 -> 28056 ID 0x2E8 LEN 3 91:00:00:
21:25:41.908 -> 28155 ID 0x2E8 LEN 3 91:00:00:
21:25:42.011 -> 28256 ID 0x2E8 LEN 3 91:00:00:
21:25:42.011 -> 28262 ID 0x3BF LEN 2 49:00:
21:25:42.078 -> 28340 ID 0x3AF LEN 2 59:00:
21:25:42.112 -> 28356 ID 0x2E8 LEN 3 91:00:00:
21:25:42.112 -> 28365 ID 0x3FF LEN 2 92:01:
21:25:42.146 -> 28386 ID 0x3CF LEN 1 69:
21:25:42.215 -> 28455 ID 0x2E8 LEN 3 91:00:00:
21:25:42.282 -> 28556 ID 0x2E8 LEN 3 91:00:00:
21:25:42.385 -> 28656 ID 0x2E8 LEN 3 91:00:00:
21:25:42.487 -> 28755 ID 0x2E8 LEN 3 91:00:00:
21:25:42.521 -> 28762 ID 0x3BF LEN 2 49:00:
21:25:42.555 -> 28810 ID 0x2D0 LEN 5 12:00:31:30:00:
21:25:42.589 -> 28840 ID 0x3AF LEN 2 59:00:
21:25:42.589 -> 28856 ID 0x2E8 LEN 3 91:00:00:
21:25:42.623 -> 28865 ID 0x3FF LEN 2 92:01:
21:25:42.623 -> 28894 ID 0x3CF LEN 1 69:
21:25:42.690 -> 28956 ID 0x2E8 LEN 3 91:00:00:
21:25:42.792 -> 29056 ID 0x2E8 LEN 3 91:00:00:
21:25:42.894 -> 29156 ID 0x2E8 LEN 3 91:00:00:
21:25:42.996 -> 29255 ID 0x2E8 LEN 3 91:00:00:
21:25:42.996 -> 29262 ID 0x3BF LEN 2 49:00:
21:25:43.098 -> 29340 ID 0x3AF LEN 2 59:00:
21:25:43.098 -> 29356 ID 0x2E8 LEN 3 91:00:00:
21:25:43.098 -> 29365 ID 0x3FF LEN 2 92:01:
21:25:43.132 -> 29399 ID 0x3CF LEN 1 69:
21:25:43.199 -> 29456 ID 0x2E8 LEN 3 91:00:00:
21:25:43.301 -> 29555 ID 0x2E8 LEN 3 91:00:00:
21:25:43.401 -> 29656 ID 0x2E8 LEN 3 91:00:00:
21:25:43.504 -> 29755 ID 0x2E8 LEN 3 91:00:00:
21:25:43.504 -> 29762 ID 0x3BF LEN 2 49:00:
21:25:43.537 -> 29796 ID 0x121 LEN 8 10:0B:76:60:22:20:20:4E:
21:25:43.537 -> 29799 ID 0x521 LEN 8 30:01:14:84:84:84:84:84:
21:25:43.537 -> 29801 ID 0x121 LEN 8 21:45:57:53:20:20:FF:FF:
21:25:43.537 -> 29807 ID 0x521 LEN 8 74:84:84:84:84:84:84:84:
21:25:43.537 -> 29809 ID 0x121 LEN 8 10:0B:76:60:26:52:46:49:
21:25:43.571 -> 29815 ID 0x521 LEN 8 30:01:14:84:84:84:84:84:
21:25:43.571 -> 29817 ID 0x121 LEN 8 21:20:39:34:46:4D:FF:FF:
21:25:43.571 -> 29824 ID 0x521 LEN 8 74:84:84:84:84:84:84:84:
21:25:43.571 -> 29843 ID 0x2D0 LEN 5 12:00:31:30:00:
21:25:43.571 -> 29844 ID 0x3AF LEN 2 59:00:
21:25:43.606 -> 29855 ID 0x2E8 LEN 3 91:00:00:
21:25:43.606 -> 29865 ID 0x3FF LEN 2 92:01:
21:25:43.639 -> 29901 ID 0x3CF LEN 1 69:
21:25:43.707 -> 29956 ID 0x2E8 LEN 3 91:00:00:
21:25:43.810 -> 30055 ID 0x2E8 LEN 3 91:00:00:
21:25:43.912 -> 30155 ID 0x2E8 LEN 3 91:00:00:
21:25:44.013 -> 30256 ID 0x2E8 LEN 3 91:00:00:
21:25:44.013 -> 30262 ID 0x3BF LEN 2 49:00:
21:25:44.081 -> 30340 ID 0x3AF LEN 2 59:00:
21:25:44.115 -> 30356 ID 0x2E8 LEN 3 91:00:00:
21:25:44.115 -> 30365 ID 0x3FF LEN 2 92:01:
21:25:44.149 -> 30405 ID 0x3CF LEN 1 69:
21:25:44.183 -> 30455 ID 0x2E8 LEN 3 91:00:00:
21:25:44.285 -> 30556 ID 0x2E8 LEN 3 91:00:00:
21:25:44.387 -> 30655 ID 0x2E8 LEN 3 91:00:00:
21:25:44.489 -> 30755 ID 0x2E8 LEN 3 91:00:00:
21:25:44.523 -> 30763 ID 0x3BF LEN 2 49:00:
21:25:44.591 -> 30839 ID 0x3AF LEN 2 59:00:
21:25:44.591 -> 30856 ID 0x2E8 LEN 3 91:00:00:
21:25:44.625 -> 30865 ID 0x3FF LEN 2 92:01:
21:25:44.625 -> 30875 ID 0x2D0 LEN 5 12:00:31:30:00:
21:25:44.658 -> 30917 ID 0x3CF LEN 1 69:
21:25:44.694 -> 30955 ID 0x2E8 LEN 3 91:00:00:
21:25:44.795 -> 31055 ID 0x2E8 LEN 3 91:00:00:
21:25:44.897 -> 31156 ID 0x2E8 LEN 3 91:00:00:
21:25:44.999 -> 31255 ID 0x2E8 LEN 3 91:00:00:
21:25:44.999 -> 31261 ID 0x3BF LEN 2 49:00:
21:25:45.101 -> 31340 ID 0x3AF LEN 2 59:00:
21:25:45.101 -> 31355 ID 0x2E8 LEN 3 91:00:00:
21:25:45.101 -> 31365 ID 0x3FF LEN 2 92:01:
21:25:45.168 -> 31421 ID 0x3CF LEN 1 69:
21:25:45.202 -> 31455 ID 0x2E8 LEN 3 91:00:00:
21:25:45.303 -> 31555 ID 0x2E8 LEN 3 91:00:00:
21:25:45.405 -> 31655 ID 0x2E8 LEN 3 91:00:00:
21:25:45.507 -> 31755 ID 0x2E8 LEN 3 91:00:00:
21:25:45.507 -> 31762 ID 0x3BF LEN 2 49:00:
21:25:45.575 -> 31840 ID 0x3AF LEN 2 59:00:
21:25:45.609 -> 31855 ID 0x2E8 LEN 3 91:00:00:
21:25:45.609 -> 31864 ID 0x3FF LEN 2 92:01:
21:25:45.643 -> 31906 ID 0x2D0 LEN 5 12:00:31:30:00:
21:25:45.676 -> 31929 ID 0x3CF LEN 1 69:
21:25:45.711 -> 31955 ID 0x2E8 LEN 3 91:00:00:
21:25:45.812 -> 32055 ID 0x2E8 LEN 3 91:00:00:
21:25:45.915 -> 32155 ID 0x2E8 LEN 3 91:00:00:
21:25:45.983 -> 32256 ID 0x2E8 LEN 3 91:00:00:
21:25:46.017 -> 32262 ID 0x3BF LEN 2 49:00:
21:25:46.084 -> 32339 ID 0x3AF LEN 2 59:00:
21:25:46.084 -> 32355 ID 0x2E8 LEN 3 91:00:00:
21:25:46.118 -> 32365 ID 0x3FF LEN 2 92:01:
21:25:46.186 -> 32437 ID 0x3CF LEN 1 69:
21:25:46.186 -> 32454 ID 0x2E8 LEN 3 91:00:00:
21:25:46.287 -> 32555 ID 0x2E8 LEN 3 91:00:00:
21:25:46.389 -> 32655 ID 0x2E8 LEN 3 91:00:00:
21:25:46.491 -> 32754 ID 0x2E8 LEN 3 91:00:00:
21:25:46.491 -> 32761 ID 0x3BF LEN 2 49:00:
21:25:46.593 -> 32840 ID 0x3AF LEN 2 59:00:
21:25:46.593 -> 32855 ID 0x2E8 LEN 3 91:00:00:
21:25:46.593 -> 32864 ID 0x3FF LEN 2 92:01:
21:25:46.695 -> 32937 ID 0x2D0 LEN 5 12:00:31:30:00:
21:25:46.695 -> 32945 ID 0x3CF LEN 1 69:
21:25:46.695 -> 32955 ID 0x2E8 LEN 3 91:00:00:
21:25:46.796 -> 33054 ID 0x2E8 LEN 3 91:00:00:
21:25:46.898 -> 33155 ID 0x2E8 LEN 3 91:00:00:
21:25:47.000 -> 33255 ID 0x2E8 LEN 3 91:00:00:
21:25:47.000 -> 33261 ID 0x3BF LEN 2 49:00:
21:25:47.068 -> 33340 ID 0x3AF LEN 2 59:00:
21:25:47.102 -> 33354 ID 0x2E8 LEN 3 91:00:00:
21:25:47.102 -> 33363 ID 0x3FF LEN 2 92:01:
21:25:47.203 -> 33452 ID 0x3CF LEN 1 69:
21:25:47.203 -> 33455 ID 0x2E8 LEN 3 91:00:00:
21:25:47.306 -> 33554 ID 0x2E8 LEN 3 91:00:00:
21:25:47.406 -> 33654 ID 0x2E8 LEN 3 91:00:00:
21:25:47.507 -> 33755 ID 0x2E8 LEN 3 91:00:00:
21:25:47.507 -> 33762 ID 0x3BF LEN 2 49:00:
21:25:47.576 -> 33840 ID 0x3AF LEN 2 59:00:
21:25:47.610 -> 33854 ID 0x2E8 LEN 3 91:00:00:
21:25:47.610 -> 33863 ID 0x3FF LEN 2 92:01:
21:25:47.711 -> 33954 ID 0x2E8 LEN 3 91:00:00:
21:25:47.711 -> 33959 ID 0x3CF LEN 1 69:
21:25:47.711 -> 33970 ID 0x2D0 LEN 5 12:00:31:30:00:
21:25:47.813 -> 34054 ID 0x2E8 LEN 3 91:00:00:
21:25:47.881 -> 34154 ID 0x2E8 LEN 3 91:00:00:
21:25:47.983 -> 34254 ID 0x2E8 LEN 3 91:00:00:
21:25:48.017 -> 34262 ID 0x3BF LEN 2 49:00:
21:25:48.085 -> 34339 ID 0x3AF LEN 2 59:00:
21:25:48.085 -> 34354 ID 0x2E8 LEN 3 91:00:00:
21:25:48.118 -> 34364 ID 0x3FF LEN 2 92:01:
21:25:48.186 -> 34454 ID 0x2E8 LEN 3 91:00:00:
21:25:48.220 -> 34467 ID 0x3CF LEN 1 69:
21:25:48.287 -> 34554 ID 0x2E8 LEN 3 91:00:00:
21:25:48.389 -> 34654 ID 0x2E8 LEN 3 91:00:00:
21:25:48.491 -> 34754 ID 0x2E8 LEN 3 91:00:00:
21:25:48.491 -> 34761 ID 0x3BF LEN 2 49:00:
21:25:48.593 -> 34839 ID 0x3AF LEN 2 59:00:
21:25:48.593 -> 34854 ID 0x2E8 LEN 3 91:00:00:
21:25:48.593 -> 34864 ID 0x3FF LEN 2 92:01:
21:25:48.695 -> 34954 ID 0x2E8 LEN 3 91:00:00:
21:25:48.729 -> 34975 ID 0x3CF LEN 1 69:
21:25:48.729 -> 35002 ID 0x2D0 LEN 5 12:00:31:30:00:
21:25:48.797 -> 35054 ID 0x2E8 LEN 3 91:00:00:
21:25:48.899 -> 35154 ID 0x2E8 LEN 3 91:00:00:
21:25:49.001 -> 35254 ID 0x2E8 LEN 3 91:00:00:
21:25:49.001 -> 35261 ID 0x3BF LEN 2 49:00:
21:25:49.069 -> 35340 ID 0x3AF LEN 2 59:00:
21:25:49.103 -> 35354 ID 0x2E8 LEN 3 91:00:00:
21:25:49.103 -> 35363 ID 0x3FF LEN 2 92:01:
21:25:49.204 -> 35453 ID 0x2E8 LEN 3 91:00:00:
21:25:49.238 -> 35483 ID 0x3CF LEN 1 69:
21:25:49.306 -> 35554 ID 0x2E8 LEN 3 91:00:00:
21:25:49.407 -> 35654 ID 0x2E8 LEN 3 91:00:00:
21:25:49.509 -> 35753 ID 0x2E8 LEN 3 91:00:00:
21:25:49.509 -> 35762 ID 0x3BF LEN 2 49:00:
21:25:49.577 -> 35840 ID 0x3AF LEN 2 59:00:
21:25:49.611 -> 35854 ID 0x2E8 LEN 3 91:00:00:
21:25:49.611 -> 35863 ID 0x3FF LEN 2 92:01:
21:25:49.714 -> 35954 ID 0x2E8 LEN 3 91:00:00:
21:25:49.747 -> 35991 ID 0x3CF LEN 1 69:
21:25:49.781 -> 36033 ID 0x2D0 LEN 5 12:00:31:30:00:
21:25:49.781 -> 36054 ID 0x2E8 LEN 3 91:00:00:
21:25:49.884 -> 36154 ID 0x2E8 LEN 3 91:00:00:
21:25:49.985 -> 36254 ID 0x2E8 LEN 3 91:00:00:
21:25:50.019 -> 36261 ID 0x3BF LEN 2 49:00:
21:25:50.087 -> 36339 ID 0x3AF LEN 2 59:00:
21:25:50.087 -> 36354 ID 0x2E8 LEN 3 91:00:00:
21:25:50.121 -> 36364 ID 0x3FF LEN 2 92:01:
21:25:50.188 -> 36454 ID 0x2E8 LEN 3 91:00:00:
21:25:50.256 -> 36495 ID 0x3CF LEN 1 69:
21:25:50.289 -> 36554 ID 0x2E8 LEN 3 91:00:00:
21:25:50.391 -> 36654 ID 0x2E8 LEN 3 91:00:00:
21:25:50.493 -> 36754 ID 0x2E8 LEN 3 91:00:00:
21:25:50.493 -> 36761 ID 0x3BF LEN 2 49:00:
21:25:50.595 -> 36839 ID 0x3AF LEN 2 59:00:
21:25:50.595 -> 36854 ID 0x2E8 LEN 3 91:00:00:
21:25:50.595 -> 36864 ID 0x3FF LEN 2 92:01:
21:25:50.697 -> 36954 ID 0x2E8 LEN 3 91:00:00:
21:25:50.765 -> 37005 ID 0x3CF LEN 1 69:
21:25:50.799 -> 37054 ID 0x2E8 LEN 3 91:00:00:
21:25:50.799 -> 37066 ID 0x2D0 LEN 5 12:00:31:30:00:
21:25:50.901 -> 37153 ID 0x2E8 LEN 3 91:00:00:
21:25:51.003 -> 37254 ID 0x2E8 LEN 3 91:00:00:
21:25:51.003 -> 37261 ID 0x3BF LEN 2 49:00:
21:25:51.070 -> 37340 ID 0x3AF LEN 2 59:00:
21:25:51.104 -> 37354 ID 0x2E8 LEN 3 91:00:00:
21:25:51.104 -> 37363 ID 0x3FF LEN 2 92:01:
21:25:51.205 -> 37453 ID 0x2E8 LEN 3 91:00:00:
21:25:51.239 -> 37511 ID 0x3CF LEN 1 69:
21:25:51.307 -> 37554 ID 0x2E8 LEN 3 91:00:00:
21:25:51.409 -> 37653 ID 0x2E8 LEN 3 91:00:00:
21:25:51.511 -> 37753 ID 0x2E8 LEN 3 91:00:00:
21:25:51.511 -> 37762 ID 0x3BF LEN 2 49:00:
21:25:51.579 -> 37839 ID 0x3AF LEN 2 59:00:
21:25:51.613 -> 37854 ID 0x2E8 LEN 3 91:00:00:
21:25:51.613 -> 37863 ID 0x3FF LEN 2 92:01:
21:25:51.681 -> 37953 ID 0x2E8 LEN 3 91:00:00:
21:25:51.749 -> 38020 ID 0x3CF LEN 1 69:
21:25:51.783 -> 38053 ID 0x2E8 LEN 3 91:00:00:
21:25:51.851 -> 38097 ID 0x2D0 LEN 5 12:00:31:30:00:
21:25:51.885 -> 38154 ID 0x2E8 LEN 3 91:00:00:
21:25:51.987 -> 38253 ID 0x2E8 LEN 3 91:00:00:
21:25:52.022 -> 38261 ID 0x3BF LEN 2 49:00:
21:25:52.088 -> 38339 ID 0x3AF LEN 2 59:00:
21:25:52.088 -> 38353 ID 0x2E8 LEN 3 91:00:00:
21:25:52.122 -> 38363 ID 0x3FF LEN 2 92:01:
21:25:52.190 -> 38454 ID 0x2E8 LEN 3 91:00:00:
21:25:52.258 -> 38526 ID 0x3CF LEN 1 69:
21:25:52.292 -> 38553 ID 0x2E8 LEN 3 91:00:00:
21:25:52.394 -> 38653 ID 0x2E8 LEN 3 91:00:00:
21:25:52.496 -> 38754 ID 0x2E8 LEN 3 91:00:00:
21:25:52.496 -> 38761 ID 0x3BF LEN 2 49:00:
21:25:52.598 -> 38839 ID 0x3AF LEN 2 59:00:
21:25:52.598 -> 38853 ID 0x2E8 LEN 3 91:00:00:
21:25:52.598 -> 38862 ID 0x3FF LEN 2 92:01:
21:25:52.700 -> 38953 ID 0x2E8 LEN 3 91:00:00:
21:25:52.768 -> 39034 ID 0x3CF LEN 1 69:
21:25:52.802 -> 39053 ID 0x2E8 LEN 3 91:00:00:
21:25:52.870 -> 39130 ID 0x2D0 LEN 5 12:00:31:30:00:
21:25:52.904 -> 39153 ID 0x2E8 LEN 3 91:00:00:
21:25:53.006 -> 39254 ID 0x2E8 LEN 3 91:00:00:
21:25:53.006 -> 39261 ID 0x3BF LEN 2 49:00:
21:25:53.074 -> 39340 ID 0x3AF LEN 2 59:00:
21:25:53.107 -> 39353 ID 0x2E8 LEN 3 91:00:00:
21:25:53.107 -> 39363 ID 0x3FF LEN 2 92:01:
21:25:53.209 -> 39453 ID 0x2E8 LEN 3 91:00:00:
21:25:53.276 -> 39545 ID 0x3CF LEN 1 69:
21:25:53.310 -> 39554 ID 0x2E8 LEN 3 91:00:00:
21:25:53.412 -> 39653 ID 0x2E8 LEN 3 91:00:00:
21:25:53.481 -> 39753 ID 0x2E8 LEN 3 91:00:00:
21:25:53.515 -> 39761 ID 0x3BF LEN 2 49:00:
21:25:53.583 -> 39839 ID 0x3AF LEN 2 59:00:
21:25:53.583 -> 39854 ID 0x2E8 LEN 3 91:00:00:
21:25:53.616 -> 39863 ID 0x3FF LEN 2 92:01:
21:25:53.684 -> 39953 ID 0x2E8 LEN 3 91:00:00:
21:25:53.787 -> 40050 ID 0x3CF LEN 1 69:
21:25:53.787 -> 40053 ID 0x2E8 LEN 3 91:00:00:
21:25:53.889 -> 40153 ID 0x2E8 LEN 3 91:00:00:
21:25:53.923 -> 40162 ID 0x2D0 LEN 5 12:00:31:30:00:
21:25:53.991 -> 40253 ID 0x2E8 LEN 3 91:00:00:
21:25:53.991 -> 40261 ID 0x3BF LEN 2 49:00:
21:25:54.092 -> 40339 ID 0x3AF LEN 2 59:00:
21:25:54.092 -> 40353 ID 0x2E8 LEN 3 91:00:00:
21:25:54.092 -> 40363 ID 0x3FF LEN 2 92:01:
21:25:54.194 -> 40453 ID 0x2E8 LEN 3 91:00:00:
21:25:54.296 -> 40553 ID 0x2E8 LEN 3 91:00:00:
21:25:54.296 -> 40554 ID 0x3CF LEN 1 69:
21:25:54.399 -> 40653 ID 0x2E8 LEN 3 91:00:00:
21:25:54.501 -> 40753 ID 0x2E8 LEN 3 91:00:00:
21:25:54.501 -> 40761 ID 0x3BF LEN 2 49:00:
21:25:54.569 -> 40839 ID 0x3AF LEN 2 59:00:
21:25:54.603 -> 40853 ID 0x2E8 LEN 3 91:00:00:
21:25:54.603 -> 40862 ID 0x3FF LEN 2 92:01:
21:25:54.704 -> 40953 ID 0x2E8 LEN 3 91:00:00:
21:25:54.805 -> 41053 ID 0x2E8 LEN 3 91:00:00:
21:25:54.805 -> 41062 ID 0x3CF LEN 1 69:
21:25:54.906 -> 41153 ID 0x2E8 LEN 3 91:00:00:
21:25:54.939 -> 41194 ID 0x2D0 LEN 5 12:00:31:30:00:
21:25:55.007 -> 41253 ID 0x2E8 LEN 3 91:00:00:
21:25:55.007 -> 41262 ID 0x3BF LEN 2 49:00:
21:25:55.075 -> 41339 ID 0x3AF LEN 2 59:00:
21:25:55.109 -> 41353 ID 0x2E8 LEN 3 91:00:00:
21:25:55.109 -> 41362 ID 0x3FF LEN 2 92:01:
21:25:55.211 -> 41453 ID 0x2E8 LEN 3 91:00:00:
21:25:55.313 -> 41553 ID 0x2E8 LEN 3 91:00:00:
21:25:55.313 -> 41566 ID 0x3CF LEN 1 69:
21:25:55.380 -> 41653 ID 0x2E8 LEN 3 91:00:00:
21:25:55.482 -> 41753 ID 0x2E8 LEN 3 91:00:00:
21:25:55.516 -> 41761 ID 0x3BF LEN 2 49:00:
21:25:55.584 -> 41839 ID 0x3AF LEN 2 59:00:
21:25:55.584 -> 41853 ID 0x2E8 LEN 3 91:00:00:
21:25:55.618 -> 41863 ID 0x3FF LEN 2 92:01:
21:25:55.685 -> 41953 ID 0x2E8 LEN 3 91:00:00:
21:25:55.787 -> 42053 ID 0x2E8 LEN 3 91:00:00:
21:25:55.821 -> 42070 ID 0x3CF LEN 1 69:
21:25:55.889 -> 42152 ID 0x2E8 LEN 3 91:00:00:
21:25:55.957 -> 42226 ID 0x2D0 LEN 5 12:00:31:30:00:
21:25:55.991 -> 42253 ID 0x2E8 LEN 3 91:00:00:
21:25:55.991 -> 42261 ID 0x3BF LEN 2 49:00:
21:25:56.093 -> 42339 ID 0x3AF LEN 2 59:00:
21:25:56.093 -> 42353 ID 0x2E8 LEN 3 91:00:00:
21:25:56.093 -> 42362 ID 0x3FF LEN 2 92:01:
21:25:56.195 -> 42452 ID 0x2E8 LEN 3 91:00:00:
21:25:56.297 -> 42553 ID 0x2E8 LEN 3 91:00:00:
21:25:56.331 -> 42573 ID 0x3CF LEN 1 69:
21:25:56.399 -> 42652 ID 0x2E8 LEN 3 91:00:00:
21:25:56.500 -> 42753 ID 0x2E8 LEN 3 91:00:00:
21:25:56.500 -> 42761 ID 0x3BF LEN 2 49:00:
