21:23:46.140 -> CAN Receiver
21:23:46.140 -> Starting receiving CAN:
21:23:46.140 -> 1 ID 0x2E8 LEN 3 91:02:01:
21:23:46.243 -> 90 ID 0x2E8 LEN 3 91:03:01:
21:23:46.243 -> 99 ID 0x3FF LEN 2 92:01:
21:23:46.344 -> 189 ID 0x2E8 LEN 3 91:03:01:
21:23:46.446 -> 290 ID 0x2E8 LEN 3 91:03:01:
21:23:46.514 -> 389 ID 0x2E8 LEN 3 91:03:01:
21:23:46.616 -> 489 ID 0x2E8 LEN 3 91:03:01:
21:23:46.718 -> 590 ID 0x2E8 LEN 3 91:03:01:
21:23:46.752 -> 600 ID 0x3FF LEN 2 92:01:
21:23:46.820 -> 690 ID 0x2E8 LEN 3 91:03:01:
21:23:46.922 -> 788 ID 0x2E8 LEN 3 91:03:01:
21:23:47.024 -> 889 ID 0x2E8 LEN 3 91:03:01:
21:23:47.126 -> 989 ID 0x2E8 LEN 3 91:03:01:
21:23:47.228 -> 1090 ID 0x2E8 LEN 3 91:03:01:
21:23:47.228 -> 1099 ID 0x3FF LEN 2 92:01:
21:23:47.329 -> 1189 ID 0x2E8 LEN 3 91:03:01:
21:23:47.430 -> 1291 ID 0x2E8 LEN 3 91:03:01:
21:23:47.497 -> 1368 ID 0x3AF LEN 2 5A:00:
21:23:47.530 -> 1390 ID 0x2E8 LEN 3 91:03:01:
21:23:47.564 -> 1421 ID 0x3CF LEN 1 69:
21:23:47.564 -> 1422 ID 0x3CF LEN 2 61:23:
21:23:47.564 -> 1426 ID 0x3AF LEN 2 5A:00:
21:23:47.564 -> 1427 ID 0x3AF LEN 2 5A:00:
21:23:47.564 -> 1432 ID 0x3AF LEN 8 50:29:00:23:00:00:00:69:
21:23:47.599 -> 1444 ID 0x3AF LEN 2 59:00:
21:23:47.599 -> 1452 ID 0x1C1 LEN 8 70:84:84:84:84:84:84:84:
21:23:47.599 -> 1454 ID 0x5C1 LEN 8 74:FF:FF:FF:FF:FF:FF:FF:
21:23:47.599 -> 1459 ID 0x3AF LEN 8 50:29:00:23:00:00:00:69:
21:23:47.632 -> 1489 ID 0x2E8 LEN 3 91:03:01:
21:23:47.632 -> 1491 ID 0x3AF LEN 8 50:29:00:23:00:00:00:69:
21:23:47.632 -> 1497 ID 0x121 LEN 8 70:FF:FF:FF:FF:FF:FF:FF:
21:23:47.632 -> 1499 ID 0x1B1 LEN 8 70:FF:FF:FF:FF:FF:FF:FF:
21:23:47.632 -> 1502 ID 0x521 LEN 8 74:84:84:84:84:84:84:84:
21:23:47.632 -> 1504 ID 0x5B1 LEN 8 74:84:84:84:84:84:84:84:
21:23:47.733 -> 1590 ID 0x2E8 LEN 3 91:03:01:
21:23:47.733 -> 1599 ID 0x3FF LEN 2 92:01:
21:23:47.835 -> 1689 ID 0x2E8 LEN 3 91:03:01:
21:23:47.937 -> 1790 ID 0x2E8 LEN 3 91:03:01:
21:23:47.971 -> 1847 ID 0x2D0 LEN 5 12:00:31:31:00:
21:23:48.005 -> 1866 ID 0x3BF LEN 2 49:00:
21:23:48.039 -> 1890 ID 0x2E8 LEN 3 91:03:01:
21:23:48.039 -> 1896 ID 0x3EF LEN 3 A6:14:17:
21:23:48.039 -> 1898 ID 0x1B1 LEN 8 03:52:02:00:FF:FF:FF:FF:
21:23:48.039 -> 1900 ID 0x5B1 LEN 8 74:84:84:84:84:84:84:84:
21:23:48.039 -> 1915 ID 0x1C1 LEN 8 02:64:0F:84:84:84:84:84:
21:23:48.072 -> 1917 ID 0x5C1 LEN 8 74:FF:FF:FF:FF:FF:FF:FF:
21:23:48.072 -> 1920 ID 0x121 LEN 8 10:0E:77:60:FF:3F:60:22:
21:23:48.072 -> 1923 ID 0x3CF LEN 1 69:
21:23:48.072 -> 1924 ID 0x521 LEN 8 30:01:14:84:84:84:84:84:
21:23:48.072 -> 1926 ID 0x121 LEN 8 21:20:20:4E:45:57:53:20:
21:23:48.072 -> 1934 ID 0x521 LEN 8 30:01:14:84:84:84:84:84:
21:23:48.072 -> 1936 ID 0x121 LEN 8 22:20:FF:FF:FF:FF:FF:FF:
21:23:48.072 -> 1940 ID 0x521 LEN 8 74:84:84:84:84:84:84:84:
21:23:48.072 -> 1942 ID 0x121 LEN 8 10:0B:76:60:26:52:46:49:
21:23:48.072 -> 1944 ID 0x3AF LEN 2 59:00:
21:23:48.106 -> 1952 ID 0x521 LEN 8 30:01:14:84:84:84:84:84:
21:23:48.106 -> 1954 ID 0x121 LEN 8 21:20:39:34:46:4D:FF:FF:
21:23:48.106 -> 1960 ID 0x521 LEN 8 74:84:84:84:84:84:84:84:
21:23:48.140 -> 1989 ID 0x2E8 LEN 3 91:03:01:
21:23:48.242 -> 2088 ID 0x2E8 LEN 3 91:03:01:
21:23:48.242 -> 2098 ID 0x3FF LEN 2 92:01:
21:23:48.343 -> 2190 ID 0x2E8 LEN 3 91:03:01:
21:23:48.446 -> 2289 ID 0x2E8 LEN 3 91:03:01:
21:23:48.513 -> 2366 ID 0x3BF LEN 2 49:00:
21:23:48.513 -> 2388 ID 0x2E8 LEN 3 91:03:01:
21:23:48.581 -> 2430 ID 0x3CF LEN 1 69:
21:23:48.581 -> 2444 ID 0x3AF LEN 2 59:00:
21:23:48.614 -> 2490 ID 0x2E8 LEN 3 91:03:01:
21:23:48.716 -> 2589 ID 0x2E8 LEN 3 91:03:00:
21:23:48.749 -> 2599 ID 0x3FF LEN 2 92:01:
21:23:48.819 -> 2689 ID 0x2E8 LEN 3 91:03:00:
21:23:48.922 -> 2790 ID 0x2E8 LEN 3 91:03:00:
21:23:49.023 -> 2867 ID 0x3BF LEN 2 49:00:
21:23:49.023 -> 2877 ID 0x2D0 LEN 5 12:00:31:31:00:
21:23:49.023 -> 2889 ID 0x2E8 LEN 3 91:03:00:
21:23:49.091 -> 2934 ID 0x3CF LEN 1 69:
21:23:49.091 -> 2945 ID 0x3AF LEN 2 59:00:
21:23:49.124 -> 2989 ID 0x2E8 LEN 3 91:03:00:
21:23:49.226 -> 3088 ID 0x2E8 LEN 3 91:03:00:
21:23:49.226 -> 3098 ID 0x3FF LEN 2 92:01:
21:23:49.327 -> 3189 ID 0x2E8 LEN 3 91:03:00:
21:23:49.429 -> 3290 ID 0x2E8 LEN 3 91:03:00:
21:23:49.495 -> 3366 ID 0x3BF LEN 2 49:00:
21:23:49.529 -> 3389 ID 0x2E8 LEN 3 91:03:00:
21:23:49.563 -> 3438 ID 0x3CF LEN 1 69:
21:23:49.597 -> 3444 ID 0x3AF LEN 2 59:00:
21:23:49.631 -> 3488 ID 0x2E8 LEN 3 91:03:00:
21:23:49.732 -> 3590 ID 0x2E8 LEN 3 91:03:00:
21:23:49.732 -> 3600 ID 0x3FF LEN 2 92:01:
21:23:49.835 -> 3689 ID 0x2E8 LEN 3 91:03:00:
21:23:49.936 -> 3788 ID 0x2E8 LEN 3 91:03:00:
21:23:50.004 -> 3866 ID 0x3BF LEN 2 49:00:
21:23:50.038 -> 3890 ID 0x2E8 LEN 3 91:03:00:
21:23:50.038 -> 3909 ID 0x2D0 LEN 5 12:00:31:31:00:
21:23:50.072 -> 3942 ID 0x3CF LEN 1 69:
21:23:50.072 -> 3944 ID 0x3AF LEN 2 59:00:
21:23:50.140 -> 3989 ID 0x2E8 LEN 3 91:03:00:
21:23:50.241 -> 4088 ID 0x2E8 LEN 3 91:03:00:
21:23:50.241 -> 4099 ID 0x3FF LEN 2 92:01:
21:23:50.342 -> 4190 ID 0x2E8 LEN 3 91:03:00:
21:23:50.444 -> 4289 ID 0x2E8 LEN 3 91:03:00:
21:23:50.511 -> 4366 ID 0x3BF LEN 2 49:00:
21:23:50.545 -> 4388 ID 0x2E8 LEN 3 91:03:00:
21:23:50.579 -> 4444 ID 0x3AF LEN 2 59:00:
21:23:50.579 -> 4446 ID 0x3CF LEN 1 69:
21:23:50.613 -> 4489 ID 0x2E8 LEN 3 91:03:00:
21:23:50.715 -> 4589 ID 0x2E8 LEN 3 91:03:00:
21:23:50.749 -> 4599 ID 0x3FF LEN 2 92:01:
21:23:50.817 -> 4688 ID 0x2E8 LEN 3 91:03:00:
21:23:50.919 -> 4789 ID 0x2E8 LEN 3 91:03:00:
21:23:51.020 -> 4866 ID 0x3BF LEN 2 49:00:
21:23:51.020 -> 4889 ID 0x2E8 LEN 3 91:03:00:
21:23:51.086 -> 4940 ID 0x2D0 LEN 5 12:00:31:31:00:
21:23:51.086 -> 4943 ID 0x3AF LEN 2 59:00:
21:23:51.086 -> 4950 ID 0x3CF LEN 1 69:
21:23:51.121 -> 4989 ID 0x2E8 LEN 3 91:03:00:
21:23:51.222 -> 5089 ID 0x2E8 LEN 3 91:00:00:
21:23:51.222 -> 5098 ID 0x3FF LEN 2 92:01:
21:23:51.324 -> 5189 ID 0x2E8 LEN 3 91:01:00:
21:23:51.426 -> 5287 ID 0x2E8 LEN 3 91:01:00:
21:23:51.494 -> 5365 ID 0x3BF LEN 2 49:00:
21:23:51.528 -> 5390 ID 0x2E8 LEN 3 91:01:00:
21:23:51.596 -> 5444 ID 0x3AF LEN 2 59:00:
21:23:51.596 -> 5453 ID 0x3CF LEN 1 69:
21:23:51.630 -> 5489 ID 0x2E8 LEN 3 91:01:00:
21:23:51.732 -> 5587 ID 0x2E8 LEN 3 91:01:00:
21:23:51.732 -> 5599 ID 0x3FF LEN 2 92:01:
21:23:51.834 -> 5688 ID 0x2E8 LEN 3 91:01:00:
21:23:51.936 -> 5788 ID 0x2E8 LEN 3 91:01:00:
21:23:52.004 -> 5866 ID 0x3BF LEN 2 49:00:
21:23:52.037 -> 5889 ID 0x2E8 LEN 3 91:01:00:
21:23:52.071 -> 5944 ID 0x3AF LEN 2 59:00:
21:23:52.105 -> 5961 ID 0x3CF LEN 1 69:
21:23:52.105 -> 5974 ID 0x2D0 LEN 5 12:00:31:31:00:
21:23:52.139 -> 5990 ID 0x2E8 LEN 3 91:01:00:
21:23:52.241 -> 6087 ID 0x2E8 LEN 3 91:01:00:
21:23:52.241 -> 6098 ID 0x3FF LEN 2 92:01:
21:23:52.343 -> 6189 ID 0x2E8 LEN 3 91:01:00:
21:23:52.445 -> 6289 ID 0x2E8 LEN 3 91:01:00:
21:23:52.513 -> 6366 ID 0x3BF LEN 2 49:00:
21:23:52.513 -> 6387 ID 0x2E8 LEN 3 91:01:00:
21:23:52.581 -> 6444 ID 0x3AF LEN 2 59:00:
21:23:52.615 -> 6465 ID 0x3CF LEN 1 69:
21:23:52.615 -> 6489 ID 0x2E8 LEN 3 91:01:00:
21:23:52.717 -> 6589 ID 0x2E8 LEN 3 91:01:00:
21:23:52.751 -> 6597 ID 0x3FF LEN 2 92:01:
21:23:52.819 -> 6689 ID 0x2E8 LEN 3 91:01:00:
21:23:52.921 -> 6788 ID 0x2E8 LEN 3 91:01:00:
21:23:53.023 -> 6865 ID 0x3BF LEN 2 49:00:
21:23:53.023 -> 6888 ID 0x2E8 LEN 3 91:01:00:
21:23:53.090 -> 6943 ID 0x3AF LEN 2 59:00:
21:23:53.125 -> 6973 ID 0x3CF LEN 1 69:
21:23:53.125 -> 6989 ID 0x2E8 LEN 3 91:01:00:
21:23:53.158 -> 7006 ID 0x2D0 LEN 5 12:00:31:31:00:
21:23:53.226 -> 7088 ID 0x2E8 LEN 3 91:01:00:
21:23:53.226 -> 7099 ID 0x3FF LEN 2 92:01:
21:23:53.329 -> 7188 ID 0x2E8 LEN 3 91:01:00:
21:23:53.431 -> 7289 ID 0x2E8 LEN 3 91:01:00:
21:23:53.499 -> 7366 ID 0x3BF LEN 2 49:00:
21:23:53.533 -> 7389 ID 0x2E8 LEN 3 91:01:00:
21:23:53.601 -> 7444 ID 0x3AF LEN 2 59:00:
21:23:53.635 -> 7478 ID 0x3CF LEN 1 69:
21:23:53.635 -> 7487 ID 0x2E8 LEN 3 91:01:01:
21:23:53.737 -> 7588 ID 0x2E8 LEN 3 91:01:01:
21:23:53.737 -> 7600 ID 0x3FF LEN 2 92:01:
21:23:53.839 -> 7689 ID 0x2E8 LEN 3 91:01:01:
21:23:53.941 -> 7787 ID 0x2E8 LEN 3 91:01:01:
21:23:54.009 -> 7866 ID 0x3BF LEN 2 49:00:
21:23:54.042 -> 7888 ID 0x2E8 LEN 3 91:01:01:
21:23:54.077 -> 7944 ID 0x3AF LEN 2 59:00:
21:23:54.111 -> 7983 ID 0x3CF LEN 1 69:
21:23:54.145 -> 7989 ID 0x2E8 LEN 3 91:01:01:
21:23:54.179 -> 8038 ID 0x2D0 LEN 5 12:00:31:31:00:
21:23:54.213 -> 8087 ID 0x2E8 LEN 3 91:01:01:
21:23:54.247 -> 8098 ID 0x3FF LEN 2 92:01:
21:23:54.315 -> 8188 ID 0x2E8 LEN 3 91:01:01:
21:23:54.417 -> 8289 ID 0x2E8 LEN 3 91:01:01:
21:23:54.519 -> 8366 ID 0x3BF LEN 2 49:00:
21:23:54.519 -> 8387 ID 0x2E8 LEN 3 91:01:01:
21:23:54.587 -> 8443 ID 0x3AF LEN 2 59:00:
21:23:54.621 -> 8484 ID 0x3CF LEN 1 69:
21:23:54.621 -> 8488 ID 0x2E8 LEN 3 91:01:01:
21:23:54.723 -> 8589 ID 0x2E8 LEN 3 91:01:01:
21:23:54.723 -> 8597 ID 0x3FF LEN 2 92:01:
21:23:54.825 -> 8687 ID 0x2E8 LEN 3 91:01:01:
21:23:54.926 -> 8788 ID 0x2E8 LEN 3 91:01:01:
21:23:54.995 -> 8865 ID 0x3BF LEN 2 49:00:
21:23:55.029 -> 8889 ID 0x2E8 LEN 3 91:01:01:
21:23:55.096 -> 8943 ID 0x3AF LEN 2 59:00:
21:23:55.129 -> 8987 ID 0x2E8 LEN 3 91:01:01:
21:23:55.129 -> 8992 ID 0x3CF LEN 1 69:
21:23:55.198 -> 9070 ID 0x2D0 LEN 5 12:00:31:31:00:
21:23:55.231 -> 9089 ID 0x2E8 LEN 3 91:01:01:
21:23:55.231 -> 9099 ID 0x3FF LEN 2 92:01:
21:23:55.333 -> 9189 ID 0x2E8 LEN 3 91:01:01:
21:23:55.435 -> 9287 ID 0x2E8 LEN 3 91:01:01:
21:23:55.503 -> 9365 ID 0x3BF LEN 2 49:00:
21:23:55.537 -> 9389 ID 0x2E8 LEN 3 91:01:01:
21:23:55.571 -> 9444 ID 0x3AF LEN 2 59:00:
21:23:55.639 -> 9489 ID 0x2E8 LEN 3 91:01:01:
21:23:55.639 -> 9496 ID 0x3CF LEN 1 69:
21:23:55.757 -> 9587 ID 0x2E8 LEN 3 91:01:01:
21:23:55.757 -> 9597 ID 0x3FF LEN 2 92:01:
21:23:55.842 -> 9688 ID 0x2E8 LEN 3 91:01:01:
21:23:55.945 -> 9788 ID 0x2E8 LEN 3 91:01:01:
21:23:56.013 -> 9866 ID 0x3BF LEN 2 49:00:
21:23:56.046 -> 9888 ID 0x2E8 LEN 3 91:01:01:
21:23:56.080 -> 9944 ID 0x3AF LEN 2 59:00:
21:23:56.114 -> 9987 ID 0x2E8 LEN 3 91:01:01:
21:23:56.147 -> 9999 ID 0x3CF LEN 1 69:
21:23:56.215 -> 10089 ID 0x2E8 LEN 3 91:02:01:
21:23:56.249 -> 10098 ID 0x3FF LEN 2 92:01:
21:23:56.249 -> 10101 ID 0x2D0 LEN 5 12:00:31:31:00:
21:23:56.317 -> 10188 ID 0x2E8 LEN 3 91:02:01:
21:23:56.419 -> 10288 ID 0x2E8 LEN 3 91:02:01:
21:23:56.521 -> 10365 ID 0x3BF LEN 2 49:00:
21:23:56.521 -> 10388 ID 0x2E8 LEN 3 91:02:01:
21:23:56.589 -> 10443 ID 0x3AF LEN 2 59:00:
21:23:56.623 -> 10486 ID 0x2E8 LEN 3 91:02:01:
21:23:56.657 -> 10507 ID 0x3CF LEN 1 69:
21:23:56.725 -> 10587 ID 0x2E8 LEN 3 91:02:01:
21:23:56.725 -> 10598 ID 0x3FF LEN 2 92:01:
21:23:56.827 -> 10688 ID 0x2E8 LEN 3 91:02:01:
21:23:56.929 -> 10788 ID 0x2E8 LEN 3 91:02:01:
21:23:56.997 -> 10865 ID 0x3BF LEN 2 49:00:
21:23:57.031 -> 10888 ID 0x2E8 LEN 3 91:02:01:
21:23:57.098 -> 10943 ID 0x3AF LEN 2 59:00:
21:23:57.132 -> 10989 ID 0x2E8 LEN 3 91:02:01:
21:23:57.166 -> 11011 ID 0x3CF LEN 1 69:
21:23:57.234 -> 11086 ID 0x2E8 LEN 3 91:02:01:
21:23:57.234 -> 11098 ID 0x3FF LEN 2 92:01:
21:23:57.268 -> 11133 ID 0x2D0 LEN 5 12:00:31:31:00:
21:23:57.336 -> 11188 ID 0x2E8 LEN 3 91:02:01:
21:23:57.438 -> 11289 ID 0x2E8 LEN 3 91:02:01:
21:23:57.506 -> 11365 ID 0x3BF LEN 2 49:00:
21:23:57.540 -> 11387 ID 0x2E8 LEN 3 91:02:01:
21:23:57.574 -> 11444 ID 0x3AF LEN 2 59:00:
21:23:57.642 -> 11489 ID 0x2E8 LEN 3 91:02:01:
21:23:57.676 -> 11518 ID 0x3CF LEN 1 69:
21:23:57.744 -> 11587 ID 0x2E8 LEN 3 91:02:01:
21:23:57.744 -> 11598 ID 0x3FF LEN 2 92:01:
21:23:57.812 -> 11688 ID 0x2E8 LEN 3 91:02:01:
21:23:57.914 -> 11787 ID 0x2E8 LEN 3 91:02:01:
21:23:58.015 -> 11866 ID 0x3BF LEN 2 49:00:
21:23:58.015 -> 11887 ID 0x2E8 LEN 3 91:02:01:
21:23:58.083 -> 11943 ID 0x3AF LEN 2 59:00:
21:23:58.117 -> 11988 ID 0x2E8 LEN 3 91:02:01:
21:23:58.151 -> 12022 ID 0x3CF LEN 1 69:
21:23:58.218 -> 12087 ID 0x2E8 LEN 3 91:02:01:
21:23:58.252 -> 12098 ID 0x3FF LEN 2 92:01:
21:23:58.320 -> 12166 ID 0x2D0 LEN 5 12:00:31:31:00:
21:23:58.320 -> 12188 ID 0x2E8 LEN 3 91:02:01:
21:23:58.421 -> 12286 ID 0x2E8 LEN 3 91:02:01:
21:23:58.523 -> 12365 ID 0x3BF LEN 2 49:00:
21:23:58.523 -> 12387 ID 0x2E8 LEN 3 91:02:01:
21:23:58.591 -> 12443 ID 0x3AF LEN 2 59:00:
21:23:58.626 -> 12488 ID 0x2E8 LEN 3 91:02:01:
21:23:58.659 -> 12530 ID 0x3CF LEN 1 69:
21:23:58.728 -> 12587 ID 0x2E8 LEN 3 91:02:01:
21:23:58.728 -> 12598 ID 0x3FF LEN 2 92:01:
21:23:58.829 -> 12688 ID 0x2E8 LEN 3 91:02:01:
21:23:58.931 -> 12786 ID 0x2E8 LEN 3 91:02:01:
21:23:58.999 -> 12865 ID 0x3BF LEN 2 49:00:
21:23:59.033 -> 12888 ID 0x2E8 LEN 3 91:02:01:
21:23:59.101 -> 12944 ID 0x3AF LEN 2 59:00:
21:23:59.135 -> 12988 ID 0x2E8 LEN 3 91:02:01:
21:23:59.169 -> 13034 ID 0x3CF LEN 1 69:
21:23:59.237 -> 13086 ID 0x2E8 LEN 3 91:02:01:
21:23:59.237 -> 13097 ID 0x3FF LEN 2 92:01:
21:23:59.337 -> 13188 ID 0x2E8 LEN 3 91:02:01:
21:23:59.337 -> 13197 ID 0x2D0 LEN 5 12:00:31:31:00:
21:23:59.439 -> 13289 ID 0x2E8 LEN 3 91:02:01:
21:23:59.507 -> 13365 ID 0x3BF LEN 2 49:00:
21:23:59.541 -> 13387 ID 0x2E8 LEN 3 91:02:01:
21:23:59.575 -> 13444 ID 0x3AF LEN 2 59:00:
21:23:59.643 -> 13488 ID 0x2E8 LEN 3 91:02:01:
21:23:59.677 -> 13538 ID 0x3CF LEN 1 69:
21:23:59.710 -> 13586 ID 0x2E8 LEN 3 91:02:01:
21:23:59.745 -> 13597 ID 0x3FF LEN 2 92:01:
21:23:59.813 -> 13687 ID 0x2E8 LEN 3 91:02:01:
21:23:59.915 -> 13789 ID 0x2E8 LEN 3 91:02:01:
21:24:00.017 -> 13865 ID 0x3BF LEN 2 49:00:
21:24:00.017 -> 13887 ID 0x2E8 LEN 3 91:02:01:
21:24:00.084 -> 13943 ID 0x3AF LEN 2 59:00:
21:24:00.119 -> 13988 ID 0x2E8 LEN 3 91:02:01:
21:24:00.187 -> 14042 ID 0x3CF LEN 1 69:
21:24:00.221 -> 14087 ID 0x2E8 LEN 3 91:02:01:
21:24:00.255 -> 14098 ID 0x3FF LEN 2 92:01:
21:24:00.323 -> 14187 ID 0x2E8 LEN 3 91:02:01:
21:24:00.357 -> 14230 ID 0x2D0 LEN 5 12:00:31:31:00:
21:24:00.425 -> 14288 ID 0x2E8 LEN 3 91:02:01:
21:24:00.493 -> 14365 ID 0x3BF LEN 2 49:00:
21:24:00.526 -> 14387 ID 0x2E8 LEN 3 91:02:01:
21:24:00.594 -> 14443 ID 0x3AF LEN 2 59:00:
21:24:00.628 -> 14488 ID 0x2E8 LEN 3 91:02:01:
21:24:00.697 -> 14545 ID 0x3CF LEN 1 69:
21:24:00.731 -> 14586 ID 0x2E8 LEN 3 91:02:01:
21:24:00.731 -> 14598 ID 0x3FF LEN 2 92:01:
21:24:00.833 -> 14688 ID 0x2E8 LEN 3 91:02:01:
21:24:00.935 -> 14788 ID 0x2E8 LEN 3 91:02:01:
21:24:01.002 -> 14865 ID 0x3BF LEN 2 49:00:
21:24:01.036 -> 14886 ID 0x2E8 LEN 3 91:02:01:
21:24:01.070 -> 14943 ID 0x3AF LEN 2 59:00:
21:24:01.138 -> 14988 ID 0x2E8 LEN 3 91:02:01:
21:24:01.206 -> 15049 ID 0x3CF LEN 1 69:
21:24:01.240 -> 15086 ID 0x2E8 LEN 3 91:02:01:
21:24:01.240 -> 15097 ID 0x3FF LEN 2 92:01:
21:24:01.342 -> 15187 ID 0x2E8 LEN 3 91:02:01:
21:24:01.410 -> 15262 ID 0x2D0 LEN 5 12:00:31:31:00:
21:24:01.443 -> 15287 ID 0x2E8 LEN 3 91:03:01:
21:24:01.511 -> 15365 ID 0x3BF LEN 2 49:00:
21:24:01.511 -> 15386 ID 0x2E8 LEN 3 91:03:01:
21:24:01.579 -> 15442 ID 0x3AF LEN 2 59:00:
21:24:01.613 -> 15486 ID 0x2E8 LEN 3 91:03:01:
21:24:01.715 -> 15557 ID 0x3CF LEN 1 69:
21:24:01.715 -> 15586 ID 0x2E8 LEN 3 91:03:01:
21:24:01.749 -> 15597 ID 0x3FF LEN 2 92:01:
21:24:01.817 -> 15687 ID 0x2E8 LEN 3 91:03:01:
21:24:01.918 -> 15788 ID 0x2E8 LEN 3 91:03:01:
21:24:02.020 -> 15864 ID 0x3BF LEN 2 49:00:
21:24:02.020 -> 15886 ID 0x2E8 LEN 3 91:03:01:
21:24:02.088 -> 15943 ID 0x3AF LEN 2 59:00:
21:24:02.122 -> 15987 ID 0x2E8 LEN 3 91:03:01:
21:24:02.190 -> 16061 ID 0x3CF LEN 1 69:
21:24:02.224 -> 16087 ID 0x2E8 LEN 3 91:03:01:
21:24:02.224 -> 16098 ID 0x3FF LEN 2 92:01:
21:24:02.326 -> 16186 ID 0x2E8 LEN 3 91:03:01:
21:24:02.428 -> 16287 ID 0x2E8 LEN 3 91:03:01:
21:24:02.428 -> 16294 ID 0x2D0 LEN 5 12:00:31:31:00:
21:24:02.496 -> 16365 ID 0x3BF LEN 2 49:00:
21:24:02.530 -> 16387 ID 0x2E8 LEN 3 91:03:01:
21:24:02.598 -> 16443 ID 0x3AF LEN 2 59:00:
21:24:02.632 -> 16486 ID 0x2E8 LEN 3 91:03:01:
21:24:02.700 -> 16569 ID 0x3CF LEN 1 69:
21:24:02.734 -> 16586 ID 0x2E8 LEN 3 91:03:01:
21:24:02.734 -> 16598 ID 0x3FF LEN 2 92:01:
21:24:02.836 -> 16686 ID 0x2E8 LEN 3 91:03:01:
21:24:02.938 -> 16788 ID 0x2E8 LEN 3 91:03:01:
21:24:03.006 -> 16865 ID 0x3BF LEN 2 49:00:
21:24:03.040 -> 16887 ID 0x2E8 LEN 3 91:03:01:
21:24:03.073 -> 16943 ID 0x3AF LEN 2 59:00:
21:24:03.141 -> 16987 ID 0x2E8 LEN 3 91:03:01:
21:24:03.209 -> 17077 ID 0x3CF LEN 1 69:
21:24:03.242 -> 17086 ID 0x2E8 LEN 3 91:03:01:
21:24:03.242 -> 17097 ID 0x3FF LEN 2 92:01:
21:24:03.309 -> 17185 ID 0x2E8 LEN 3 91:03:01:
21:24:03.412 -> 17288 ID 0x2E8 LEN 3 91:03:01:
21:24:03.480 -> 17335 ID 0x2D0 LEN 5 12:00:31:31:00:
21:24:03.514 -> 17364 ID 0x3BF LEN 2 49:00:
21:24:03.514 -> 17387 ID 0x2E8 LEN 3 91:03:01:
21:24:03.582 -> 17442 ID 0x3AF LEN 2 59:00:
21:24:03.616 -> 17486 ID 0x2E8 LEN 3 91:03:01:
21:24:03.718 -> 17585 ID 0x3CF LEN 1 69:
21:24:03.718 -> 17586 ID 0x2E8 LEN 3 91:03:01:
21:24:03.752 -> 17597 ID 0x3FF LEN 2 92:01:
21:24:03.820 -> 17688 ID 0x2E8 LEN 3 91:03:01:
21:24:03.922 -> 17787 ID 0x2E8 LEN 3 91:03:01:
21:24:04.024 -> 17865 ID 0x3BF LEN 2 49:00:
21:24:04.024 -> 17887 ID 0x2E8 LEN 3 91:03:00:
21:24:04.092 -> 17943 ID 0x3AF LEN 2 59:00:
21:24:04.126 -> 17987 ID 0x2E8 LEN 3 91:03:00:
21:24:04.227 -> 18086 ID 0x2E8 LEN 3 91:03:00:
21:24:04.227 -> 18092 ID 0x3CF LEN 1 69:
21:24:04.227 -> 18098 ID 0x3FF LEN 2 92:01:
21:24:04.328 -> 18186 ID 0x2E8 LEN 3 91:03:00:
21:24:04.430 -> 18285 ID 0x2E8 LEN 3 91:03:00:
21:24:04.498 -> 18359 ID 0x2D0 LEN 5 12:00:31:31:00:
21:24:04.498 -> 18368 ID 0x3BF LEN 2 49:00:
21:24:04.532 -> 18387 ID 0x2E8 LEN 3 91:03:00:
21:24:04.600 -> 18443 ID 0x3AF LEN 2 59:00:
21:24:04.634 -> 18487 ID 0x2E8 LEN 3 91:03:00:
21:24:04.735 -> 18586 ID 0x2E8 LEN 3 91:03:00:
21:24:04.735 -> 18596 ID 0x3CF LEN 1 69:
21:24:04.735 -> 18597 ID 0x3FF LEN 2 92:01:
21:24:04.838 -> 18685 ID 0x2E8 LEN 3 91:03:00:
21:24:04.939 -> 18787 ID 0x2E8 LEN 3 91:03:00:
21:24:05.007 -> 18865 ID 0x3BF LEN 2 49:00:
21:24:05.041 -> 18887 ID 0x2E8 LEN 3 91:03:00:
21:24:05.075 -> 18942 ID 0x3AF LEN 2 59:00:
21:24:05.143 -> 18987 ID 0x2E8 LEN 3 91:03:00:
21:24:05.211 -> 19086 ID 0x2E8 LEN 3 91:03:00:
21:24:05.245 -> 19097 ID 0x3FF LEN 2 92:01:
21:24:05.245 -> 19100 ID 0x3CF LEN 1 69:
21:24:05.313 -> 19185 ID 0x2E8 LEN 3 91:03:00:
21:24:05.415 -> 19288 ID 0x2E8 LEN 3 91:03:00:
21:24:05.516 -> 19364 ID 0x3BF LEN 2 49:00:
21:24:05.516 -> 19387 ID 0x2E8 LEN 3 91:03:00:
21:24:05.516 -> 19392 ID 0x2D0 LEN 5 12:00:31:31:00:
21:24:05.584 -> 19442 ID 0x3AF LEN 2 59:00:
21:24:05.618 -> 19486 ID 0x2E8 LEN 3 91:03:00:
21:24:05.720 -> 19586 ID 0x2E8 LEN 3 91:03:00:
21:24:05.754 -> 19597 ID 0x3FF LEN 2 92:01:
21:24:05.754 -> 19603 ID 0x3CF LEN 1 69:
21:24:05.822 -> 19686 ID 0x2E8 LEN 3 91:03:00:
21:24:05.924 -> 19785 ID 0x2E8 LEN 3 91:03:00:
21:24:05.992 -> 19864 ID 0x3BF LEN 2 49:00:
21:24:06.025 -> 19888 ID 0x2E8 LEN 3 91:03:00:
21:24:06.093 -> 19943 ID 0x3AF LEN 2 59:00:
21:24:06.127 -> 19987 ID 0x2E8 LEN 3 91:03:00:
21:24:06.228 -> 20086 ID 0x2E8 LEN 3 91:03:00:
21:24:06.228 -> 20094 ID 0x3FF LEN 2 92:01:
21:24:06.261 -> 20107 ID 0x3CF LEN 1 69:
21:24:06.329 -> 20186 ID 0x2E8 LEN 3 91:03:00:
21:24:06.431 -> 20287 ID 0x2E8 LEN 3 91:00:00:
21:24:06.499 -> 20365 ID 0x3BF LEN 2 49:00:
21:24:06.533 -> 20386 ID 0x2E8 LEN 3 91:00:00:
21:24:06.567 -> 20422 ID 0x2D0 LEN 5 12:00:31:31:00:
21:24:06.601 -> 20443 ID 0x3AF LEN 2 59:00:
21:24:06.635 -> 20486 ID 0x2E8 LEN 3 91:00:00:
21:24:06.737 -> 20586 ID 0x2E8 LEN 3 91:00:00:
21:24:06.737 -> 20595 ID 0x3FF LEN 2 92:01:
21:24:06.771 -> 20616 ID 0x3CF LEN 1 69:
21:24:06.839 -> 20686 ID 0x2E8 LEN 3 91:00:00:
21:24:06.941 -> 20786 ID 0x2E8 LEN 3 91:00:00:
21:24:07.009 -> 20865 ID 0x3BF LEN 2 49:00:
21:24:07.042 -> 20886 ID 0x2E8 LEN 3 91:00:00:
21:24:07.076 -> 20942 ID 0x3AF LEN 2 59:00:
21:24:07.111 -> 20985 ID 0x2E8 LEN 3 91:00:00:
21:24:07.213 -> 21086 ID 0x2E8 LEN 3 91:00:00:
21:24:07.247 -> 21095 ID 0x3FF LEN 2 92:01:
21:24:07.281 -> 21123 ID 0x3CF LEN 1 69:
21:24:07.314 -> 21185 ID 0x2E8 LEN 3 91:00:00:
21:24:07.416 -> 21287 ID 0x2E8 LEN 3 91:00:00:
21:24:07.519 -> 21364 ID 0x3BF LEN 2 49:00:
21:24:07.519 -> 21387 ID 0x2E8 LEN 3 91:00:00:
21:24:07.586 -> 21442 ID 0x3AF LEN 2 59:00:
21:24:07.586 -> 21454 ID 0x2D0 LEN 5 12:00:31:31:00:
21:24:07.620 -> 21487 ID 0x2E8 LEN 3 91:00:00:
21:24:07.722 -> 21587 ID 0x2E8 LEN 3 91:00:00:
21:24:07.756 -> 21597 ID 0x3FF LEN 2 92:01:
21:24:07.790 -> 21635 ID 0x3CF LEN 1 69:
21:24:07.824 -> 21687 ID 0x2E8 LEN 3 91:00:00:
21:24:07.926 -> 21786 ID 0x2E8 LEN 3 91:00:00:
21:24:07.994 -> 21864 ID 0x3BF LEN 2 49:00:
21:24:08.028 -> 21886 ID 0x2E8 LEN 3 91:00:00:
21:24:08.095 -> 21943 ID 0x3AF LEN 2 59:00:
21:24:08.129 -> 21986 ID 0x2E8 LEN 3 91:00:00:
21:24:08.231 -> 22086 ID 0x2E8 LEN 3 91:00:00:
21:24:08.231 -> 22095 ID 0x3FF LEN 2 92:01:
21:24:08.299 -> 22142 ID 0x3CF LEN 1 69:
21:24:08.333 -> 22185 ID 0x2E8 LEN 3 91:00:00:
21:24:08.435 -> 22285 ID 0x2E8 LEN 3 91:00:00:
21:24:08.503 -> 22365 ID 0x3BF LEN 2 49:00:
21:24:08.537 -> 22384 ID 0x2E8 LEN 3 91:00:00:
21:24:08.571 -> 22443 ID 0x3AF LEN 2 59:00:
21:24:08.638 -> 22484 ID 0x2E8 LEN 3 91:00:00:
21:24:08.638 -> 22488 ID 0x2D0 LEN 5 12:00:31:31:00:
21:24:08.740 -> 22587 ID 0x2E8 LEN 3 91:00:00:
21:24:08.740 -> 22596 ID 0x3FF LEN 2 92:01:
21:24:08.808 -> 22650 ID 0x3CF LEN 1 69:
21:24:08.842 -> 22686 ID 0x2E8 LEN 3 91:00:00:
21:24:08.944 -> 22787 ID 0x2E8 LEN 3 91:00:00:
21:24:09.012 -> 22864 ID 0x3BF LEN 2 49:00:
21:24:09.012 -> 22886 ID 0x2E8 LEN 3 91:00:00:
21:24:09.080 -> 22942 ID 0x3AF LEN 2 59:00:
21:24:09.114 -> 22986 ID 0x2E8 LEN 3 91:00:00:
21:24:09.217 -> 23086 ID 0x2E8 LEN 3 91:00:00:
21:24:09.250 -> 23096 ID 0x3FF LEN 2 92:01:
21:24:09.283 -> 23158 ID 0x3CF LEN 1 69:
21:24:09.317 -> 23186 ID 0x2E8 LEN 3 91:00:00:
21:24:09.419 -> 23285 ID 0x2E8 LEN 3 91:00:00:
21:24:09.522 -> 23364 ID 0x3BF LEN 2 49:00:
21:24:09.522 -> 23385 ID 0x2E8 LEN 3 91:00:00:
21:24:09.589 -> 23442 ID 0x3AF LEN 2 59:00:
21:24:09.623 -> 23485 ID 0x2E8 LEN 3 91:00:00:
21:24:09.657 -> 23519 ID 0x2D0 LEN 5 12:00:31:31:00:
21:24:09.725 -> 23584 ID 0x2E8 LEN 3 91:00:00:
21:24:09.725 -> 23593 ID 0x3FF LEN 2 92:01:
21:24:09.793 -> 23667 ID 0x3CF LEN 1 69:
21:24:09.827 -> 23685 ID 0x2E8 LEN 3 91:00:00:
21:24:09.930 -> 23787 ID 0x2E8 LEN 3 91:00:00:
21:24:09.997 -> 23864 ID 0x3BF LEN 2 49:00:
21:24:10.031 -> 23886 ID 0x2E8 LEN 3 91:00:00:
21:24:10.099 -> 23943 ID 0x3AF LEN 2 59:00:
21:24:10.133 -> 23987 ID 0x2E8 LEN 3 91:00:00:
21:24:10.235 -> 24086 ID 0x2E8 LEN 3 91:00:00:
21:24:10.235 -> 24096 ID 0x3FF LEN 2 92:01:
21:24:10.302 -> 24174 ID 0x3CF LEN 1 69:
21:24:10.336 -> 24186 ID 0x2E8 LEN 3 91:00:00:
21:24:10.438 -> 24286 ID 0x2E8 LEN 3 91:00:00:
21:24:10.506 -> 24365 ID 0x3BF LEN 2 49:00:
21:24:10.540 -> 24386 ID 0x2E8 LEN 3 91:00:00:
21:24:10.574 -> 24442 ID 0x3AF LEN 2 59:00:
21:24:10.642 -> 24485 ID 0x2E8 LEN 3 91:00:00:
21:24:10.676 -> 24551 ID 0x2D0 LEN 5 12:00:31:31:00:
21:24:10.710 -> 24586 ID 0x2E8 LEN 3 91:00:00:
21:24:10.744 -> 24595 ID 0x3FF LEN 2 92:01:
21:24:10.812 -> 24679 ID 0x3CF LEN 1 69:
21:24:10.812 -> 24685 ID 0x2E8 LEN 3 91:00:00:
21:24:10.914 -> 24784 ID 0x2E8 LEN 3 91:00:00:
21:24:11.016 -> 24864 ID 0x3BF LEN 2 49:00:
21:24:11.016 -> 24884 ID 0x2E8 LEN 3 91:00:00:
21:24:11.083 -> 24942 ID 0x3AF LEN 2 59:00:
21:24:11.117 -> 24984 ID 0x2E8 LEN 3 91:00:00:
21:24:11.219 -> 25086 ID 0x2E8 LEN 3 91:00:00:
21:24:11.253 -> 25096 ID 0x3FF LEN 2 92:01:
21:24:11.321 -> 25183 ID 0x3CF LEN 1 69:
21:24:11.321 -> 25186 ID 0x2E8 LEN 3 91:00:00:
21:24:11.423 -> 25286 ID 0x2E8 LEN 3 91:00:00:
21:24:11.491 -> 25364 ID 0x3BF LEN 2 49:00:
21:24:11.525 -> 25385 ID 0x2E8 LEN 3 91:00:00:
21:24:11.593 -> 25442 ID 0x3AF LEN 2 59:00:
21:24:11.627 -> 25486 ID 0x2E8 LEN 3 91:00:00:
21:24:11.729 -> 25582 ID 0x2D0 LEN 5 12:00:31:31:00:
21:24:11.729 -> 25585 ID 0x2E8 LEN 3 91:00:00:
21:24:11.729 -> 25595 ID 0x3FF LEN 2 92:01:
21:24:11.830 -> 25686 ID 0x2E8 LEN 3 91:00:00:
21:24:11.830 -> 25691 ID 0x3CF LEN 1 69:
21:24:11.930 -> 25785 ID 0x2E8 LEN 3 91:00:00:
21:24:11.998 -> 25864 ID 0x3BF LEN 2 49:00:
21:24:12.032 -> 25884 ID 0x2E8 LEN 3 91:00:00:
21:24:12.100 -> 25942 ID 0x3AF LEN 2 59:00:
21:24:12.134 -> 25985 ID 0x2E8 LEN 3 91:00:00:
21:24:12.236 -> 26084 ID 0x2E8 LEN 3 91:00:00:
21:24:12.236 -> 26093 ID 0x3FF LEN 2 92:01:
21:24:12.338 -> 26184 ID 0x2E8 LEN 3 91:00:00:
21:24:12.338 -> 26193 ID 0x3CF LEN 1 69:
21:24:12.440 -> 26287 ID 0x2E8 LEN 3 91:00:00:
21:24:12.508 -> 26364 ID 0x3BF LEN 2 49:00:
21:24:12.542 -> 26386 ID 0x2E8 LEN 3 91:00:00:
21:24:12.576 -> 26442 ID 0x3AF LEN 2 59:00:
21:24:12.644 -> 26486 ID 0x2E8 LEN 3 91:00:00:
21:24:12.712 -> 26586 ID 0x2E8 LEN 3 91:00:00:
21:24:12.746 -> 26596 ID 0x3FF LEN 2 92:01:
21:24:12.746 -> 26615 ID 0x2D0 LEN 5 12:00:31:31:00:
21:24:12.814 -> 26686 ID 0x2E8 LEN 3 91:00:00:
21:24:12.848 -> 26698 ID 0x3CF LEN 1 69:
21:24:12.916 -> 26785 ID 0x2E8 LEN 3 91:00:00:
21:24:13.017 -> 26864 ID 0x3BF LEN 2 49:00:
21:24:13.017 -> 26885 ID 0x2E8 LEN 3 91:00:00:
21:24:13.085 -> 26942 ID 0x3AF LEN 2 59:00:
21:24:13.119 -> 26985 ID 0x2E8 LEN 3 91:00:00:
21:24:13.221 -> 27085 ID 0x2E8 LEN 3 91:00:00:
21:24:13.221 -> 27095 ID 0x3FF LEN 2 92:01:
21:24:13.324 -> 27185 ID 0x2E8 LEN 3 91:00:00:
21:24:13.357 -> 27201 ID 0x3CF LEN 1 69:
21:24:13.424 -> 27284 ID 0x2E8 LEN 3 91:00:00:
21:24:13.493 -> 27364 ID 0x3BF LEN 2 49:00:
21:24:13.527 -> 27384 ID 0x2E8 LEN 3 91:00:00:
21:24:13.595 -> 27442 ID 0x3AF LEN 2 59:00:
21:24:13.629 -> 27484 ID 0x2E8 LEN 3 91:00:00:
21:24:13.730 -> 27584 ID 0x2E8 LEN 3 91:00:00:
21:24:13.730 -> 27596 ID 0x3FF LEN 2 92:01:
21:24:13.798 -> 27652 ID 0x2D0 LEN 5 12:00:31:30:00:
21:24:13.832 -> 27683 ID 0x2E8 LEN 3 91:00:00:
21:24:13.866 -> 27709 ID 0x3CF LEN 1 69:
21:24:13.934 -> 27786 ID 0x2E8 LEN 3 91:00:00:
21:24:14.002 -> 27864 ID 0x3BF LEN 2 49:00:
21:24:14.035 -> 27885 ID 0x2E8 LEN 3 91:00:00:
21:24:14.070 -> 27941 ID 0x3AF LEN 2 59:00:
21:24:14.138 -> 27985 ID 0x2E8 LEN 3 91:00:00:
21:24:14.239 -> 28085 ID 0x2E8 LEN 3 91:00:00:
21:24:14.239 -> 28095 ID 0x3FF LEN 2 92:01:
21:24:14.340 -> 28185 ID 0x2E8 LEN 3 91:00:00:
21:24:14.374 -> 28216 ID 0x3CF LEN 1 69:
21:24:14.442 -> 28284 ID 0x2E8 LEN 3 91:00:00:
21:24:14.510 -> 28364 ID 0x3BF LEN 2 49:00:
21:24:14.510 -> 28384 ID 0x2E8 LEN 3 91:00:00:
21:24:14.578 -> 28442 ID 0x3AF LEN 2 59:00:
21:24:14.612 -> 28484 ID 0x2E8 LEN 3 91:00:00:
21:24:14.713 -> 28584 ID 0x2E8 LEN 3 91:00:00:
21:24:14.747 -> 28594 ID 0x3FF LEN 2 92:01:
21:24:14.815 -> 28678 ID 0x2D0 LEN 5 12:00:31:30:00:
21:24:14.815 -> 28684 ID 0x2E8 LEN 3 91:00:00:
21:24:14.883 -> 28725 ID 0x3CF LEN 1 69:
21:24:14.920 -> 28783 ID 0x2E8 LEN 3 91:00:00:
21:24:15.021 -> 28864 ID 0x3BF LEN 2 49:00:
21:24:15.021 -> 28886 ID 0x2E8 LEN 3 91:00:00:
21:24:15.088 -> 28942 ID 0x3AF LEN 2 59:00:
21:24:15.121 -> 28986 ID 0x2E8 LEN 3 91:00:00:
21:24:15.223 -> 29085 ID 0x2E8 LEN 3 91:00:00:
21:24:15.223 -> 29094 ID 0x3FF LEN 2 92:01:
21:24:15.325 -> 29185 ID 0x2E8 LEN 3 91:00:00:
21:24:15.359 -> 29228 ID 0x3CF LEN 1 69:
21:24:15.428 -> 29285 ID 0x2E8 LEN 3 91:00:00:
21:24:15.496 -> 29364 ID 0x3BF LEN 2 49:00:
21:24:15.530 -> 29384 ID 0x2E8 LEN 3 91:00:00:
21:24:15.597 -> 29444 ID 0x3AF LEN 2 59:00:
21:24:15.630 -> 29485 ID 0x2E8 LEN 3 91:00:00:
21:24:15.730 -> 29584 ID 0x2E8 LEN 3 91:00:00:
21:24:15.730 -> 29593 ID 0x3FF LEN 2 92:01:
21:24:15.832 -> 29684 ID 0x2E8 LEN 3 91:00:00:
21:24:15.866 -> 29731 ID 0x3CF LEN 1 69:
21:24:15.866 -> 29734 ID 0x2D0 LEN 5 12:00:31:30:00:
21:24:15.935 -> 29784 ID 0x2E8 LEN 3 91:00:00:
21:24:16.003 -> 29863 ID 0x3BF LEN 2 49:00:
21:24:16.036 -> 29883 ID 0x2E8 LEN 3 91:00:00:
