CAN Receiver
Starting receiving CAN:
2 ID 0x2E8 LEN 3 91:02:01:
102 ID 0x2E8 LEN 3 91:02:01:
201 ID 0x2E8 LEN 3 91:02:01:
211 ID 0x3FF LEN 2 92:01:
235 ID 0x3BF LEN 2 49:00:
299 ID 0x2D0 LEN 5 12:00:31:31:00:
302 ID 0x2E8 LEN 3 91:02:01:
318 ID 0x3CF LEN 1 69:
349 ID 0x3AF LEN 2 59:00:
400 ID 0x2E8 LEN 3 91:02:01:
501 ID 0x2E8 LEN 3 91:02:01:
603 ID 0x2E8 LEN 3 91:02:01:
701 ID 0x2E8 LEN 3 91:02:01:
712 ID 0x3FF LEN 2 92:01:
735 ID 0x3BF LEN 2 49:00:
801 ID 0x2E8 LEN 3 91:02:01:
826 ID 0x3CF LEN 1 69:
848 ID 0x3AF LEN 2 59:00:
900 ID 0x2E8 LEN 3 91:02:01:
1001 ID 0x2E8 LEN 3 91:02:01:
1102 ID 0x2E8 LEN 3 91:02:01:
1201 ID 0x2E8 LEN 3 91:02:01:
1212 ID 0x3FF LEN 2 92:01:
1235 ID 0x3BF LEN 2 49:00:
1301 ID 0x2E8 LEN 3 91:02:01:
1330 ID 0x3CF LEN 1 69:
1331 ID 0x2D0 LEN 5 12:00:31:31:00:
1348 ID 0x3AF LEN 2 59:00:
1399 ID 0x2E8 LEN 3 91:02:01:
1501 ID 0x2E8 LEN 3 91:02:01:
1602 ID 0x2E8 LEN 3 91:02:01:
1700 ID 0x2E8 LEN 3 91:02:01:
1712 ID 0x3FF LEN 2 92:01:
1735 ID 0x3BF LEN 2 49:00:
1802 ID 0x2E8 LEN 3 91:02:01:
1837 ID 0x3CF LEN 1 69:
1848 ID 0x3AF LEN 2 59:00:
1900 ID 0x2E8 LEN 3 91:02:01:
2000 ID 0x2E8 LEN 3 91:02:01:
2102 ID 0x2E8 LEN 3 91:02:01:
2200 ID 0x2E8 LEN 3 91:02:01:
2211 ID 0x3FF LEN 2 92:01:
2235 ID 0x3BF LEN 2 49:00:
2300 ID 0x2E8 LEN 3 91:02:01:
2344 ID 0x3CF LEN 1 69:
2348 ID 0x3AF LEN 2 59:00:
2363 ID 0x2D0 LEN 5 12:00:31:31:00:
2400 ID 0x2E8 LEN 3 91:02:01:
2500 ID 0x2E8 LEN 3 91:02:01:
2601 ID 0x2E8 LEN 3 91:02:01:
2700 ID 0x2E8 LEN 3 91:02:01:
2711 ID 0x3FF LEN 2 92:01:
2735 ID 0x3BF LEN 2 49:00:
2801 ID 0x2E8 LEN 3 91:02:01:
2848 ID 0x3AF LEN 2 59:00:
2849 ID 0x3CF LEN 1 69:
2899 ID 0x2E8 LEN 3 91:02:01:
3001 ID 0x2E8 LEN 3 91:02:01:
3101 ID 0x2E8 LEN 3 91:02:01:
3200 ID 0x2E8 LEN 3 91:02:01:
3211 ID 0x3FF LEN 2 92:01:
3235 ID 0x3BF LEN 2 49:00:
3301 ID 0x2E8 LEN 3 91:02:01:
3348 ID 0x3AF LEN 2 59:00:
3353 ID 0x3CF LEN 1 69:
3394 ID 0x2D0 LEN 5 12:00:31:31:00:
3399 ID 0x2E8 LEN 3 91:02:01:
3501 ID 0x2E8 LEN 3 91:02:01:
3601 ID 0x2E8 LEN 3 91:02:01:
3699 ID 0x2E8 LEN 3 91:02:01:
3710 ID 0x3FF LEN 2 92:01:
3735 ID 0x3BF LEN 2 49:00:
3801 ID 0x2E8 LEN 3 91:02:01:
3858 ID 0x3AF LEN 2 59:00:
3860 ID 0x3CF LEN 1 69:
3899 ID 0x2E8 LEN 3 91:02:01:
4000 ID 0x2E8 LEN 3 91:02:01:
4101 ID 0x2E8 LEN 3 91:02:01:
4199 ID 0x2E8 LEN 3 91:02:01:
4210 ID 0x3FF LEN 2 92:01:
4235 ID 0x3BF LEN 2 49:00:
4300 ID 0x2E8 LEN 3 91:02:01:
4348 ID 0x3AF LEN 2 59:00:
4368 ID 0x3CF LEN 1 69:
4400 ID 0x2E8 LEN 3 91:02:01:
4426 ID 0x2D0 LEN 5 12:00:31:31:00:
4500 ID 0x2E8 LEN 3 91:02:01:
4601 ID 0x2E8 LEN 3 91:02:01:
4700 ID 0x2E8 LEN 3 91:02:01:
4711 ID 0x3FF LEN 2 92:01:
4734 ID 0x3BF LEN 2 49:00:
4800 ID 0x2E8 LEN 3 91:02:01:
4848 ID 0x3AF LEN 2 59:00:
4872 ID 0x3CF LEN 1 69:
4899 ID 0x2E8 LEN 3 91:02:01:
5000 ID 0x2E8 LEN 3 91:02:01:
5101 ID 0x2E8 LEN 3 91:02:01:
5199 ID 0x2E8 LEN 3 91:02:01:
5211 ID 0x3FF LEN 2 92:01:
5234 ID 0x3BF LEN 2 49:00:
5300 ID 0x2E8 LEN 3 91:02:01:
5348 ID 0x3AF LEN 2 59:00:
5380 ID 0x3CF LEN 1 69:
5401 ID 0x2E8 LEN 3 91:02:01:
5458 ID 0x2D0 LEN 5 12:00:31:31:00:
5499 ID 0x2E8 LEN 3 91:02:01:
5601 ID 0x2E8 LEN 3 91:02:01:
5699 ID 0x2E8 LEN 3 91:02:01:
5710 ID 0x3FF LEN 2 92:01:
5735 ID 0x3BF LEN 2 49:00:
5800 ID 0x2E8 LEN 3 91:02:01:
5848 ID 0x3AF LEN 2 59:00:
5870 ID 0x3EF LEN 3 A6:14:2D:
5883 ID 0x3CF LEN 1 69:
5899 ID 0x2E8 LEN 3 91:02:01:
6000 ID 0x2E8 LEN 3 91:02:01:
6102 ID 0x2E8 LEN 3 91:02:01:
6200 ID 0x2E8 LEN 3 91:02:01:
6211 ID 0x3FF LEN 2 92:01:
6235 ID 0x3BF LEN 2 49:00:
6300 ID 0x2E8 LEN 3 91:02:01:
6347 ID 0x3AF LEN 2 59:00:
6387 ID 0x3CF LEN 1 69:
6398 ID 0x2E8 LEN 3 91:02:01:
6491 ID 0x2D0 LEN 5 12:00:31:31:00:
6500 ID 0x2E8 LEN 3 91:02:01:
6601 ID 0x2E8 LEN 3 91:02:01:
6700 ID 0x2E8 LEN 3 91:02:01:
6711 ID 0x3FF LEN 2 92:01:
6734 ID 0x3BF LEN 2 49:00:
6801 ID 0x2E8 LEN 3 91:02:01:
6848 ID 0x3AF LEN 2 59:00:
6891 ID 0x3CF LEN 1 69:
6898 ID 0x2E8 LEN 3 91:02:01:
7000 ID 0x2E8 LEN 3 91:02:01:
7101 ID 0x2E8 LEN 3 91:02:01:
7199 ID 0x2E8 LEN 3 91:02:01:
7209 ID 0x3FF LEN 2 92:01:
7234 ID 0x3BF LEN 2 49:00:
7300 ID 0x2E8 LEN 3 91:02:01:
7348 ID 0x3AF LEN 2 59:00:
7399 ID 0x2E8 LEN 3 91:02:01:
7400 ID 0x3CF LEN 1 69:
7499 ID 0x2E8 LEN 3 91:02:01:
7523 ID 0x2D0 LEN 5 12:00:31:31:00:
7601 ID 0x2E8 LEN 3 91:02:01:
7699 ID 0x2E8 LEN 3 91:02:01:
7710 ID 0x3FF LEN 2 92:01:
7735 ID 0x3BF LEN 2 49:00:
7799 ID 0x2E8 LEN 3 91:02:01:
7847 ID 0x3AF LEN 2 59:00:
7899 ID 0x2E8 LEN 3 91:02:01:
7907 ID 0x3CF LEN 1 69:
7999 ID 0x2E8 LEN 3 91:02:01:
8100 ID 0x2E8 LEN 3 91:02:01:
8199 ID 0x2E8 LEN 3 91:02:01:
8210 ID 0x3FF LEN 2 92:01:
8235 ID 0x3BF LEN 2 49:00:
8300 ID 0x2E8 LEN 3 91:02:01:
8347 ID 0x3AF LEN 2 59:00:
8398 ID 0x2E8 LEN 3 91:02:01:
8415 ID 0x3CF LEN 1 69:
8499 ID 0x2E8 LEN 3 91:02:01:
8555 ID 0x2D0 LEN 5 12:00:31:31:00:
8600 ID 0x2E8 LEN 3 91:02:01:
8698 ID 0x2E8 LEN 3 91:02:01:
8710 ID 0x3FF LEN 2 92:01:
8734 ID 0x3BF LEN 2 49:00:
8800 ID 0x2E8 LEN 3 91:02:01:
8847 ID 0x3AF LEN 2 59:00:
8900 ID 0x2E8 LEN 3 91:02:01:
8923 ID 0x3CF LEN 1 69:
8998 ID 0x2E8 LEN 3 91:02:01:
9100 ID 0x2E8 LEN 3 91:02:01:
9198 ID 0x2E8 LEN 3 91:02:01:
9209 ID 0x3FF LEN 2 92:01:
9235 ID 0x3BF LEN 2 49:00:
9299 ID 0x2E8 LEN 3 91:02:01:
9348 ID 0x3AF LEN 2 59:00:
9398 ID 0x2E8 LEN 3 91:02:01:
9431 ID 0x3CF LEN 1 69:
9499 ID 0x2E8 LEN 3 91:02:01:
9587 ID 0x2D0 LEN 5 12:00:31:31:00:
9600 ID 0x2E8 LEN 3 91:02:01:
9698 ID 0x2E8 LEN 3 91:02:01:
9709 ID 0x3FF LEN 2 92:01:
9735 ID 0x3BF LEN 2 49:00:
9799 ID 0x2E8 LEN 3 91:02:01:
9847 ID 0x3AF LEN 2 59:00:
9897 ID 0x2E8 LEN 3 91:02:01:
9933 ID 0x3CF LEN 1 69:
9999 ID 0x2E8 LEN 3 91:02:01:
10100 ID 0x2E8 LEN 3 91:02:01:
10199 ID 0x2E8 LEN 3 91:02:01:
10210 ID 0x3FF LEN 2 92:01:
10234 ID 0x3BF LEN 2 49:00:
10300 ID 0x2E8 LEN 3 91:02:01:
10347 ID 0x3AF LEN 2 59:00:
10398 ID 0x2E8 LEN 3 91:02:01:
10442 ID 0x3CF LEN 1 69:
10499 ID 0x2E8 LEN 3 91:02:01:
10600 ID 0x2E8 LEN 3 91:02:01:
10619 ID 0x2D0 LEN 5 12:00:31:31:00:
10698 ID 0x2E8 LEN 3 91:02:01:
10710 ID 0x3FF LEN 2 92:01:
10734 ID 0x3BF LEN 2 49:00:
10800 ID 0x2E8 LEN 3 91:02:01:
10847 ID 0x3AF LEN 2 59:00:
10898 ID 0x2E8 LEN 3 91:02:01:
10945 ID 0x3CF LEN 1 69:
10999 ID 0x2E8 LEN 3 91:02:01:
11100 ID 0x2E8 LEN 3 91:02:01:
11198 ID 0x2E8 LEN 3 91:02:01:
11209 ID 0x3FF LEN 2 92:01:
11234 ID 0x3BF LEN 2 49:00:
11299 ID 0x2E8 LEN 3 91:02:01:
11347 ID 0x3AF LEN 2 59:00:
11398 ID 0x2E8 LEN 3 91:02:01:
11449 ID 0x3CF LEN 1 69:
11499 ID 0x2E8 LEN 3 91:02:01:
11599 ID 0x2E8 LEN 3 91:02:01:
11651 ID 0x2D0 LEN 5 12:00:31:31:00:
11698 ID 0x2E8 LEN 3 91:02:01:
11709 ID 0x3FF LEN 2 92:01:
11734 ID 0x3BF LEN 2 49:00:
11799 ID 0x2E8 LEN 3 91:02:01:
11847 ID 0x3AF LEN 2 59:00:
11897 ID 0x2E8 LEN 3 91:02:01:
11953 ID 0x3CF LEN 1 69:
11999 ID 0x2E8 LEN 3 91:02:01:
12100 ID 0x2E8 LEN 3 91:02:01:
12198 ID 0x2E8 LEN 3 91:02:01:
12210 ID 0x3FF LEN 2 92:01:
12234 ID 0x3BF LEN 2 49:00:
12300 ID 0x2E8 LEN 3 91:02:01:
12347 ID 0x3AF LEN 2 59:00:
12397 ID 0x2E8 LEN 3 91:02:01:
12456 ID 0x3CF LEN 1 69:
12498 ID 0x2E8 LEN 3 91:02:01:
12598 ID 0x2E8 LEN 3 91:02:01:
12683 ID 0x2D0 LEN 5 12:00:31:31:00:
12698 ID 0x2E8 LEN 3 91:02:01:
12709 ID 0x3FF LEN 2 92:01:
12734 ID 0x3BF LEN 2 49:00:
12800 ID 0x2E8 LEN 3 91:02:01:
12847 ID 0x3AF LEN 2 59:00:
12898 ID 0x2E8 LEN 3 91:02:01:
12964 ID 0x3CF LEN 1 69:
12998 ID 0x2E8 LEN 3 91:02:01:
13097 ID 0x2E8 LEN 3 91:02:01:
13198 ID 0x2E8 LEN 3 91:02:01:
13209 ID 0x3FF LEN 2 92:01:
13234 ID 0x3BF LEN 2 49:00:
13299 ID 0x2E8 LEN 3 91:02:01:
13347 ID 0x3AF LEN 2 59:00:
13398 ID 0x2E8 LEN 3 91:02:01:
13471 ID 0x3CF LEN 1 69:
13499 ID 0x2E8 LEN 3 91:02:01:
13597 ID 0x2E8 LEN 3 91:02:01:
13698 ID 0x2E8 LEN 3 91:02:01:
13709 ID 0x3FF LEN 2 92:01:
13715 ID 0x2D0 LEN 5 12:00:31:31:00:
13733 ID 0x3BF LEN 2 49:00:
13799 ID 0x2E8 LEN 3 91:02:01:
13847 ID 0x3AF LEN 2 59:00:
13897 ID 0x2E8 LEN 3 91:02:01:
13976 ID 0x3CF LEN 1 69:
13999 ID 0x2E8 LEN 3 91:02:01:
14100 ID 0x2E8 LEN 3 91:02:01:
14198 ID 0x2E8 LEN 3 91:02:01:
14209 ID 0x3FF LEN 2 92:01:
14234 ID 0x3BF LEN 2 49:00:
14299 ID 0x2E8 LEN 3 91:02:01:
14347 ID 0x3AF LEN 2 59:00:
14397 ID 0x2E8 LEN 3 91:02:01:
14484 ID 0x3CF LEN 1 69:
14498 ID 0x2E8 LEN 3 91:02:01:
14600 ID 0x2E8 LEN 3 91:02:01:
14697 ID 0x2E8 LEN 3 91:02:01:
14708 ID 0x3FF LEN 2 92:01:
14734 ID 0x3BF LEN 2 49:00:
14747 ID 0x2D0 LEN 5 12:00:31:31:00:
14798 ID 0x2E8 LEN 3 91:02:01:
14848 ID 0x3AF LEN 2 59:00:
14897 ID 0x2E8 LEN 3 91:02:01:
14988 ID 0x3CF LEN 1 69:
14998 ID 0x2E8 LEN 3 91:02:01:
15099 ID 0x2E8 LEN 3 91:02:01:
15197 ID 0x2E8 LEN 3 91:02:01:
15208 ID 0x3FF LEN 2 92:01:
15234 ID 0x3BF LEN 2 49:00:
15298 ID 0x2E8 LEN 3 91:02:01:
15346 ID 0x3AF LEN 2 59:00:
15396 ID 0x2E8 LEN 3 91:02:01:
15496 ID 0x3CF LEN 1 69:
15498 ID 0x2E8 LEN 3 91:02:01:
15599 ID 0x2E8 LEN 3 91:02:01:
15697 ID 0x2E8 LEN 3 91:02:01:
15709 ID 0x3FF LEN 2 92:01:
15733 ID 0x3BF LEN 2 49:00:
15779 ID 0x2D0 LEN 5 12:00:31:31:00:
15798 ID 0x2E8 LEN 3 91:02:01:
15847 ID 0x3AF LEN 2 59:00:
15897 ID 0x2E8 LEN 3 91:02:01:
15997 ID 0x2E8 LEN 3 91:02:01:
16004 ID 0x3CF LEN 1 69:
16099 ID 0x2E8 LEN 3 91:02:01:
16197 ID 0x2E8 LEN 3 91:02:01:
16208 ID 0x3FF LEN 2 92:01:
16234 ID 0x3BF LEN 2 49:00:
16299 ID 0x2E8 LEN 3 91:02:01:
16347 ID 0x3AF LEN 2 59:00:
16397 ID 0x2E8 LEN 3 91:02:01:
16498 ID 0x2E8 LEN 3 91:02:01:
16507 ID 0x3CF LEN 1 69:
16599 ID 0x2E8 LEN 3 91:02:01:
16697 ID 0x2E8 LEN 3 91:02:01:
16708 ID 0x3FF LEN 2 92:01:
16734 ID 0x3BF LEN 2 49:00:
16798 ID 0x2E8 LEN 3 91:02:01:
16811 ID 0x2D0 LEN 5 12:00:31:31:00:
16846 ID 0x3AF LEN 2 59:00:
16897 ID 0x2E8 LEN 3 91:02:01:
16998 ID 0x2E8 LEN 3 91:02:01:
17015 ID 0x3CF LEN 1 69:
17096 ID 0x2E8 LEN 3 91:02:01:
17198 ID 0x2E8 LEN 3 91:02:01:
17209 ID 0x3FF LEN 2 92:01:
17233 ID 0x3BF LEN 2 49:00:
17299 ID 0x2E8 LEN 3 91:02:01:
17346 ID 0x3AF LEN 2 59:00:
17396 ID 0x2E8 LEN 3 91:02:01:
17498 ID 0x2E8 LEN 3 91:02:01:
17519 ID 0x3CF LEN 1 69:
17599 ID 0x2E8 LEN 3 91:02:01:
17697 ID 0x2E8 LEN 3 91:02:01:
17709 ID 0x3FF LEN 2 92:01:
17733 ID 0x3BF LEN 2 49:00:
17798 ID 0x2E8 LEN 3 91:02:01:
17843 ID 0x2D0 LEN 5 12:00:31:31:00:
17847 ID 0x3AF LEN 2 59:00:
17897 ID 0x2E8 LEN 3 91:02:01:
17997 ID 0x2E8 LEN 3 91:02:01:
18023 ID 0x3CF LEN 1 69:
18099 ID 0x2E8 LEN 3 91:02:01:
18197 ID 0x2E8 LEN 3 91:02:01:
18208 ID 0x3FF LEN 2 92:01:
18233 ID 0x3BF LEN 2 49:00:
18298 ID 0x2E8 LEN 3 91:02:01:
18347 ID 0x3AF LEN 2 59:00:
18397 ID 0x2E8 LEN 3 91:02:01:
18498 ID 0x2E8 LEN 3 91:02:01:
18530 ID 0x3CF LEN 1 69:
18598 ID 0x2E8 LEN 3 91:02:01:
18697 ID 0x2E8 LEN 3 91:02:01:
18708 ID 0x3FF LEN 2 92:01:
18734 ID 0x3BF LEN 2 49:00:
18798 ID 0x2E8 LEN 3 91:02:01:
18846 ID 0x3AF LEN 2 59:00:
18875 ID 0x2D0 LEN 5 12:00:31:31:00:
18896 ID 0x2E8 LEN 3 91:02:01:
18998 ID 0x2E8 LEN 3 91:02:01:
19039 ID 0x3CF LEN 1 69:
19098 ID 0x2E8 LEN 3 91:02:01:
19196 ID 0x2E8 LEN 3 91:02:01:
19208 ID 0x3FF LEN 2 92:01:
19233 ID 0x3BF LEN 2 49:00:
19298 ID 0x2E8 LEN 3 91:02:01:
19346 ID 0x3AF LEN 2 59:00:
19396 ID 0x2E8 LEN 3 91:02:01:
19497 ID 0x2E8 LEN 3 91:02:01:
19546 ID 0x3CF LEN 1 69:
19598 ID 0x2E8 LEN 3 91:02:01:
19696 ID 0x2E8 LEN 3 91:02:01:
19707 ID 0x3FF LEN 2 92:01:
19733 ID 0x3BF LEN 2 49:00:
19798 ID 0x2E8 LEN 3 91:02:01:
19847 ID 0x3AF LEN 2 59:00:
19896 ID 0x2E8 LEN 3 91:02:01:
19907 ID 0x2D0 LEN 5 12:00:31:31:00:
19997 ID 0x2E8 LEN 3 91:02:01:
20049 ID 0x3CF LEN 1 69:
20098 ID 0x2E8 LEN 3 91:02:01:
20196 ID 0x2E8 LEN 3 91:02:01:
20207 ID 0x3FF LEN 2 92:01:
20233 ID 0x3BF LEN 2 49:00:
20297 ID 0x2E8 LEN 3 91:02:01:
20346 ID 0x3AF LEN 2 59:00:
20396 ID 0x2E8 LEN 3 91:02:01:
20497 ID 0x2E8 LEN 3 91:02:01:
20557 ID 0x3CF LEN 1 69:
20598 ID 0x2E8 LEN 3 91:02:01:
20697 ID 0x2E8 LEN 3 91:02:01:
20708 ID 0x3FF LEN 2 92:01:
20733 ID 0x3BF LEN 2 49:00:
20798 ID 0x2E8 LEN 3 91:02:01:
20846 ID 0x3AF LEN 2 59:00:
20896 ID 0x2E8 LEN 3 91:02:01:
20939 ID 0x2D0 LEN 5 12:00:31:31:00:
20998 ID 0x2E8 LEN 3 91:02:01:
21061 ID 0x3CF LEN 1 69:
21096 ID 0x2E8 LEN 3 91:02:01:
21196 ID 0x2E8 LEN 3 91:02:01:
21208 ID 0x3FF LEN 2 92:01:
21233 ID 0x3BF LEN 2 49:00:
21298 ID 0x2E8 LEN 3 91:02:01:
21346 ID 0x3AF LEN 2 59:00:
21396 ID 0x2E8 LEN 3 91:02:01:
21497 ID 0x2E8 LEN 3 91:02:01:
21569 ID 0x3CF LEN 1 69:
21596 ID 0x2E8 LEN 3 91:02:01:
21696 ID 0x2E8 LEN 3 91:02:01:
21707 ID 0x3FF LEN 2 92:01:
21733 ID 0x3BF LEN 2 49:00:
21797 ID 0x2E8 LEN 3 91:02:01:
21847 ID 0x3AF LEN 2 59:00:
21896 ID 0x2E8 LEN 3 91:02:01:
21970 ID 0x2D0 LEN 5 12:00:31:31:00:
21997 ID 0x2E8 LEN 3 91:02:01:
22077 ID 0x3CF LEN 1 69:
22095 ID 0x2E8 LEN 3 91:02:01:
22197 ID 0x2E8 LEN 3 91:02:01:
22207 ID 0x3FF LEN 2 92:01:
22233 ID 0x3BF LEN 2 49:00:
22297 ID 0x2E8 LEN 3 91:02:01:
22346 ID 0x3AF LEN 2 59:00:
22395 ID 0x2E8 LEN 3 91:02:01:
22497 ID 0x2E8 LEN 3 91:02:01:
22585 ID 0x3CF LEN 1 69:
22595 ID 0x2E8 LEN 3 91:02:01:
22696 ID 0x2E8 LEN 3 91:02:01:
22708 ID 0x3FF LEN 2 92:01:
22733 ID 0x3BF LEN 2 49:00:
22797 ID 0x2E8 LEN 3 91:02:01:
22846 ID 0x3AF LEN 2 59:00:
22895 ID 0x2E8 LEN 3 91:02:01:
22996 ID 0x2E8 LEN 3 91:02:01:
23008 ID 0x2D0 LEN 5 12:00:31:31:00:
23089 ID 0x3CF LEN 1 69:
23095 ID 0x2E8 LEN 3 91:02:01:
23196 ID 0x2E8 LEN 3 91:02:01:
23207 ID 0x3FF LEN 2 92:01:
23237 ID 0x3BF LEN 2 49:00:
23298 ID 0x2E8 LEN 3 91:02:01:
23346 ID 0x3AF LEN 2 59:00:
23396 ID 0x2E8 LEN 3 91:02:01:
23496 ID 0x2E8 LEN 3 91:02:01:
23597 ID 0x3CF LEN 1 69:
23598 ID 0x2E8 LEN 3 91:02:01:
23696 ID 0x2E8 LEN 3 91:02:01:
23707 ID 0x3FF LEN 2 92:01:
23733 ID 0x3BF LEN 2 49:00:
23797 ID 0x2E8 LEN 3 91:02:01:
23845 ID 0x3AF LEN 2 59:00:
23896 ID 0x2E8 LEN 3 91:02:01:
23996 ID 0x2E8 LEN 3 91:02:01:
24036 ID 0x2D0 LEN 5 12:00:31:31:00:
24097 ID 0x2E8 LEN 3 91:02:01:
24100 ID 0x3CF LEN 1 69:
24196 ID 0x2E8 LEN 3 91:02:01:
24207 ID 0x3FF LEN 2 92:01:
24232 ID 0x3BF LEN 2 49:00:
24297 ID 0x2E8 LEN 3 91:02:01:
24346 ID 0x3AF LEN 2 59:00:
24395 ID 0x2E8 LEN 3 91:02:01:
24497 ID 0x2E8 LEN 3 91:02:01:
24597 ID 0x2E8 LEN 3 91:02:01:
24608 ID 0x3CF LEN 1 69:
24695 ID 0x2E8 LEN 3 91:02:01:
24707 ID 0x3FF LEN 2 92:01:
24732 ID 0x3BF LEN 2 49:00:
24797 ID 0x2E8 LEN 3 91:02:01:
24846 ID 0x3AF LEN 2 59:00:
24895 ID 0x2E8 LEN 3 91:02:01:
24996 ID 0x2E8 LEN 3 91:02:01:
25079 ID 0x2D0 LEN 5 12:00:31:31:00:
25097 ID 0x2E8 LEN 3 91:02:01:
25113 ID 0x3CF LEN 1 69:
25196 ID 0x2E8 LEN 3 91:02:01:
25206 ID 0x3FF LEN 2 92:01:
25233 ID 0x3BF LEN 2 49:00:
25296 ID 0x2E8 LEN 3 91:02:01:
25346 ID 0x3AF LEN 2 59:00:
25395 ID 0x2E8 LEN 3 91:02:01:
25496 ID 0x2E8 LEN 3 91:02:01:
25596 ID 0x2E8 LEN 3 91:02:01:
25620 ID 0x3CF LEN 1 69:
25695 ID 0x2E8 LEN 3 91:02:01:
25706 ID 0x3FF LEN 2 92:01:
25733 ID 0x3BF LEN 2 49:00:
25796 ID 0x2E8 LEN 3 91:02:01:
25845 ID 0x3AF LEN 2 59:00:
25894 ID 0x2E8 LEN 3 91:02:01:
25996 ID 0x2E8 LEN 3 91:02:01:
26097 ID 0x2E8 LEN 3 91:02:01:
26100 ID 0x2D0 LEN 5 12:00:31:31:00:
26124 ID 0x3CF LEN 1 69:
26194 ID 0x2E8 LEN 3 91:02:01:
26206 ID 0x3FF LEN 2 92:01:
26232 ID 0x3BF LEN 2 49:00:
26296 ID 0x2E8 LEN 3 91:02:01:
26346 ID 0x3AF LEN 2 59:00:
26394 ID 0x2E8 LEN 3 91:02:01:
26496 ID 0x2E8 LEN 3 91:02:01:
26597 ID 0x2E8 LEN 3 91:02:01:
26631 ID 0x3CF LEN 1 69:
26695 ID 0x2E8 LEN 3 91:02:01:
26706 ID 0x3FF LEN 2 92:01:
26733 ID 0x3BF LEN 2 49:00:
26797 ID 0x2E8 LEN 3 91:02:01:
26846 ID 0x3AF LEN 2 59:00:
26895 ID 0x2E8 LEN 3 91:02:01:
26996 ID 0x2E8 LEN 3 91:02:01:
27097 ID 0x2E8 LEN 3 91:02:01:
27131 ID 0x2D0 LEN 5 12:00:31:31:00:
27140 ID 0x3CF LEN 1 69:
27195 ID 0x2E8 LEN 3 91:02:01:
27206 ID 0x3FF LEN 2 92:01:
27233 ID 0x3BF LEN 2 49:00:
27296 ID 0x2E8 LEN 3 91:02:01:
27345 ID 0x3AF LEN 2 59:00:
27395 ID 0x2E8 LEN 3 91:02:01:
27496 ID 0x2E8 LEN 3 91:02:01:
27594 ID 0x2E8 LEN 3 91:02:01:
27646 ID 0x3CF LEN 1 69:
27696 ID 0x2E8 LEN 3 91:02:01:
27706 ID 0x3FF LEN 2 92:01:
27732 ID 0x3BF LEN 2 49:00:
27796 ID 0x2E8 LEN 3 91:02:01:
27845 ID 0x3AF LEN 2 59:00:
27894 ID 0x2E8 LEN 3 91:02:01:
27996 ID 0x2E8 LEN 3 91:02:01:
28094 ID 0x2E8 LEN 3 91:02:01:
28158 ID 0x3CF LEN 1 69:
28164 ID 0x2D0 LEN 5 12:00:31:31:00:
28195 ID 0x2E8 LEN 3 91:02:01:
28206 ID 0x3FF LEN 2 92:01:
28232 ID 0x3BF LEN 2 49:00:
28296 ID 0x2E8 LEN 3 91:02:01:
28345 ID 0x3AF LEN 2 59:00:
28394 ID 0x2E8 LEN 3 91:02:01:
28495 ID 0x2E8 LEN 3 91:02:01:
28594 ID 0x2E8 LEN 3 91:02:01:
28667 ID 0x3CF LEN 1 69:
28694 ID 0x2E8 LEN 3 91:02:01:
28705 ID 0x3FF LEN 2 92:01:
28732 ID 0x3BF LEN 2 49:00:
28795 ID 0x2E8 LEN 3 91:02:01:
28846 ID 0x3AF LEN 2 59:00:
28894 ID 0x2E8 LEN 3 91:02:01:
28995 ID 0x2E8 LEN 3 91:02:01:
29095 ID 0x2E8 LEN 3 91:02:01:
29170 ID 0x3CF LEN 1 69:
29195 ID 0x2E8 LEN 3 91:02:01:
29197 ID 0x2D0 LEN 5 12:00:31:31:00:
29205 ID 0x3FF LEN 2 92:01:
29233 ID 0x3BF LEN 2 49:00:
29295 ID 0x2E8 LEN 3 91:02:01:
29345 ID 0x3AF LEN 2 59:00:
29393 ID 0x2E8 LEN 3 91:02:01:
29495 ID 0x2E8 LEN 3 91:02:01:
29596 ID 0x2E8 LEN 3 91:02:01:
29674 ID 0x3CF LEN 1 69:
29694 ID 0x2E8 LEN 3 91:02:01:
29706 ID 0x3FF LEN 2 92:01:
29732 ID 0x3BF LEN 2 49:00:
29796 ID 0x2E8 LEN 3 91:02:01:
29845 ID 0x3AF LEN 2 59:00:
29894 ID 0x2E8 LEN 3 91:02:01:
29996 ID 0x2E8 LEN 3 91:02:01:
30096 ID 0x2E8 LEN 3 91:02:01:
30184 ID 0x3CF LEN 1 69:
30194 ID 0x2E8 LEN 3 91:02:01:
30205 ID 0x3FF LEN 2 92:01:
30227 ID 0x2D0 LEN 5 12:00:31:31:00:
30232 ID 0x3BF LEN 2 49:00:
30296 ID 0x2E8 LEN 3 91:02:01:
30345 ID 0x3AF LEN 2 59:00:
30394 ID 0x2E8 LEN 3 91:02:01:
30495 ID 0x2E8 LEN 3 91:02:01:
30596 ID 0x2E8 LEN 3 91:02:01:
30687 ID 0x3CF LEN 1 69:
30694 ID 0x2E8 LEN 3 91:02:01:
30705 ID 0x3FF LEN 2 92:01:
30732 ID 0x3BF LEN 2 49:00:
30795 ID 0x2E8 LEN 3 91:02:01:
30845 ID 0x3AF LEN 2 59:00:
30894 ID 0x2E8 LEN 3 91:02:01:
30995 ID 0x2E8 LEN 3 91:02:01:
31095 ID 0x2E8 LEN 3 91:02:01:
31190 ID 0x3CF LEN 1 69:
31195 ID 0x2E8 LEN 3 91:02:01:
31206 ID 0x3FF LEN 2 92:01:
31232 ID 0x3BF LEN 2 49:00:
31259 ID 0x2D0 LEN 5 12:00:31:31:00:
31295 ID 0x2E8 LEN 3 91:02:01:
31345 ID 0x3AF LEN 2 59:00:
31393 ID 0x2E8 LEN 3 91:02:01:
31495 ID 0x2E8 LEN 3 91:02:01:
31596 ID 0x2E8 LEN 3 91:02:01:
31694 ID 0x2E8 LEN 3 91:02:01:
31697 ID 0x3CF LEN 1 69:
31706 ID 0x3FF LEN 2 92:01:
31732 ID 0x3BF LEN 2 49:00:
31795 ID 0x2E8 LEN 3 91:02:01:
31845 ID 0x3AF LEN 2 59:00:
31893 ID 0x2E8 LEN 3 91:02:01:
31994 ID 0x2E8 LEN 3 91:02:01:
32096 ID 0x2E8 LEN 3 91:02:01:
32194 ID 0x2E8 LEN 3 91:02:01:
32203 ID 0x3CF LEN 1 69:
32205 ID 0x3FF LEN 2 92:01:
32232 ID 0x3BF LEN 2 49:00:
32291 ID 0x2D0 LEN 5 12:00:31:31:00:
32294 ID 0x2E8 LEN 3 91:02:01:
32345 ID 0x3AF LEN 2 59:00:
32394 ID 0x2E8 LEN 3 91:02:01:
32494 ID 0x2E8 LEN 3 91:02:01:
32595 ID 0x2E8 LEN 3 91:02:01:
32694 ID 0x2E8 LEN 3 91:02:01:
32705 ID 0x3FF LEN 2 92:01:
32714 ID 0x3CF LEN 1 69:
32732 ID 0x3BF LEN 2 49:00:
32795 ID 0x2E8 LEN 3 91:02:01:
32845 ID 0x3AF LEN 2 59:00:
32893 ID 0x2E8 LEN 3 91:02:01:
32995 ID 0x2E8 LEN 3 91:02:01:
33095 ID 0x2E8 LEN 3 91:02:01:
33193 ID 0x2E8 LEN 3 91:02:01:
33205 ID 0x3FF LEN 2 92:01:
33217 ID 0x3CF LEN 1 69:
33231 ID 0x3BF LEN 2 49:00:
33295 ID 0x2E8 LEN 3 91:02:01:
33325 ID 0x2D0 LEN 5 12:00:31:31:00:
33345 ID 0x3AF LEN 2 59:00:
33393 ID 0x2E8 LEN 3 91:02:01:
33495 ID 0x2E8 LEN 3 91:02:01:
33595 ID 0x2E8 LEN 3 91:02:01:
33694 ID 0x2E8 LEN 3 91:02:01:
33704 ID 0x3FF LEN 2 92:01:
33721 ID 0x3CF LEN 1 69:
33732 ID 0x3BF LEN 2 49:00:
33795 ID 0x2E8 LEN 3 91:02:01:
33845 ID 0x3AF LEN 2 59:00:
33893 ID 0x2E8 LEN 3 91:02:01:
33994 ID 0x2E8 LEN 3 91:02:01:
34096 ID 0x2E8 LEN 3 91:02:01:
34194 ID 0x2E8 LEN 3 91:02:01:
34205 ID 0x3FF LEN 2 92:01:
34229 ID 0x3CF LEN 1 69:
34232 ID 0x3BF LEN 2 49:00:
34294 ID 0x2E8 LEN 3 91:02:01:
34344 ID 0x3AF LEN 2 59:00:
34358 ID 0x2D0 LEN 5 12:00:31:31:00:
34393 ID 0x2E8 LEN 3 91:02:01:
34494 ID 0x2E8 LEN 3 91:02:01:
34595 ID 0x2E8 LEN 3 91:02:01:
34694 ID 0x2E8 LEN 3 91:02:01:
34705 ID 0x3FF LEN 2 92:01:
34732 ID 0x3BF LEN 2 49:00:
34733 ID 0x3CF LEN 1 69:
34794 ID 0x2E8 LEN 3 91:02:01:
34844 ID 0x3AF LEN 2 59:00:
34892 ID 0x2E8 LEN 3 91:02:01:
34994 ID 0x2E8 LEN 3 91:02:01:
35095 ID 0x2E8 LEN 3 91:02:01:
35193 ID 0x2E8 LEN 3 91:02:01:
35205 ID 0x3FF LEN 2 92:01:
35231 ID 0x3BF LEN 2 49:00:
35235 ID 0x3CF LEN 1 69:
35295 ID 0x2E8 LEN 3 91:02:01:
35345 ID 0x3AF LEN 2 59:00:
35388 ID 0x2D0 LEN 5 12:00:31:31:00:
35393 ID 0x2E8 LEN 3 91:02:01:
35493 ID 0x2E8 LEN 3 91:02:01:
35595 ID 0x2E8 LEN 3 91:02:01:
35693 ID 0x2E8 LEN 3 91:02:01:
35704 ID 0x3FF LEN 2 92:01:
35732 ID 0x3BF LEN 2 49:00:
35739 ID 0x3CF LEN 1 69:
35794 ID 0x2E8 LEN 3 91:02:01:
35845 ID 0x3AF LEN 2 59:00:
35893 ID 0x2E8 LEN 3 91:02:01:
35994 ID 0x2E8 LEN 3 91:02:01:
36094 ID 0x2E8 LEN 3 91:02:01:
36193 ID 0x2E8 LEN 3 91:02:01:
36204 ID 0x3FF LEN 2 92:01:
36232 ID 0x3BF LEN 2 49:00:
36243 ID 0x3CF LEN 1 69:
36294 ID 0x2E8 LEN 3 91:02:01:
36344 ID 0x3AF LEN 2 59:00:
36392 ID 0x2E8 LEN 3 91:02:01:
36419 ID 0x2D0 LEN 5 12:00:31:31:00:
36494 ID 0x2E8 LEN 3 91:02:01:
36594 ID 0x2E8 LEN 3 91:02:01:
36694 ID 0x2E8 LEN 3 91:02:01:
36704 ID 0x3FF LEN 2 92:01:
36731 ID 0x3BF LEN 2 49:00:
36751 ID 0x3CF LEN 1 69:
36794 ID 0x2E8 LEN 3 91:02:01:
36844 ID 0x3AF LEN 2 59:00:
36892 ID 0x2E8 LEN 3 91:02:01:
36994 ID 0x2E8 LEN 3 91:02:01:
37095 ID 0x2E8 LEN 3 91:02:01:
37193 ID 0x2E8 LEN 3 91:02:01:
37204 ID 0x3FF LEN 2 92:01:
37232 ID 0x3BF LEN 2 49:00:
37255 ID 0x3CF LEN 1 69:
37294 ID 0x2E8 LEN 3 91:02:01:
37345 ID 0x3AF LEN 2 59:00:
37392 ID 0x2E8 LEN 3 91:02:01:
37451 ID 0x2D0 LEN 5 12:00:31:31:00:
37493 ID 0x2E8 LEN 3 91:02:01:
37595 ID 0x2E8 LEN 3 91:02:01:
37693 ID 0x2E8 LEN 3 91:02:01:
37704 ID 0x3FF LEN 2 92:01:
37731 ID 0x3BF LEN 2 49:00:
37758 ID 0x3CF LEN 1 69:
37793 ID 0x2E8 LEN 3 91:02:01:
37844 ID 0x3AF LEN 2 59:00:
37893 ID 0x2E8 LEN 3 91:02:01:
37993 ID 0x2E8 LEN 3 91:02:01:
38094 ID 0x2E8 LEN 3 91:02:01:
38193 ID 0x2E8 LEN 3 91:02:01:
38204 ID 0x3FF LEN 2 92:01:
38232 ID 0x3BF LEN 2 49:00:
38266 ID 0x3CF LEN 1 69:
38294 ID 0x2E8 LEN 3 91:02:01:
38344 ID 0x3AF LEN 2 59:00:
38392 ID 0x2E8 LEN 3 91:02:01:
38484 ID 0x2D0 LEN 5 12:00:31:31:00:
38494 ID 0x2E8 LEN 3 91:02:01:
38594 ID 0x2E8 LEN 3 91:02:01:
38692 ID 0x2E8 LEN 3 91:02:01:
38704 ID 0x3FF LEN 2 92:01:
38731 ID 0x3BF LEN 2 49:00:
38774 ID 0x3CF LEN 1 69:
38794 ID 0x2E8 LEN 3 91:02:01:
38844 ID 0x3AF LEN 2 59:00:
38892 ID 0x2E8 LEN 3 91:02:01:
38993 ID 0x2E8 LEN 3 91:02:01:
39094 ID 0x2E8 LEN 3 91:02:01:
39192 ID 0x2E8 LEN 3 91:02:01:
39203 ID 0x3FF LEN 2 92:01:
39231 ID 0x3BF LEN 2 49:00:
39278 ID 0x3CF LEN 1 69:
39293 ID 0x2E8 LEN 3 91:02:01:
39345 ID 0x3AF LEN 2 59:00:
39392 ID 0x2E8 LEN 3 91:02:01:
39493 ID 0x2E8 LEN 3 91:02:01:
39516 ID 0x2D0 LEN 5 12:00:31:31:00:
39595 ID 0x2E8 LEN 3 91:02:01:
39693 ID 0x2E8 LEN 3 91:02:01:
39704 ID 0x3FF LEN 2 92:01:
39731 ID 0x3BF LEN 2 49:00:
39786 ID 0x3CF LEN 1 69:
39793 ID 0x2E8 LEN 3 91:02:01:
39844 ID 0x3AF LEN 2 59:00:
39891 ID 0x2E8 LEN 3 91:02:01:
39993 ID 0x2E8 LEN 3 91:02:01:
40093 ID 0x2E8 LEN 3 91:02:01:
40192 ID 0x2E8 LEN 3 91:02:01:
40203 ID 0x3FF LEN 2 92:01:
40231 ID 0x3BF LEN 2 49:00:
40293 ID 0x2E8 LEN 3 91:02:01:
40294 ID 0x3CF LEN 1 69:
40344 ID 0x3AF LEN 2 59:00:
40391 ID 0x2E8 LEN 3 91:02:01:
40493 ID 0x2E8 LEN 3 91:02:01:
40548 ID 0x2D0 LEN 5 12:00:31:31:00:
40594 ID 0x2E8 LEN 3 91:02:01:
40692 ID 0x2E8 LEN 3 91:02:01:
40702 ID 0x3FF LEN 2 92:01:
40731 ID 0x3BF LEN 2 49:00:
40793 ID 0x2E8 LEN 3 91:02:01:
40802 ID 0x3CF LEN 1 69:
40844 ID 0x3AF LEN 2 59:00:
40892 ID 0x2E8 LEN 3 91:02:01:
40992 ID 0x2E8 LEN 3 91:02:01:
41094 ID 0x2E8 LEN 3 91:02:01:
41192 ID 0x2E8 LEN 3 91:02:01:
41203 ID 0x3FF LEN 2 92:01:
41231 ID 0x3BF LEN 2 49:00:
41292 ID 0x2E8 LEN 3 91:02:01:
41306 ID 0x3CF LEN 1 69:
41344 ID 0x3AF LEN 2 59:00:
41392 ID 0x2E8 LEN 3 91:02:01:
41492 ID 0x2E8 LEN 3 91:02:01:
41580 ID 0x2D0 LEN 5 12:00:31:31:00:
41593 ID 0x2E8 LEN 3 91:02:01:
41692 ID 0x2E8 LEN 3 91:02:01:
41703 ID 0x3FF LEN 2 92:01:
41731 ID 0x3BF LEN 2 49:00:
41793 ID 0x2E8 LEN 3 91:02:01:
41814 ID 0x3CF LEN 1 69:
41844 ID 0x3AF LEN 2 59:00:
41891 ID 0x2E8 LEN 3 91:02:01:
41993 ID 0x2E8 LEN 3 91:02:01:
42093 ID 0x2E8 LEN 3 91:02:01:
42191 ID 0x2E8 LEN 3 91:02:01:
42203 ID 0x3FF LEN 2 92:01:
42231 ID 0x3BF LEN 2 49:00:
42293 ID 0x2E8 LEN 3 91:02:01:
42316 ID 0x3CF LEN 1 69:
42344 ID 0x3AF LEN 2 59:00:
42391 ID 0x2E8 LEN 3 91:02:01:
42492 ID 0x2E8 LEN 3 91:02:01:
42591 ID 0x2E8 LEN 3 91:02:01:
42612 ID 0x2D0 LEN 5 12:00:31:31:00:
42692 ID 0x2E8 LEN 3 91:02:01:
42703 ID 0x3FF LEN 2 92:01:
42731 ID 0x3BF LEN 2 49:00:
42793 ID 0x2E8 LEN 3 91:02:01:
42825 ID 0x3CF LEN 1 69:
42844 ID 0x3AF LEN 2 59:00:
42892 ID 0x2E8 LEN 3 91:02:01:
42992 ID 0x2E8 LEN 3 91:02:01:
43090 ID 0x2E8 LEN 3 91:02:01:
43192 ID 0x2E8 LEN 3 91:02:01:
43203 ID 0x3FF LEN 2 92:01:
43231 ID 0x3BF LEN 2 49:00:
43293 ID 0x2E8 LEN 3 91:02:01:
43333 ID 0x3CF LEN 1 69:
43343 ID 0x3AF LEN 2 59:00:
43392 ID 0x2E8 LEN 3 91:02:01:
43493 ID 0x2E8 LEN 3 91:02:01:
43591 ID 0x2E8 LEN 3 91:02:01:
43645 ID 0x2D0 LEN 5 12:00:31:31:00:
43692 ID 0x2E8 LEN 3 91:02:01:
43703 ID 0x3FF LEN 2 92:01:
43730 ID 0x3BF LEN 2 49:00:
43793 ID 0x2E8 LEN 3 91:02:01:
43837 ID 0x3CF LEN 1 69:
43844 ID 0x3AF LEN 2 59:00:
43891 ID 0x2E8 LEN 3 91:02:01:
43993 ID 0x2E8 LEN 3 91:02:01:
44093 ID 0x2E8 LEN 3 91:02:01:
44191 ID 0x2E8 LEN 3 91:02:01:
44203 ID 0x3FF LEN 2 92:01:
44231 ID 0x3BF LEN 2 49:00:
44293 ID 0x2E8 LEN 3 91:02:01:
44344 ID 0x3AF LEN 2 59:00:
44345 ID 0x3CF LEN 1 69:
44391 ID 0x2E8 LEN 3 91:02:01:
44492 ID 0x2E8 LEN 3 91:02:01:
44593 ID 0x2E8 LEN 3 91:02:01:
44676 ID 0x2D0 LEN 5 12:00:31:31:00:
44691 ID 0x2E8 LEN 3 91:02:01:
44702 ID 0x3FF LEN 2 92:01:
44731 ID 0x3BF LEN 2 49:00:
44792 ID 0x2E8 LEN 3 91:02:01:
44844 ID 0x3AF LEN 2 59:00:
44848 ID 0x3CF LEN 1 69:
44891 ID 0x2E8 LEN 3 91:02:01:
44992 ID 0x2E8 LEN 3 91:02:01:
45092 ID 0x2E8 LEN 3 91:02:01:
45191 ID 0x2E8 LEN 3 91:02:01:
45202 ID 0x3FF LEN 2 92:01:
45231 ID 0x3BF LEN 2 49:00:
45292 ID 0x2E8 LEN 3 91:02:01:
45343 ID 0x3AF LEN 2 59:00:
45351 ID 0x3CF LEN 1 69:
45390 ID 0x2E8 LEN 3 91:02:01:
45492 ID 0x2E8 LEN 3 91:02:01:
45593 ID 0x2E8 LEN 3 91:02:01:
45691 ID 0x2E8 LEN 3 91:02:01:
45703 ID 0x3FF LEN 2 92:01:
45708 ID 0x2D0 LEN 5 12:00:31:31:00:
45730 ID 0x3BF LEN 2 49:00:
45793 ID 0x2E8 LEN 3 91:02:01:
45844 ID 0x3AF LEN 2 59:00:
45855 ID 0x3CF LEN 1 69:
45891 ID 0x2E8 LEN 3 91:02:01:
45992 ID 0x2E8 LEN 3 91:02:01:
46091 ID 0x2E8 LEN 3 91:02:01:
46191 ID 0x2E8 LEN 3 91:02:01:
46202 ID 0x3FF LEN 2 92:01:
46230 ID 0x3BF LEN 2 49:00:
46292 ID 0x2E8 LEN 3 91:02:01:
46344 ID 0x3AF LEN 2 59:00:
46363 ID 0x3CF LEN 1 69:
46391 ID 0x2E8 LEN 3 91:02:01:
46492 ID 0x2E8 LEN 3 91:02:01:
46593 ID 0x2E8 LEN 3 91:02:01:
46691 ID 0x2E8 LEN 3 91:02:01:
46702 ID 0x3FF LEN 2 92:01:
46731 ID 0x3BF LEN 2 49:00:
46740 ID 0x2D0 LEN 5 12:00:31:31:00:
46792 ID 0x2E8 LEN 3 91:02:01:
46843 ID 0x3AF LEN 2 59:00:
46867 ID 0x3CF LEN 1 69:
46891 ID 0x2E8 LEN 3 91:02:01:
46992 ID 0x2E8 LEN 3 91:02:01:
47092 ID 0x2E8 LEN 3 91:02:01:
47191 ID 0x2E8 LEN 3 91:02:01:
47202 ID 0x3FF LEN 2 92:01:
47230 ID 0x3BF LEN 2 49:00:
47292 ID 0x2E8 LEN 3 91:02:01:
47343 ID 0x3AF LEN 2 59:00:
47375 ID 0x3CF LEN 1 69:
47390 ID 0x2E8 LEN 3 91:02:01:
47492 ID 0x2E8 LEN 3 91:02:01:
47593 ID 0x2E8 LEN 3 91:02:01:
47691 ID 0x2E8 LEN 3 91:02:01:
47702 ID 0x3FF LEN 2 92:01:
47730 ID 0x3BF LEN 2 49:00:
47772 ID 0x2D0 LEN 5 12:00:31:31:00:
47792 ID 0x2E8 LEN 3 91:02:01:
47843 ID 0x3AF LEN 2 59:00:
47883 ID 0x3CF LEN 1 69:
47891 ID 0x2E8 LEN 3 91:02:01:
47991 ID 0x2E8 LEN 3 91:02:01:
48093 ID 0x2E8 LEN 3 91:02:01:
48191 ID 0x2E8 LEN 3 91:02:01:
48202 ID 0x3FF LEN 2 92:01:
48230 ID 0x3BF LEN 2 49:00:
48291 ID 0x2E8 LEN 3 91:02:01:
48344 ID 0x3AF LEN 2 59:00:
48387 ID 0x3CF LEN 1 69:
48390 ID 0x2E8 LEN 3 91:02:01:
48491 ID 0x2E8 LEN 3 91:02:01:
48592 ID 0x2E8 LEN 3 91:02:01:
48690 ID 0x2E8 LEN 3 91:02:01:
48701 ID 0x3FF LEN 2 92:01:
48731 ID 0x3BF LEN 2 49:00:
48791 ID 0x2E8 LEN 3 91:02:01:
48804 ID 0x2D0 LEN 5 12:00:31:31:00:
48843 ID 0x3AF LEN 2 59:00:
48889 ID 0x2E8 LEN 3 91:02:01:
48891 ID 0x3CF LEN 1 69:
48991 ID 0x2E8 LEN 3 91:02:01:
49092 ID 0x2E8 LEN 3 91:02:01:
49190 ID 0x2E8 LEN 3 91:02:01:
49202 ID 0x3FF LEN 2 92:01:
49230 ID 0x3BF LEN 2 49:00:
49291 ID 0x2E8 LEN 3 91:02:01:
49343 ID 0x3AF LEN 2 59:00:
49390 ID 0x2E8 LEN 3 91:02:01:
49399 ID 0x3CF LEN 1 69:
49490 ID 0x2E8 LEN 3 91:02:01:
49592 ID 0x2E8 LEN 3 91:02:01:
49690 ID 0x2E8 LEN 3 91:02:01:
49701 ID 0x3FF LEN 2 92:01:
49730 ID 0x3BF LEN 2 49:00:
49792 ID 0x2E8 LEN 3 91:02:01:
49837 ID 0x2D0 LEN 5 12:00:31:31:00:
49846 ID 0x3AF LEN 2 59:00:
49890 ID 0x2E8 LEN 3 91:02:01:
49906 ID 0x3CF LEN 1 69:
49990 ID 0x2E8 LEN 3 91:02:01:
50092 ID 0x2E8 LEN 3 91:02:01:
50190 ID 0x2E8 LEN 3 91:02:01:
50201 ID 0x3FF LEN 2 92:01:
50230 ID 0x3BF LEN 2 49:00:
50291 ID 0x2E8 LEN 3 91:02:01:
50343 ID 0x3AF LEN 2 59:00:
50390 ID 0x2E8 LEN 3 91:02:01:
50418 ID 0x3CF LEN 1 69:
50491 ID 0x2E8 LEN 3 91:02:01:
50591 ID 0x2E8 LEN 3 91:02:01:
50690 ID 0x2E8 LEN 3 91:02:01:
50701 ID 0x3FF LEN 2 92:01:
50731 ID 0x3BF LEN 2 49:00:
50791 ID 0x2E8 LEN 3 91:02:01:
50843 ID 0x3AF LEN 2 59:00:
50868 ID 0x2D0 LEN 5 12:00:31:31:00:
50889 ID 0x2E8 LEN 3 91:02:01:
50924 ID 0x3CF LEN 1 69:
50991 ID 0x2E8 LEN 3 91:02:01:
51089 ID 0x2E8 LEN 3 91:02:01:
51190 ID 0x2E8 LEN 3 91:02:01:
51202 ID 0x3FF LEN 2 92:01:
51230 ID 0x3BF LEN 2 49:00:
51292 ID 0x2E8 LEN 3 91:02:01:
51343 ID 0x3AF LEN 2 59:00:
51390 ID 0x2E8 LEN 3 91:02:01:
51429 ID 0x3CF LEN 1 69:
51491 ID 0x2E8 LEN 3 91:02:01:
51590 ID 0x2E8 LEN 3 91:02:01:
51690 ID 0x2E8 LEN 3 91:02:01:
51701 ID 0x3FF LEN 2 92:01:
51730 ID 0x3BF LEN 2 49:00:
51791 ID 0x2E8 LEN 3 91:02:01:
51843 ID 0x3AF LEN 2 59:00:
51890 ID 0x2E8 LEN 3 91:02:01:
51900 ID 0x2D0 LEN 5 12:00:31:31:00:
51933 ID 0x3CF LEN 1 69:
51990 ID 0x2E8 LEN 3 91:02:01:
52091 ID 0x2E8 LEN 3 91:02:01:
52190 ID 0x2E8 LEN 3 91:02:01:
52201 ID 0x3FF LEN 2 92:01:
52231 ID 0x3BF LEN 2 49:00:
52291 ID 0x2E8 LEN 3 91:02:01:
52343 ID 0x3AF LEN 2 59:00:
52389 ID 0x2E8 LEN 3 91:02:01:
52436 ID 0x3CF LEN 1 69:
52491 ID 0x2E8 LEN 3 91:02:01:
52591 ID 0x2E8 LEN 3 91:02:01:
52689 ID 0x2E8 LEN 3 91:02:01:
52701 ID 0x3FF LEN 2 92:01:
52729 ID 0x3BF LEN 2 49:00:
52791 ID 0x2E8 LEN 3 91:02:01:
52843 ID 0x3AF LEN 2 59:00:
52889 ID 0x2E8 LEN 3 91:02:01:
52932 ID 0x2D0 LEN 5 12:00:31:31:00:
52944 ID 0x3CF LEN 1 69:
52990 ID 0x2E8 LEN 3 91:02:01:
53091 ID 0x2E8 LEN 3 91:02:01:
53189 ID 0x2E8 LEN 3 91:02:01:
53200 ID 0x3FF LEN 2 92:01:
53230 ID 0x3BF LEN 2 49:00:
53291 ID 0x2E8 LEN 3 91:02:01:
53343 ID 0x3AF LEN 2 59:00:
53389 ID 0x2E8 LEN 3 91:02:01:
53448 ID 0x3CF LEN 1 69:
53490 ID 0x2E8 LEN 3 91:02:01:
53592 ID 0x2E8 LEN 3 91:02:01:
53690 ID 0x2E8 LEN 3 91:02:01:
53701 ID 0x3FF LEN 2 92:01:
53730 ID 0x3BF LEN 2 49:00:
53790 ID 0x2E8 LEN 3 91:02:01:
53842 ID 0x3AF LEN 2 59:00:
53890 ID 0x2E8 LEN 3 91:02:01:
53952 ID 0x3CF LEN 1 69:
53964 ID 0x2D0 LEN 5 12:00:31:31:00:
53990 ID 0x2E8 LEN 3 91:02:01:
54091 ID 0x2E8 LEN 3 91:02:01:
54190 ID 0x2E8 LEN 3 91:02:01:
54201 ID 0x3FF LEN 2 92:01:
54230 ID 0x3BF LEN 2 49:00:
54291 ID 0x2E8 LEN 3 91:02:01:
54342 ID 0x3AF LEN 2 59:00:
54389 ID 0x2E8 LEN 3 91:02:01:
54460 ID 0x3CF LEN 1 69:
54490 ID 0x2E8 LEN 3 91:02:01:
54591 ID 0x2E8 LEN 3 91:02:01:
54689 ID 0x2E8 LEN 3 91:02:01:
54701 ID 0x3FF LEN 2 92:01:
54729 ID 0x3BF LEN 2 49:00:
54791 ID 0x2E8 LEN 3 91:02:01:
54843 ID 0x3AF LEN 2 59:00:
54889 ID 0x2E8 LEN 3 91:02:01:
54968 ID 0x3CF LEN 1 69:
54990 ID 0x2E8 LEN 3 91:02:01:
54996 ID 0x2D0 LEN 5 12:00:31:31:00:
55091 ID 0x2E8 LEN 3 91:02:01:
55189 ID 0x2E8 LEN 3 91:02:01:
55200 ID 0x3FF LEN 2 92:01:
55230 ID 0x3BF LEN 2 49:00:
55290 ID 0x2E8 LEN 3 91:02:01:
55343 ID 0x3AF LEN 2 59:00:
55389 ID 0x2E8 LEN 3 91:02:01:
55472 ID 0x3CF LEN 1 69:
55490 ID 0x2E8 LEN 3 91:02:01:
55590 ID 0x2E8 LEN 3 91:02:01:
55689 ID 0x2E8 LEN 3 91:02:01:
55700 ID 0x3FF LEN 2 92:01:
55730 ID 0x3BF LEN 2 49:00:
55790 ID 0x2E8 LEN 3 91:02:01:
55842 ID 0x3AF LEN 2 59:00:
55888 ID 0x2E8 LEN 3 91:02:01:
55980 ID 0x3CF LEN 1 69:
55990 ID 0x2E8 LEN 3 91:02:01:
56029 ID 0x2D0 LEN 5 12:00:31:31:00:
56090 ID 0x2E8 LEN 3 91:02:01:
56188 ID 0x2E8 LEN 3 91:02:01:
56200 ID 0x3FF LEN 2 92:01:
56229 ID 0x3BF LEN 2 49:00:
56290 ID 0x2E8 LEN 3 91:02:01:
56343 ID 0x3AF LEN 2 59:00:
56388 ID 0x2E8 LEN 3 91:02:01:
56487 ID 0x3CF LEN 1 69:
56489 ID 0x2E8 LEN 3 91:02:01:
56591 ID 0x2E8 LEN 3 91:02:01:
56689 ID 0x2E8 LEN 3 91:02:01:
56700 ID 0x3FF LEN 2 92:01:
56729 ID 0x3BF LEN 2 49:00:
56791 ID 0x2E8 LEN 3 91:02:01:
56843 ID 0x3AF LEN 2 59:00:
56889 ID 0x2E8 LEN 3 91:02:01:
56989 ID 0x2E8 LEN 3 91:02:01:
56995 ID 0x3CF LEN 1 69:
57061 ID 0x2D0 LEN 5 12:00:31:31:00:
57091 ID 0x2E8 LEN 3 91:02:01:
57189 ID 0x2E8 LEN 3 91:02:01:
57200 ID 0x3FF LEN 2 92:01:
57229 ID 0x3BF LEN 2 49:00:
57290 ID 0x2E8 LEN 3 91:02:01:
57342 ID 0x3AF LEN 2 59:00:
57389 ID 0x2E8 LEN 3 91:02:01:
57490 ID 0x2E8 LEN 3 91:02:01:
57499 ID 0x3CF LEN 1 69:
57588 ID 0x2E8 LEN 3 91:02:01:
57689 ID 0x2E8 LEN 3 91:02:01:
57700 ID 0x3FF LEN 2 92:01:
57730 ID 0x3BF LEN 2 49:00:
57790 ID 0x2E8 LEN 3 91:02:01:
57842 ID 0x3AF LEN 2 59:00:
57888 ID 0x2E8 LEN 3 91:02:01:
57990 ID 0x2E8 LEN 3 91:02:01:
58007 ID 0x3CF LEN 1 69:
58088 ID 0x2E8 LEN 3 91:02:01:
58093 ID 0x2D0 LEN 5 12:00:31:31:00:
58189 ID 0x2E8 LEN 3 91:02:01:
58198 ID 0x3FF LEN 2 92:01:
58229 ID 0x3BF LEN 2 49:00:
58290 ID 0x2E8 LEN 3 91:02:01:
58344 ID 0x3AF LEN 2 59:00:
58389 ID 0x2E8 LEN 3 91:02:01:
58489 ID 0x2E8 LEN 3 91:02:01:
58515 ID 0x3CF LEN 1 69:
58588 ID 0x2E8 LEN 3 91:02:01:
58688 ID 0x2E8 LEN 3 91:02:01:
58699 ID 0x3FF LEN 2 92:01:
58729 ID 0x3BF LEN 2 49:00:
58789 ID 0x2E8 LEN 3 91:02:01:
58843 ID 0x3AF LEN 2 59:00:
58888 ID 0x2E8 LEN 3 91:02:01:
58989 ID 0x2E8 LEN 3 91:02:01:
59022 ID 0x3CF LEN 1 69:
59089 ID 0x2E8 LEN 3 91:02:01:
59124 ID 0x2D0 LEN 5 12:00:31:31:00:
59188 ID 0x2E8 LEN 3 91:02:01:
59199 ID 0x3FF LEN 2 92:01:
59229 ID 0x3BF LEN 2 49:00:
59289 ID 0x2E8 LEN 3 91:02:01:
59342 ID 0x3AF LEN 2 59:00:
59387 ID 0x2E8 LEN 3 91:02:01:
59489 ID 0x2E8 LEN 3 91:02:01:
59526 ID 0x3CF LEN 1 69:
59590 ID 0x2E8 LEN 3 91:02:01:
59688 ID 0x2E8 LEN 3 91:02:01:
59700 ID 0x3FF LEN 2 92:01:
59729 ID 0x3BF LEN 2 49:00:
59789 ID 0x2E8 LEN 3 91:02:01:
59842 ID 0x3AF LEN 2 59:00:
59887 ID 0x2E8 LEN 3 91:02:01:
59988 ID 0x2E8 LEN 3 91:02:01:
60034 ID 0x3CF LEN 1 69:
60090 ID 0x2E8 LEN 3 91:02:01:
60156 ID 0x2D0 LEN 5 12:00:31:31:00:
60188 ID 0x2E8 LEN 3 91:02:01:
60199 ID 0x3FF LEN 2 92:01:
60229 ID 0x3BF LEN 2 49:00:
60289 ID 0x2E8 LEN 3 91:02:01:
60342 ID 0x3AF LEN 2 59:00:
60388 ID 0x2E8 LEN 3 91:02:01:
60488 ID 0x2E8 LEN 3 91:02:01:
60542 ID 0x3CF LEN 1 69:
60590 ID 0x2E8 LEN 3 91:02:01:
60688 ID 0x2E8 LEN 3 91:02:01:
60699 ID 0x3FF LEN 2 92:01:
60729 ID 0x3BF LEN 2 49:00:
60789 ID 0x2E8 LEN 3 91:02:01:
60841 ID 0x3AF LEN 2 59:00:
60888 ID 0x2E8 LEN 3 91:02:01:
60989 ID 0x2E8 LEN 3 91:02:01:
61045 ID 0x3CF LEN 1 69:
61089 ID 0x2E8 LEN 3 91:02:01:
61188 ID 0x2E8 LEN 3 91:02:01:
61190 ID 0x2D0 LEN 5 12:00:31:31:00:
61199 ID 0x3FF LEN 2 92:01:
61230 ID 0x3BF LEN 2 49:00:
61289 ID 0x2E8 LEN 3 91:02:01:
61342 ID 0x3AF LEN 2 59:00:
61387 ID 0x2E8 LEN 3 91:02:01:
61489 ID 0x2E8 LEN 3 91:02:01:
61549 ID 0x3CF LEN 1 69:
61589 ID 0x2E8 LEN 3 91:02:01:
61687 ID 0x2E8 LEN 3 91:02:01:
61699 ID 0x3FF LEN 2 92:01:
61729 ID 0x3BF LEN 2 49:00:
61789 ID 0x2E8 LEN 3 91:02:01:
61842 ID 0x3AF LEN 2 59:00:
61887 ID 0x2E8 LEN 3 91:02:01:
61988 ID 0x2E8 LEN 3 91:02:01:
62057 ID 0x3CF LEN 1 69:
62089 ID 0x2E8 LEN 3 91:02:01:
62187 ID 0x2E8 LEN 3 91:02:01:
62198 ID 0x3FF LEN 2 92:01:
62221 ID 0x2D0 LEN 5 12:00:31:31:00:
62230 ID 0x3BF LEN 2 49:00:
62288 ID 0x2E8 LEN 3 91:02:01:
62342 ID 0x3AF LEN 2 59:00:
62387 ID 0x2E8 LEN 3 91:02:01:
62488 ID 0x2E8 LEN 3 91:02:01:
62565 ID 0x3CF LEN 1 69:
62589 ID 0x2E8 LEN 3 91:02:01:
62687 ID 0x2E8 LEN 3 91:02:01:
62698 ID 0x3FF LEN 2 92:01:
62729 ID 0x3BF LEN 2 49:00:
62788 ID 0x2E8 LEN 3 91:02:01:
62841 ID 0x3AF LEN 2 59:00:
62886 ID 0x2E8 LEN 3 91:02:01:
62988 ID 0x2E8 LEN 3 91:02:01:
63074 ID 0x3CF LEN 1 69:
63089 ID 0x2E8 LEN 3 91:02:01:
63186 ID 0x2E8 LEN 3 91:02:01:
63198 ID 0x3FF LEN 2 92:01:
63228 ID 0x3BF LEN 2 49:00:
63262 ID 0x2D0 LEN 5 12:00:31:31:00:
63288 ID 0x2E8 LEN 3 91:02:01:
63342 ID 0x3AF LEN 2 59:00:
63389 ID 0x2E8 LEN 3 91:02:01:
63488 ID 0x2E8 LEN 3 91:02:01:
63581 ID 0x3CF LEN 1 69:
63589 ID 0x2E8 LEN 3 91:02:01:
63687 ID 0x2E8 LEN 3 91:02:01:
63698 ID 0x3FF LEN 2 92:01:
63728 ID 0x3BF LEN 2 49:00:
63789 ID 0x2E8 LEN 3 91:02:01:
63842 ID 0x3AF LEN 2 59:00:
63887 ID 0x2E8 LEN 3 91:02:01:
63987 ID 0x2E8 LEN 3 91:02:01:
64089 ID 0x3CF LEN 1 69:
64187 ID 0x2E8 LEN 3 91:02:01:
64198 ID 0x3FF LEN 2 92:01:
64229 ID 0x3BF LEN 2 49:00:
64265 ID 0x3EF LEN 3 A6:14:2C:
64285 ID 0x2D0 LEN 5 12:00:31:31:00:
64288 ID 0x2E8 LEN 3 91:02:01:
64342 ID 0x3AF LEN 2 59:00:
64387 ID 0x2E8 LEN 3 91:02:01:
64488 ID 0x2E8 LEN 3 91:02:01:
64588 ID 0x2E8 LEN 3 91:02:01:
64592 ID 0x3CF LEN 1 69:
64687 ID 0x2E8 LEN 3 91:02:01:
64698 ID 0x3FF LEN 2 92:01:
64729 ID 0x3BF LEN 2 49:00:
64788 ID 0x2E8 LEN 3 91:02:01:
64841 ID 0x3AF LEN 2 59:00:
64886 ID 0x2E8 LEN 3 91:02:01:
64988 ID 0x2E8 LEN 3 91:02:01:
65088 ID 0x2E8 LEN 3 91:02:01:
65100 ID 0x3CF LEN 1 69:
65186 ID 0x2E8 LEN 3 91:02:01:
65198 ID 0x3FF LEN 2 92:01:
65228 ID 0x3BF LEN 2 49:00:
65288 ID 0x2E8 LEN 3 91:02:01:
65316 ID 0x2D0 LEN 5 12:00:31:31:00:
65342 ID 0x3AF LEN 2 59:00:
65386 ID 0x2E8 LEN 3 91:02:01:
65487 ID 0x2E8 LEN 3 91:02:01:
65589 ID 0x2E8 LEN 3 91:02:01:
65604 ID 0x3CF LEN 1 69:
65687 ID 0x2E8 LEN 3 91:02:01:
65697 ID 0x3FF LEN 2 92:01:
65728 ID 0x3BF LEN 2 49:00:
65787 ID 0x2E8 LEN 3 91:02:01:
65842 ID 0x3AF LEN 2 59:00:
65886 ID 0x2E8 LEN 3 91:02:01:
65987 ID 0x2E8 LEN 3 91:02:01:
66088 ID 0x2E8 LEN 3 91:02:01:
66112 ID 0x3CF LEN 1 69:
66187 ID 0x2E8 LEN 3 91:02:01:
66197 ID 0x3FF LEN 2 92:01:
66229 ID 0x3BF LEN 2 49:00:
66287 ID 0x2E8 LEN 3 91:02:01:
66341 ID 0x3AF LEN 2 59:00:
66349 ID 0x2D0 LEN 5 12:00:31:31:00:
66388 ID 0x2E8 LEN 3 91:02:01:
66487 ID 0x2E8 LEN 3 91:02:01:
66588 ID 0x2E8 LEN 3 91:02:01:
66616 ID 0x3CF LEN 1 69:
66686 ID 0x2E8 LEN 3 91:02:01:
66698 ID 0x3FF LEN 2 92:01:
66728 ID 0x3BF LEN 2 49:00:
66788 ID 0x2E8 LEN 3 91:02:01:
66842 ID 0x3AF LEN 2 59:00:
66886 ID 0x2E8 LEN 3 91:02:01:
66988 ID 0x2E8 LEN 3 91:02:01:
67088 ID 0x2E8 LEN 3 91:02:01:
67123 ID 0x3CF LEN 1 69:
67186 ID 0x2E8 LEN 3 91:02:01:
67197 ID 0x3FF LEN 2 92:01:
67228 ID 0x3BF LEN 2 49:00:
67288 ID 0x2E8 LEN 3 91:02:01:
67291 ID 0x3EF LEN 3 A6:14:28:
67341 ID 0x3AF LEN 2 59:00:
67383 ID 0x2D0 LEN 5 12:00:31:31:00:
67386 ID 0x2E8 LEN 3 91:02:01:
67487 ID 0x2E8 LEN 3 91:02:01:
67588 ID 0x2E8 LEN 3 91:02:01:
67628 ID 0x3CF LEN 1 69:
67686 ID 0x2E8 LEN 3 91:02:01:
67697 ID 0x3FF LEN 2 92:01:
67728 ID 0x3BF LEN 2 49:00:
67787 ID 0x2E8 LEN 3 91:02:01:
67842 ID 0x3AF LEN 2 59:00:
67886 ID 0x2E8 LEN 3 91:02:01:
67987 ID 0x2E8 LEN 3 91:02:01:
68088 ID 0x2E8 LEN 3 91:02:01:
68134 ID 0x3CF LEN 1 69:
68186 ID 0x2E8 LEN 3 91:02:01:
68197 ID 0x3FF LEN 2 92:01:
68229 ID 0x3BF LEN 2 49:00:
68287 ID 0x2E8 LEN 3 91:02:01:
68341 ID 0x3AF LEN 2 59:00:
68386 ID 0x2E8 LEN 3 91:02:01:
68413 ID 0x2D0 LEN 5 12:00:31:31:00:
68487 ID 0x2E8 LEN 3 91:02:01:
68588 ID 0x2E8 LEN 3 91:02:01:
68646 ID 0x3CF LEN 1 69:
68686 ID 0x2E8 LEN 3 91:02:01:
68697 ID 0x3FF LEN 2 92:01:
68728 ID 0x3BF LEN 2 49:00:
68787 ID 0x2E8 LEN 3 91:02:01:
68841 ID 0x3AF LEN 2 59:00:
68886 ID 0x2E8 LEN 3 91:02:01:
68986 ID 0x2E8 LEN 3 91:02:01:
69088 ID 0x2E8 LEN 3 91:02:01:
69151 ID 0x3CF LEN 1 69:
69186 ID 0x2E8 LEN 3 91:02:01:
69197 ID 0x3FF LEN 2 92:01:
69228 ID 0x3BF LEN 2 49:00:
69287 ID 0x2E8 LEN 3 91:02:01:
69307 ID 0x3EF LEN 3 A6:14:2C:
69341 ID 0x3AF LEN 2 59:00:
69386 ID 0x2E8 LEN 3 91:02:01:
69444 ID 0x2D0 LEN 5 12:00:31:31:00:
69486 ID 0x2E8 LEN 3 91:02:01:
69587 ID 0x2E8 LEN 3 91:02:01:
69654 ID 0x3CF LEN 1 69:
69686 ID 0x2E8 LEN 3 91:02:01:
69697 ID 0x3FF LEN 2 92:01:
69739 ID 0x3BF LEN 2 49:00:
69787 ID 0x2E8 LEN 3 91:02:01:
69841 ID 0x3AF LEN 2 59:00:
69885 ID 0x2E8 LEN 3 91:02:01:
69987 ID 0x2E8 LEN 3 91:02:01:
70087 ID 0x2E8 LEN 3 91:02:01:
70162 ID 0x3CF LEN 1 69:
70185 ID 0x2E8 LEN 3 91:02:01:
70197 ID 0x3FF LEN 2 92:01:
70208 ID 0x3FF LEN 2 92:01:
70227 ID 0x3BF LEN 2 49:00:
70287 ID 0x2E8 LEN 3 91:02:01:
70313 ID 0x3EF LEN 3 A6:14:2F:
70341 ID 0x3AF LEN 2 59:00:
70385 ID 0x2E8 LEN 3 91:02:01:
70477 ID 0x2D0 LEN 5 12:00:31:31:00:
70487 ID 0x2E8 LEN 3 91:02:01:
70587 ID 0x2E8 LEN 3 91:02:01:
70666 ID 0x3CF LEN 1 69:
70685 ID 0x2E8 LEN 3 91:02:01:
70696 ID 0x3FF LEN 2 92:01:
70728 ID 0x3BF LEN 2 49:00:
70787 ID 0x2E8 LEN 3 91:02:01:
70841 ID 0x3AF LEN 2 59:00:
70885 ID 0x2E8 LEN 3 91:02:01:
70986 ID 0x2E8 LEN 3 91:02:01:
71088 ID 0x2E8 LEN 3 91:02:01:
71170 ID 0x3CF LEN 1 69:
71186 ID 0x2E8 LEN 3 91:02:01:
71196 ID 0x3FF LEN 2 92:01:
71228 ID 0x3BF LEN 2 49:00:
71286 ID 0x2E8 LEN 3 91:02:01:
71320 ID 0x3EF LEN 3 A6:14:33:
71341 ID 0x3AF LEN 2 59:00:
71385 ID 0x2E8 LEN 3 91:02:01:
71486 ID 0x2E8 LEN 3 91:02:01:
71510 ID 0x2D0 LEN 5 12:00:31:31:00:
71587 ID 0x2E8 LEN 3 91:02:01:
71677 ID 0x3CF LEN 1 69:
71686 ID 0x2E8 LEN 3 91:02:01:
71696 ID 0x3FF LEN 2 92:01:
71728 ID 0x3BF LEN 2 49:00:
71787 ID 0x2E8 LEN 3 91:02:01:
71841 ID 0x3AF LEN 2 59:00:
71885 ID 0x2E8 LEN 3 91:02:01:
71986 ID 0x2E8 LEN 3 91:02:01:
72087 ID 0x2E8 LEN 3 91:02:01:
72185 ID 0x3CF LEN 1 69:
72186 ID 0x2E8 LEN 3 91:02:01:
72197 ID 0x3FF LEN 2 92:01:
72227 ID 0x3BF LEN 2 49:00:
72287 ID 0x2E8 LEN 3 91:02:01:
72328 ID 0x3EF LEN 3 A6:14:36:
72341 ID 0x3AF LEN 2 59:00:
72385 ID 0x2E8 LEN 3 91:02:01:
72486 ID 0x2E8 LEN 3 91:02:01:
72542 ID 0x2D0 LEN 5 12:00:31:31:00:
72587 ID 0x2E8 LEN 3 91:02:01:
72685 ID 0x2E8 LEN 3 91:02:01:
72689 ID 0x3CF LEN 1 69:
72696 ID 0x3FF LEN 2 92:01:
72728 ID 0x3BF LEN 2 49:00:
72786 ID 0x2E8 LEN 3 91:02:01:
72841 ID 0x3AF LEN 2 59:00:
72885 ID 0x2E8 LEN 3 91:02:01:
72986 ID 0x2E8 LEN 3 91:02:01:
73086 ID 0x2E8 LEN 3 91:02:01:
73185 ID 0x2E8 LEN 3 91:02:01:
73193 ID 0x3CF LEN 1 69:
73196 ID 0x3FF LEN 2 92:01:
73228 ID 0x3BF LEN 2 49:00:
73286 ID 0x2E8 LEN 3 91:02:01:
73339 ID 0x3EF LEN 3 A6:15:00:
73341 ID 0x3AF LEN 2 59:00:
73384 ID 0x2E8 LEN 3 91:02:01:
73486 ID 0x2E8 LEN 3 91:02:01:
73574 ID 0x2D0 LEN 5 12:00:31:31:00:
73584 ID 0x2E8 LEN 3 91:02:01:
73684 ID 0x2E8 LEN 3 91:02:01:
73696 ID 0x3FF LEN 2 92:01:
73697 ID 0x3CF LEN 1 69:
73728 ID 0x3BF LEN 2 49:00:
73786 ID 0x2E8 LEN 3 91:02:01:
73840 ID 0x3AF LEN 2 59:00:
73884 ID 0x2E8 LEN 3 91:02:01:
73986 ID 0x2E8 LEN 3 91:02:01:
74086 ID 0x2E8 LEN 3 91:02:01:
74184 ID 0x2E8 LEN 3 91:02:01:
74195 ID 0x3FF LEN 2 92:01:
74201 ID 0x3CF LEN 1 69:
74227 ID 0x3BF LEN 2 49:00:
74286 ID 0x2E8 LEN 3 91:02:01:
74343 ID 0x3EF LEN 3 A6:15:01:
74345 ID 0x3AF LEN 2 59:00:
74387 ID 0x2E8 LEN 3 91:02:01:
74485 ID 0x2E8 LEN 3 91:02:01:
74586 ID 0x2E8 LEN 3 91:02:01:
74605 ID 0x2D0 LEN 5 12:00:31:31:00:
74687 ID 0x2E8 LEN 3 91:02:01:
74695 ID 0x3FF LEN 2 92:01:
74708 ID 0x3CF LEN 1 69:
74728 ID 0x3BF LEN 2 49:00:
74785 ID 0x2E8 LEN 3 91:02:01:
74841 ID 0x3AF LEN 2 59:00:
74887 ID 0x2E8 LEN 3 91:02:01:
74985 ID 0x2E8 LEN 3 91:02:01:
75085 ID 0x2E8 LEN 3 91:02:01:
75187 ID 0x2E8 LEN 3 91:02:01:
75195 ID 0x3FF LEN 2 92:01:
75211 ID 0x3CF LEN 1 69:
75228 ID 0x3BF LEN 2 49:00:
75285 ID 0x2E8 LEN 3 91:02:01:
75340 ID 0x3AF LEN 2 59:00:
75386 ID 0x2E8 LEN 3 91:02:01:
75485 ID 0x2E8 LEN 3 91:02:01:
75585 ID 0x2E8 LEN 3 91:02:01:
75637 ID 0x2D0 LEN 5 12:00:31:31:00:
75686 ID 0x2E8 LEN 3 91:02:01:
75695 ID 0x3FF LEN 2 92:01:
75715 ID 0x3CF LEN 1 69:
75727 ID 0x3BF LEN 2 49:00:
75785 ID 0x2E8 LEN 3 91:02:01:
75840 ID 0x3AF LEN 2 59:00:
75886 ID 0x2E8 LEN 3 91:02:01:
75984 ID 0x2E8 LEN 3 91:02:01:
76086 ID 0x2E8 LEN 3 91:02:01:
76186 ID 0x2E8 LEN 3 91:02:01:
76195 ID 0x3FF LEN 2 92:01:
76223 ID 0x3CF LEN 1 69:
76227 ID 0x3BF LEN 2 49:00:
76284 ID 0x2E8 LEN 3 91:02:01:
76341 ID 0x3AF LEN 2 59:00:
76386 ID 0x2E8 LEN 3 91:02:01:
76484 ID 0x2E8 LEN 3 91:02:01:
76585 ID 0x2E8 LEN 3 91:02:01:
76670 ID 0x2D0 LEN 5 12:00:31:31:00:
76684 ID 0x2E8 LEN 3 91:02:01:
76695 ID 0x3FF LEN 2 92:01:
76727 ID 0x3BF LEN 2 49:00:
76731 ID 0x3CF LEN 1 69:
76785 ID 0x2E8 LEN 3 91:02:01:
76840 ID 0x3AF LEN 2 59:00:
76883 ID 0x2E8 LEN 3 91:02:01:
76985 ID 0x2E8 LEN 3 91:02:01:
77086 ID 0x2E8 LEN 3 91:02:01:
77185 ID 0x2E8 LEN 3 91:02:01:
77195 ID 0x3FF LEN 2 92:01:
77228 ID 0x3BF LEN 2 49:00:
77239 ID 0x3CF LEN 1 69:
77285 ID 0x2E8 LEN 3 91:02:01:
77340 ID 0x3AF LEN 2 59:00:
77384 ID 0x2E8 LEN 3 91:02:01:
77485 ID 0x2E8 LEN 3 91:02:01:
77585 ID 0x2E8 LEN 3 91:02:01:
77684 ID 0x2E8 LEN 3 91:02:01:
77694 ID 0x3FF LEN 2 92:01:
77702 ID 0x2D0 LEN 5 12:00:31:31:00:
77727 ID 0x3BF LEN 2 49:00:
77747 ID 0x3CF LEN 1 69:
77785 ID 0x2E8 LEN 3 91:02:01:
77840 ID 0x3AF LEN 2 59:00:
77886 ID 0x2E8 LEN 3 91:02:01:
77984 ID 0x2E8 LEN 3 91:02:01:
78085 ID 0x2E8 LEN 3 91:02:01:
78186 ID 0x2E8 LEN 3 91:02:01:
78194 ID 0x3FF LEN 2 92:01:
78227 ID 0x3BF LEN 2 49:00:
78252 ID 0x3CF LEN 1 69:
78284 ID 0x2E8 LEN 3 91:02:01:
78341 ID 0x3AF LEN 2 59:00:
78386 ID 0x2E8 LEN 3 91:02:01:
78484 ID 0x2E8 LEN 3 91:02:01:
78585 ID 0x2E8 LEN 3 91:02:01:
78686 ID 0x2E8 LEN 3 91:02:01:
78695 ID 0x3FF LEN 2 92:01:
78728 ID 0x3BF LEN 2 49:00:
78734 ID 0x2D0 LEN 5 12:00:31:31:00:
78758 ID 0x3CF LEN 1 69:
78784 ID 0x2E8 LEN 3 91:02:01:
78840 ID 0x3AF LEN 2 59:00:
78885 ID 0x2E8 LEN 3 91:02:01:
78984 ID 0x2E8 LEN 3 91:02:01:
79085 ID 0x2E8 LEN 3 91:02:01:
79185 ID 0x2E8 LEN 3 91:02:01:
79195 ID 0x3FF LEN 2 92:01:
79227 ID 0x3BF LEN 2 49:00:
79266 ID 0x3CF LEN 1 69:
79284 ID 0x2E8 LEN 3 91:02:01:
79340 ID 0x3AF LEN 2 59:00:
79385 ID 0x2E8 LEN 3 91:02:01:
79483 ID 0x2E8 LEN 3 91:02:01:
79585 ID 0x2E8 LEN 3 91:02:01:
79685 ID 0x2E8 LEN 3 91:02:01:
79694 ID 0x3FF LEN 2 92:01:
79727 ID 0x3BF LEN 2 49:00:
79770 ID 0x3CF LEN 1 69:
79784 ID 0x2E8 LEN 3 91:02:01:
79792 ID 0x2D0 LEN 5 12:00:31:31:00:
79840 ID 0x3AF LEN 2 59:00:
79886 ID 0x2E8 LEN 3 91:02:01:
79983 ID 0x2E8 LEN 3 91:02:01:
80084 ID 0x2E8 LEN 3 91:02:01:
80186 ID 0x2E8 LEN 3 91:02:01:
80194 ID 0x3FF LEN 2 92:01:
80227 ID 0x3BF LEN 2 49:00:
80278 ID 0x3CF LEN 1 69:
80284 ID 0x2E8 LEN 3 91:02:01:
80340 ID 0x3AF LEN 2 59:00:
80385 ID 0x2E8 LEN 3 91:02:01:
80392 ID 0x3EF LEN 3 A6:15:04:
80484 ID 0x2E8 LEN 3 91:02:01:
80584 ID 0x2E8 LEN 3 91:02:01:
80686 ID 0x2E8 LEN 3 91:02:01:
80694 ID 0x3FF LEN 2 92:01:
80727 ID 0x3BF LEN 2 49:00:
80784 ID 0x2E8 LEN 3 91:02:01:
80786 ID 0x3CF LEN 1 69:
80797 ID 0x2D0 LEN 5 12:00:31:31:00:
80840 ID 0x3AF LEN 2 59:00:
80885 ID 0x2E8 LEN 3 91:02:01:
80984 ID 0x2E8 LEN 3 91:02:01:
81085 ID 0x2E8 LEN 3 91:02:01:
81185 ID 0x2E8 LEN 3 91:02:01:
81193 ID 0x3FF LEN 2 92:01:
81227 ID 0x3BF LEN 2 49:00:
81284 ID 0x2E8 LEN 3 91:02:01:
81291 ID 0x3CF LEN 1 69:
81340 ID 0x3AF LEN 2 59:00:
81385 ID 0x2E8 LEN 3 91:02:01:
81399 ID 0x3EF LEN 3 A6:15:09:
81483 ID 0x2E8 LEN 3 91:02:01:
81585 ID 0x2E8 LEN 3 91:02:01:
81685 ID 0x2E8 LEN 3 91:02:01:
81693 ID 0x3FF LEN 2 92:01:
81727 ID 0x3BF LEN 2 49:00:
81783 ID 0x2E8 LEN 3 91:02:01:
81798 ID 0x3CF LEN 1 69:
81832 ID 0x2D0 LEN 5 12:00:31:31:00:
81840 ID 0x3AF LEN 2 59:00:
81885 ID 0x2E8 LEN 3 91:02:01:
81983 ID 0x2E8 LEN 3 91:02:01:
82084 ID 0x2E8 LEN 3 91:02:01:
82185 ID 0x2E8 LEN 3 91:02:01:
82194 ID 0x3FF LEN 2 92:01:
82227 ID 0x3BF LEN 2 49:00:
82284 ID 0x2E8 LEN 3 91:02:01:
82301 ID 0x3CF LEN 1 69:
82339 ID 0x3AF LEN 2 59:00:
82384 ID 0x2E8 LEN 3 91:02:01:
82407 ID 0x3EF LEN 3 A6:15:0D:
82483 ID 0x2E8 LEN 3 91:02:01:
82584 ID 0x2E8 LEN 3 91:02:01:
82685 ID 0x2E8 LEN 3 91:02:01:
82694 ID 0x3FF LEN 2 92:01:
82726 ID 0x3BF LEN 2 49:00:
82784 ID 0x2E8 LEN 3 91:02:01:
82805 ID 0x3CF LEN 1 69:
82840 ID 0x3AF LEN 2 59:00:
82862 ID 0x2D0 LEN 5 12:00:31:31:00:
82885 ID 0x2E8 LEN 3 91:02:01:
82983 ID 0x2E8 LEN 3 91:02:01:
83084 ID 0x2E8 LEN 3 91:02:01:
83185 ID 0x2E8 LEN 3 91:02:01:
83193 ID 0x3FF LEN 2 92:01:
83226 ID 0x3BF LEN 2 49:00:
83283 ID 0x2E8 LEN 3 91:02:01:
83309 ID 0x3CF LEN 1 69:
83340 ID 0x3AF LEN 2 59:00:
83385 ID 0x2E8 LEN 3 91:02:01:
83418 ID 0x3EF LEN 3 A6:15:12:
83483 ID 0x2E8 LEN 3 91:02:01:
83584 ID 0x2E8 LEN 3 91:02:01:
83685 ID 0x2E8 LEN 3 91:02:01:
83693 ID 0x3FF LEN 2 92:01:
83727 ID 0x3BF LEN 2 49:00:
83783 ID 0x2E8 LEN 3 91:02:01:
83812 ID 0x3CF LEN 1 69:
83840 ID 0x3AF LEN 2 59:00:
83885 ID 0x2E8 LEN 3 91:02:01:
83893 ID 0x2D0 LEN 5 12:00:31:31:00:
83983 ID 0x2E8 LEN 3 91:02:01:
84083 ID 0x2E8 LEN 3 91:02:01:
84185 ID 0x2E8 LEN 3 91:02:01:
84193 ID 0x3FF LEN 2 92:01:
84227 ID 0x3BF LEN 2 49:00:
84283 ID 0x2E8 LEN 3 91:02:01:
84317 ID 0x3CF LEN 1 69:
84339 ID 0x3AF LEN 2 59:00:
84384 ID 0x2E8 LEN 3 91:02:01:
84425 ID 0x3EF LEN 3 A6:15:14:
84483 ID 0x2E8 LEN 3 91:02:01:
84584 ID 0x2E8 LEN 3 91:02:01:
84682 ID 0x2E8 LEN 3 91:02:01:
84694 ID 0x3FF LEN 2 92:01:
84726 ID 0x3BF LEN 2 49:00:
84784 ID 0x2E8 LEN 3 91:02:01:
84824 ID 0x3CF LEN 1 69:
84840 ID 0x3AF LEN 2 59:00:
84882 ID 0x2E8 LEN 3 91:02:01:
84925 ID 0x2D0 LEN 5 12:00:31:31:00:
84983 ID 0x2E8 LEN 3 91:02:01:
85084 ID 0x2E8 LEN 3 91:02:01:
85182 ID 0x2E8 LEN 3 91:02:01:
85193 ID 0x3FF LEN 2 92:01:
85227 ID 0x3BF LEN 2 49:00:
85283 ID 0x2E8 LEN 3 91:02:01:
85332 ID 0x3CF LEN 1 69:
85340 ID 0x3AF LEN 2 59:00:
85385 ID 0x2E8 LEN 3 91:02:01:
85433 ID 0x3EF LEN 3 A6:15:1C:
85483 ID 0x2E8 LEN 3 91:02:01:
85583 ID 0x2E8 LEN 3 91:02:01:
85685 ID 0x2E8 LEN 3 91:02:01:
85693 ID 0x3FF LEN 2 92:01:
85727 ID 0x3BF LEN 2 49:00:
85783 ID 0x2E8 LEN 3 91:02:01:
85839 ID 0x3AF LEN 2 59:00:
85847 ID 0x3CF LEN 1 69:
85884 ID 0x2E8 LEN 3 91:02:01:
85958 ID 0x2D0 LEN 5 12:00:31:31:00:
85983 ID 0x2E8 LEN 3 91:02:01:
86083 ID 0x2E8 LEN 3 91:02:01:
86184 ID 0x2E8 LEN 3 91:02:01:
86193 ID 0x3FF LEN 2 92:01:
86226 ID 0x3BF LEN 2 49:00:
86283 ID 0x2E8 LEN 3 91:02:01:
86339 ID 0x3AF LEN 2 59:00:
86351 ID 0x3CF LEN 1 69:
86384 ID 0x2E8 LEN 3 91:02:01:
86482 ID 0x2E8 LEN 3 91:02:01:
86583 ID 0x2E8 LEN 3 91:02:01:
86684 ID 0x2E8 LEN 3 91:02:01:
86692 ID 0x3FF LEN 2 92:01:
86726 ID 0x3BF LEN 2 49:00:
86782 ID 0x2E8 LEN 3 91:02:01:
86839 ID 0x3AF LEN 2 59:00:
86859 ID 0x3CF LEN 1 69:
86884 ID 0x2E8 LEN 3 91:02:01:
86982 ID 0x2E8 LEN 3 91:02:01:
86989 ID 0x2D0 LEN 5 12:00:31:31:00:
87084 ID 0x2E8 LEN 3 91:02:01:
87182 ID 0x2E8 LEN 3 91:02:01:
87193 ID 0x3FF LEN 2 92:01:
87226 ID 0x3BF LEN 2 49:00:
87282 ID 0x2E8 LEN 3 91:02:01:
87340 ID 0x3AF LEN 2 59:00:
87363 ID 0x3CF LEN 1 69:
87384 ID 0x2E8 LEN 3 91:02:01:
87447 ID 0x3EF LEN 3 A6:15:23:
87482 ID 0x2E8 LEN 3 91:02:01:
87583 ID 0x2E8 LEN 3 91:02:01:
87684 ID 0x2E8 LEN 3 91:02:01:
87693 ID 0x3FF LEN 2 92:01:
87727 ID 0x3BF LEN 2 49:00:
87783 ID 0x2E8 LEN 3 91:02:01:
87839 ID 0x3AF LEN 2 59:00:
87867 ID 0x3CF LEN 1 69:
87883 ID 0x2E8 LEN 3 91:02:01:
87982 ID 0x2E8 LEN 3 91:02:01:
88022 ID 0x2D0 LEN 5 12:00:31:31:00:
88083 ID 0x2E8 LEN 3 91:02:01:
88184 ID 0x2E8 LEN 3 91:02:01:
88193 ID 0x3FF LEN 2 92:01:
88226 ID 0x3BF LEN 2 49:00:
88283 ID 0x2E8 LEN 3 91:02:01:
88339 ID 0x3AF LEN 2 59:00:
88372 ID 0x3CF LEN 1 69:
88383 ID 0x2E8 LEN 3 91:02:01:
88458 ID 0x3EF LEN 3 A6:15:27:
88482 ID 0x2E8 LEN 3 91:02:01:
88583 ID 0x2E8 LEN 3 91:02:01:
88683 ID 0x2E8 LEN 3 91:02:01:
88692 ID 0x3FF LEN 2 92:01:
88726 ID 0x3BF LEN 2 49:00:
88781 ID 0x2E8 LEN 3 91:02:01:
88839 ID 0x3AF LEN 2 59:00:
88875 ID 0x3CF LEN 1 69:
88883 ID 0x2E8 LEN 3 91:02:01:
88984 ID 0x2E8 LEN 3 91:02:01:
89054 ID 0x2D0 LEN 5 12:00:31:31:00:
89082 ID 0x2E8 LEN 3 91:02:01:
89183 ID 0x2E8 LEN 3 91:02:01:
89192 ID 0x3FF LEN 2 92:01:
89226 ID 0x3BF LEN 2 49:00:
89282 ID 0x2E8 LEN 3 91:02:01:
89339 ID 0x3AF LEN 2 59:00:
89382 ID 0x3CF LEN 1 69:
89383 ID 0x2E8 LEN 3 91:02:01:
89462 ID 0x3EF LEN 3 A6:15:2C:
89482 ID 0x2E8 LEN 3 91:02:01:
89582 ID 0x2E8 LEN 3 91:02:01:
89681 ID 0x2E8 LEN 3 91:02:01:
89693 ID 0x3FF LEN 2 92:01:
89725 ID 0x3BF LEN 2 49:00:
89782 ID 0x2E8 LEN 3 91:02:01:
89839 ID 0x3AF LEN 2 59:00:
89883 ID 0x2E8 LEN 3 91:02:01:
89886 ID 0x3CF LEN 1 69:
89981 ID 0x2E8 LEN 3 91:02:01:
90083 ID 0x2E8 LEN 3 91:02:01:
90087 ID 0x2D0 LEN 5 12:00:31:31:00:
90181 ID 0x2E8 LEN 3 91:02:01:
90192 ID 0x3FF LEN 2 92:01:
90226 ID 0x3BF LEN 2 49:00:
90283 ID 0x2E8 LEN 3 91:02:01:
90339 ID 0x3AF LEN 2 59:00:
90383 ID 0x2E8 LEN 3 91:02:01:
90390 ID 0x3CF LEN 1 69:
90471 ID 0x3EF LEN 3 A6:15:2A:
90482 ID 0x2E8 LEN 3 91:02:01:
90583 ID 0x2E8 LEN 3 91:02:01:
90681 ID 0x2E8 LEN 3 91:02:01:
90692 ID 0x3FF LEN 2 92:01:
90726 ID 0x3BF LEN 2 49:00:
90782 ID 0x2E8 LEN 3 91:02:01:
90840 ID 0x3AF LEN 2 59:00:
90882 ID 0x2E8 LEN 3 91:02:01:
90894 ID 0x3CF LEN 1 69:
90982 ID 0x2E8 LEN 3 91:02:01:
91083 ID 0x2E8 LEN 3 91:02:01:
91120 ID 0x2D0 LEN 5 12:00:31:31:00:
91182 ID 0x2E8 LEN 3 91:02:01:
91193 ID 0x3FF LEN 2 92:01:
91226 ID 0x3BF LEN 2 49:00:
91282 ID 0x2E8 LEN 3 91:02:01:
91339 ID 0x3AF LEN 2 59:00:
91381 ID 0x2E8 LEN 3 91:02:01:
91397 ID 0x3CF LEN 1 69:
91478 ID 0x3EF LEN 3 A6:15:24:
91482 ID 0x2E8 LEN 3 91:02:01:
91581 ID 0x2E8 LEN 3 91:02:01:
91681 ID 0x2E8 LEN 3 91:02:01:
91693 ID 0x3FF LEN 2 92:01:
91725 ID 0x3BF LEN 2 49:00:
91783 ID 0x2E8 LEN 3 91:02:01:
91839 ID 0x3AF LEN 2 59:00:
91881 ID 0x2E8 LEN 3 91:02:01:
91900 ID 0x3CF LEN 1 69:
91982 ID 0x2E8 LEN 3 91:02:01:
92083 ID 0x2E8 LEN 3 91:02:01:
92149 ID 0x2D0 LEN 5 12:00:31:31:00:
92181 ID 0x2E8 LEN 3 91:02:01:
92192 ID 0x3FF LEN 2 92:01:
92226 ID 0x3BF LEN 2 49:00:
92282 ID 0x2E8 LEN 3 91:02:01:
92339 ID 0x3AF LEN 2 59:00:
92381 ID 0x2E8 LEN 3 91:02:01:
92405 ID 0x3CF LEN 1 69:
92482 ID 0x2E8 LEN 3 91:02:01:
92488 ID 0x3EF LEN 3 A6:15:1D:
92580 ID 0x2E8 LEN 3 91:02:01:
92682 ID 0x2E8 LEN 3 91:02:01:
92693 ID 0x3FF LEN 2 92:01:
92726 ID 0x3BF LEN 2 49:00:
92783 ID 0x2E8 LEN 3 91:02:01:
92838 ID 0x3AF LEN 2 59:00:
92881 ID 0x2E8 LEN 3 91:02:01:
92908 ID 0x3CF LEN 1 69:
92983 ID 0x2E8 LEN 3 91:02:01:
93081 ID 0x2E8 LEN 3 91:02:01:
93182 ID 0x2D0 LEN 5 12:00:31:31:00:
93191 ID 0x3FF LEN 2 92:01:
93225 ID 0x3BF LEN 2 49:00:
93281 ID 0x2E8 LEN 3 91:02:01:
93338 ID 0x3AF LEN 2 59:00:
93382 ID 0x2E8 LEN 3 91:02:01:
93412 ID 0x3CF LEN 1 69:
93480 ID 0x2E8 LEN 3 91:02:01:
93494 ID 0x3EF LEN 3 A6:15:19:
93582 ID 0x2E8 LEN 3 91:02:01:
93682 ID 0x2E8 LEN 3 91:02:01:
93690 ID 0x3FF LEN 2 92:01:
93725 ID 0x3BF LEN 2 49:00:
93780 ID 0x2E8 LEN 3 91:02:01:
93839 ID 0x3AF LEN 2 59:00:
93882 ID 0x2E8 LEN 3 91:02:01:
93920 ID 0x3CF LEN 1 69:
93982 ID 0x2E8 LEN 3 91:02:01:
94082 ID 0x2E8 LEN 3 91:02:01:
94182 ID 0x2E8 LEN 3 91:02:01:
94190 ID 0x3FF LEN 2 92:01:
94214 ID 0x2D0 LEN 5 12:00:31:31:00:
94226 ID 0x3BF LEN 2 49:00:
94280 ID 0x2E8 LEN 3 91:02:01:
94339 ID 0x3AF LEN 2 59:00:
94382 ID 0x2E8 LEN 3 91:02:01:
94425 ID 0x3CF LEN 1 69:
94482 ID 0x2E8 LEN 3 91:02:01:
94502 ID 0x3EF LEN 3 A6:15:13:
94580 ID 0x2E8 LEN 3 91:02:01:
94682 ID 0x2E8 LEN 3 91:02:01:
94690 ID 0x3FF LEN 2 92:01:
94726 ID 0x3BF LEN 2 49:00:
94780 ID 0x2E8 LEN 3 91:02:01:
94838 ID 0x3AF LEN 2 59:00:
94881 ID 0x2E8 LEN 3 91:02:01:
94927 ID 0x3CF LEN 1 69:
94980 ID 0x2E8 LEN 3 91:02:01:
95081 ID 0x2E8 LEN 3 91:02:01:
95182 ID 0x2E8 LEN 3 91:02:01:
95191 ID 0x3FF LEN 2 92:01:
95225 ID 0x3BF LEN 2 49:00:
95247 ID 0x2D0 LEN 5 12:00:31:31:00:
95281 ID 0x2E8 LEN 3 91:02:01:
95338 ID 0x3AF LEN 2 59:00:
95381 ID 0x2E8 LEN 3 91:02:01:
95435 ID 0x3CF LEN 1 69:
95480 ID 0x2E8 LEN 3 91:02:01:
95511 ID 0x3EF LEN 3 A6:15:0A:
95581 ID 0x2E8 LEN 3 91:02:01:
95682 ID 0x2E8 LEN 3 91:02:01:
95690 ID 0x3FF LEN 2 92:01:
95726 ID 0x3BF LEN 2 49:00:
95780 ID 0x2E8 LEN 3 91:02:01:
95839 ID 0x3AF LEN 2 59:00:
95882 ID 0x2E8 LEN 3 91:02:01:
95939 ID 0x3CF LEN 1 69:
95980 ID 0x2E8 LEN 3 91:02:01:
96081 ID 0x2E8 LEN 3 91:02:01:
96182 ID 0x2E8 LEN 3 91:02:01:
96191 ID 0x3FF LEN 2 92:01:
96225 ID 0x3BF LEN 2 49:00:
96279 ID 0x2D0 LEN 5 12:00:31:31:00:
96281 ID 0x2E8 LEN 3 91:02:01:
96338 ID 0x3AF LEN 2 59:00:
96381 ID 0x2E8 LEN 3 91:02:01:
96447 ID 0x3CF LEN 1 69:
96480 ID 0x2E8 LEN 3 91:02:01:
96521 ID 0x3EF LEN 3 A6:15:05:
96581 ID 0x2E8 LEN 3 91:02:01:
96679 ID 0x2E8 LEN 3 91:02:01:
96691 ID 0x3FF LEN 2 92:01:
96726 ID 0x3BF LEN 2 49:00:
96781 ID 0x2E8 LEN 3 91:02:01:
96838 ID 0x3AF LEN 2 59:00:
96882 ID 0x2E8 LEN 3 91:02:01:
96951 ID 0x3CF LEN 1 69:
96980 ID 0x2E8 LEN 3 91:02:01:
97081 ID 0x2E8 LEN 3 91:02:01:
97182 ID 0x2E8 LEN 3 91:02:01:
97190 ID 0x3FF LEN 2 92:01:
97225 ID 0x3BF LEN 2 49:00:
97281 ID 0x2E8 LEN 3 91:02:01:
97310 ID 0x2D0 LEN 5 12:00:31:31:00:
97338 ID 0x3AF LEN 2 59:00:
97382 ID 0x2E8 LEN 3 91:02:01:
97459 ID 0x3CF LEN 1 69:
97480 ID 0x2E8 LEN 3 91:02:01:
97525 ID 0x3EF LEN 3 A6:14:3B:
97581 ID 0x2E8 LEN 3 91:02:01:
97682 ID 0x2E8 LEN 3 91:02:01:
97690 ID 0x3FF LEN 2 92:01:
97725 ID 0x3BF LEN 2 49:00:
97780 ID 0x2E8 LEN 3 91:02:01:
97839 ID 0x3AF LEN 2 59:00:
97882 ID 0x2E8 LEN 3 91:02:01:
97967 ID 0x3CF LEN 1 69:
97980 ID 0x2E8 LEN 3 91:02:01:
98081 ID 0x2E8 LEN 3 91:02:01:
98182 ID 0x2E8 LEN 3 91:02:01:
98191 ID 0x3FF LEN 2 92:01:
98225 ID 0x3BF LEN 2 49:00:
98280 ID 0x2E8 LEN 3 91:02:01:
98338 ID 0x3AF LEN 2 59:00:
98342 ID 0x2D0 LEN 5 12:00:31:31:00:
98381 ID 0x2E8 LEN 3 91:02:01:
98470 ID 0x3CF LEN 1 69:
98480 ID 0x2E8 LEN 3 91:02:01:
98538 ID 0x3EF LEN 3 A6:14:34:
98581 ID 0x2E8 LEN 3 91:02:01:
98681 ID 0x2E8 LEN 3 91:02:01:
98691 ID 0x3FF LEN 2 92:01:
98725 ID 0x3BF LEN 2 49:00:
98781 ID 0x2E8 LEN 3 91:02:01:
98838 ID 0x3AF LEN 2 59:00:
98881 ID 0x2E8 LEN 3 91:02:01:
98978 ID 0x3CF LEN 1 69:
98979 ID 0x2E8 LEN 3 91:02:01:
99081 ID 0x2E8 LEN 3 91:02:01:
99181 ID 0x2E8 LEN 3 91:02:01:
99190 ID 0x3FF LEN 2 92:01:
99225 ID 0x3BF LEN 2 49:00:
99280 ID 0x2E8 LEN 3 91:02:01:
99338 ID 0x3AF LEN 2 59:00:
99374 ID 0x2D0 LEN 5 12:00:31:31:00:
99381 ID 0x2E8 LEN 3 91:02:01:
99479 ID 0x2E8 LEN 3 91:02:01:
99486 ID 0x3CF LEN 1 69:
99542 ID 0x3EF LEN 3 A6:14:32:
99580 ID 0x2E8 LEN 3 91:02:01:
99682 ID 0x2E8 LEN 3 91:02:01:
99690 ID 0x3FF LEN 2 92:01:
99725 ID 0x3BF LEN 2 49:00:
99780 ID 0x2E8 LEN 3 91:02:01:
99837 ID 0x3AF LEN 2 59:00:
99880 ID 0x2E8 LEN 3 91:02:01:
99980 ID 0x2E8 LEN 3 91:02:01:
99993 ID 0x3CF LEN 1 69:
100081 ID 0x2E8 LEN 3 91:02:01:
100179 ID 0x2E8 LEN 3 91:02:01:
100190 ID 0x3FF LEN 2 92:01:
100225 ID 0x3BF LEN 2 49:00:
100280 ID 0x2E8 LEN 3 91:02:01:
100338 ID 0x3AF LEN 2 59:00:
100379 ID 0x2E8 LEN 3 91:02:01:
100406 ID 0x2D0 LEN 5 12:00:31:31:00:
100481 ID 0x2E8 LEN 3 91:02:01:
100501 ID 0x3CF LEN 1 69:
100549 ID 0x3EF LEN 3 A6:14:30:
100581 ID 0x2E8 LEN 3 91:02:01:
100680 ID 0x2E8 LEN 3 91:02:01:
100690 ID 0x3FF LEN 2 92:01:
100725 ID 0x3BF LEN 2 49:00:
100781 ID 0x2E8 LEN 3 91:02:01:
100838 ID 0x3AF LEN 2 59:00:
100880 ID 0x2E8 LEN 3 91:02:01:
100980 ID 0x2E8 LEN 3 91:02:01:
101005 ID 0x3CF LEN 1 69:
101082 ID 0x2E8 LEN 3 91:02:01:
101180 ID 0x2E8 LEN 3 91:02:01:
101191 ID 0x3FF LEN 2 92:01:
101225 ID 0x3BF LEN 2 49:00:
101280 ID 0x2E8 LEN 3 91:02:01:
101339 ID 0x3AF LEN 2 59:00:
101380 ID 0x2E8 LEN 3 91:02:01:
101439 ID 0x2D0 LEN 5 12:00:31:31:00:
101480 ID 0x2E8 LEN 3 91:02:01:
101517 ID 0x3CF LEN 1 69:
101559 ID 0x3EF LEN 3 A6:14:2F:
101578 ID 0x2E8 LEN 3 91:02:01:
101680 ID 0x2E8 LEN 3 91:02:01:
101691 ID 0x3FF LEN 2 92:01:
101725 ID 0x3BF LEN 2 49:00:
101781 ID 0x2E8 LEN 3 91:02:01:
101837 ID 0x3AF LEN 2 59:00:
101879 ID 0x2E8 LEN 3 91:02:01:
101980 ID 0x2E8 LEN 3 91:02:01:
102021 ID 0x3CF LEN 1 69:
102081 ID 0x2E8 LEN 3 91:02:01:
102179 ID 0x2E8 LEN 3 91:02:01:
102191 ID 0x3FF LEN 2 92:01:
102224 ID 0x3BF LEN 2 49:00:
102281 ID 0x2E8 LEN 3 91:02:01:
102338 ID 0x3AF LEN 2 59:00:
102379 ID 0x2E8 LEN 3 91:02:01:
102470 ID 0x2D0 LEN 5 12:00:31:31:00:
102479 ID 0x2E8 LEN 3 91:02:01:
102524 ID 0x3CF LEN 1 69:
102581 ID 0x2E8 LEN 3 91:02:01:
102679 ID 0x2E8 LEN 3 91:02:01:
102690 ID 0x3FF LEN 2 92:01:
102725 ID 0x3BF LEN 2 49:00:
102780 ID 0x2E8 LEN 3 91:02:01:
102838 ID 0x3AF LEN 2 59:00:
102879 ID 0x2E8 LEN 3 91:02:01:
102980 ID 0x2E8 LEN 3 91:02:01:
103028 ID 0x3CF LEN 1 69:
103080 ID 0x2E8 LEN 3 91:02:01:
103179 ID 0x2E8 LEN 3 91:02:01:
103190 ID 0x3FF LEN 2 92:01:
103225 ID 0x3BF LEN 2 49:00:
103280 ID 0x2E8 LEN 3 91:02:01:
103337 ID 0x3AF LEN 2 59:00:
103378 ID 0x2E8 LEN 3 91:02:01:
103480 ID 0x2E8 LEN 3 91:02:01:
103502 ID 0x2D0 LEN 5 12:00:31:31:00:
103532 ID 0x3CF LEN 1 69:
103580 ID 0x2E8 LEN 3 91:02:01:
103681 ID 0x2E8 LEN 3 91:02:01:
103690 ID 0x3FF LEN 2 92:01:
103725 ID 0x3BF LEN 2 49:00:
103779 ID 0x2E8 LEN 3 91:02:01:
103837 ID 0x3AF LEN 2 59:00:
103880 ID 0x2E8 LEN 3 91:02:01:
103979 ID 0x2E8 LEN 3 91:02:01:
104038 ID 0x3CF LEN 1 69:
104080 ID 0x2E8 LEN 3 91:02:01:
104180 ID 0x2E8 LEN 3 91:02:01:
104189 ID 0x3FF LEN 2 92:01:
104224 ID 0x3BF LEN 2 49:00:
104280 ID 0x2E8 LEN 3 91:02:01:
104338 ID 0x3AF LEN 2 59:00:
104380 ID 0x2E8 LEN 3 91:02:01:
104478 ID 0x2E8 LEN 3 91:02:01:
104535 ID 0x2D0 LEN 5 12:00:31:31:00:
104544 ID 0x3CF LEN 1 69:
104580 ID 0x2E8 LEN 3 91:02:01:
104680 ID 0x2E8 LEN 3 91:02:01:
104689 ID 0x3FF LEN 2 92:01:
104724 ID 0x3BF LEN 2 49:00:
104779 ID 0x2E8 LEN 3 91:02:01:
104838 ID 0x3AF LEN 2 59:00:
104880 ID 0x2E8 LEN 3 91:02:01:
104978 ID 0x2E8 LEN 3 91:02:01:
105052 ID 0x3CF LEN 1 69:
105079 ID 0x2E8 LEN 3 91:02:01:
105180 ID 0x2E8 LEN 3 91:02:01:
105189 ID 0x3FF LEN 2 92:01:
105225 ID 0x3BF LEN 2 49:00:
105278 ID 0x2E8 LEN 3 91:02:01:
105337 ID 0x3AF LEN 2 59:00:
105379 ID 0x2E8 LEN 3 91:02:01:
105478 ID 0x2E8 LEN 3 91:02:01:
105560 ID 0x3CF LEN 1 69:
105567 ID 0x2D0 LEN 5 12:00:31:31:00:
105579 ID 0x2E8 LEN 3 91:02:01:
105680 ID 0x2E8 LEN 3 91:02:01:
105689 ID 0x3FF LEN 2 92:01:
105724 ID 0x3BF LEN 2 49:00:
105779 ID 0x2E8 LEN 3 91:02:01:
105837 ID 0x3AF LEN 2 59:00:
105879 ID 0x2E8 LEN 3 91:02:01:
105978 ID 0x2E8 LEN 3 91:02:01:
106071 ID 0x3CF LEN 1 69:
106079 ID 0x2E8 LEN 3 91:02:01:
106180 ID 0x2E8 LEN 3 91:02:01:
106188 ID 0x3FF LEN 2 92:01:
106224 ID 0x3BF LEN 2 49:00:
106278 ID 0x2E8 LEN 3 91:02:01:
106338 ID 0x3AF LEN 2 59:00:
106380 ID 0x2E8 LEN 3 91:02:01:
106478 ID 0x2E8 LEN 3 91:02:01:
106577 ID 0x3CF LEN 1 69:
106578 ID 0x2E8 LEN 3 91:02:01:
106600 ID 0x3EF LEN 3 A6:14:30:
106602 ID 0x2D0 LEN 5 12:00:31:31:00:
106678 ID 0x2E8 LEN 3 91:02:01:
106689 ID 0x3FF LEN 2 92:01:
106724 ID 0x3BF LEN 2 49:00:
106779 ID 0x2E8 LEN 3 91:02:01:
106838 ID 0x3AF LEN 2 59:00:
106880 ID 0x2E8 LEN 3 91:02:01:
106979 ID 0x2E8 LEN 3 91:02:01:
107079 ID 0x3CF LEN 1 69:
107080 ID 0x2E8 LEN 3 91:02:01:
107177 ID 0x2E8 LEN 3 91:02:01:
107189 ID 0x3FF LEN 2 92:01:
107225 ID 0x3BF LEN 2 49:00:
107279 ID 0x2E8 LEN 3 91:02:01:
107337 ID 0x3AF LEN 2 59:00:
107377 ID 0x2E8 LEN 3 91:02:01:
107479 ID 0x2E8 LEN 3 91:02:01:
107580 ID 0x2E8 LEN 3 91:02:01:
107587 ID 0x3CF LEN 1 69:
107630 ID 0x2D0 LEN 5 12:00:31:31:00:
107678 ID 0x2E8 LEN 3 91:02:01:
107689 ID 0x3FF LEN 2 92:01:
107724 ID 0x3BF LEN 2 49:00:
107780 ID 0x2E8 LEN 3 91:02:01:
107837 ID 0x3AF LEN 2 59:00:
107878 ID 0x2E8 LEN 3 91:02:01:
107978 ID 0x2E8 LEN 3 91:02:01:
108080 ID 0x2E8 LEN 3 91:02:01:
108095 ID 0x3CF LEN 1 69:
108178 ID 0x2E8 LEN 3 91:02:01:
108189 ID 0x3FF LEN 2 92:01:
108224 ID 0x3BF LEN 2 49:00:
108279 ID 0x2E8 LEN 3 91:02:01:
108338 ID 0x3AF LEN 2 59:00:
108378 ID 0x2E8 LEN 3 91:02:01:
108479 ID 0x2E8 LEN 3 91:02:01:
108579 ID 0x2E8 LEN 3 91:02:01:
108602 ID 0x3CF LEN 1 69:
108662 ID 0x2D0 LEN 5 12:00:31:31:00:
108678 ID 0x2E8 LEN 3 91:02:01:
108689 ID 0x3FF LEN 2 92:01:
108724 ID 0x3BF LEN 2 49:00:
108779 ID 0x2E8 LEN 3 91:02:01:
108837 ID 0x3AF LEN 2 59:00:
108877 ID 0x2E8 LEN 3 91:02:01:
108979 ID 0x2E8 LEN 3 91:02:01:
109079 ID 0x2E8 LEN 3 91:02:01:
109110 ID 0x3CF LEN 1 69:
109177 ID 0x2E8 LEN 3 91:02:01:
109189 ID 0x3FF LEN 2 92:01:
109223 ID 0x3BF LEN 2 49:00:
109279 ID 0x2E8 LEN 3 91:02:01:
109337 ID 0x3AF LEN 2 59:00:
109377 ID 0x2E8 LEN 3 91:02:01:
109478 ID 0x2E8 LEN 3 91:02:01:
109579 ID 0x2E8 LEN 3 91:02:01:
109614 ID 0x3CF LEN 1 69:
109621 ID 0x3EF LEN 3 A6:14:31:
109677 ID 0x2E8 LEN 3 91:02:01:
109688 ID 0x3FF LEN 2 92:01:
109694 ID 0x2D0 LEN 5 12:00:31:31:00:
109724 ID 0x3BF LEN 2 49:00:
109778 ID 0x2E8 LEN 3 91:02:01:
109837 ID 0x3AF LEN 2 59:00:
109877 ID 0x2E8 LEN 3 91:02:01:
109978 ID 0x2E8 LEN 3 91:02:01:
110078 ID 0x2E8 LEN 3 91:02:01:
110121 ID 0x3CF LEN 1 69:
110178 ID 0x2E8 LEN 3 91:02:01:
110189 ID 0x3FF LEN 2 92:01:
110224 ID 0x3BF LEN 2 49:00:
110278 ID 0x2E8 LEN 3 91:02:01:
110337 ID 0x3AF LEN 2 59:00:
110376 ID 0x2E8 LEN 3 91:02:01:
110478 ID 0x2E8 LEN 3 91:02:01:
110579 ID 0x2E8 LEN 3 91:02:01:
110629 ID 0x3CF LEN 1 69:
110678 ID 0x2E8 LEN 3 91:02:01:
110689 ID 0x3FF LEN 2 92:01:
110728 ID 0x2D0 LEN 5 12:00:31:31:00:
110729 ID 0x3BF LEN 2 49:00:
110779 ID 0x2E8 LEN 3 91:02:01:
110837 ID 0x3AF LEN 2 59:00:
110877 ID 0x2E8 LEN 3 91:02:01:
110979 ID 0x2E8 LEN 3 91:02:01:
111079 ID 0x2E8 LEN 3 91:02:01:
111137 ID 0x3CF LEN 1 69:
111177 ID 0x2E8 LEN 3 91:02:01:
111188 ID 0x3FF LEN 2 92:01:
111223 ID 0x3BF LEN 2 49:00:
111279 ID 0x2E8 LEN 3 91:02:01:
111337 ID 0x3AF LEN 2 59:00:
111377 ID 0x2E8 LEN 3 91:02:01:
111478 ID 0x2E8 LEN 3 91:02:01:
111579 ID 0x2E8 LEN 3 91:02:01:
111645 ID 0x3CF LEN 1 69:
111678 ID 0x2E8 LEN 3 91:02:01:
111688 ID 0x3FF LEN 2 92:01:
111724 ID 0x3BF LEN 2 49:00:
111759 ID 0x2D0 LEN 5 12:00:31:31:00:
111778 ID 0x2E8 LEN 3 91:02:01:
111837 ID 0x3AF LEN 2 59:00:
111877 ID 0x2E8 LEN 3 91:02:01:
111978 ID 0x2E8 LEN 3 91:02:01:
112078 ID 0x2E8 LEN 3 91:02:01:
112153 ID 0x3CF LEN 1 69:
112177 ID 0x2E8 LEN 3 91:02:01:
112188 ID 0x3FF LEN 2 92:01:
112224 ID 0x3BF LEN 2 49:00:
112278 ID 0x2E8 LEN 3 91:02:01:
112336 ID 0x3AF LEN 2 59:00:
112376 ID 0x2E8 LEN 3 91:02:01:
112478 ID 0x2E8 LEN 3 91:02:01:
112578 ID 0x2E8 LEN 3 91:02:01:
112661 ID 0x3CF LEN 1 69:
112676 ID 0x2E8 LEN 3 91:02:01:
112688 ID 0x3FF LEN 2 92:01:
112723 ID 0x3BF LEN 2 49:00:
112778 ID 0x2E8 LEN 3 91:02:01:
112790 ID 0x2D0 LEN 5 12:00:31:31:00:
112836 ID 0x3AF LEN 2 59:00:
112876 ID 0x2E8 LEN 3 91:02:01:
112977 ID 0x2E8 LEN 3 91:02:01:
113078 ID 0x2E8 LEN 3 91:02:01:
113169 ID 0x3CF LEN 1 69:
113177 ID 0x2E8 LEN 3 91:02:01:
113187 ID 0x3FF LEN 2 92:01:
113224 ID 0x3BF LEN 2 49:00:
113277 ID 0x2E8 LEN 3 91:02:01:
113337 ID 0x3AF LEN 2 59:00:
113376 ID 0x2E8 LEN 3 91:02:01:
113477 ID 0x2E8 LEN 3 91:02:01:
113579 ID 0x2E8 LEN 3 91:02:01:
113651 ID 0x3EF LEN 3 A6:14:32:
113677 ID 0x2E8 LEN 3 91:02:01:
113688 ID 0x3FF LEN 2 92:01:
113724 ID 0x3BF LEN 2 49:00:
113778 ID 0x2E8 LEN 3 91:02:01:
113822 ID 0x2D0 LEN 5 12:00:31:31:00:
113837 ID 0x3AF LEN 2 59:00:
113876 ID 0x2E8 LEN 3 91:02:01:
113977 ID 0x2E8 LEN 3 91:02:01:
114078 ID 0x2E8 LEN 3 91:02:01:
114177 ID 0x2E8 LEN 3 91:02:01:
114181 ID 0x3CF LEN 1 69:
114188 ID 0x3FF LEN 2 92:01:
114224 ID 0x3BF LEN 2 49:00:
114278 ID 0x2E8 LEN 3 91:02:01:
114336 ID 0x3AF LEN 2 59:00:
114376 ID 0x2E8 LEN 3 91:02:01:
114478 ID 0x2E8 LEN 3 91:02:01:
114578 ID 0x2E8 LEN 3 91:02:01:
114676 ID 0x2E8 LEN 3 91:02:01:
114688 ID 0x3FF LEN 2 92:01:
114689 ID 0x3CF LEN 1 69:
114723 ID 0x3BF LEN 2 49:00:
114778 ID 0x2E8 LEN 3 91:02:01:
114837 ID 0x3AF LEN 2 59:00:
114854 ID 0x2D0 LEN 5 12:00:31:31:00:
114876 ID 0x2E8 LEN 3 91:02:01:
114977 ID 0x2E8 LEN 3 91:02:01:
115079 ID 0x2E8 LEN 3 91:02:01:
115177 ID 0x2E8 LEN 3 91:02:01:
115188 ID 0x3FF LEN 2 92:01:
115192 ID 0x3CF LEN 1 69:
115223 ID 0x3BF LEN 2 49:00:
115277 ID 0x2E8 LEN 3 91:02:01:
115337 ID 0x3AF LEN 2 59:00:
115376 ID 0x2E8 LEN 3 91:02:01:
115477 ID 0x2E8 LEN 3 91:02:01:
115578 ID 0x2E8 LEN 3 91:02:01:
115677 ID 0x2E8 LEN 3 91:02:01:
115688 ID 0x3FF LEN 2 92:01:
115696 ID 0x3CF LEN 1 69:
115724 ID 0x3BF LEN 2 49:00:
115777 ID 0x2E8 LEN 3 91:02:01:
115836 ID 0x3AF LEN 2 59:00:
115876 ID 0x2E8 LEN 3 91:02:01:
115887 ID 0x2D0 LEN 5 12:00:31:31:00:
115977 ID 0x2E8 LEN 3 91:02:01:
116078 ID 0x2E8 LEN 3 91:02:01:
116176 ID 0x2E8 LEN 3 91:02:01:
116188 ID 0x3FF LEN 2 92:01:
116204 ID 0x3CF LEN 1 69:
116224 ID 0x3BF LEN 2 49:00:
116277 ID 0x2E8 LEN 3 91:02:01:
116336 ID 0x3AF LEN 2 59:00:
116375 ID 0x2E8 LEN 3 91:02:01:
116476 ID 0x2E8 LEN 3 91:02:01:
116578 ID 0x2E8 LEN 3 91:02:01:
116676 ID 0x2E8 LEN 3 91:02:01:
116687 ID 0x3FF LEN 2 92:01:
116707 ID 0x3CF LEN 1 69:
116723 ID 0x3BF LEN 2 49:00:
116777 ID 0x2E8 LEN 3 91:02:01:
116836 ID 0x3AF LEN 2 59:00:
116876 ID 0x2E8 LEN 3 91:02:01:
116919 ID 0x2D0 LEN 5 12:00:31:31:00:
116976 ID 0x2E8 LEN 3 91:02:01:
117078 ID 0x2E8 LEN 3 91:02:01:
117176 ID 0x2E8 LEN 3 91:02:01:
117187 ID 0x3FF LEN 2 92:01:
117211 ID 0x3CF LEN 1 69:
117223 ID 0x3BF LEN 2 49:00:
117277 ID 0x2E8 LEN 3 91:02:01:
117337 ID 0x3AF LEN 2 59:00:
117376 ID 0x2E8 LEN 3 91:02:01:
117477 ID 0x2E8 LEN 3 91:02:01:
117577 ID 0x2E8 LEN 3 91:02:01:
117676 ID 0x2E8 LEN 3 91:02:01:
117687 ID 0x3FF LEN 2 92:01:
117719 ID 0x3CF LEN 1 69:
117723 ID 0x3BF LEN 2 49:00:
117777 ID 0x2E8 LEN 3 91:02:01:
117836 ID 0x3AF LEN 2 59:00:
117875 ID 0x2E8 LEN 3 91:02:01:
117951 ID 0x2D0 LEN 5 12:00:31:31:00:
117977 ID 0x2E8 LEN 3 91:02:01:
118078 ID 0x2E8 LEN 3 91:02:01:
118176 ID 0x2E8 LEN 3 91:02:01:
118188 ID 0x3FF LEN 2 92:01:
118222 ID 0x3CF LEN 1 69:
118223 ID 0x3BF LEN 2 49:00:
118278 ID 0x2E8 LEN 3 91:02:01:
118336 ID 0x3AF LEN 2 59:00:
118376 ID 0x2E8 LEN 3 91:02:01:
118476 ID 0x2E8 LEN 3 91:02:01:
118576 ID 0x2E8 LEN 3 91:02:01:
118675 ID 0x2E8 LEN 3 91:02:01:
118686 ID 0x3FF LEN 2 92:01:
118723 ID 0x3BF LEN 2 49:00:
118730 ID 0x3CF LEN 1 69:
118776 ID 0x2E8 LEN 3 91:02:01:
118836 ID 0x3AF LEN 2 59:00:
118875 ID 0x2E8 LEN 3 91:02:01:
118976 ID 0x2E8 LEN 3 91:02:01:
118983 ID 0x2D0 LEN 5 12:00:31:31:00:
119076 ID 0x2E8 LEN 3 91:02:01:
119175 ID 0x2E8 LEN 3 91:02:01:
119186 ID 0x3FF LEN 2 92:01:
119223 ID 0x3BF LEN 2 49:00:
119234 ID 0x3CF LEN 1 69:
119276 ID 0x2E8 LEN 3 91:02:01:
119336 ID 0x3AF LEN 2 59:00:
119377 ID 0x2E8 LEN 3 91:02:01:
119476 ID 0x2E8 LEN 3 91:02:01:
119576 ID 0x2E8 LEN 3 91:02:01:
119677 ID 0x2E8 LEN 3 91:02:01:
119686 ID 0x3FF LEN 2 92:01:
119700 ID 0x3EF LEN 3 A6:14:33:
119723 ID 0x3BF LEN 2 49:00:
119741 ID 0x3CF LEN 1 69:
119776 ID 0x2E8 LEN 3 91:02:01:
119836 ID 0x3AF LEN 2 59:00:
119877 ID 0x2E8 LEN 3 91:02:01:
119975 ID 0x2E8 LEN 3 91:02:01:
120015 ID 0x2D0 LEN 5 12:00:31:31:00:
120076 ID 0x2E8 LEN 3 91:02:01:
120177 ID 0x2E8 LEN 3 91:02:01:
120185 ID 0x3FF LEN 2 92:01:
120223 ID 0x3BF LEN 2 49:00:
120246 ID 0x3CF LEN 1 69:
120275 ID 0x2E8 LEN 3 91:02:01:
120336 ID 0x3AF LEN 2 59:00:
120377 ID 0x2E8 LEN 3 91:02:01:
120475 ID 0x2E8 LEN 3 91:02:01:
120577 ID 0x2E8 LEN 3 91:02:01:
120677 ID 0x2E8 LEN 3 91:02:01:
120685 ID 0x3FF LEN 2 92:01:
120723 ID 0x3BF LEN 2 49:00:
120754 ID 0x3CF LEN 1 69:
120775 ID 0x2E8 LEN 3 91:02:01:
120836 ID 0x3AF LEN 2 59:00:
120877 ID 0x2E8 LEN 3 91:02:01:
120975 ID 0x2E8 LEN 3 91:02:01:
121048 ID 0x2D0 LEN 5 12:00:31:31:00:
121076 ID 0x2E8 LEN 3 91:02:01:
121177 ID 0x2E8 LEN 3 91:02:01:
121186 ID 0x3FF LEN 2 92:01:
121223 ID 0x3BF LEN 2 49:00:
121257 ID 0x3CF LEN 1 69:
121276 ID 0x2E8 LEN 3 91:02:01:
121335 ID 0x3AF LEN 2 59:00:
121376 ID 0x2E8 LEN 3 91:02:01:
121475 ID 0x2E8 LEN 3 91:02:01:
121576 ID 0x2E8 LEN 3 91:02:01:
121677 ID 0x2E8 LEN 3 91:02:01:
121686 ID 0x3FF LEN 2 92:01:
121722 ID 0x3BF LEN 2 49:00:
121765 ID 0x3CF LEN 1 69:
121776 ID 0x2E8 LEN 3 91:02:01:
121836 ID 0x3AF LEN 2 59:00:
121877 ID 0x2E8 LEN 3 91:02:01:
121975 ID 0x2E8 LEN 3 91:02:01:
122076 ID 0x2E8 LEN 3 91:02:01:
122081 ID 0x2D0 LEN 5 12:00:31:31:00:
122177 ID 0x2E8 LEN 3 91:02:01:
122185 ID 0x3FF LEN 2 92:01:
122223 ID 0x3BF LEN 2 49:00:
122274 ID 0x3CF LEN 1 69:
122275 ID 0x2E8 LEN 3 91:02:01:
122336 ID 0x3AF LEN 2 59:00:
122377 ID 0x2E8 LEN 3 91:02:01:
122475 ID 0x2E8 LEN 3 91:02:01:
122576 ID 0x2E8 LEN 3 91:02:01:
122675 ID 0x2E8 LEN 3 91:02:01:
122686 ID 0x3FF LEN 2 92:01:
122723 ID 0x3BF LEN 2 49:00:
122776 ID 0x2E8 LEN 3 91:02:01:
122777 ID 0x3CF LEN 1 69:
122835 ID 0x3AF LEN 2 59:00:
122874 ID 0x2E8 LEN 3 91:02:01:
122976 ID 0x2E8 LEN 3 91:02:01:
123076 ID 0x2E8 LEN 3 91:02:01:
123111 ID 0x2D0 LEN 5 12:00:31:31:00:
123174 ID 0x2E8 LEN 3 91:02:01:
123186 ID 0x3FF LEN 2 92:01:
123223 ID 0x3BF LEN 2 49:00:
123276 ID 0x2E8 LEN 3 91:02:01:
123281 ID 0x3CF LEN 1 69:
123335 ID 0x3AF LEN 2 59:00:
123374 ID 0x2E8 LEN 3 91:02:01:
123475 ID 0x2E8 LEN 3 91:02:01:
123576 ID 0x2E8 LEN 3 91:02:01:
123674 ID 0x2E8 LEN 3 91:02:01:
123685 ID 0x3FF LEN 2 92:01:
123726 ID 0x3BF LEN 2 49:00:
123731 ID 0x3EF LEN 3 A6:14:32:
123776 ID 0x2E8 LEN 3 91:02:01:
123799 ID 0x3CF LEN 1 69:
123836 ID 0x3AF LEN 2 59:00:
123877 ID 0x2E8 LEN 3 91:02:01:
123974 ID 0x2E8 LEN 3 91:02:01:
124076 ID 0x2E8 LEN 3 91:02:01:
124143 ID 0x2D0 LEN 5 12:00:31:31:00:
124177 ID 0x2E8 LEN 3 91:02:01:
124185 ID 0x3FF LEN 2 92:01:
124222 ID 0x3BF LEN 2 49:00:
124275 ID 0x2E8 LEN 3 91:02:01:
124301 ID 0x3CF LEN 1 69:
124336 ID 0x3AF LEN 2 59:00:
124377 ID 0x2E8 LEN 3 91:02:01:
124474 ID 0x2E8 LEN 3 91:02:01:
124575 ID 0x2E8 LEN 3 91:02:01:
124677 ID 0x2E8 LEN 3 91:02:01:
124685 ID 0x3FF LEN 2 92:01:
124723 ID 0x3BF LEN 2 49:00:
124738 ID 0x3EF LEN 3 A6:14:30:
124775 ID 0x2E8 LEN 3 91:02:01:
124808 ID 0x3CF LEN 1 69:
124835 ID 0x3AF LEN 2 59:00:
124876 ID 0x2E8 LEN 3 91:02:01:
124975 ID 0x2E8 LEN 3 91:02:01:
125076 ID 0x2E8 LEN 3 91:02:01:
125174 ID 0x2E8 LEN 3 91:02:01:
125176 ID 0x2D0 LEN 5 12:00:31:31:00:
125185 ID 0x3FF LEN 2 92:01:
125222 ID 0x3BF LEN 2 49:00:
125275 ID 0x2E8 LEN 3 91:02:01:
125317 ID 0x3CF LEN 1 69:
125336 ID 0x3AF LEN 2 59:00:
125376 ID 0x2E8 LEN 3 91:02:01:
125474 ID 0x2E8 LEN 3 91:02:01:
125576 ID 0x2E8 LEN 3 91:02:01:
125676 ID 0x2E8 LEN 3 91:02:01:
125684 ID 0x3FF LEN 2 92:01:
125722 ID 0x3BF LEN 2 49:00:
125747 ID 0x3EF LEN 3 A6:14:31:
125774 ID 0x2E8 LEN 3 91:02:01:
125820 ID 0x3CF LEN 1 69:
125836 ID 0x3AF LEN 2 59:00:
125876 ID 0x2E8 LEN 3 91:02:01:
125974 ID 0x2E8 LEN 3 91:02:01:
126075 ID 0x2E8 LEN 3 91:02:01:
126176 ID 0x2E8 LEN 3 91:02:01:
126184 ID 0x3FF LEN 2 92:01:
126208 ID 0x2D0 LEN 5 12:00:31:31:00:
126222 ID 0x3BF LEN 2 49:00:
126274 ID 0x2E8 LEN 3 91:02:01:
126324 ID 0x3CF LEN 1 69:
126336 ID 0x3AF LEN 2 59:00:
126375 ID 0x2E8 LEN 3 91:02:01:
126474 ID 0x2E8 LEN 3 91:02:01:
126575 ID 0x2E8 LEN 3 91:02:01:
126675 ID 0x2E8 LEN 3 91:02:01:
126685 ID 0x3FF LEN 2 92:01:
126723 ID 0x3BF LEN 2 49:00:
126755 ID 0x3EF LEN 3 A6:14:30:
126775 ID 0x2E8 LEN 3 91:02:01:
126835 ID 0x3AF LEN 2 59:00:
126837 ID 0x3CF LEN 1 69:
126875 ID 0x2E8 LEN 3 91:02:01:
126973 ID 0x2E8 LEN 3 91:02:01:
127075 ID 0x2E8 LEN 3 91:02:01:
127173 ID 0x2E8 LEN 3 91:02:01:
127184 ID 0x3FF LEN 2 92:01:
127222 ID 0x3BF LEN 2 49:00:
127239 ID 0x2D0 LEN 5 12:00:31:31:00:
127275 ID 0x2E8 LEN 3 91:02:01:
127335 ID 0x3AF LEN 2 59:00:
127343 ID 0x3CF LEN 1 69:
127376 ID 0x2E8 LEN 3 91:02:01:
127474 ID 0x2E8 LEN 3 91:02:01:
127575 ID 0x2E8 LEN 3 91:02:01:
127673 ID 0x2E8 LEN 3 91:02:01:
127684 ID 0x3FF LEN 2 92:01:
127722 ID 0x3BF LEN 2 49:00:
127774 ID 0x2E8 LEN 3 91:02:01:
127835 ID 0x3AF LEN 2 59:00:
127851 ID 0x3CF LEN 1 69:
127876 ID 0x2E8 LEN 3 91:02:01:
127974 ID 0x2E8 LEN 3 91:02:01:
128074 ID 0x2E8 LEN 3 91:02:01:
128176 ID 0x2E8 LEN 3 91:02:01:
128184 ID 0x3FF LEN 2 92:01:
128222 ID 0x3BF LEN 2 49:00:
128272 ID 0x2D0 LEN 5 12:00:31:31:00:
128274 ID 0x2E8 LEN 3 91:02:01:
128335 ID 0x3AF LEN 2 59:00:
128359 ID 0x3CF LEN 1 69:
128375 ID 0x2E8 LEN 3 91:02:01:
128474 ID 0x2E8 LEN 3 91:02:01:
128575 ID 0x2E8 LEN 3 91:02:01:
128675 ID 0x2E8 LEN 3 91:02:01:
128685 ID 0x3FF LEN 2 92:01:
128722 ID 0x3BF LEN 2 49:00:
128774 ID 0x2E8 LEN 3 91:02:01:
128835 ID 0x3AF LEN 2 59:00:
128863 ID 0x3CF LEN 1 69:
128875 ID 0x2E8 LEN 3 91:02:01:
128973 ID 0x2E8 LEN 3 91:02:01:
129075 ID 0x2E8 LEN 3 91:02:01:
129175 ID 0x2E8 LEN 3 91:02:01:
129184 ID 0x3FF LEN 2 92:01:
129222 ID 0x3BF LEN 2 49:00:
129274 ID 0x2E8 LEN 3 91:02:01:
129303 ID 0x2D0 LEN 5 12:00:31:31:00:
129335 ID 0x3AF LEN 2 59:00:
129371 ID 0x3CF LEN 1 69:
129375 ID 0x2E8 LEN 3 91:02:01:
129473 ID 0x2E8 LEN 3 91:02:01:
129574 ID 0x2E8 LEN 3 91:02:01:
129676 ID 0x2E8 LEN 3 91:02:01:
129684 ID 0x3FF LEN 2 92:01:
129722 ID 0x3BF LEN 2 49:00:
129774 ID 0x2E8 LEN 3 91:02:01:
129835 ID 0x3AF LEN 2 59:00:
129874 ID 0x2E8 LEN 3 91:02:01:
129879 ID 0x3CF LEN 1 69:
129974 ID 0x2E8 LEN 3 91:02:01:
130074 ID 0x2E8 LEN 3 91:02:01:
130176 ID 0x2E8 LEN 3 91:02:01:
130184 ID 0x3FF LEN 2 92:01:
130223 ID 0x3BF LEN 2 49:00:
130274 ID 0x2E8 LEN 3 91:02:01:
130335 ID 0x2D0 LEN 5 12:00:31:31:00:
130337 ID 0x3AF LEN 2 59:00:
130375 ID 0x2E8 LEN 3 91:02:01:
130382 ID 0x3CF LEN 1 69:
130473 ID 0x2E8 LEN 3 91:02:01:
130574 ID 0x2E8 LEN 3 91:02:01:
130675 ID 0x2E8 LEN 3 91:02:01:
130683 ID 0x3FF LEN 2 92:01:
130721 ID 0x3BF LEN 2 49:00:
130774 ID 0x2E8 LEN 3 91:02:01:
130835 ID 0x3AF LEN 2 59:00:
130875 ID 0x2E8 LEN 3 91:02:01:
130890 ID 0x3CF LEN 1 69:
130973 ID 0x2E8 LEN 3 91:02:01:
131075 ID 0x2E8 LEN 3 91:02:01:
131175 ID 0x2E8 LEN 3 91:02:01:
131183 ID 0x3FF LEN 2 92:01:
131222 ID 0x3BF LEN 2 49:00:
131273 ID 0x2E8 LEN 3 91:02:01:
131335 ID 0x3AF LEN 2 59:00:
131367 ID 0x2D0 LEN 5 12:00:31:31:00:
131375 ID 0x2E8 LEN 3 91:02:01:
131398 ID 0x3CF LEN 1 69:
131473 ID 0x2E8 LEN 3 91:02:01:
131574 ID 0x2E8 LEN 3 91:02:01:
131673 ID 0x2E8 LEN 3 91:02:01:
131684 ID 0x3FF LEN 2 92:01:
131722 ID 0x3BF LEN 2 49:00:
131774 ID 0x2E8 LEN 3 91:02:01:
131834 ID 0x3AF LEN 2 59:00:
131872 ID 0x2E8 LEN 3 91:02:01:
131902 ID 0x3CF LEN 1 69:
131974 ID 0x2E8 LEN 3 91:02:01:
132074 ID 0x2E8 LEN 3 91:02:01:
132172 ID 0x2E8 LEN 3 91:02:01:
132184 ID 0x3FF LEN 2 92:01:
132221 ID 0x3BF LEN 2 49:00:
132274 ID 0x2E8 LEN 3 91:02:01:
132335 ID 0x3AF LEN 2 59:00:
132375 ID 0x2E8 LEN 3 91:02:01:
132399 ID 0x2D0 LEN 5 12:00:31:31:00:
132406 ID 0x3CF LEN 1 69:
132473 ID 0x2E8 LEN 3 91:02:01:
132574 ID 0x2E8 LEN 3 91:02:01:
132672 ID 0x2E8 LEN 3 91:02:01:
132683 ID 0x3FF LEN 2 92:01:
132721 ID 0x3BF LEN 2 49:00:
132773 ID 0x2E8 LEN 3 91:02:01:
132835 ID 0x3AF LEN 2 59:00:
132872 ID 0x2E8 LEN 3 91:02:01:
132910 ID 0x3CF LEN 1 69:
132973 ID 0x2E8 LEN 3 91:02:01:
133074 ID 0x2E8 LEN 3 91:02:01:
133173 ID 0x2E8 LEN 3 91:02:01:
133183 ID 0x3FF LEN 2 92:01:
133222 ID 0x3BF LEN 2 49:00:
133273 ID 0x2E8 LEN 3 91:02:01:
133335 ID 0x3AF LEN 2 59:00:
133374 ID 0x2E8 LEN 3 91:02:01:
133414 ID 0x3CF LEN 1 69:
133432 ID 0x2D0 LEN 5 12:00:31:31:00:
133473 ID 0x2E8 LEN 3 91:02:01:
133574 ID 0x2E8 LEN 3 91:02:01:
133675 ID 0x2E8 LEN 3 91:02:01:
133683 ID 0x3FF LEN 2 92:01:
133722 ID 0x3BF LEN 2 49:00:
133773 ID 0x2E8 LEN 3 91:02:01:
133834 ID 0x3AF LEN 2 59:00:
133873 ID 0x2E8 LEN 3 91:02:01:
133916 ID 0x3CF LEN 1 69:
133972 ID 0x2E8 LEN 3 91:02:01:
134073 ID 0x2E8 LEN 3 91:02:01:
134174 ID 0x2E8 LEN 3 91:02:01:
134182 ID 0x3FF LEN 2 92:01:
134221 ID 0x3BF LEN 2 49:00:
134273 ID 0x2E8 LEN 3 91:02:01:
134334 ID 0x3AF LEN 2 59:00:
134374 ID 0x2E8 LEN 3 91:02:01:
134424 ID 0x3CF LEN 1 69:
134464 ID 0x2D0 LEN 5 12:00:31:31:00:
134472 ID 0x2E8 LEN 3 91:02:01:
134573 ID 0x2E8 LEN 3 91:02:01:
