CAN Receiver
Starting receiving CAN:
8 ID 0x2E8 LEN 3 91:02:01:
18 ID 0x3FF LEN 2 92:01:
37 ID 0x3CF LEN 1 69:
83 ID 0x3BF LEN 2 49:00:
108 ID 0x2E8 LEN 3 91:02:01:
197 ID 0x3AF LEN 2 59:00:
206 ID 0x2E8 LEN 3 91:02:01:
308 ID 0x2E8 LEN 3 91:02:01:
395 ID 0x2D0 LEN 5 12:00:31:31:00:
409 ID 0x2E8 LEN 3 91:02:01:
507 ID 0x2E8 LEN 3 91:02:01:
519 ID 0x3FF LEN 2 92:01:
545 ID 0x3CF LEN 1 69:
583 ID 0x3BF LEN 2 49:00:
608 ID 0x2E8 LEN 3 91:02:01:
697 ID 0x3AF LEN 2 59:00:
707 ID 0x2E8 LEN 3 91:02:01:
807 ID 0x2E8 LEN 3 91:02:01:
909 ID 0x2E8 LEN 3 91:02:01:
1007 ID 0x2E8 LEN 3 91:02:01:
1018 ID 0x3FF LEN 2 92:01:
1053 ID 0x3CF LEN 1 69:
1084 ID 0x3BF LEN 2 49:00:
1108 ID 0x2E8 LEN 3 91:02:01:
1197 ID 0x3AF LEN 2 59:00:
1207 ID 0x2E8 LEN 3 91:02:01:
1307 ID 0x2E8 LEN 3 91:02:01:
1409 ID 0x2E8 LEN 3 91:02:01:
1427 ID 0x2D0 LEN 5 12:00:31:31:00:
1507 ID 0x2E8 LEN 3 91:02:01:
1518 ID 0x3FF LEN 2 92:01:
1557 ID 0x3CF LEN 1 69:
1584 ID 0x3BF LEN 2 49:00:
1608 ID 0x2E8 LEN 3 91:02:01:
1696 ID 0x3AF LEN 2 59:00:
1707 ID 0x2E8 LEN 3 91:02:01:
1808 ID 0x2E8 LEN 3 91:02:01:
1908 ID 0x2E8 LEN 3 91:02:01:
2007 ID 0x2E8 LEN 3 91:02:01:
2018 ID 0x3FF LEN 2 92:01:
2066 ID 0x3CF LEN 1 69:
2083 ID 0x3BF LEN 2 49:00:
2108 ID 0x2E8 LEN 3 91:02:01:
2196 ID 0x3AF LEN 2 59:00:
2206 ID 0x2E8 LEN 3 91:02:01:
2308 ID 0x2E8 LEN 3 91:02:01:
2408 ID 0x2E8 LEN 3 91:02:01:
2458 ID 0x2D0 LEN 5 12:00:31:31:00:
2507 ID 0x2E8 LEN 3 91:02:01:
2518 ID 0x3FF LEN 2 92:01:
2569 ID 0x3CF LEN 1 69:
2583 ID 0x3BF LEN 2 49:00:
2608 ID 0x2E8 LEN 3 91:02:01:
2697 ID 0x3AF LEN 2 59:00:
2706 ID 0x2E8 LEN 3 91:02:01:
2807 ID 0x2E8 LEN 3 91:02:01:
2909 ID 0x2E8 LEN 3 91:02:01:
3007 ID 0x2E8 LEN 3 91:02:01:
3017 ID 0x3FF LEN 2 92:01:
3077 ID 0x3CF LEN 1 69:
3084 ID 0x3BF LEN 2 49:00:
3107 ID 0x2E8 LEN 3 91:02:01:
3196 ID 0x3AF LEN 2 59:00:
3209 ID 0x2E8 LEN 3 91:02:01:
3307 ID 0x2E8 LEN 3 91:02:01:
3408 ID 0x2E8 LEN 3 91:02:01:
3490 ID 0x2D0 LEN 5 12:00:31:31:00:
3507 ID 0x2E8 LEN 3 91:02:01:
3518 ID 0x3FF LEN 2 92:01:
3584 ID 0x3BF LEN 2 49:00:
3585 ID 0x3CF LEN 1 69:
3608 ID 0x2E8 LEN 3 91:02:01:
3696 ID 0x3AF LEN 2 59:00:
3706 ID 0x2E8 LEN 3 91:02:01:
3808 ID 0x2E8 LEN 3 91:02:01:
3908 ID 0x2E8 LEN 3 91:02:01:
4006 ID 0x2E8 LEN 3 91:02:01:
4018 ID 0x3FF LEN 2 92:01:
4083 ID 0x3BF LEN 2 49:00:
4092 ID 0x3CF LEN 1 69:
4108 ID 0x2E8 LEN 3 91:02:01:
4196 ID 0x3AF LEN 2 59:00:
4206 ID 0x2E8 LEN 3 91:02:01:
4307 ID 0x2E8 LEN 3 91:02:01:
4409 ID 0x2E8 LEN 3 91:02:01:
4507 ID 0x2E8 LEN 3 91:02:01:
4518 ID 0x3FF LEN 2 92:01:
4523 ID 0x2D0 LEN 5 12:00:31:31:00:
4584 ID 0x3BF LEN 2 49:00:
4600 ID 0x3CF LEN 1 69:
4608 ID 0x2E8 LEN 3 91:02:01:
4697 ID 0x3AF LEN 2 59:00:
4706 ID 0x2E8 LEN 3 91:02:01:
4807 ID 0x2E8 LEN 3 91:02:01:
4909 ID 0x2E8 LEN 3 91:02:01:
5006 ID 0x2E8 LEN 3 91:02:01:
5017 ID 0x3FF LEN 2 92:01:
5084 ID 0x3BF LEN 2 49:00:
5104 ID 0x3CF LEN 1 69:
5107 ID 0x2E8 LEN 3 91:02:01:
5196 ID 0x3AF LEN 2 59:00:
5206 ID 0x2E8 LEN 3 91:02:01:
5307 ID 0x2E8 LEN 3 91:02:01:
5407 ID 0x2E8 LEN 3 91:02:01:
5507 ID 0x2E8 LEN 3 91:02:01:
5518 ID 0x3FF LEN 2 92:01:
5555 ID 0x2D0 LEN 5 12:00:31:31:00:
5583 ID 0x3BF LEN 2 49:00:
5607 ID 0x2E8 LEN 3 91:02:01:
5612 ID 0x3CF LEN 1 69:
5696 ID 0x3AF LEN 2 59:00:
5705 ID 0x2E8 LEN 3 91:02:01:
5777 ID 0x3EF LEN 3 A6:14:34:
5807 ID 0x2E8 LEN 3 91:02:01:
5908 ID 0x2E8 LEN 3 91:02:01:
6006 ID 0x2E8 LEN 3 91:02:01:
6018 ID 0x3FF LEN 2 92:01:
6083 ID 0x3BF LEN 2 49:00:
6108 ID 0x2E8 LEN 3 91:02:01:
6119 ID 0x3CF LEN 1 69:
6196 ID 0x3AF LEN 2 59:00:
6206 ID 0x2E8 LEN 3 91:02:01:
6307 ID 0x2E8 LEN 3 91:02:01:
6406 ID 0x2E8 LEN 3 91:02:01:
6507 ID 0x2E8 LEN 3 91:02:01:
6518 ID 0x3FF LEN 2 92:01:
6587 ID 0x3BF LEN 2 49:00:
6588 ID 0x2D0 LEN 5 12:00:31:31:00:
6607 ID 0x2E8 LEN 3 91:02:01:
6624 ID 0x3CF LEN 1 69:
6696 ID 0x3AF LEN 2 59:00:
6706 ID 0x2E8 LEN 3 91:02:01:
6807 ID 0x2E8 LEN 3 91:02:01:
6907 ID 0x2E8 LEN 3 91:02:01:
7007 ID 0x2E8 LEN 3 91:02:01:
7018 ID 0x3FF LEN 2 92:01:
7083 ID 0x3BF LEN 2 49:00:
7107 ID 0x2E8 LEN 3 91:02:01:
7131 ID 0x3CF LEN 1 69:
7196 ID 0x3AF LEN 2 59:00:
7205 ID 0x2E8 LEN 3 91:02:01:
7307 ID 0x2E8 LEN 3 91:02:01:
7408 ID 0x2E8 LEN 3 91:02:01:
7506 ID 0x2E8 LEN 3 91:02:01:
7518 ID 0x3FF LEN 2 92:01:
7583 ID 0x3BF LEN 2 49:00:
7607 ID 0x2E8 LEN 3 91:02:01:
7619 ID 0x2D0 LEN 5 12:00:31:31:00:
7639 ID 0x3CF LEN 1 69:
7696 ID 0x3AF LEN 2 59:00:
7705 ID 0x2E8 LEN 3 91:02:01:
7806 ID 0x2E8 LEN 3 91:02:01:
7908 ID 0x2E8 LEN 3 91:02:01:
8006 ID 0x2E8 LEN 3 91:02:01:
8016 ID 0x3FF LEN 2 92:01:
8083 ID 0x3BF LEN 2 49:00:
8107 ID 0x2E8 LEN 3 91:02:01:
8146 ID 0x3CF LEN 1 69:
8196 ID 0x3AF LEN 2 59:00:
8205 ID 0x2E8 LEN 3 91:02:01:
8306 ID 0x2E8 LEN 3 91:02:01:
8408 ID 0x2E8 LEN 3 91:02:01:
8506 ID 0x2E8 LEN 3 91:02:01:
8517 ID 0x3FF LEN 2 92:01:
8583 ID 0x3BF LEN 2 49:00:
8607 ID 0x2E8 LEN 3 91:02:01:
8650 ID 0x3CF LEN 1 69:
8651 ID 0x2D0 LEN 5 12:00:31:31:00:
8696 ID 0x3AF LEN 2 59:00:
8706 ID 0x2E8 LEN 3 91:02:01:
8807 ID 0x2E8 LEN 3 91:02:01:
8907 ID 0x2E8 LEN 3 91:02:01:
9006 ID 0x2E8 LEN 3 91:02:01:
9017 ID 0x3FF LEN 2 92:01:
9082 ID 0x3BF LEN 2 49:00:
9107 ID 0x2E8 LEN 3 91:02:01:
9156 ID 0x3CF LEN 1 69:
9196 ID 0x3AF LEN 2 59:00:
9205 ID 0x2E8 LEN 3 91:02:01:
9307 ID 0x2E8 LEN 3 91:02:01:
9407 ID 0x2E8 LEN 3 91:02:01:
9505 ID 0x2E8 LEN 3 91:02:01:
9517 ID 0x3FF LEN 2 92:01:
9583 ID 0x3BF LEN 2 49:00:
9607 ID 0x2E8 LEN 3 91:02:01:
9658 ID 0x3CF LEN 1 69:
9682 ID 0x2D0 LEN 5 12:00:31:31:00:
9696 ID 0x3AF LEN 2 59:00:
9705 ID 0x2E8 LEN 3 91:02:01:
9806 ID 0x2E8 LEN 3 91:02:01:
9908 ID 0x2E8 LEN 3 91:02:01:
10006 ID 0x2E8 LEN 3 91:02:01:
10017 ID 0x3FF LEN 2 92:01:
10083 ID 0x3BF LEN 2 49:00:
10107 ID 0x2E8 LEN 3 91:02:01:
10170 ID 0x3CF LEN 1 69:
10196 ID 0x3AF LEN 2 59:00:
10205 ID 0x2E8 LEN 3 91:02:01:
10306 ID 0x2E8 LEN 3 91:02:01:
10407 ID 0x2E8 LEN 3 91:02:01:
10507 ID 0x2E8 LEN 3 91:02:01:
10516 ID 0x3FF LEN 2 92:01:
10583 ID 0x3BF LEN 2 49:00:
10606 ID 0x2E8 LEN 3 91:02:01:
10678 ID 0x3CF LEN 1 69:
10696 ID 0x3AF LEN 2 59:00:
10706 ID 0x2E8 LEN 3 91:02:01:
10715 ID 0x2D0 LEN 5 12:00:31:31:00:
10805 ID 0x2E8 LEN 3 91:02:01:
10906 ID 0x2E8 LEN 3 91:02:01:
11008 ID 0x2E8 LEN 3 91:02:01:
11016 ID 0x3FF LEN 2 92:01:
11082 ID 0x3BF LEN 2 49:00:
11106 ID 0x2E8 LEN 3 91:02:01:
11186 ID 0x3CF LEN 1 69:
11196 ID 0x3AF LEN 2 59:00:
11206 ID 0x2E8 LEN 3 91:02:01:
11304 ID 0x2E8 LEN 3 91:02:01:
11406 ID 0x2E8 LEN 3 91:02:01:
11507 ID 0x2E8 LEN 3 91:02:01:
11515 ID 0x3FF LEN 2 92:01:
11583 ID 0x3BF LEN 2 49:00:
11606 ID 0x2E8 LEN 3 91:02:01:
11689 ID 0x3CF LEN 1 69:
11696 ID 0x3AF LEN 2 59:00:
11706 ID 0x2E8 LEN 3 91:02:01:
11747 ID 0x2D0 LEN 5 12:00:31:31:00:
11805 ID 0x2E8 LEN 3 91:02:01:
11906 ID 0x2E8 LEN 3 91:02:01:
12007 ID 0x2E8 LEN 3 91:02:01:
12015 ID 0x3FF LEN 2 92:01:
12083 ID 0x3BF LEN 2 49:00:
12105 ID 0x2E8 LEN 3 91:02:01:
12195 ID 0x3AF LEN 2 59:00:
12197 ID 0x3CF LEN 1 69:
12206 ID 0x2E8 LEN 3 91:02:01:
12305 ID 0x2E8 LEN 3 91:02:01:
12405 ID 0x2E8 LEN 3 91:02:01:
12507 ID 0x2E8 LEN 3 91:02:01:
12515 ID 0x3FF LEN 2 92:01:
12582 ID 0x3BF LEN 2 49:00:
12605 ID 0x2E8 LEN 3 91:02:01:
12696 ID 0x3AF LEN 2 59:00:
12705 ID 0x3CF LEN 1 69:
12706 ID 0x2E8 LEN 3 91:02:01:
12779 ID 0x2D0 LEN 5 12:00:31:31:00:
12805 ID 0x2E8 LEN 3 91:02:01:
12906 ID 0x2E8 LEN 3 91:02:01:
13006 ID 0x2E8 LEN 3 91:02:01:
13015 ID 0x3FF LEN 2 92:01:
13082 ID 0x3BF LEN 2 49:00:
13105 ID 0x2E8 LEN 3 91:02:01:
13196 ID 0x3AF LEN 2 59:00:
13206 ID 0x2E8 LEN 3 91:02:01:
13212 ID 0x3CF LEN 1 69:
13304 ID 0x2E8 LEN 3 91:02:01:
13406 ID 0x2E8 LEN 3 91:02:01:
13506 ID 0x2E8 LEN 3 91:02:01:
13514 ID 0x3FF LEN 2 92:01:
13583 ID 0x3BF LEN 2 49:00:
13604 ID 0x2E8 LEN 3 91:02:01:
13696 ID 0x3AF LEN 2 59:00:
13706 ID 0x2E8 LEN 3 91:02:01:
13713 ID 0x3CF LEN 1 69:
13804 ID 0x2E8 LEN 3 91:02:01:
13811 ID 0x2D0 LEN 5 12:00:31:31:00:
13840 ID 0x3EF LEN 3 A6:13:34:
13905 ID 0x2E8 LEN 3 91:02:01:
14006 ID 0x2E8 LEN 3 91:02:01:
14014 ID 0x3FF LEN 2 92:01:
14083 ID 0x3BF LEN 2 49:00:
14104 ID 0x2E8 LEN 3 91:02:01:
14195 ID 0x3AF LEN 2 59:00:
14205 ID 0x2E8 LEN 3 91:02:01:
14217 ID 0x3CF LEN 1 69:
14304 ID 0x2E8 LEN 3 91:02:01:
14405 ID 0x2E8 LEN 3 91:02:01:
14507 ID 0x2E8 LEN 3 91:02:01:
14515 ID 0x3FF LEN 2 92:01:
14582 ID 0x3BF LEN 2 49:00:
14604 ID 0x2E8 LEN 3 91:02:01:
14695 ID 0x3AF LEN 2 59:00:
14705 ID 0x2E8 LEN 3 91:02:01:
14725 ID 0x3CF LEN 1 69:
14804 ID 0x2E8 LEN 3 91:02:01:
14855 ID 0x2D0 LEN 5 12:00:31:31:00:
14905 ID 0x2E8 LEN 3 91:02:01:
15006 ID 0x2E8 LEN 3 91:02:01:
15014 ID 0x3FF LEN 2 92:01:
15083 ID 0x3BF LEN 2 49:00:
15105 ID 0x2E8 LEN 3 91:02:01:
15196 ID 0x3AF LEN 2 59:00:
15205 ID 0x2E8 LEN 3 91:02:01:
15228 ID 0x3CF LEN 1 69:
15306 ID 0x2E8 LEN 3 91:02:01:
15405 ID 0x2E8 LEN 3 91:02:01:
15506 ID 0x2E8 LEN 3 91:02:01:
15514 ID 0x3FF LEN 2 92:01:
15583 ID 0x3BF LEN 2 49:00:
15604 ID 0x2E8 LEN 3 91:02:01:
15695 ID 0x3AF LEN 2 59:00:
15705 ID 0x2E8 LEN 3 91:02:01:
15735 ID 0x3CF LEN 1 69:
15806 ID 0x2E8 LEN 3 91:02:01:
15876 ID 0x2D0 LEN 5 12:00:31:31:00:
15904 ID 0x2E8 LEN 3 91:02:01:
16006 ID 0x2E8 LEN 3 91:02:01:
16016 ID 0x3FF LEN 2 92:01:
16082 ID 0x3BF LEN 2 49:00:
16106 ID 0x2E8 LEN 3 91:02:01:
16195 ID 0x3AF LEN 2 59:00:
16204 ID 0x2E8 LEN 3 91:02:01:
16244 ID 0x3CF LEN 1 69:
16306 ID 0x2E8 LEN 3 91:02:01:
16404 ID 0x2E8 LEN 3 91:02:01:
16505 ID 0x2E8 LEN 3 91:02:01:
16514 ID 0x3FF LEN 2 92:01:
16582 ID 0x3BF LEN 2 49:00:
16606 ID 0x2E8 LEN 3 91:02:01:
16695 ID 0x3AF LEN 2 59:00:
16705 ID 0x2E8 LEN 3 91:02:01:
16751 ID 0x3CF LEN 1 69:
16805 ID 0x2E8 LEN 3 91:02:01:
16904 ID 0x2E8 LEN 3 91:02:01:
16909 ID 0x2D0 LEN 5 12:00:31:31:00:
17005 ID 0x2E8 LEN 3 91:02:01:
17013 ID 0x3FF LEN 2 92:01:
17082 ID 0x3BF LEN 2 49:00:
17106 ID 0x2E8 LEN 3 91:02:01:
17196 ID 0x3AF LEN 2 59:00:
17205 ID 0x2E8 LEN 3 91:02:01:
17255 ID 0x3CF LEN 1 69:
17305 ID 0x2E8 LEN 3 91:02:01:
17404 ID 0x2E8 LEN 3 91:02:01:
17505 ID 0x2E8 LEN 3 91:02:01:
17514 ID 0x3FF LEN 2 92:01:
17583 ID 0x3BF LEN 2 49:00:
17604 ID 0x2E8 LEN 3 91:02:01:
17695 ID 0x3AF LEN 2 59:00:
17705 ID 0x2E8 LEN 3 91:02:01:
17759 ID 0x3CF LEN 1 69:
17804 ID 0x2E8 LEN 3 91:02:01:
17904 ID 0x2E8 LEN 3 91:02:01:
17941 ID 0x2D0 LEN 5 12:00:31:31:00:
18006 ID 0x2E8 LEN 3 91:02:01:
18014 ID 0x3FF LEN 2 92:01:
18082 ID 0x3BF LEN 2 49:00:
18104 ID 0x2E8 LEN 3 91:02:01:
18195 ID 0x3AF LEN 2 59:00:
18205 ID 0x2E8 LEN 3 91:02:01:
18263 ID 0x3CF LEN 1 69:
18304 ID 0x2E8 LEN 3 91:02:01:
18405 ID 0x2E8 LEN 3 91:02:01:
18505 ID 0x2E8 LEN 3 91:02:01:
18513 ID 0x3FF LEN 2 92:01:
18582 ID 0x3BF LEN 2 49:00:
18604 ID 0x2E8 LEN 3 91:02:01:
18695 ID 0x3AF LEN 2 59:00:
18705 ID 0x2E8 LEN 3 91:02:01:
18770 ID 0x3CF LEN 1 69:
18803 ID 0x2E8 LEN 3 91:02:01:
18905 ID 0x2E8 LEN 3 91:02:01:
18972 ID 0x2D0 LEN 5 12:00:31:31:00:
19005 ID 0x2E8 LEN 3 91:02:01:
19013 ID 0x3FF LEN 2 92:01:
19082 ID 0x3BF LEN 2 49:00:
19103 ID 0x2E8 LEN 3 91:02:01:
19195 ID 0x3AF LEN 2 59:00:
19205 ID 0x2E8 LEN 3 91:02:01:
19274 ID 0x3CF LEN 1 69:
19303 ID 0x2E8 LEN 3 91:02:01:
19404 ID 0x2E8 LEN 3 91:02:01:
19506 ID 0x2E8 LEN 3 91:02:01:
19514 ID 0x3FF LEN 2 92:01:
19581 ID 0x3BF LEN 2 49:00:
19603 ID 0x2E8 LEN 3 91:02:01:
19695 ID 0x3AF LEN 2 59:00:
19704 ID 0x2E8 LEN 3 91:02:01:
19782 ID 0x3CF LEN 1 69:
19806 ID 0x2E8 LEN 3 91:02:01:
19891 ID 0x3EF LEN 3 A6:14:34:
19904 ID 0x2E8 LEN 3 91:02:01:
20003 ID 0x2D0 LEN 5 12:00:31:31:00:
20005 ID 0x2E8 LEN 3 91:02:01:
20014 ID 0x3FF LEN 2 92:01:
20082 ID 0x3BF LEN 2 49:00:
20103 ID 0x2E8 LEN 3 91:02:01:
20195 ID 0x3AF LEN 2 59:00:
20204 ID 0x2E8 LEN 3 91:02:01:
20290 ID 0x3CF LEN 1 69:
20303 ID 0x2E8 LEN 3 91:02:01:
20404 ID 0x2E8 LEN 3 91:02:01:
20505 ID 0x2E8 LEN 3 91:02:01:
20513 ID 0x3FF LEN 2 92:01:
20582 ID 0x3BF LEN 2 49:00:
20603 ID 0x2E8 LEN 3 91:02:01:
20696 ID 0x3AF LEN 2 59:00:
20705 ID 0x2E8 LEN 3 91:02:01:
20798 ID 0x3CF LEN 1 69:
20803 ID 0x2E8 LEN 3 91:02:01:
20897 ID 0x3EF LEN 3 A6:13:34:
20904 ID 0x2E8 LEN 3 91:02:01:
21005 ID 0x2E8 LEN 3 91:02:01:
21014 ID 0x3FF LEN 2 92:01:
21037 ID 0x2D0 LEN 5 12:00:31:31:00:
21082 ID 0x3BF LEN 2 49:00:
21104 ID 0x2E8 LEN 3 91:02:01:
21195 ID 0x3AF LEN 2 59:00:
21204 ID 0x2E8 LEN 3 91:02:01:
21304 ID 0x2E8 LEN 3 91:02:01:
21306 ID 0x3CF LEN 1 69:
21404 ID 0x2E8 LEN 3 91:02:01:
21506 ID 0x2E8 LEN 3 91:02:01:
21514 ID 0x3FF LEN 2 92:01:
21581 ID 0x3BF LEN 2 49:00:
21604 ID 0x2E8 LEN 3 91:02:01:
21695 ID 0x3AF LEN 2 59:00:
21705 ID 0x2E8 LEN 3 91:02:01:
21804 ID 0x2E8 LEN 3 91:02:01:
21814 ID 0x3CF LEN 1 69:
21904 ID 0x2E8 LEN 3 91:02:01:
22005 ID 0x2E8 LEN 3 91:02:01:
22013 ID 0x3FF LEN 2 92:01:
22068 ID 0x2D0 LEN 5 12:00:31:31:00:
22082 ID 0x3BF LEN 2 49:00:
22104 ID 0x2E8 LEN 3 91:02:01:
22195 ID 0x3AF LEN 2 59:00:
22205 ID 0x2E8 LEN 3 91:02:01:
22303 ID 0x2E8 LEN 3 91:02:01:
22322 ID 0x3CF LEN 1 69:
22405 ID 0x2E8 LEN 3 91:02:01:
22505 ID 0x2E8 LEN 3 91:02:01:
22513 ID 0x3FF LEN 2 92:01:
22582 ID 0x3BF LEN 2 49:00:
22603 ID 0x2E8 LEN 3 91:02:01:
22694 ID 0x3AF LEN 2 59:00:
22705 ID 0x2E8 LEN 3 91:02:01:
22803 ID 0x2E8 LEN 3 91:02:01:
22830 ID 0x3CF LEN 1 69:
22904 ID 0x2E8 LEN 3 91:02:01:
22913 ID 0x3EF LEN 3 A6:14:34:
23003 ID 0x2E8 LEN 3 91:02:01:
23014 ID 0x3FF LEN 2 92:01:
23081 ID 0x3BF LEN 2 49:00:
23101 ID 0x2D0 LEN 5 12:00:31:31:00:
23104 ID 0x2E8 LEN 3 91:02:01:
23195 ID 0x3AF LEN 2 59:00:
23202 ID 0x2E8 LEN 3 91:02:01:
23304 ID 0x2E8 LEN 3 91:02:01:
23337 ID 0x3CF LEN 1 69:
23405 ID 0x2E8 LEN 3 91:02:01:
23502 ID 0x2E8 LEN 3 91:02:01:
23514 ID 0x3FF LEN 2 92:01:
23581 ID 0x3BF LEN 2 49:00:
23604 ID 0x2E8 LEN 3 91:02:01:
23695 ID 0x3AF LEN 2 59:00:
23702 ID 0x2E8 LEN 3 91:02:01:
23803 ID 0x2E8 LEN 3 91:02:01:
23845 ID 0x3CF LEN 1 69:
23905 ID 0x2E8 LEN 3 91:02:01:
24002 ID 0x2E8 LEN 3 91:02:01:
24013 ID 0x3FF LEN 2 92:01:
24082 ID 0x3BF LEN 2 49:00:
24103 ID 0x2E8 LEN 3 91:02:01:
24132 ID 0x2D0 LEN 5 12:00:31:31:00:
24195 ID 0x3AF LEN 2 59:00:
24203 ID 0x2E8 LEN 3 91:02:01:
24303 ID 0x2E8 LEN 3 91:02:01:
24349 ID 0x3CF LEN 1 69:
24404 ID 0x2E8 LEN 3 91:02:01:
24503 ID 0x2E8 LEN 3 91:02:01:
24514 ID 0x3FF LEN 2 92:01:
24582 ID 0x3BF LEN 2 49:00:
24603 ID 0x2E8 LEN 3 91:02:01:
24694 ID 0x3AF LEN 2 59:00:
24702 ID 0x2E8 LEN 3 91:02:01:
24803 ID 0x2E8 LEN 3 91:02:01:
24857 ID 0x3CF LEN 1 69:
24904 ID 0x2E8 LEN 3 91:02:01:
24928 ID 0x3EF LEN 3 A6:13:34:
25003 ID 0x2E8 LEN 3 91:02:01:
25014 ID 0x3FF LEN 2 92:01:
25081 ID 0x3BF LEN 2 49:00:
25104 ID 0x2E8 LEN 3 91:02:01:
25164 ID 0x2D0 LEN 5 12:00:31:31:00:
25195 ID 0x3AF LEN 2 59:00:
25202 ID 0x2E8 LEN 3 91:02:01:
25304 ID 0x2E8 LEN 3 91:02:01:
25361 ID 0x3CF LEN 1 69:
25404 ID 0x2E8 LEN 3 91:02:01:
25502 ID 0x2E8 LEN 3 91:02:01:
25513 ID 0x3FF LEN 2 92:01:
25582 ID 0x3BF LEN 2 49:00:
25604 ID 0x2E8 LEN 3 91:02:01:
25695 ID 0x3AF LEN 2 59:00:
25704 ID 0x2E8 LEN 3 91:02:01:
25803 ID 0x2E8 LEN 3 91:02:01:
25864 ID 0x3CF LEN 1 69:
25904 ID 0x2E8 LEN 3 91:02:01:
26003 ID 0x2E8 LEN 3 91:02:01:
26013 ID 0x3FF LEN 2 92:01:
26082 ID 0x3BF LEN 2 49:00:
26103 ID 0x2E8 LEN 3 91:02:01:
26195 ID 0x2D0 LEN 5 12:00:31:31:00:
26198 ID 0x3AF LEN 2 59:00:
26203 ID 0x2E8 LEN 3 91:02:01:
26303 ID 0x2E8 LEN 3 91:02:01:
26372 ID 0x3CF LEN 1 69:
26402 ID 0x2E8 LEN 3 91:02:01:
26503 ID 0x2E8 LEN 3 91:02:01:
26514 ID 0x3FF LEN 2 92:01:
26582 ID 0x3BF LEN 2 49:00:
26604 ID 0x2E8 LEN 3 91:02:01:
26694 ID 0x3AF LEN 2 59:00:
26702 ID 0x2E8 LEN 3 91:02:01:
26803 ID 0x2E8 LEN 3 91:02:01:
26875 ID 0x3CF LEN 1 69:
26904 ID 0x2E8 LEN 3 91:02:01:
27002 ID 0x2E8 LEN 3 91:02:01:
27014 ID 0x3FF LEN 2 92:01:
27081 ID 0x3BF LEN 2 49:00:
27104 ID 0x2E8 LEN 3 91:02:01:
27195 ID 0x3AF LEN 2 59:00:
27202 ID 0x2E8 LEN 3 91:02:01:
27228 ID 0x2D0 LEN 5 12:00:31:31:00:
27303 ID 0x2E8 LEN 3 91:02:01:
27383 ID 0x3CF LEN 1 69:
27404 ID 0x2E8 LEN 3 91:02:01:
27502 ID 0x2E8 LEN 3 91:02:01:
27513 ID 0x3FF LEN 2 92:01:
27581 ID 0x3BF LEN 2 49:00:
27603 ID 0x2E8 LEN 3 91:02:01:
27695 ID 0x3AF LEN 2 59:00:
27702 ID 0x2E8 LEN 3 91:02:01:
27803 ID 0x2E8 LEN 3 91:02:01:
27889 ID 0x3CF LEN 1 69:
27904 ID 0x2E8 LEN 3 91:02:01:
28002 ID 0x2E8 LEN 3 91:02:01:
28013 ID 0x3FF LEN 2 92:01:
28082 ID 0x3BF LEN 2 49:00:
28103 ID 0x2E8 LEN 3 91:02:01:
28194 ID 0x3AF LEN 2 59:00:
28201 ID 0x2E8 LEN 3 91:02:01:
28260 ID 0x2D0 LEN 5 12:00:31:31:00:
28303 ID 0x2E8 LEN 3 91:02:01:
28391 ID 0x3CF LEN 1 69:
28403 ID 0x2E8 LEN 3 91:02:01:
28502 ID 0x2E8 LEN 3 91:02:01:
28513 ID 0x3FF LEN 2 92:01:
28581 ID 0x3BF LEN 2 49:00:
28603 ID 0x2E8 LEN 3 91:02:01:
28694 ID 0x3AF LEN 2 59:00:
28701 ID 0x2E8 LEN 3 91:02:01:
28803 ID 0x2E8 LEN 3 91:02:01:
28903 ID 0x2E8 LEN 3 91:02:01:
28907 ID 0x3CF LEN 1 69:
29002 ID 0x2E8 LEN 3 91:02:01:
29012 ID 0x3FF LEN 2 92:01:
29081 ID 0x3BF LEN 2 49:00:
29103 ID 0x2E8 LEN 3 91:02:01:
29194 ID 0x3AF LEN 2 59:00:
29201 ID 0x2E8 LEN 3 91:02:01:
29293 ID 0x2D0 LEN 5 12:00:31:31:00:
29302 ID 0x2E8 LEN 3 91:02:01:
29404 ID 0x2E8 LEN 3 91:02:01:
29411 ID 0x3CF LEN 1 69:
29502 ID 0x2E8 LEN 3 91:02:01:
29513 ID 0x3FF LEN 2 92:01:
29581 ID 0x3BF LEN 2 49:00:
29602 ID 0x2E8 LEN 3 91:02:01:
29694 ID 0x3AF LEN 2 59:00:
29702 ID 0x2E8 LEN 3 91:02:01:
29802 ID 0x2E8 LEN 3 91:02:01:
29903 ID 0x2E8 LEN 3 91:02:01:
29915 ID 0x3CF LEN 1 69:
30002 ID 0x2E8 LEN 3 91:02:01:
30013 ID 0x3FF LEN 2 92:01:
30082 ID 0x3BF LEN 2 49:00:
30103 ID 0x2E8 LEN 3 91:02:01:
30194 ID 0x3AF LEN 2 59:00:
30201 ID 0x2E8 LEN 3 91:02:01:
30302 ID 0x2E8 LEN 3 91:02:01:
30325 ID 0x2D0 LEN 5 12:00:31:31:00:
30403 ID 0x2E8 LEN 3 91:02:01:
30423 ID 0x3CF LEN 1 69:
30501 ID 0x2E8 LEN 3 91:02:01:
30513 ID 0x3FF LEN 2 92:01:
30581 ID 0x3BF LEN 2 49:00:
30603 ID 0x2E8 LEN 3 91:02:01:
30694 ID 0x3AF LEN 2 59:00:
30703 ID 0x2E8 LEN 3 91:02:01:
30801 ID 0x2E8 LEN 3 91:02:01:
30903 ID 0x2E8 LEN 3 91:02:01:
30926 ID 0x3CF LEN 1 69:
31001 ID 0x2E8 LEN 3 91:02:01:
31012 ID 0x3FF LEN 2 92:01:
31081 ID 0x3BF LEN 2 49:00:
31102 ID 0x2E8 LEN 3 91:02:01:
31195 ID 0x3AF LEN 2 59:00:
31201 ID 0x2E8 LEN 3 91:02:01:
31302 ID 0x2E8 LEN 3 91:02:01:
31356 ID 0x2D0 LEN 5 12:00:31:31:00:
31404 ID 0x2E8 LEN 3 91:02:01:
31434 ID 0x3CF LEN 1 69:
31502 ID 0x2E8 LEN 3 91:02:01:
31513 ID 0x3FF LEN 2 92:01:
31581 ID 0x3BF LEN 2 49:00:
31602 ID 0x2E8 LEN 3 91:02:01:
31694 ID 0x3AF LEN 2 59:00:
31702 ID 0x2E8 LEN 3 91:02:01:
31802 ID 0x2E8 LEN 3 91:02:01:
31903 ID 0x2E8 LEN 3 91:02:01:
31942 ID 0x3CF LEN 1 69:
31983 ID 0x3EF LEN 3 A6:13:35:
32002 ID 0x2E8 LEN 3 91:02:01:
32013 ID 0x3FF LEN 2 92:01:
32081 ID 0x3BF LEN 2 49:00:
32103 ID 0x2E8 LEN 3 91:02:01:
32194 ID 0x3AF LEN 2 59:00:
32201 ID 0x2E8 LEN 3 91:02:01:
32302 ID 0x2E8 LEN 3 91:02:01:
32389 ID 0x2D0 LEN 5 12:00:31:31:00:
32403 ID 0x2E8 LEN 3 91:02:01:
32446 ID 0x3CF LEN 1 69:
32501 ID 0x2E8 LEN 3 91:02:01:
32513 ID 0x3FF LEN 2 92:01:
32581 ID 0x3BF LEN 2 49:00:
32603 ID 0x2E8 LEN 3 91:02:01:
32694 ID 0x3AF LEN 2 59:00:
32701 ID 0x2E8 LEN 3 91:02:01:
32801 ID 0x2E8 LEN 3 91:02:01:
32903 ID 0x2E8 LEN 3 91:02:01:
32954 ID 0x3CF LEN 1 69:
33001 ID 0x2E8 LEN 3 91:02:01:
33012 ID 0x3FF LEN 2 92:01:
33081 ID 0x3BF LEN 2 49:00:
33102 ID 0x2E8 LEN 3 91:02:01:
33193 ID 0x3AF LEN 2 59:00:
33201 ID 0x2E8 LEN 3 91:02:01:
33302 ID 0x2E8 LEN 3 91:02:01:
33402 ID 0x2E8 LEN 3 91:02:01:
33421 ID 0x2D0 LEN 5 12:00:31:31:00:
33458 ID 0x3CF LEN 1 69:
33501 ID 0x2E8 LEN 3 91:02:01:
33512 ID 0x3FF LEN 2 92:01:
33581 ID 0x3BF LEN 2 49:00:
33602 ID 0x2E8 LEN 3 91:02:01:
33694 ID 0x3AF LEN 2 59:00:
33700 ID 0x2E8 LEN 3 91:02:01:
33802 ID 0x2E8 LEN 3 91:02:01:
33902 ID 0x2E8 LEN 3 91:02:01:
33961 ID 0x3CF LEN 1 69:
34000 ID 0x2E8 LEN 3 91:02:01:
34012 ID 0x3FF LEN 2 92:01:
34081 ID 0x3BF LEN 2 49:00:
34102 ID 0x2E8 LEN 3 91:02:01:
34194 ID 0x3AF LEN 2 59:00:
34203 ID 0x2E8 LEN 3 91:02:01:
34301 ID 0x2E8 LEN 3 91:02:01:
34403 ID 0x2E8 LEN 3 91:02:01:
34452 ID 0x2D0 LEN 5 12:00:31:31:00:
34465 ID 0x3CF LEN 1 69:
34500 ID 0x2E8 LEN 3 91:02:01:
34511 ID 0x3FF LEN 2 92:01:
34581 ID 0x3BF LEN 2 49:00:
34601 ID 0x2E8 LEN 3 91:02:01:
34695 ID 0x3AF LEN 2 59:00:
34703 ID 0x2E8 LEN 3 91:02:01:
34801 ID 0x2E8 LEN 3 91:02:01:
34903 ID 0x2E8 LEN 3 91:02:01:
34969 ID 0x3CF LEN 1 69:
35001 ID 0x2E8 LEN 3 91:02:01:
35012 ID 0x3FF LEN 2 92:01:
35081 ID 0x3BF LEN 2 49:00:
35101 ID 0x2E8 LEN 3 91:02:01:
35193 ID 0x3AF LEN 2 59:00:
35203 ID 0x2E8 LEN 3 91:02:01:
35301 ID 0x2E8 LEN 3 91:02:01:
35402 ID 0x2E8 LEN 3 91:02:01:
35476 ID 0x3CF LEN 1 69:
35485 ID 0x2D0 LEN 5 12:00:31:31:00:
35501 ID 0x2E8 LEN 3 91:02:01:
35512 ID 0x3FF LEN 2 92:01:
35580 ID 0x3BF LEN 2 49:00:
35602 ID 0x2E8 LEN 3 91:02:01:
35694 ID 0x3AF LEN 2 59:00:
35702 ID 0x2E8 LEN 3 91:02:01:
35801 ID 0x2E8 LEN 3 91:02:01:
35902 ID 0x2E8 LEN 3 91:02:01:
35980 ID 0x3CF LEN 1 69:
36000 ID 0x2E8 LEN 3 91:02:01:
36012 ID 0x3FF LEN 2 92:01:
36081 ID 0x3BF LEN 2 49:00:
36102 ID 0x2E8 LEN 3 91:02:01:
36194 ID 0x3AF LEN 2 59:00:
36203 ID 0x2E8 LEN 3 91:02:01:
36301 ID 0x2E8 LEN 3 91:02:01:
36402 ID 0x2E8 LEN 3 91:02:01:
36484 ID 0x3CF LEN 1 69:
36500 ID 0x2E8 LEN 3 91:02:01:
36511 ID 0x3FF LEN 2 92:01:
36516 ID 0x2D0 LEN 5 12:00:31:31:00:
36581 ID 0x3BF LEN 2 49:00:
36601 ID 0x2E8 LEN 3 91:02:01:
