CAN Receiver
Starting receiving CAN:
1 ID 0x2E8 LEN 3 91:02:01:
35 ID 0x2E8 LEN 3 91:02:01:
103 ID 0x2D0 LEN 5 12:00:31:31:00:
137 ID 0x2E8 LEN 3 91:02:01:
145 ID 0x3FF LEN 2 92:01:
193 ID 0x3BF LEN 2 49:00:
234 ID 0x2E8 LEN 3 91:02:01:
306 ID 0x3AF LEN 2 59:00:
335 ID 0x2E8 LEN 3 91:02:01:
434 ID 0x2E8 LEN 3 91:02:01:
467 ID 0x3CF LEN 1 69:
535 ID 0x2E8 LEN 3 91:02:01:
636 ID 0x2E8 LEN 3 91:02:01:
645 ID 0x3FF LEN 2 92:01:
693 ID 0x3BF LEN 2 49:00:
735 ID 0x2E8 LEN 3 91:02:01:
805 ID 0x3AF LEN 2 59:00:
835 ID 0x2E8 LEN 3 91:02:01:
936 ID 0x2E8 LEN 3 91:02:01:
971 ID 0x3CF LEN 1 69:
1035 ID 0x2E8 LEN 3 91:02:01:
1136 ID 0x2E8 LEN 3 91:02:01:
1141 ID 0x2D0 LEN 5 12:00:31:31:00:
1144 ID 0x3FF LEN 2 92:01:
1192 ID 0x3BF LEN 2 49:00:
1234 ID 0x2E8 LEN 3 91:02:01:
1305 ID 0x3AF LEN 2 59:00:
1335 ID 0x2E8 LEN 3 91:02:01:
1434 ID 0x2E8 LEN 3 91:02:01:
1474 ID 0x3CF LEN 1 69:
1534 ID 0x2E8 LEN 3 91:02:01:
1636 ID 0x2E8 LEN 3 91:02:01:
1644 ID 0x3FF LEN 2 92:01:
1692 ID 0x3BF LEN 2 49:00:
1734 ID 0x2E8 LEN 3 91:02:01:
1806 ID 0x3AF LEN 2 59:00:
1836 ID 0x2E8 LEN 3 91:02:01:
1934 ID 0x2E8 LEN 3 91:02:01:
1978 ID 0x3CF LEN 1 69:
2035 ID 0x2E8 LEN 3 91:02:01:
2136 ID 0x2E8 LEN 3 91:02:01:
2145 ID 0x3FF LEN 2 92:01:
2166 ID 0x2D0 LEN 5 12:00:31:31:00:
2193 ID 0x3BF LEN 2 49:00:
2235 ID 0x2E8 LEN 3 91:02:01:
2306 ID 0x3AF LEN 2 59:00:
2335 ID 0x2E8 LEN 3 91:02:01:
2435 ID 0x2E8 LEN 3 91:02:01:
2487 ID 0x3CF LEN 1 69:
2535 ID 0x2E8 LEN 3 91:02:01:
2636 ID 0x2E8 LEN 3 91:02:01:
2644 ID 0x3FF LEN 2 92:01:
2693 ID 0x3BF LEN 2 49:00:
2735 ID 0x2E8 LEN 3 91:02:01:
2805 ID 0x3AF LEN 2 59:00:
2836 ID 0x2E8 LEN 3 91:02:01:
2934 ID 0x2E8 LEN 3 91:02:01:
2990 ID 0x3CF LEN 1 69:
3035 ID 0x2E8 LEN 3 91:02:01:
3136 ID 0x2E8 LEN 3 91:02:01:
3144 ID 0x3FF LEN 2 92:01:
3192 ID 0x3BF LEN 2 49:00:
3200 ID 0x2D0 LEN 5 12:00:31:31:00:
3234 ID 0x2E8 LEN 3 91:02:01:
3305 ID 0x3AF LEN 2 59:00:
3336 ID 0x2E8 LEN 3 91:02:01:
3434 ID 0x2E8 LEN 3 91:02:01:
3497 ID 0x3CF LEN 1 69:
3535 ID 0x2E8 LEN 3 91:02:01:
3636 ID 0x2E8 LEN 3 91:02:01:
3644 ID 0x3FF LEN 2 92:01:
3692 ID 0x3BF LEN 2 49:00:
3734 ID 0x2E8 LEN 3 91:02:01:
3806 ID 0x3AF LEN 2 59:00:
3834 ID 0x2E8 LEN 3 91:02:01:
3936 ID 0x2E8 LEN 3 91:02:01:
4005 ID 0x3CF LEN 1 69:
4034 ID 0x2E8 LEN 3 91:02:01:
4135 ID 0x2E8 LEN 3 91:02:01:
4144 ID 0x3FF LEN 2 92:01:
4193 ID 0x3BF LEN 2 49:00:
4231 ID 0x2D0 LEN 5 12:00:31:31:00:
4234 ID 0x2E8 LEN 3 91:02:01:
4305 ID 0x3AF LEN 2 59:00:
4335 ID 0x2E8 LEN 3 91:02:01:
4435 ID 0x2E8 LEN 3 91:02:01:
4509 ID 0x3CF LEN 1 69:
4534 ID 0x2E8 LEN 3 91:02:01:
4635 ID 0x2E8 LEN 3 91:02:01:
4643 ID 0x3FF LEN 2 92:01:
4692 ID 0x3BF LEN 2 49:00:
4733 ID 0x2E8 LEN 3 91:02:01:
4805 ID 0x3AF LEN 2 59:00:
4835 ID 0x2E8 LEN 3 91:02:01:
4935 ID 0x2E8 LEN 3 91:02:01:
5014 ID 0x3CF LEN 1 69:
5033 ID 0x2E8 LEN 3 91:02:01:
5135 ID 0x2E8 LEN 3 91:02:01:
5143 ID 0x3FF LEN 2 92:01:
5192 ID 0x3BF LEN 2 49:00:
5233 ID 0x2E8 LEN 3 91:02:01:
5263 ID 0x2D0 LEN 5 12:00:31:31:00:
5305 ID 0x3AF LEN 2 59:00:
5335 ID 0x2E8 LEN 3 91:02:01:
5436 ID 0x2E8 LEN 3 91:02:01:
5517 ID 0x3CF LEN 1 69:
5534 ID 0x2E8 LEN 3 91:02:01:
5635 ID 0x2E8 LEN 3 91:02:01:
5644 ID 0x3FF LEN 2 92:01:
5692 ID 0x3BF LEN 2 49:00:
5733 ID 0x2E8 LEN 3 91:02:01:
5806 ID 0x3AF LEN 2 59:00:
5834 ID 0x2E8 LEN 3 91:02:01:
5936 ID 0x2E8 LEN 3 91:02:01:
6025 ID 0x3CF LEN 1 69:
6034 ID 0x2E8 LEN 3 91:02:01:
6135 ID 0x2E8 LEN 3 91:02:01:
6144 ID 0x3FF LEN 2 92:01:
6192 ID 0x3BF LEN 2 49:00:
6234 ID 0x2E8 LEN 3 91:02:01:
6296 ID 0x2D0 LEN 5 12:00:31:31:00:
6306 ID 0x3AF LEN 2 59:00:
6334 ID 0x2E8 LEN 3 91:02:01:
6435 ID 0x2E8 LEN 3 91:02:01:
6533 ID 0x3CF LEN 1 69:
6534 ID 0x2E8 LEN 3 91:02:01:
6635 ID 0x2E8 LEN 3 91:02:01:
6643 ID 0x3FF LEN 2 92:01:
6692 ID 0x3BF LEN 2 49:00:
6733 ID 0x2E8 LEN 3 91:02:01:
6805 ID 0x3AF LEN 2 59:00:
6835 ID 0x2E8 LEN 3 91:02:01:
6935 ID 0x2E8 LEN 3 91:02:01:
7033 ID 0x2E8 LEN 3 91:02:01:
7036 ID 0x3CF LEN 1 69:
7135 ID 0x2E8 LEN 3 91:02:01:
7143 ID 0x3FF LEN 2 92:01:
7192 ID 0x3BF LEN 2 49:00:
7233 ID 0x2E8 LEN 3 91:02:01:
7305 ID 0x3AF LEN 2 59:00:
7327 ID 0x2D0 LEN 5 12:00:31:31:00:
7334 ID 0x2E8 LEN 3 91:02:01:
7435 ID 0x2E8 LEN 3 91:02:01:
7525 ID 0x3EF LEN 3 A6:14:32:
7533 ID 0x2E8 LEN 3 91:02:01:
7544 ID 0x3CF LEN 1 69:
7634 ID 0x2E8 LEN 3 91:02:01:
7643 ID 0x3FF LEN 2 92:01:
7692 ID 0x3BF LEN 2 49:00:
7733 ID 0x2E8 LEN 3 91:02:01:
7804 ID 0x3AF LEN 2 59:00:
7834 ID 0x2E8 LEN 3 91:02:01:
7932 ID 0x2E8 LEN 3 91:02:01:
8034 ID 0x2E8 LEN 3 91:02:01:
8048 ID 0x3CF LEN 1 69:
8134 ID 0x2E8 LEN 3 91:02:01:
8143 ID 0x3FF LEN 2 92:01:
8192 ID 0x3BF LEN 2 49:00:
8232 ID 0x2E8 LEN 3 91:02:01:
8305 ID 0x3AF LEN 2 59:00:
8334 ID 0x2E8 LEN 3 91:02:01:
8359 ID 0x2D0 LEN 5 12:00:31:31:00:
8432 ID 0x2E8 LEN 3 91:02:01:
8532 ID 0x3EF LEN 3 A6:14:33:
8534 ID 0x2E8 LEN 3 91:02:01:
8556 ID 0x3CF LEN 1 69:
8633 ID 0x2E8 LEN 3 91:02:01:
8643 ID 0x3FF LEN 2 92:01:
8692 ID 0x3BF LEN 2 49:00:
8733 ID 0x2E8 LEN 3 91:02:01:
8805 ID 0x3AF LEN 2 59:00:
8835 ID 0x2E8 LEN 3 91:02:01:
8933 ID 0x2E8 LEN 3 91:02:01:
9034 ID 0x2E8 LEN 3 91:02:01:
9060 ID 0x3CF LEN 1 69:
9133 ID 0x2E8 LEN 3 91:02:01:
9144 ID 0x3FF LEN 2 92:01:
9192 ID 0x3BF LEN 2 49:00:
9234 ID 0x2E8 LEN 3 91:02:01:
9305 ID 0x3AF LEN 2 59:00:
9332 ID 0x2E8 LEN 3 91:02:01:
9392 ID 0x2D0 LEN 5 12:00:31:31:00:
9434 ID 0x2E8 LEN 3 91:02:01:
9535 ID 0x2E8 LEN 3 91:02:01:
9542 ID 0x3EF LEN 3 A6:14:34:
9567 ID 0x3CF LEN 1 69:
9633 ID 0x2E8 LEN 3 91:02:01:
9645 ID 0x3FF LEN 2 92:01:
9692 ID 0x3BF LEN 2 49:00:
9735 ID 0x2E8 LEN 3 91:02:01:
9807 ID 0x3AF LEN 2 59:00:
9833 ID 0x2E8 LEN 3 91:02:01:
9934 ID 0x2E8 LEN 3 91:02:01:
10033 ID 0x2E8 LEN 3 91:02:01:
10073 ID 0x3CF LEN 1 69:
10134 ID 0x2E8 LEN 3 91:02:01:
10142 ID 0x3FF LEN 2 92:01:
10191 ID 0x3BF LEN 2 49:00:
10232 ID 0x2E8 LEN 3 91:02:01:
10305 ID 0x3AF LEN 2 59:00:
10334 ID 0x2E8 LEN 3 91:02:01:
10424 ID 0x2D0 LEN 5 12:00:31:31:00:
10432 ID 0x2E8 LEN 3 91:02:01:
10533 ID 0x2E8 LEN 3 91:02:01:
10549 ID 0x3EF LEN 3 A6:14:35:
10578 ID 0x3CF LEN 1 69:
10634 ID 0x2E8 LEN 3 91:02:01:
10642 ID 0x3FF LEN 2 92:01:
10691 ID 0x3BF LEN 2 49:00:
10733 ID 0x2E8 LEN 3 91:02:01:
10805 ID 0x3AF LEN 2 59:00:
10834 ID 0x2E8 LEN 3 91:02:01:
10933 ID 0x2E8 LEN 3 91:02:01:
11033 ID 0x2E8 LEN 3 91:02:01:
11091 ID 0x3CF LEN 1 69:
11134 ID 0x2E8 LEN 3 91:02:01:
11143 ID 0x3FF LEN 2 92:01:
11192 ID 0x3BF LEN 2 49:00:
11233 ID 0x2E8 LEN 3 91:02:01:
11304 ID 0x3AF LEN 2 59:00:
11334 ID 0x2E8 LEN 3 91:02:01:
11432 ID 0x2E8 LEN 3 91:02:01:
11456 ID 0x2D0 LEN 5 12:00:31:31:00:
11533 ID 0x2E8 LEN 3 91:02:01:
11556 ID 0x3EF LEN 3 A6:14:36:
11594 ID 0x3CF LEN 1 69:
11634 ID 0x2E8 LEN 3 91:02:01:
11642 ID 0x3FF LEN 2 92:01:
11692 ID 0x3BF LEN 2 49:00:
11732 ID 0x2E8 LEN 3 91:02:01:
11804 ID 0x3AF LEN 2 59:00:
11834 ID 0x2E8 LEN 3 91:02:01:
11932 ID 0x2E8 LEN 3 91:02:01:
12034 ID 0x2E8 LEN 3 91:02:01:
12107 ID 0x3CF LEN 1 69:
12132 ID 0x2E8 LEN 3 91:02:01:
12143 ID 0x3FF LEN 2 92:01:
12191 ID 0x3BF LEN 2 49:00:
12233 ID 0x2E8 LEN 3 91:02:01:
12305 ID 0x3AF LEN 2 59:00:
12334 ID 0x2E8 LEN 3 91:02:01:
12432 ID 0x2E8 LEN 3 91:02:01:
12487 ID 0x2D0 LEN 5 12:00:31:31:00:
12533 ID 0x2E8 LEN 3 91:02:01:
12566 ID 0x3EF LEN 3 A6:14:37:
12619 ID 0x3CF LEN 1 69:
12632 ID 0x2E8 LEN 3 91:02:01:
12643 ID 0x3FF LEN 2 92:01:
12691 ID 0x3BF LEN 2 49:00:
12733 ID 0x2E8 LEN 3 91:02:01:
12805 ID 0x3AF LEN 2 59:00:
12834 ID 0x2E8 LEN 3 91:02:01:
12932 ID 0x2E8 LEN 3 91:02:01:
13033 ID 0x2E8 LEN 3 91:02:01:
13130 ID 0x3CF LEN 1 69:
13134 ID 0x2E8 LEN 3 91:02:01:
13143 ID 0x3FF LEN 2 92:01:
13192 ID 0x3BF LEN 2 49:00:
13233 ID 0x2E8 LEN 3 91:02:01:
13304 ID 0x3AF LEN 2 59:00:
13333 ID 0x2E8 LEN 3 91:02:01:
13431 ID 0x2E8 LEN 3 91:02:01:
13519 ID 0x2D0 LEN 5 12:00:31:31:00:
13533 ID 0x2E8 LEN 3 91:02:01:
13573 ID 0x3EF LEN 3 A6:14:38:
13634 ID 0x2E8 LEN 3 91:02:01:
13635 ID 0x3CF LEN 1 69:
13642 ID 0x3FF LEN 2 92:01:
13691 ID 0x3BF LEN 2 49:00:
13732 ID 0x2E8 LEN 3 91:02:01:
13804 ID 0x3AF LEN 2 59:00:
13834 ID 0x2E8 LEN 3 91:02:01:
13932 ID 0x2E8 LEN 3 91:02:01:
14033 ID 0x2E8 LEN 3 91:02:01:
14132 ID 0x2E8 LEN 3 91:02:01:
14138 ID 0x3CF LEN 1 69:
14142 ID 0x3FF LEN 2 92:01:
14193 ID 0x3BF LEN 2 49:00:
14232 ID 0x2E8 LEN 3 91:02:01:
14305 ID 0x3AF LEN 2 59:00:
14333 ID 0x2E8 LEN 3 91:02:01:
14432 ID 0x2E8 LEN 3 91:02:01:
14533 ID 0x2E8 LEN 3 91:02:01:
14552 ID 0x2D0 LEN 5 12:00:31:31:00:
14580 ID 0x3EF LEN 3 A6:14:39:
14631 ID 0x2E8 LEN 3 91:02:01:
14643 ID 0x3FF LEN 2 92:01:
14646 ID 0x3CF LEN 1 69:
14692 ID 0x3BF LEN 2 49:00:
14733 ID 0x2E8 LEN 3 91:02:01:
14804 ID 0x3AF LEN 2 59:00:
14833 ID 0x2E8 LEN 3 91:02:01:
14931 ID 0x2E8 LEN 3 91:02:01:
15033 ID 0x2E8 LEN 3 91:02:01:
15133 ID 0x2E8 LEN 3 91:02:01:
15142 ID 0x3FF LEN 2 92:01:
15154 ID 0x3CF LEN 1 69:
15192 ID 0x3BF LEN 2 49:00:
15233 ID 0x2E8 LEN 3 91:02:01:
15306 ID 0x3AF LEN 2 59:00:
15333 ID 0x2E8 LEN 3 91:02:01:
15431 ID 0x2E8 LEN 3 91:02:01:
15533 ID 0x2E8 LEN 3 91:02:01:
15594 ID 0x2D0 LEN 5 12:00:31:31:00:
15595 ID 0x3EF LEN 3 A6:14:3A:
15633 ID 0x2E8 LEN 3 91:02:01:
15642 ID 0x3FF LEN 2 92:01:
15662 ID 0x3CF LEN 1 69:
15691 ID 0x3BF LEN 2 49:00:
15732 ID 0x2E8 LEN 3 91:02:01:
15804 ID 0x3AF LEN 2 59:00:
15833 ID 0x2E8 LEN 3 91:02:01:
15931 ID 0x2E8 LEN 3 91:02:01:
16032 ID 0x2E8 LEN 3 91:02:01:
16131 ID 0x2E8 LEN 3 91:02:01:
16142 ID 0x3FF LEN 2 92:01:
16165 ID 0x3CF LEN 1 69:
16191 ID 0x3BF LEN 2 49:00:
16232 ID 0x2E8 LEN 3 91:02:01:
16304 ID 0x3AF LEN 2 59:00:
16333 ID 0x2E8 LEN 3 91:02:01:
16432 ID 0x2E8 LEN 3 91:02:01:
16532 ID 0x2E8 LEN 3 91:02:01:
16596 ID 0x3EF LEN 3 A6:14:3B:
16616 ID 0x2D0 LEN 5 12:00:31:31:00:
16631 ID 0x2E8 LEN 3 91:02:01:
16642 ID 0x3FF LEN 2 92:01:
16673 ID 0x3CF LEN 1 69:
16691 ID 0x3BF LEN 2 49:00:
16732 ID 0x2E8 LEN 3 91:02:01:
16804 ID 0x3AF LEN 2 59:00:
16831 ID 0x2E8 LEN 3 91:02:01:
16931 ID 0x2E8 LEN 3 91:02:01:
17033 ID 0x2E8 LEN 3 91:02:01:
17131 ID 0x2E8 LEN 3 91:02:01:
17142 ID 0x3FF LEN 2 92:01:
17177 ID 0x3CF LEN 1 69:
17191 ID 0x3BF LEN 2 49:00:
17232 ID 0x2E8 LEN 3 91:02:01:
17304 ID 0x3AF LEN 2 59:00:
17331 ID 0x2E8 LEN 3 91:02:01:
17432 ID 0x2E8 LEN 3 91:02:01:
17532 ID 0x2E8 LEN 3 91:02:01:
17631 ID 0x2E8 LEN 3 91:02:01:
17642 ID 0x3FF LEN 2 92:01:
17647 ID 0x2D0 LEN 5 12:00:31:31:00:
17685 ID 0x3CF LEN 1 69:
17691 ID 0x3BF LEN 2 49:00:
17732 ID 0x2E8 LEN 3 91:02:01:
17804 ID 0x3AF LEN 2 59:00:
17830 ID 0x2E8 LEN 3 91:02:01:
17932 ID 0x2E8 LEN 3 91:02:01:
18033 ID 0x2E8 LEN 3 91:02:01:
18130 ID 0x2E8 LEN 3 91:02:01:
18142 ID 0x3FF LEN 2 92:01:
18191 ID 0x3BF LEN 2 49:00:
18193 ID 0x3CF LEN 1 69:
18232 ID 0x2E8 LEN 3 91:02:01:
18304 ID 0x3AF LEN 2 59:00:
18330 ID 0x2E8 LEN 3 91:02:01:
18432 ID 0x2E8 LEN 3 91:02:01:
18533 ID 0x2E8 LEN 3 91:02:01:
18632 ID 0x2E8 LEN 3 91:02:01:
18641 ID 0x3FF LEN 2 92:01:
18679 ID 0x2D0 LEN 5 12:00:31:31:00:
18691 ID 0x3BF LEN 2 49:00:
18701 ID 0x3CF LEN 1 69:
18732 ID 0x2E8 LEN 3 91:02:01:
18804 ID 0x3AF LEN 2 59:00:
18832 ID 0x2E8 LEN 3 91:02:01:
18930 ID 0x2E8 LEN 3 91:02:01:
19032 ID 0x2E8 LEN 3 91:02:01:
19132 ID 0x2E8 LEN 3 91:02:01:
19141 ID 0x3FF LEN 2 92:01:
19190 ID 0x3BF LEN 2 49:00:
19209 ID 0x3CF LEN 1 69:
19230 ID 0x2E8 LEN 3 91:02:01:
19304 ID 0x3AF LEN 2 59:00:
19332 ID 0x2E8 LEN 3 91:02:01:
19430 ID 0x2E8 LEN 3 91:02:01:
19531 ID 0x2E8 LEN 3 91:02:01:
19633 ID 0x2E8 LEN 3 91:02:01:
19641 ID 0x3FF LEN 2 92:01:
19691 ID 0x3BF LEN 2 49:00:
19712 ID 0x2D0 LEN 5 12:00:31:31:00:
19716 ID 0x3CF LEN 1 69:
19731 ID 0x2E8 LEN 3 91:02:01:
19804 ID 0x3AF LEN 2 59:00:
19831 ID 0x2E8 LEN 3 91:02:01:
19931 ID 0x2E8 LEN 3 91:02:01:
20031 ID 0x2E8 LEN 3 91:02:01:
20132 ID 0x2E8 LEN 3 91:02:01:
20141 ID 0x3FF LEN 2 92:01:
20191 ID 0x3BF LEN 2 49:00:
20219 ID 0x3CF LEN 1 69:
20231 ID 0x2E8 LEN 3 91:02:01:
20303 ID 0x3AF LEN 2 59:00:
20332 ID 0x2E8 LEN 3 91:02:01:
20430 ID 0x2E8 LEN 3 91:02:01:
20531 ID 0x2E8 LEN 3 91:02:01:
20632 ID 0x2E8 LEN 3 91:02:01:
20640 ID 0x3FF LEN 2 92:01:
20690 ID 0x3BF LEN 2 49:00:
20727 ID 0x3CF LEN 1 69:
20730 ID 0x2E8 LEN 3 91:02:01:
20744 ID 0x2D0 LEN 5 12:00:31:31:00:
20804 ID 0x3AF LEN 2 59:00:
20832 ID 0x2E8 LEN 3 91:02:01:
20930 ID 0x2E8 LEN 3 91:02:01:
21031 ID 0x2E8 LEN 3 91:02:01:
21132 ID 0x2E8 LEN 3 91:02:01:
21140 ID 0x3FF LEN 2 92:01:
21190 ID 0x3BF LEN 2 49:00:
21230 ID 0x2E8 LEN 3 91:02:01:
21231 ID 0x3CF LEN 1 69:
21304 ID 0x3AF LEN 2 59:00:
21331 ID 0x2E8 LEN 3 91:02:01:
21430 ID 0x2E8 LEN 3 91:02:01:
21531 ID 0x2E8 LEN 3 91:02:01:
21632 ID 0x2E8 LEN 3 91:02:01:
21641 ID 0x3FF LEN 2 92:01:
21691 ID 0x3BF LEN 2 49:00:
21730 ID 0x2E8 LEN 3 91:02:01:
21739 ID 0x3CF LEN 1 69:
21776 ID 0x2D0 LEN 5 12:00:31:31:00:
21804 ID 0x3AF LEN 2 59:00:
21831 ID 0x2E8 LEN 3 91:02:01:
21929 ID 0x2E8 LEN 3 91:02:01:
22031 ID 0x2E8 LEN 3 91:02:01:
22132 ID 0x2E8 LEN 3 91:02:01:
22140 ID 0x3FF LEN 2 92:01:
22191 ID 0x3BF LEN 2 49:00:
22231 ID 0x2E8 LEN 3 91:02:01:
22247 ID 0x3CF LEN 1 69:
22303 ID 0x3AF LEN 2 59:00:
22331 ID 0x2E8 LEN 3 91:02:01:
22430 ID 0x2E8 LEN 3 91:02:01:
22531 ID 0x2E8 LEN 3 91:02:01:
22632 ID 0x2E8 LEN 3 91:02:01:
22640 ID 0x3FF LEN 2 92:01:
22690 ID 0x3BF LEN 2 49:00:
22730 ID 0x2E8 LEN 3 91:02:01:
22751 ID 0x3CF LEN 1 69:
22804 ID 0x3AF LEN 2 59:00:
22808 ID 0x2D0 LEN 5 12:00:31:31:00:
22831 ID 0x2E8 LEN 3 91:02:01:
22930 ID 0x2E8 LEN 3 91:02:01:
23030 ID 0x2E8 LEN 3 91:02:01:
23132 ID 0x2E8 LEN 3 91:02:01:
23140 ID 0x3FF LEN 2 92:01:
23190 ID 0x3BF LEN 2 49:00:
23230 ID 0x2E8 LEN 3 91:02:01:
23259 ID 0x3CF LEN 1 69:
23304 ID 0x3AF LEN 2 59:00:
23331 ID 0x2E8 LEN 3 91:02:01:
23430 ID 0x2E8 LEN 3 91:02:01:
23531 ID 0x2E8 LEN 3 91:02:01:
23631 ID 0x2E8 LEN 3 91:02:01:
23640 ID 0x3FF LEN 2 92:01:
23691 ID 0x3BF LEN 2 49:00:
23730 ID 0x2E8 LEN 3 91:02:01:
23762 ID 0x3CF LEN 1 69:
23803 ID 0x3AF LEN 2 59:00:
23831 ID 0x2E8 LEN 3 91:02:01:
23840 ID 0x2D0 LEN 5 12:00:31:31:00:
23929 ID 0x2E8 LEN 3 91:02:01:
24031 ID 0x2E8 LEN 3 91:02:01:
24131 ID 0x2E8 LEN 3 91:02:01:
24139 ID 0x3FF LEN 2 92:01:
24190 ID 0x3BF LEN 2 49:00:
