21:07:13.595 -> CAN Receiver
21:07:13.595 -> Starting receiving CAN:
21:07:13.595 -> 1 ID 0x2E8 LEN 3 91:02:01:
21:07:13.697 -> 101 ID 0x2E8 LEN 3 91:02:01:
21:07:13.731 -> 126 ID 0x3CF LEN 1 69:
21:07:13.765 -> 154 ID 0x3BF LEN 2 49:00:
21:07:13.799 -> 200 ID 0x2E8 LEN 3 91:02:01:
21:07:13.901 -> 302 ID 0x2E8 LEN 3 91:02:01:
21:07:14.003 -> 400 ID 0x2E8 LEN 3 91:02:01:
21:07:14.003 -> 411 ID 0x3FF LEN 2 92:01:
21:07:14.037 -> 435 ID 0x2D0 LEN 5 12:00:31:31:00:
21:07:14.105 -> 492 ID 0x3AF LEN 2 59:00:
21:07:14.105 -> 501 ID 0x2E8 LEN 3 91:02:01:
21:07:14.207 -> 600 ID 0x2E8 LEN 3 91:02:01:
21:07:14.240 -> 630 ID 0x3CF LEN 1 69:
21:07:14.240 -> 655 ID 0x3BF LEN 2 49:00:
21:07:14.308 -> 701 ID 0x2E8 LEN 3 91:02:01:
21:07:14.410 -> 799 ID 0x2E8 LEN 3 91:02:01:
21:07:14.512 -> 901 ID 0x2E8 LEN 3 91:02:01:
21:07:14.512 -> 909 ID 0x3FF LEN 2 92:01:
21:07:14.579 -> 992 ID 0x3AF LEN 2 59:00:
21:07:14.614 -> 1000 ID 0x2E8 LEN 3 91:02:01:
21:07:14.716 -> 1101 ID 0x2E8 LEN 3 91:02:01:
21:07:14.716 -> 1134 ID 0x3CF LEN 1 69:
21:07:14.750 -> 1155 ID 0x3BF LEN 2 49:00:
21:07:14.784 -> 1200 ID 0x2E8 LEN 3 91:02:01:
21:07:14.886 -> 1300 ID 0x2E8 LEN 3 91:02:01:
21:07:14.987 -> 1399 ID 0x2E8 LEN 3 91:02:01:
21:07:15.021 -> 1411 ID 0x3FF LEN 2 92:01:
21:07:15.055 -> 1467 ID 0x2D0 LEN 5 12:00:31:31:00:
21:07:15.089 -> 1491 ID 0x3AF LEN 2 59:00:
21:07:15.089 -> 1501 ID 0x2E8 LEN 3 91:02:01:
21:07:15.191 -> 1599 ID 0x2E8 LEN 3 91:02:01:
21:07:15.224 -> 1642 ID 0x3CF LEN 1 69:
21:07:15.299 -> 1654 ID 0x3BF LEN 2 49:00:
21:07:15.299 -> 1700 ID 0x2E8 LEN 3 91:02:01:
21:07:15.393 -> 1800 ID 0x2E8 LEN 3 91:02:01:
21:07:15.495 -> 1901 ID 0x2E8 LEN 3 91:02:01:
21:07:15.495 -> 1909 ID 0x3FF LEN 2 92:01:
21:07:15.598 -> 1991 ID 0x3AF LEN 2 59:00:
21:07:15.598 -> 1999 ID 0x2E8 LEN 3 91:02:01:
21:07:15.700 -> 2101 ID 0x2E8 LEN 3 91:02:01:
21:07:15.734 -> 2146 ID 0x3CF LEN 1 69:
21:07:15.768 -> 2157 ID 0x3BF LEN 2 49:00:
21:07:15.801 -> 2200 ID 0x2E8 LEN 3 91:02:01:
21:07:15.903 -> 2300 ID 0x2E8 LEN 3 91:02:01:
21:07:16.005 -> 2400 ID 0x2E8 LEN 3 91:02:01:
21:07:16.005 -> 2411 ID 0x3FF LEN 2 92:01:
21:07:16.106 -> 2491 ID 0x3AF LEN 2 59:00:
21:07:16.106 -> 2498 ID 0x2E8 LEN 3 91:02:01:
21:07:16.106 -> 2501 ID 0x2D0 LEN 5 12:00:31:31:00:
21:07:16.208 -> 2599 ID 0x2E8 LEN 3 91:02:01:
21:07:16.242 -> 2653 ID 0x3CF LEN 1 69:
21:07:16.242 -> 2655 ID 0x3BF LEN 2 49:00:
21:07:16.309 -> 2699 ID 0x2E8 LEN 3 91:02:01:
21:07:16.411 -> 2800 ID 0x2E8 LEN 3 91:02:01:
21:07:16.513 -> 2900 ID 0x2E8 LEN 3 91:02:01:
21:07:16.513 -> 2909 ID 0x3FF LEN 2 92:01:
21:07:16.581 -> 2992 ID 0x3AF LEN 2 59:00:
21:07:16.581 -> 2999 ID 0x2E8 LEN 3 91:02:01:
21:07:16.683 -> 3100 ID 0x2E8 LEN 3 91:02:01:
21:07:16.717 -> 3119 ID 0x121 LEN 8 10:0B:76:60:01:56:4F:4C:
21:07:16.717 -> 3125 ID 0x521 LEN 8 30:01:14:84:84:84:84:84:
21:07:16.717 -> 3127 ID 0x121 LEN 8 21:69:20:2D:32:20:FF:FF:
21:07:16.717 -> 3133 ID 0x521 LEN 8 74:84:84:84:84:84:84:84:
21:07:16.751 -> 3154 ID 0x3BF LEN 2 49:00:
21:07:16.751 -> 3158 ID 0x3CF LEN 1 69:
21:07:16.785 -> 3198 ID 0x2E8 LEN 3 91:02:01:
21:07:16.887 -> 3300 ID 0x2E8 LEN 3 91:02:01:
21:07:16.955 -> 3369 ID 0x121 LEN 8 10:0B:76:60:01:56:4F:4C:
21:07:16.989 -> 3375 ID 0x521 LEN 8 30:01:14:84:84:84:84:84:
21:07:16.989 -> 3378 ID 0x121 LEN 8 21:69:20:2D:31:20:FF:FF:
21:07:16.989 -> 3383 ID 0x521 LEN 8 74:84:84:84:84:84:84:84:
21:07:16.989 -> 3398 ID 0x2E8 LEN 3 91:02:01:
21:07:17.023 -> 3409 ID 0x3FF LEN 2 92:01:
21:07:17.090 -> 3491 ID 0x3AF LEN 2 59:00:
21:07:17.090 -> 3500 ID 0x2E8 LEN 3 91:02:01:
21:07:17.123 -> 3531 ID 0x2D0 LEN 5 12:00:31:31:00:
21:07:17.190 -> 3601 ID 0x2E8 LEN 3 91:02:01:
21:07:17.259 -> 3654 ID 0x3BF LEN 2 49:00:
21:07:17.259 -> 3664 ID 0x3CF LEN 1 69:
21:07:17.259 -> 3670 ID 0x121 LEN 8 10:0B:76:60:01:56:4F:4C:
21:07:17.259 -> 3674 ID 0x521 LEN 8 30:01:14:84:84:84:84:84:
21:07:17.259 -> 3678 ID 0x121 LEN 8 21:69:20:30:20:20:FF:FF:
21:07:17.292 -> 3682 ID 0x521 LEN 8 74:84:84:84:84:84:84:84:
21:07:17.292 -> 3699 ID 0x2E8 LEN 3 91:02:01:
21:07:17.395 -> 3801 ID 0x2E8 LEN 3 91:02:01:
21:07:17.497 -> 3899 ID 0x2E8 LEN 3 91:02:01:
21:07:17.497 -> 3910 ID 0x3FF LEN 2 92:01:
21:07:17.599 -> 3996 ID 0x3AF LEN 2 59:00:
21:07:17.599 -> 4000 ID 0x2E8 LEN 3 91:02:01:
21:07:17.701 -> 4099 ID 0x2E8 LEN 3 91:02:01:
21:07:17.768 -> 4154 ID 0x3BF LEN 2 49:00:
21:07:17.768 -> 4172 ID 0x3CF LEN 1 69:
21:07:17.802 -> 4200 ID 0x2E8 LEN 3 91:02:01:
21:07:17.904 -> 4299 ID 0x2E8 LEN 3 91:02:01:
21:07:17.972 -> 4369 ID 0x121 LEN 8 10:0B:76:60:01:56:4F:4C:
21:07:17.972 -> 4378 ID 0x521 LEN 8 30:01:14:84:84:84:84:84:
21:07:17.972 -> 4385 ID 0x121 LEN 8 21:69:20:2B:31:20:FF:FF:
21:07:17.972 -> 4387 ID 0x521 LEN 8 74:84:84:84:84:84:84:84:
21:07:18.006 -> 4401 ID 0x2E8 LEN 3 91:02:01:
21:07:18.006 -> 4409 ID 0x3FF LEN 2 92:01:
21:07:18.074 -> 4491 ID 0x3AF LEN 2 59:00:
21:07:18.108 -> 4499 ID 0x2E8 LEN 3 91:02:01:
21:07:18.176 -> 4564 ID 0x2D0 LEN 5 12:00:31:31:00:
21:07:18.210 -> 4600 ID 0x2E8 LEN 3 91:02:01:
21:07:18.243 -> 4654 ID 0x3BF LEN 2 49:00:
21:07:18.277 -> 4676 ID 0x3CF LEN 1 69:
21:07:18.311 -> 4699 ID 0x2E8 LEN 3 91:02:01:
21:07:18.413 -> 4800 ID 0x2E8 LEN 3 91:02:01:
21:07:18.481 -> 4898 ID 0x2E8 LEN 3 91:02:01:
21:07:18.515 -> 4910 ID 0x3FF LEN 2 92:01:
21:07:18.515 -> 4920 ID 0x121 LEN 8 10:0B:76:60:01:56:4F:4C:
21:07:18.515 -> 4927 ID 0x521 LEN 8 30:01:14:84:84:84:84:84:
21:07:18.515 -> 4929 ID 0x121 LEN 8 21:69:20:2B:32:20:FF:FF:
21:07:18.515 -> 4935 ID 0x521 LEN 8 74:84:84:84:84:84:84:84:
21:07:18.584 -> 4992 ID 0x3AF LEN 2 59:00:
21:07:18.584 -> 5000 ID 0x2E8 LEN 3 91:02:01:
21:07:18.685 -> 5098 ID 0x2E8 LEN 3 91:02:01:
21:07:18.753 -> 5154 ID 0x3BF LEN 2 49:00:
21:07:18.753 -> 5170 ID 0x121 LEN 8 10:0B:76:60:01:56:4F:4C:
21:07:18.787 -> 5177 ID 0x521 LEN 8 30:01:14:84:84:84:84:84:
21:07:18.787 -> 5179 ID 0x121 LEN 8 21:69:20:2B:33:20:FF:FF:
21:07:18.787 -> 5184 ID 0x3CF LEN 1 69:
21:07:18.787 -> 5185 ID 0x521 LEN 8 74:84:84:84:84:84:84:84:
21:07:18.787 -> 5199 ID 0x2E8 LEN 3 91:02:01:
21:07:18.889 -> 5298 ID 0x2E8 LEN 3 91:02:01:
21:07:18.991 -> 5399 ID 0x2E8 LEN 3 91:02:01:
21:07:18.991 -> 5408 ID 0x3FF LEN 2 92:01:
21:07:19.093 -> 5491 ID 0x3AF LEN 2 59:00:
21:07:19.093 -> 5498 ID 0x2E8 LEN 3 91:02:01:
21:07:19.194 -> 5596 ID 0x2D0 LEN 5 12:00:31:31:00:
21:07:19.194 -> 5600 ID 0x2E8 LEN 3 91:02:01:
21:07:19.263 -> 5654 ID 0x3BF LEN 2 49:00:
21:07:19.298 -> 5688 ID 0x3CF LEN 1 69:
21:07:19.298 -> 5698 ID 0x2E8 LEN 3 91:02:01:
21:07:19.400 -> 5799 ID 0x2E8 LEN 3 91:02:01:
21:07:19.502 -> 5898 ID 0x2E8 LEN 3 91:02:01:
21:07:19.502 -> 5909 ID 0x3FF LEN 2 92:01:
21:07:19.605 -> 5991 ID 0x3AF LEN 2 59:00:
21:07:19.605 -> 5999 ID 0x2E8 LEN 3 91:02:01:
21:07:19.707 -> 6097 ID 0x2E8 LEN 3 91:02:01:
21:07:19.741 -> 6155 ID 0x3BF LEN 2 49:00:
21:07:19.809 -> 6196 ID 0x3CF LEN 1 69:
21:07:19.809 -> 6199 ID 0x2E8 LEN 3 91:02:01:
21:07:19.911 -> 6298 ID 0x2E8 LEN 3 91:02:01:
21:07:20.013 -> 6398 ID 0x2E8 LEN 3 91:02:01:
21:07:20.013 -> 6410 ID 0x3FF LEN 2 92:01:
21:07:20.081 -> 6491 ID 0x3AF LEN 2 59:00:
21:07:20.115 -> 6500 ID 0x2E8 LEN 3 91:02:01:
21:07:20.182 -> 6599 ID 0x2E8 LEN 3 91:02:01:
21:07:20.216 -> 6628 ID 0x2D0 LEN 5 12:00:31:31:00:
21:07:20.250 -> 6653 ID 0x3BF LEN 2 49:00:
21:07:20.283 -> 6669 ID 0x121 LEN 8 10:0B:76:60:01:56:4F:4C:
21:07:20.283 -> 6675 ID 0x521 LEN 8 30:01:14:84:84:84:84:84:
21:07:20.283 -> 6677 ID 0x121 LEN 8 21:69:20:2B:32:20:FF:FF:
21:07:20.283 -> 6683 ID 0x521 LEN 8 74:84:84:84:84:84:84:84:
21:07:20.283 -> 6700 ID 0x2E8 LEN 3 91:02:01:
21:07:20.385 -> 6799 ID 0x2E8 LEN 3 91:02:01:
21:07:20.487 -> 6900 ID 0x2E8 LEN 3 91:02:01:
21:07:20.521 -> 6908 ID 0x3FF LEN 2 92:01:
21:07:20.521 -> 6920 ID 0x121 LEN 8 10:0B:76:60:01:56:4F:4C:
21:07:20.521 -> 6926 ID 0x521 LEN 8 30:01:14:84:84:84:84:84:
21:07:20.521 -> 6928 ID 0x121 LEN 8 21:69:20:2B:31:20:FF:FF:
21:07:20.521 -> 6934 ID 0x521 LEN 8 74:84:84:84:84:84:84:84:
21:07:20.589 -> 6991 ID 0x3AF LEN 2 59:00:
21:07:20.589 -> 6999 ID 0x2E8 LEN 3 91:02:01:
21:07:20.691 -> 7100 ID 0x2E8 LEN 3 91:02:01:
21:07:20.759 -> 7154 ID 0x3BF LEN 2 49:00:
21:07:20.793 -> 7198 ID 0x2E8 LEN 3 91:02:01:
21:07:20.793 -> 7203 ID 0x3CF LEN 1 69:
21:07:20.861 -> 7274 ID 0x121 LEN 8 10:0B:76:60:01:56:4F:4C:
21:07:20.861 -> 7277 ID 0x521 LEN 8 30:01:14:84:84:84:84:84:
21:07:20.895 -> 7281 ID 0x121 LEN 8 21:69:20:30:20:20:FF:FF:
21:07:20.895 -> 7285 ID 0x521 LEN 8 74:84:84:84:84:84:84:84:
21:07:20.895 -> 7300 ID 0x2E8 LEN 3 91:02:01:
21:07:20.996 -> 7398 ID 0x2E8 LEN 3 91:02:01:
21:07:20.996 -> 7409 ID 0x3FF LEN 2 92:01:
21:07:21.099 -> 7491 ID 0x3AF LEN 2 59:00:
21:07:21.099 -> 7499 ID 0x2E8 LEN 3 91:02:01:
21:07:21.133 -> 7519 ID 0x121 LEN 8 10:0B:76:60:01:56:4F:4C:
21:07:21.133 -> 7524 ID 0x521 LEN 8 30:01:14:84:84:84:84:84:
21:07:21.133 -> 7526 ID 0x121 LEN 8 21:69:20:2D:31:20:FF:FF:
21:07:21.133 -> 7531 ID 0x521 LEN 8 74:84:84:84:84:84:84:84:
21:07:21.201 -> 7598 ID 0x2E8 LEN 3 91:02:01:
21:07:21.269 -> 7654 ID 0x3BF LEN 2 49:00:
21:07:21.269 -> 7660 ID 0x2D0 LEN 5 12:00:31:31:00:
21:07:21.303 -> 7699 ID 0x2E8 LEN 3 91:02:01:
21:07:21.303 -> 7711 ID 0x3CF LEN 1 69:
21:07:21.303 -> 7719 ID 0x121 LEN 8 10:0B:76:60:01:56:4F:4C:
21:07:21.336 -> 7728 ID 0x521 LEN 8 30:01:14:84:84:84:84:84:
21:07:21.336 -> 7734 ID 0x121 LEN 8 21:69:20:2D:32:20:FF:FF:
21:07:21.336 -> 7737 ID 0x521 LEN 8 74:84:84:84:84:84:84:84:
21:07:21.404 -> 7797 ID 0x2E8 LEN 3 91:02:01:
21:07:21.507 -> 7899 ID 0x2E8 LEN 3 91:02:01:
21:07:21.507 -> 7908 ID 0x3FF LEN 2 92:01:
21:07:21.575 -> 7991 ID 0x3AF LEN 2 59:00:
21:07:21.609 -> 7998 ID 0x2E8 LEN 3 91:02:01:
21:07:21.711 -> 8098 ID 0x2E8 LEN 3 91:02:01:
21:07:21.745 -> 8154 ID 0x3BF LEN 2 49:00:
21:07:21.813 -> 8198 ID 0x2E8 LEN 3 91:02:01:
21:07:21.813 -> 8219 ID 0x3CF LEN 1 69:
21:07:21.881 -> 8298 ID 0x2E8 LEN 3 91:02:01:
21:07:22.015 -> 8399 ID 0x2E8 LEN 3 91:02:01:
21:07:22.015 -> 8409 ID 0x3FF LEN 2 92:01:
21:07:22.083 -> 8491 ID 0x3AF LEN 2 59:00:
21:07:22.083 -> 8499 ID 0x2E8 LEN 3 91:02:01:
21:07:22.185 -> 8600 ID 0x2E8 LEN 3 91:02:01:
21:07:22.253 -> 8653 ID 0x3BF LEN 2 49:00:
21:07:22.287 -> 8691 ID 0x2D0 LEN 5 12:00:31:31:00:
21:07:22.287 -> 8698 ID 0x2E8 LEN 3 91:02:01:
21:07:22.321 -> 8727 ID 0x3CF LEN 1 69:
21:07:22.388 -> 8800 ID 0x2E8 LEN 3 91:02:01:
21:07:22.490 -> 8898 ID 0x2E8 LEN 3 91:02:01:
21:07:22.524 -> 8909 ID 0x3FF LEN 2 92:01:
21:07:22.592 -> 8990 ID 0x3AF LEN 2 59:00:
21:07:22.592 -> 8999 ID 0x2E8 LEN 3 91:02:01:
21:07:22.694 -> 9098 ID 0x2E8 LEN 3 91:02:01:
21:07:22.762 -> 9154 ID 0x3BF LEN 2 49:00:
21:07:22.796 -> 9199 ID 0x2E8 LEN 3 91:02:01:
21:07:22.830 -> 9235 ID 0x3CF LEN 1 69:
21:07:22.898 -> 9298 ID 0x2E8 LEN 3 91:02:01:
21:07:23.000 -> 9399 ID 0x2E8 LEN 3 91:02:01:
21:07:23.000 -> 9407 ID 0x3FF LEN 2 92:01:
21:07:23.101 -> 9491 ID 0x3AF LEN 2 59:00:
21:07:23.101 -> 9497 ID 0x2E8 LEN 3 91:02:01:
21:07:23.203 -> 9600 ID 0x2E8 LEN 3 91:02:01:
21:07:23.237 -> 9654 ID 0x3BF LEN 2 49:00:
21:07:23.305 -> 9696 ID 0x121 LEN 8 10:0B:76:60:22:20:20:4E:
21:07:23.305 -> 9698 ID 0x521 LEN 8 30:01:14:84:84:84:84:84:
21:07:23.305 -> 9700 ID 0x121 LEN 8 21:45:57:53:20:20:FF:FF:
21:07:23.305 -> 9706 ID 0x521 LEN 8 74:84:84:84:84:84:84:84:
21:07:23.339 -> 9728 ID 0x2D0 LEN 5 12:00:31:31:00:
21:07:23.339 -> 9739 ID 0x3CF LEN 1 69:
21:07:23.339 -> 9741 ID 0x121 LEN 8 10:0B:76:60:26:52:46:49:
21:07:23.339 -> 9748 ID 0x521 LEN 8 30:01:14:84:84:84:84:84:
21:07:23.339 -> 9750 ID 0x121 LEN 8 21:20:39:34:46:4D:FF:FF:
21:07:23.339 -> 9755 ID 0x521 LEN 8 74:84:84:84:84:84:84:84:
21:07:23.407 -> 9799 ID 0x2E8 LEN 3 91:02:01:
21:07:23.510 -> 9897 ID 0x2E8 LEN 3 91:02:01:
21:07:23.510 -> 9909 ID 0x3FF LEN 2 92:01:
21:07:23.577 -> 9991 ID 0x3AF LEN 2 59:00:
21:07:23.611 -> 9999 ID 0x2E8 LEN 3 91:02:01:
21:07:23.679 -> 10097 ID 0x2E8 LEN 3 91:02:01:
21:07:23.746 -> 10153 ID 0x3BF LEN 2 49:00:
21:07:23.780 -> 10199 ID 0x2E8 LEN 3 91:02:01:
21:07:23.860 -> 10247 ID 0x3CF LEN 1 69:
21:07:23.894 -> 10297 ID 0x2E8 LEN 3 91:02:01:
21:07:23.996 -> 10398 ID 0x2E8 LEN 3 91:02:01:
21:07:23.996 -> 10407 ID 0x3FF LEN 2 92:01:
21:07:24.097 -> 10490 ID 0x3AF LEN 2 59:00:
21:07:24.097 -> 10498 ID 0x2E8 LEN 3 91:02:01:
21:07:24.199 -> 10598 ID 0x2E8 LEN 3 91:02:01:
21:07:24.267 -> 10653 ID 0x3BF LEN 2 49:00:
21:07:24.301 -> 10697 ID 0x2E8 LEN 3 91:02:01:
21:07:24.335 -> 10750 ID 0x3CF LEN 1 69:
21:07:24.369 -> 10756 ID 0x2D0 LEN 5 12:00:31:31:00:
21:07:24.403 -> 10799 ID 0x2E8 LEN 3 91:02:01:
21:07:24.505 -> 10897 ID 0x2E8 LEN 3 91:02:01:
21:07:24.505 -> 10908 ID 0x3FF LEN 2 92:01:
21:07:24.573 -> 10969 ID 0x121 LEN 8 10:0B:76:60:01:56:4F:4C:
21:07:24.573 -> 10972 ID 0x521 LEN 8 30:01:14:84:84:84:84:84:
21:07:24.573 -> 10974 ID 0x121 LEN 8 21:69:20:2D:33:20:FF:FF:
21:07:24.573 -> 10980 ID 0x521 LEN 8 74:84:84:84:84:84:84:84:
21:07:24.607 -> 10992 ID 0x3AF LEN 2 59:00:
21:07:24.607 -> 10998 ID 0x2E8 LEN 3 91:02:01:
21:07:24.709 -> 11100 ID 0x2E8 LEN 3 91:02:01:
21:07:24.742 -> 11154 ID 0x3BF LEN 2 49:00:
21:07:24.810 -> 11198 ID 0x2E8 LEN 3 91:02:01:
21:07:24.844 -> 11257 ID 0x3CF LEN 1 69:
21:07:24.912 -> 11299 ID 0x2E8 LEN 3 91:02:01:
21:07:24.980 -> 11398 ID 0x2E8 LEN 3 91:02:01:
21:07:25.014 -> 11409 ID 0x3FF LEN 2 92:01:
21:07:25.082 -> 11491 ID 0x3AF LEN 2 59:00:
21:07:25.082 -> 11499 ID 0x2E8 LEN 3 91:02:01:
21:07:25.184 -> 11597 ID 0x2E8 LEN 3 91:02:01:
21:07:25.252 -> 11654 ID 0x3BF LEN 2 49:00:
21:07:25.286 -> 11699 ID 0x2E8 LEN 3 91:02:01:
21:07:25.354 -> 11765 ID 0x3CF LEN 1 69:
21:07:25.388 -> 11788 ID 0x2D0 LEN 5 12:00:31:31:00:
21:07:25.388 -> 11797 ID 0x2E8 LEN 3 91:02:01:
21:07:25.490 -> 11898 ID 0x2E8 LEN 3 91:02:01:
21:07:25.490 -> 11907 ID 0x3FF LEN 2 92:01:
21:07:25.592 -> 11991 ID 0x3AF LEN 2 59:00:
21:07:25.592 -> 11997 ID 0x2E8 LEN 3 91:02:01:
21:07:25.694 -> 12098 ID 0x2E8 LEN 3 91:02:01:
21:07:25.761 -> 12154 ID 0x3BF LEN 2 49:00:
21:07:25.795 -> 12197 ID 0x2E8 LEN 3 91:02:01:
21:07:25.863 -> 12273 ID 0x3CF LEN 1 69:
21:07:25.897 -> 12298 ID 0x2E8 LEN 3 91:02:01:
21:07:25.999 -> 12397 ID 0x2E8 LEN 3 91:02:01:
21:07:25.999 -> 12408 ID 0x3FF LEN 2 92:01:
21:07:26.101 -> 12490 ID 0x3AF LEN 2 59:00:
21:07:26.101 -> 12498 ID 0x2E8 LEN 3 91:02:01:
21:07:26.203 -> 12597 ID 0x2E8 LEN 3 91:02:01:
21:07:26.237 -> 12653 ID 0x3BF LEN 2 49:00:
21:07:26.305 -> 12698 ID 0x2E8 LEN 3 91:02:01:
21:07:26.373 -> 12778 ID 0x3CF LEN 1 69:
21:07:26.407 -> 12800 ID 0x2E8 LEN 3 91:02:01:
21:07:26.407 -> 12820 ID 0x2D0 LEN 5 12:00:31:31:00:
21:07:26.509 -> 12898 ID 0x2E8 LEN 3 91:02:01:
21:07:26.509 -> 12909 ID 0x3FF LEN 2 92:01:
21:07:26.543 -> 12946 ID 0x121 LEN 8 10:0B:76:60:22:20:20:4E:
21:07:26.543 -> 12954 ID 0x521 LEN 8 30:01:14:84:84:84:84:84:
21:07:26.543 -> 12956 ID 0x121 LEN 8 21:45:57:53:20:20:FF:FF:
21:07:26.577 -> 12962 ID 0x521 LEN 8 74:84:84:84:84:84:84:84:
21:07:26.577 -> 12975 ID 0x121 LEN 8 10:0B:76:60:26:52:46:49:
21:07:26.577 -> 12979 ID 0x521 LEN 8 30:01:14:84:84:84:84:84:
21:07:26.577 -> 12981 ID 0x121 LEN 8 21:20:39:34:46:4D:FF:FF:
21:07:26.577 -> 12987 ID 0x521 LEN 8 74:84:84:84:84:84:84:84:
21:07:26.577 -> 12990 ID 0x3AF LEN 2 59:00:
21:07:26.611 -> 12996 ID 0x2E8 LEN 3 91:02:01:
21:07:26.679 -> 13097 ID 0x2E8 LEN 3 91:02:01:
21:07:26.747 -> 13154 ID 0x3BF LEN 2 49:00:
21:07:26.781 -> 13199 ID 0x2E8 LEN 3 91:02:01:
21:07:26.883 -> 13281 ID 0x3CF LEN 1 69:
21:07:26.883 -> 13297 ID 0x2E8 LEN 3 91:02:01:
21:07:26.985 -> 13399 ID 0x2E8 LEN 3 91:02:01:
21:07:27.019 -> 13407 ID 0x3FF LEN 2 92:01:
21:07:27.086 -> 13491 ID 0x3AF LEN 2 59:00:
21:07:27.086 -> 13497 ID 0x2E8 LEN 3 91:02:01:
21:07:27.188 -> 13598 ID 0x2E8 LEN 3 91:02:01:
21:07:27.258 -> 13654 ID 0x3BF LEN 2 49:00:
21:07:27.289 -> 13698 ID 0x2E8 LEN 3 91:02:01:
21:07:27.392 -> 13785 ID 0x3CF LEN 1 69:
21:07:27.392 -> 13799 ID 0x2E8 LEN 3 91:02:01:
21:07:27.460 -> 13851 ID 0x2D0 LEN 5 12:00:31:31:00:
21:07:27.494 -> 13897 ID 0x2E8 LEN 3 91:02:01:
21:07:27.494 -> 13908 ID 0x3FF LEN 2 92:01:
21:07:27.596 -> 13990 ID 0x3AF LEN 2 59:00:
21:07:27.596 -> 13999 ID 0x2E8 LEN 3 91:02:01:
21:07:27.698 -> 14097 ID 0x2E8 LEN 3 91:02:01:
21:07:27.765 -> 14153 ID 0x3BF LEN 2 49:00:
21:07:27.799 -> 14198 ID 0x2E8 LEN 3 91:02:01:
21:07:27.901 -> 14288 ID 0x3CF LEN 1 69:
21:07:27.901 -> 14298 ID 0x2E8 LEN 3 91:02:01:
21:07:28.002 -> 14398 ID 0x2E8 LEN 3 91:02:01:
21:07:28.002 -> 14406 ID 0x3FF LEN 2 92:01:
21:07:28.103 -> 14490 ID 0x3AF LEN 2 59:00:
21:07:28.103 -> 14497 ID 0x2E8 LEN 3 91:02:01:
21:07:28.205 -> 14599 ID 0x2E8 LEN 3 91:02:01:
21:07:28.239 -> 14653 ID 0x3BF LEN 2 49:00:
21:07:28.307 -> 14697 ID 0x2E8 LEN 3 91:02:01:
21:07:28.409 -> 14796 ID 0x3CF LEN 1 69:
21:07:28.409 -> 14798 ID 0x2E8 LEN 3 91:02:01:
21:07:28.477 -> 14884 ID 0x2D0 LEN 5 12:00:31:31:00:
21:07:28.511 -> 14897 ID 0x2E8 LEN 3 91:02:01:
21:07:28.511 -> 14908 ID 0x3FF LEN 2 92:01:
21:07:28.579 -> 14990 ID 0x3AF LEN 2 59:00:
21:07:28.579 -> 14998 ID 0x2E8 LEN 3 91:02:01:
21:07:28.680 -> 15083 ID 0x3EF LEN 3 A6:14:07:
21:07:28.680 -> 15096 ID 0x2E8 LEN 3 91:02:01:
21:07:28.748 -> 15153 ID 0x3BF LEN 2 49:00:
21:07:28.782 -> 15198 ID 0x2E8 LEN 3 91:02:01:
21:07:28.884 -> 15296 ID 0x2E8 LEN 3 91:02:01:
21:07:28.884 -> 15300 ID 0x3CF LEN 1 69:
21:07:28.986 -> 15397 ID 0x2E8 LEN 3 91:02:01:
21:07:29.020 -> 15406 ID 0x3FF LEN 2 92:01:
21:07:29.088 -> 15491 ID 0x3AF LEN 2 59:00:
21:07:29.088 -> 15496 ID 0x2E8 LEN 3 91:02:01:
21:07:29.190 -> 15597 ID 0x2E8 LEN 3 91:02:01:
21:07:29.258 -> 15653 ID 0x3BF LEN 2 49:00:
21:07:29.292 -> 15696 ID 0x2E8 LEN 3 91:02:01:
21:07:29.394 -> 15798 ID 0x2E8 LEN 3 91:02:01:
21:07:29.394 -> 15804 ID 0x3CF LEN 1 69:
21:07:29.496 -> 15896 ID 0x2E8 LEN 3 91:02:01:
21:07:29.496 -> 15907 ID 0x3FF LEN 2 92:01:
21:07:29.530 -> 15917 ID 0x2D0 LEN 5 12:00:31:31:00:
21:07:29.598 -> 15990 ID 0x3AF LEN 2 59:00:
21:07:29.598 -> 15997 ID 0x2E8 LEN 3 91:02:01:
21:07:29.700 -> 16096 ID 0x2E8 LEN 3 91:02:01:
21:07:29.768 -> 16153 ID 0x3BF LEN 2 49:00:
21:07:29.802 -> 16197 ID 0x2E8 LEN 3 91:02:01:
21:07:29.904 -> 16295 ID 0x2E8 LEN 3 91:02:01:
21:07:29.904 -> 16308 ID 0x3CF LEN 1 69:
21:07:30.005 -> 16397 ID 0x2E8 LEN 3 91:02:01:
21:07:30.005 -> 16408 ID 0x3FF LEN 2 92:01:
21:07:30.073 -> 16490 ID 0x3AF LEN 2 59:00:
21:07:30.107 -> 16496 ID 0x2E8 LEN 3 91:02:01:
21:07:30.209 -> 16596 ID 0x2E8 LEN 3 91:02:01:
21:07:30.243 -> 16653 ID 0x3BF LEN 2 49:00:
21:07:30.311 -> 16696 ID 0x2E8 LEN 3 91:02:01:
21:07:30.379 -> 16797 ID 0x2E8 LEN 3 91:02:01:
21:07:30.413 -> 16816 ID 0x3CF LEN 1 69:
21:07:30.481 -> 16899 ID 0x2E8 LEN 3 91:02:01:
21:07:30.515 -> 16907 ID 0x3FF LEN 2 92:01:
21:07:30.549 -> 16949 ID 0x2D0 LEN 5 12:00:31:31:00:
21:07:30.583 -> 16990 ID 0x3AF LEN 2 59:00:
21:07:30.583 -> 16997 ID 0x2E8 LEN 3 91:02:01:
21:07:30.685 -> 17098 ID 0x2E8 LEN 3 91:02:01:
21:07:30.753 -> 17153 ID 0x3BF LEN 2 49:00:
21:07:30.787 -> 17198 ID 0x2E8 LEN 3 91:02:01:
21:07:30.889 -> 17296 ID 0x2E8 LEN 3 91:02:01:
21:07:30.923 -> 17324 ID 0x3CF LEN 1 69:
21:07:30.991 -> 17397 ID 0x2E8 LEN 3 91:02:01:
21:07:30.991 -> 17405 ID 0x3FF LEN 2 92:01:
21:07:31.093 -> 17490 ID 0x3AF LEN 2 59:00:
21:07:31.093 -> 17496 ID 0x2E8 LEN 3 91:02:01:
21:07:31.195 -> 17597 ID 0x2E8 LEN 3 91:02:01:
21:07:31.263 -> 17653 ID 0x3BF LEN 2 49:00:
21:07:31.296 -> 17695 ID 0x2E8 LEN 3 91:02:01:
21:07:31.398 -> 17797 ID 0x2E8 LEN 3 91:02:01:
21:07:31.432 -> 17817 ID 0x121 LEN 8 10:0B:76:60:01:56:4F:4C:
21:07:31.432 -> 17825 ID 0x521 LEN 8 30:01:14:84:84:84:84:84:
21:07:31.432 -> 17827 ID 0x121 LEN 8 21:69:20:2D:34:20:FF:FF:
21:07:31.432 -> 17831 ID 0x3CF LEN 1 69:
21:07:31.432 -> 17832 ID 0x521 LEN 8 74:84:84:84:84:84:84:84:
21:07:31.499 -> 17896 ID 0x2E8 LEN 3 91:02:01:
21:07:31.499 -> 17906 ID 0x3FF LEN 2 92:01:
21:07:31.566 -> 17981 ID 0x2D0 LEN 5 12:00:31:31:00:
21:07:31.600 -> 17991 ID 0x3AF LEN 2 59:00:
21:07:31.600 -> 17996 ID 0x2E8 LEN 3 91:02:01:
21:07:31.703 -> 18098 ID 0x2E8 LEN 3 91:02:01:
21:07:31.771 -> 18161 ID 0x3BF LEN 2 49:00:
21:07:31.805 -> 18196 ID 0x2E8 LEN 3 91:02:01:
21:07:31.907 -> 18297 ID 0x2E8 LEN 3 91:02:01:
21:07:31.941 -> 18341 ID 0x3CF LEN 1 69:
21:07:32.009 -> 18396 ID 0x2E8 LEN 3 91:02:01:
21:07:32.009 -> 18407 ID 0x3FF LEN 2 92:01:
21:07:32.077 -> 18490 ID 0x3AF LEN 2 59:00:
21:07:32.111 -> 18497 ID 0x2E8 LEN 3 91:02:01:
21:07:32.178 -> 18595 ID 0x2E8 LEN 3 91:02:01:
21:07:32.246 -> 18653 ID 0x3BF LEN 2 49:00:
21:07:32.280 -> 18697 ID 0x2E8 LEN 3 91:02:01:
21:07:32.382 -> 18795 ID 0x2E8 LEN 3 91:02:01:
21:07:32.450 -> 18843 ID 0x3CF LEN 1 69:
21:07:32.484 -> 18896 ID 0x2E8 LEN 3 91:02:01:
21:07:32.518 -> 18906 ID 0x3FF LEN 2 92:01:
21:07:32.587 -> 18990 ID 0x3AF LEN 2 59:00:
21:07:32.587 -> 18996 ID 0x2E8 LEN 3 91:02:01:
21:07:32.622 -> 19012 ID 0x2D0 LEN 5 12:00:31:31:00:
21:07:32.689 -> 19096 ID 0x2E8 LEN 3 91:02:01:
21:07:32.757 -> 19152 ID 0x3BF LEN 2 49:00:
21:07:32.791 -> 19195 ID 0x2E8 LEN 3 91:02:01:
21:07:32.893 -> 19297 ID 0x2E8 LEN 3 91:02:01:
21:07:32.961 -> 19351 ID 0x3CF LEN 1 69:
21:07:32.995 -> 19397 ID 0x2E8 LEN 3 91:02:01:
21:07:32.995 -> 19406 ID 0x3FF LEN 2 92:01:
21:07:33.098 -> 19489 ID 0x3AF LEN 2 59:00:
21:07:33.098 -> 19496 ID 0x2E8 LEN 3 91:02:01:
21:07:33.200 -> 19598 ID 0x2E8 LEN 3 91:02:01:
21:07:33.268 -> 19653 ID 0x3BF LEN 2 49:00:
21:07:33.302 -> 19696 ID 0x2E8 LEN 3 91:02:01:
21:07:33.403 -> 19795 ID 0x121 LEN 8 10:0B:76:60:22:20:20:4E:
21:07:33.403 -> 19798 ID 0x2E8 LEN 3 91:02:01:
21:07:33.403 -> 19802 ID 0x521 LEN 8 30:01:14:84:84:84:84:84:
21:07:33.403 -> 19804 ID 0x121 LEN 8 21:45:57:53:20:20:FF:FF:
21:07:33.403 -> 19810 ID 0x521 LEN 8 74:84:84:84:84:84:84:84:
21:07:33.403 -> 19820 ID 0x121 LEN 8 10:0B:76:60:26:52:46:49:
21:07:33.437 -> 19826 ID 0x521 LEN 8 30:01:14:84:84:84:84:84:
21:07:33.437 -> 19828 ID 0x121 LEN 8 21:20:39:34:46:4D:FF:FF:
21:07:33.437 -> 19835 ID 0x521 LEN 8 74:84:84:84:84:84:84:84:
21:07:33.437 -> 19855 ID 0x3CF LEN 1 69:
21:07:33.505 -> 19896 ID 0x2E8 LEN 3 91:02:01:
21:07:33.505 -> 19907 ID 0x3FF LEN 2 92:01:
21:07:33.573 -> 19990 ID 0x3AF LEN 2 59:00:
21:07:33.607 -> 19997 ID 0x2E8 LEN 3 91:02:01:
21:07:33.641 -> 20045 ID 0x2D0 LEN 5 12:00:31:31:00:
21:07:33.709 -> 20096 ID 0x2E8 LEN 3 91:02:01:
21:07:33.743 -> 20153 ID 0x3BF LEN 2 49:00:
21:07:33.811 -> 20197 ID 0x2E8 LEN 3 91:02:01:
21:07:33.879 -> 20295 ID 0x2E8 LEN 3 91:02:01:
21:07:33.981 -> 20369 ID 0x3CF LEN 1 69:
21:07:33.981 -> 20397 ID 0x2E8 LEN 3 91:02:01:
21:07:34.014 -> 20405 ID 0x3FF LEN 2 92:01:
21:07:34.083 -> 20490 ID 0x3AF LEN 2 59:00:
21:07:34.083 -> 20495 ID 0x2E8 LEN 3 91:02:01:
21:07:34.185 -> 20596 ID 0x2E8 LEN 3 91:02:01:
21:07:34.252 -> 20653 ID 0x3BF LEN 2 49:00:
21:07:34.286 -> 20696 ID 0x2E8 LEN 3 91:02:01:
21:07:34.386 -> 20797 ID 0x2E8 LEN 3 91:02:01:
21:07:34.453 -> 20870 ID 0x3CF LEN 1 69:
21:07:34.486 -> 20895 ID 0x2E8 LEN 3 91:02:01:
21:07:34.520 -> 20907 ID 0x3FF LEN 2 92:01:
21:07:34.587 -> 20989 ID 0x3AF LEN 2 59:00:
21:07:34.587 -> 20997 ID 0x2E8 LEN 3 91:02:01:
21:07:34.689 -> 21076 ID 0x2D0 LEN 5 12:00:31:31:00:
21:07:34.689 -> 21095 ID 0x2E8 LEN 3 91:02:01:
21:07:34.757 -> 21152 ID 0x3BF LEN 2 49:00:
21:07:34.791 -> 21196 ID 0x2E8 LEN 3 91:02:01:
21:07:34.824 -> 21217 ID 0x121 LEN 8 10:0B:76:60:01:56:4F:4C:
21:07:34.824 -> 21219 ID 0x521 LEN 8 30:01:14:84:84:84:84:84:
21:07:34.824 -> 21227 ID 0x521 LEN 8 74:84:84:84:84:84:84:84:
21:07:34.892 -> 21298 ID 0x2E8 LEN 3 91:02:01:
21:07:34.994 -> 21378 ID 0x3CF LEN 1 69:
21:07:34.994 -> 21396 ID 0x2E8 LEN 3 91:02:01:
21:07:34.994 -> 21407 ID 0x3FF LEN 2 92:01:
21:07:35.096 -> 21490 ID 0x3AF LEN 2 59:00:
21:07:35.096 -> 21497 ID 0x2E8 LEN 3 91:02:01:
21:07:35.198 -> 21596 ID 0x2E8 LEN 3 91:02:01:
21:07:35.267 -> 21653 ID 0x3BF LEN 2 49:00:
21:07:35.299 -> 21697 ID 0x2E8 LEN 3 91:02:01:
21:07:35.402 -> 21795 ID 0x2E8 LEN 3 91:02:01:
21:07:35.470 -> 21881 ID 0x3CF LEN 1 69:
21:07:35.504 -> 21897 ID 0x2E8 LEN 3 91:02:01:
21:07:35.504 -> 21905 ID 0x3FF LEN 2 92:01:
21:07:35.606 -> 21990 ID 0x3AF LEN 2 59:00:
21:07:35.606 -> 21996 ID 0x2E8 LEN 3 91:02:01:
21:07:35.707 -> 22096 ID 0x2E8 LEN 3 91:02:01:
21:07:35.707 -> 22110 ID 0x2D0 LEN 5 12:00:31:31:00:
21:07:35.741 -> 22156 ID 0x3BF LEN 2 49:00:
21:07:35.809 -> 22196 ID 0x2E8 LEN 3 91:02:01:
21:07:35.911 -> 22297 ID 0x2E8 LEN 3 91:02:01:
21:07:35.979 -> 22386 ID 0x3CF LEN 1 69:
21:07:35.979 -> 22395 ID 0x2E8 LEN 3 91:02:01:
21:07:36.014 -> 22407 ID 0x3FF LEN 2 92:01:
21:07:36.080 -> 22490 ID 0x3AF LEN 2 59:00:
21:07:36.080 -> 22497 ID 0x2E8 LEN 3 91:02:01:
21:07:36.183 -> 22595 ID 0x2E8 LEN 3 91:02:01:
21:07:36.251 -> 22652 ID 0x3BF LEN 2 49:00:
21:07:36.285 -> 22696 ID 0x2E8 LEN 3 91:02:01:
21:07:36.387 -> 22796 ID 0x2E8 LEN 3 91:02:01:
21:07:36.489 -> 22893 ID 0x3CF LEN 1 69:
21:07:36.489 -> 22896 ID 0x2E8 LEN 3 91:02:01:
21:07:36.489 -> 22905 ID 0x3FF LEN 2 92:01:
21:07:36.591 -> 22989 ID 0x3AF LEN 2 59:00:
21:07:36.591 -> 22995 ID 0x2E8 LEN 3 91:02:01:
21:07:36.692 -> 23097 ID 0x2E8 LEN 3 91:02:01:
21:07:36.760 -> 23151 ID 0x2D0 LEN 5 12:00:31:31:00:
21:07:36.760 -> 23152 ID 0x3BF LEN 2 49:00:
21:07:36.794 -> 23195 ID 0x121 LEN 8 10:0B:76:60:22:20:20:4E:
21:07:36.794 -> 23197 ID 0x2E8 LEN 3 91:02:01:
21:07:36.794 -> 23201 ID 0x521 LEN 8 30:01:14:84:84:84:84:84:
21:07:36.794 -> 23203 ID 0x121 LEN 8 21:45:57:53:20:20:FF:FF:
21:07:36.794 -> 23209 ID 0x521 LEN 8 74:84:84:84:84:84:84:84:
21:07:36.794 -> 23213 ID 0x121 LEN 8 10:0B:76:60:26:52:46:49:
21:07:36.828 -> 23218 ID 0x521 LEN 8 30:01:14:84:84:84:84:84:
21:07:36.828 -> 23220 ID 0x121 LEN 8 21:20:39:34:46:4D:FF:FF:
21:07:36.828 -> 23226 ID 0x521 LEN 8 74:84:84:84:84:84:84:84:
21:07:36.894 -> 23297 ID 0x2E8 LEN 3 91:02:01:
21:07:36.996 -> 23395 ID 0x2E8 LEN 3 91:02:01:
21:07:36.996 -> 23401 ID 0x3CF LEN 1 69:
21:07:36.996 -> 23406 ID 0x3FF LEN 2 92:01:
21:07:37.098 -> 23489 ID 0x3AF LEN 2 59:00:
21:07:37.098 -> 23496 ID 0x2E8 LEN 3 91:02:01:
21:07:37.200 -> 23595 ID 0x2E8 LEN 3 91:02:01:
21:07:37.268 -> 23653 ID 0x3BF LEN 2 49:00:
21:07:37.302 -> 23696 ID 0x2E8 LEN 3 91:02:01:
21:07:37.404 -> 23794 ID 0x2E8 LEN 3 91:02:01:
21:07:37.506 -> 23896 ID 0x2E8 LEN 3 91:02:01:
21:07:37.506 -> 23905 ID 0x3FF LEN 2 92:01:
21:07:37.506 -> 23909 ID 0x3CF LEN 1 69:
21:07:37.573 -> 23990 ID 0x3AF LEN 2 59:00:
21:07:37.606 -> 23995 ID 0x2E8 LEN 3 91:02:01:
21:07:37.708 -> 24095 ID 0x2E8 LEN 3 91:02:01:
21:07:37.742 -> 24154 ID 0x3BF LEN 2 49:00:
21:07:37.776 -> 24172 ID 0x2D0 LEN 5 12:00:31:31:00:
21:07:37.810 -> 24195 ID 0x2E8 LEN 3 91:02:01:
21:07:37.878 -> 24296 ID 0x2E8 LEN 3 91:02:01:
21:07:37.980 -> 24394 ID 0x2E8 LEN 3 91:02:01:
21:07:38.014 -> 24406 ID 0x3FF LEN 2 92:01:
21:07:38.014 -> 24413 ID 0x3CF LEN 1 69:
21:07:38.082 -> 24489 ID 0x3AF LEN 2 59:00:
21:07:38.082 -> 24496 ID 0x2E8 LEN 3 91:02:01:
21:07:38.184 -> 24597 ID 0x2E8 LEN 3 91:02:01:
21:07:38.252 -> 24652 ID 0x3BF LEN 2 49:00:
21:07:38.286 -> 24695 ID 0x2E8 LEN 3 91:02:01:
21:07:38.389 -> 24797 ID 0x2E8 LEN 3 91:02:01:
21:07:38.489 -> 24895 ID 0x2E8 LEN 3 91:02:01:
21:07:38.489 -> 24906 ID 0x3FF LEN 2 92:01:
21:07:38.523 -> 24921 ID 0x3CF LEN 1 69:
21:07:38.590 -> 24989 ID 0x3AF LEN 2 59:00:
21:07:38.590 -> 24996 ID 0x2E8 LEN 3 91:02:01:
21:07:38.692 -> 25095 ID 0x2E8 LEN 3 91:02:01:
21:07:38.760 -> 25152 ID 0x3BF LEN 2 49:00:
21:07:38.794 -> 25196 ID 0x2E8 LEN 3 91:02:01:
21:07:38.794 -> 25204 ID 0x2D0 LEN 5 12:00:31:31:00:
21:07:38.895 -> 25294 ID 0x2E8 LEN 3 91:02:01:
21:07:38.997 -> 25396 ID 0x2E8 LEN 3 91:02:01:
21:07:38.997 -> 25404 ID 0x3FF LEN 2 92:01:
21:07:39.031 -> 25428 ID 0x3CF LEN 1 69:
21:07:39.099 -> 25489 ID 0x3AF LEN 2 59:00:
21:07:39.099 -> 25494 ID 0x2E8 LEN 3 91:02:01:
21:07:39.201 -> 25595 ID 0x2E8 LEN 3 91:02:01:
21:07:39.271 -> 25652 ID 0x3BF LEN 2 49:00:
21:07:39.303 -> 25695 ID 0x2E8 LEN 3 91:02:01:
21:07:39.405 -> 25795 ID 0x2E8 LEN 3 91:02:01:
21:07:39.506 -> 25894 ID 0x2E8 LEN 3 91:02:01:
21:07:39.506 -> 25906 ID 0x3FF LEN 2 92:01:
21:07:39.540 -> 25932 ID 0x3CF LEN 1 69:
21:07:39.574 -> 25990 ID 0x3AF LEN 2 59:00:
21:07:39.608 -> 25996 ID 0x2E8 LEN 3 91:02:01:
21:07:39.711 -> 26094 ID 0x2E8 LEN 3 91:02:01:
21:07:39.744 -> 26152 ID 0x3BF LEN 2 49:00:
21:07:39.778 -> 26195 ID 0x2E8 LEN 3 91:02:01:
21:07:39.846 -> 26236 ID 0x2D0 LEN 5 12:00:31:31:00:
21:07:39.880 -> 26297 ID 0x2E8 LEN 3 91:02:01:
21:07:39.982 -> 26395 ID 0x2E8 LEN 3 91:02:01:
21:07:40.016 -> 26406 ID 0x3FF LEN 2 92:01:
21:07:40.050 -> 26436 ID 0x3CF LEN 1 69:
21:07:40.084 -> 26489 ID 0x3AF LEN 2 59:00:
21:07:40.084 -> 26493 ID 0x2E8 LEN 3 91:02:01:
21:07:40.186 -> 26595 ID 0x2E8 LEN 3 91:02:01:
21:07:40.254 -> 26652 ID 0x3BF LEN 2 49:00:
21:07:40.288 -> 26696 ID 0x2E8 LEN 3 91:02:01:
21:07:40.390 -> 26795 ID 0x2E8 LEN 3 91:02:01:
21:07:40.492 -> 26896 ID 0x2E8 LEN 3 91:02:01:
21:07:40.492 -> 26904 ID 0x3FF LEN 2 92:01:
21:07:40.560 -> 26944 ID 0x3CF LEN 1 69:
21:07:40.594 -> 26989 ID 0x3AF LEN 2 59:00:
21:07:40.594 -> 26994 ID 0x2E8 LEN 3 91:02:01:
21:07:40.696 -> 27096 ID 0x2E8 LEN 3 91:02:01:
21:07:40.764 -> 27152 ID 0x3BF LEN 2 49:00:
21:07:40.798 -> 27195 ID 0x2E8 LEN 3 91:02:01:
21:07:40.866 -> 27269 ID 0x2D0 LEN 5 12:00:31:31:00:
21:07:40.900 -> 27296 ID 0x2E8 LEN 3 91:02:01:
21:07:41.002 -> 27395 ID 0x2E8 LEN 3 91:02:01:
21:07:41.002 -> 27406 ID 0x3FF LEN 2 92:01:
21:07:41.036 -> 27448 ID 0x3CF LEN 1 69:
21:07:41.104 -> 27489 ID 0x3AF LEN 2 59:00:
21:07:41.104 -> 27496 ID 0x2E8 LEN 3 91:02:01:
21:07:41.205 -> 27594 ID 0x2E8 LEN 3 91:02:01:
21:07:41.239 -> 27652 ID 0x3BF LEN 2 49:00:
21:07:41.307 -> 27696 ID 0x2E8 LEN 3 91:02:01:
21:07:41.409 -> 27795 ID 0x2E8 LEN 3 91:02:01:
21:07:41.511 -> 27895 ID 0x2E8 LEN 3 91:02:01:
21:07:41.511 -> 27904 ID 0x3FF LEN 2 92:01:
21:07:41.545 -> 27956 ID 0x3CF LEN 1 69:
21:07:41.579 -> 27990 ID 0x3AF LEN 2 59:00:
21:07:41.579 -> 27995 ID 0x2E8 LEN 3 91:02:01:
21:07:41.681 -> 28096 ID 0x2E8 LEN 3 91:02:01:
21:07:41.749 -> 28152 ID 0x3BF LEN 2 49:00:
21:07:41.783 -> 28194 ID 0x2E8 LEN 3 91:02:01:
21:07:41.885 -> 28296 ID 0x2E8 LEN 3 91:02:01:
21:07:41.885 -> 28301 ID 0x2D0 LEN 5 12:00:31:31:00:
21:07:41.988 -> 28394 ID 0x2E8 LEN 3 91:02:01:
21:07:42.021 -> 28405 ID 0x3FF LEN 2 92:01:
21:07:42.054 -> 28464 ID 0x3CF LEN 1 69:
21:07:42.088 -> 28489 ID 0x3AF LEN 2 59:00:
21:07:42.088 -> 28495 ID 0x2E8 LEN 3 91:02:01:
21:07:42.190 -> 28594 ID 0x2E8 LEN 3 91:02:01:
21:07:42.258 -> 28652 ID 0x3BF LEN 2 49:00:
21:07:42.292 -> 28695 ID 0x2E8 LEN 3 91:02:01:
21:07:42.393 -> 28793 ID 0x2E8 LEN 3 91:02:01:
21:07:42.495 -> 28895 ID 0x2E8 LEN 3 91:02:01:
21:07:42.495 -> 28903 ID 0x3FF LEN 2 92:01:
21:07:42.563 -> 28967 ID 0x3CF LEN 1 69:
21:07:42.597 -> 28992 ID 0x3AF LEN 2 59:00:
21:07:42.597 -> 28994 ID 0x2E8 LEN 3 91:02:01:
21:07:42.699 -> 29094 ID 0x2E8 LEN 3 91:02:01:
21:07:42.766 -> 29152 ID 0x3BF LEN 2 49:00:
21:07:42.800 -> 29194 ID 0x2E8 LEN 3 91:02:01:
