CAN Receiver
Starting receiving CAN:
65 ID 0x2D0 LEN 5 12:00:31:31:00:
89 ID 0x3AF LEN 2 59:00:
91 ID 0x2E8 LEN 3 91:02:01:
189 ID 0x2E8 LEN 3 91:02:01:
202 ID 0x3CF LEN 1 69:
289 ID 0x2E8 LEN 3 91:02:01:
388 ID 0x2E8 LEN 3 91:02:01:
399 ID 0x3FF LEN 2 92:01:
476 ID 0x3BF LEN 2 49:00:
489 ID 0x2E8 LEN 3 91:02:01:
588 ID 0x3AF LEN 2 59:00:
590 ID 0x2E8 LEN 3 91:02:01:
689 ID 0x2E8 LEN 3 91:02:01:
710 ID 0x3CF LEN 1 69:
789 ID 0x2E8 LEN 3 91:02:01:
887 ID 0x2E8 LEN 3 91:02:01:
899 ID 0x3FF LEN 2 92:01:
984 ID 0x3BF LEN 2 49:00:
989 ID 0x2E8 LEN 3 91:02:01:
1088 ID 0x3AF LEN 2 59:00:
1090 ID 0x2E8 LEN 3 91:02:01:
1097 ID 0x2D0 LEN 5 12:00:31:31:00:
1188 ID 0x2E8 LEN 3 91:02:01:
1221 ID 0x3CF LEN 1 69:
1290 ID 0x2E8 LEN 3 91:02:01:
1387 ID 0x2E8 LEN 3 91:02:01:
1398 ID 0x3FF LEN 2 92:01:
1475 ID 0x3BF LEN 2 49:00:
1488 ID 0x2E8 LEN 3 91:02:01:
1589 ID 0x3AF LEN 2 59:00:
1590 ID 0x2E8 LEN 3 91:02:01:
1688 ID 0x2E8 LEN 3 91:02:01:
1722 ID 0x3CF LEN 1 69:
1789 ID 0x2E8 LEN 3 91:02:01:
1888 ID 0x2E8 LEN 3 91:02:01:
1899 ID 0x3FF LEN 2 92:01:
1975 ID 0x3BF LEN 2 49:00:
1989 ID 0x2E8 LEN 3 91:02:01:
2087 ID 0x2E8 LEN 3 91:02:01:
2089 ID 0x3AF LEN 2 59:00:
2135 ID 0x2D0 LEN 5 12:00:31:31:00:
2189 ID 0x2E8 LEN 3 91:02:01:
2226 ID 0x3CF LEN 1 69:
2289 ID 0x2E8 LEN 3 91:02:01:
2340 ID 0x121 LEN 8 10:0B:76:60:01:56:4F:4C:
2350 ID 0x521 LEN 8 30:01:14:84:84:84:84:84:
2353 ID 0x121 LEN 8 21:69:20:2D:31:20:FF:FF:
2357 ID 0x521 LEN 8 74:84:84:84:84:84:84:84:
2387 ID 0x2E8 LEN 3 91:02:01:
2399 ID 0x3FF LEN 2 92:01:
2476 ID 0x3BF LEN 2 49:00:
2489 ID 0x2E8 LEN 3 91:02:01:
2587 ID 0x2E8 LEN 3 91:02:01:
2589 ID 0x3AF LEN 2 59:00:
2689 ID 0x2E8 LEN 3 91:02:01:
2734 ID 0x3CF LEN 1 69:
2790 ID 0x2E8 LEN 3 91:02:01:
2888 ID 0x2E8 LEN 3 91:02:01:
2899 ID 0x3FF LEN 2 92:01:
2975 ID 0x3BF LEN 2 49:00:
2989 ID 0x2E8 LEN 3 91:02:01:
3087 ID 0x2E8 LEN 3 91:02:01:
3089 ID 0x3AF LEN 2 59:00:
3162 ID 0x2D0 LEN 5 12:00:31:31:00:
3188 ID 0x2E8 LEN 3 91:02:01:
3237 ID 0x3CF LEN 1 69:
3290 ID 0x2E8 LEN 3 91:02:01:
3294 ID 0x121 LEN 8 10:0B:76:60:01:56:4F:4C:
3296 ID 0x521 LEN 8 30:01:14:84:84:84:84:84:
3298 ID 0x121 LEN 8 21:69:20:30:20:20:FF:FF:
3303 ID 0x521 LEN 8 74:84:84:84:84:84:84:84:
3388 ID 0x2E8 LEN 3 91:02:01:
3399 ID 0x3FF LEN 2 92:01:
3475 ID 0x3BF LEN 2 49:00:
3488 ID 0x2E8 LEN 3 91:02:01:
3587 ID 0x2E8 LEN 3 91:02:01:
3589 ID 0x3AF LEN 2 59:00:
3688 ID 0x2E8 LEN 3 91:02:01:
3744 ID 0x3CF LEN 1 69:
3789 ID 0x2E8 LEN 3 91:02:01:
3888 ID 0x2E8 LEN 3 91:02:01:
3898 ID 0x3FF LEN 2 92:01:
3975 ID 0x3BF LEN 2 49:00:
3988 ID 0x2E8 LEN 3 91:02:01:
4088 ID 0x3AF LEN 2 59:00:
4089 ID 0x2E8 LEN 3 91:02:01:
4188 ID 0x2E8 LEN 3 91:02:01:
4193 ID 0x2D0 LEN 5 12:00:31:31:00:
4253 ID 0x3CF LEN 1 69:
4289 ID 0x2E8 LEN 3 91:02:01:
4293 ID 0x121 LEN 8 10:0B:76:60:01:56:4F:4C:
4295 ID 0x521 LEN 8 30:01:14:84:84:84:84:84:
4302 ID 0x521 LEN 8 74:84:84:84:84:84:84:84:
4387 ID 0x2E8 LEN 3 91:02:01:
4399 ID 0x3FF LEN 2 92:01:
4475 ID 0x3BF LEN 2 49:00:
4489 ID 0x2E8 LEN 3 91:02:01:
4588 ID 0x3AF LEN 2 59:00:
4589 ID 0x2E8 LEN 3 91:02:01:
4687 ID 0x2E8 LEN 3 91:02:01:
4756 ID 0x3CF LEN 1 69:
4789 ID 0x2E8 LEN 3 91:02:01:
4887 ID 0x2E8 LEN 3 91:02:01:
4898 ID 0x3FF LEN 2 92:01:
4975 ID 0x3BF LEN 2 49:00:
4988 ID 0x2E8 LEN 3 91:02:01:
5089 ID 0x3AF LEN 2 59:00:
5090 ID 0x2E8 LEN 3 91:02:01:
5187 ID 0x2E8 LEN 3 91:02:01:
5225 ID 0x2D0 LEN 5 12:00:31:31:00:
5248 ID 0x121 LEN 8 10:0B:76:60:01:56:4F:4C:
5253 ID 0x521 LEN 8 30:01:14:84:84:84:84:84:
5260 ID 0x121 LEN 8 21:69:20:2B:32:20:FF:FF:
5262 ID 0x3CF LEN 1 69:
5263 ID 0x521 LEN 8 74:84:84:84:84:84:84:84:
5288 ID 0x2E8 LEN 3 91:02:01:
5387 ID 0x2E8 LEN 3 91:02:01:
5398 ID 0x3FF LEN 2 92:01:
5475 ID 0x3BF LEN 2 49:00:
5488 ID 0x2E8 LEN 3 91:02:01:
5588 ID 0x3AF LEN 2 59:00:
5590 ID 0x2E8 LEN 3 91:02:01:
5688 ID 0x2E8 LEN 3 91:02:01:
5764 ID 0x3CF LEN 1 69:
5788 ID 0x2E8 LEN 3 91:02:01:
5886 ID 0x2E8 LEN 3 91:02:01:
5898 ID 0x3FF LEN 2 92:01:
5975 ID 0x3BF LEN 2 49:00:
5988 ID 0x2E8 LEN 3 91:02:01:
6088 ID 0x3AF LEN 2 59:00:
6089 ID 0x2E8 LEN 3 91:02:01:
6188 ID 0x2E8 LEN 3 91:02:01:
6192 ID 0x121 LEN 8 10:0B:76:60:01:56:4F:4C:
6199 ID 0x521 LEN 8 30:01:14:84:84:84:84:84:
6201 ID 0x121 LEN 8 21:69:20:2B:33:20:FF:FF:
6207 ID 0x521 LEN 8 74:84:84:84:84:84:84:84:
6258 ID 0x2D0 LEN 5 12:00:31:31:00:
6272 ID 0x3CF LEN 1 69:
6288 ID 0x2E8 LEN 3 91:02:01:
6387 ID 0x2E8 LEN 3 91:02:01:
6398 ID 0x3FF LEN 2 92:01:
6475 ID 0x3BF LEN 2 49:00:
6489 ID 0x2E8 LEN 3 91:02:01:
6587 ID 0x2E8 LEN 3 91:02:01:
6588 ID 0x3AF LEN 2 59:00:
6687 ID 0x2E8 LEN 3 91:02:01:
6780 ID 0x3CF LEN 1 69:
6789 ID 0x2E8 LEN 3 91:02:01:
6887 ID 0x2E8 LEN 3 91:02:01:
6898 ID 0x3FF LEN 2 92:01:
6975 ID 0x3BF LEN 2 49:00:
6988 ID 0x2E8 LEN 3 91:02:01:
7040 ID 0x121 LEN 8 10:0B:76:60:01:56:4F:4C:
7043 ID 0x521 LEN 8 30:01:14:84:84:84:84:84:
7045 ID 0x121 LEN 8 21:69:20:2B:34:20:FF:FF:
7051 ID 0x521 LEN 8 74:84:84:84:84:84:84:84:
7089 ID 0x2E8 LEN 3 91:02:01:
7093 ID 0x3AF LEN 2 59:00:
7187 ID 0x2E8 LEN 3 91:02:01:
7287 ID 0x3CF LEN 1 69:
7288 ID 0x2E8 LEN 3 91:02:01:
7292 ID 0x2D0 LEN 5 12:00:31:31:00:
7387 ID 0x2E8 LEN 3 91:02:01:
7398 ID 0x3FF LEN 2 92:01:
7475 ID 0x3BF LEN 2 49:00:
7488 ID 0x2E8 LEN 3 91:02:01:
7588 ID 0x3AF LEN 2 59:00:
7589 ID 0x2E8 LEN 3 91:02:01:
7687 ID 0x2E8 LEN 3 91:02:01:
7788 ID 0x2E8 LEN 3 91:02:01:
7795 ID 0x3CF LEN 1 69:
7886 ID 0x2E8 LEN 3 91:02:01:
7898 ID 0x3FF LEN 2 92:01:
7974 ID 0x3BF LEN 2 49:00:
7988 ID 0x2E8 LEN 3 91:02:01:
8088 ID 0x3AF LEN 2 59:00:
8089 ID 0x2E8 LEN 3 91:02:01:
8187 ID 0x2E8 LEN 3 91:02:01:
8288 ID 0x2E8 LEN 3 91:02:01:
8299 ID 0x3CF LEN 1 69:
8322 ID 0x2D0 LEN 5 12:00:31:31:00:
8386 ID 0x2E8 LEN 3 91:02:01:
8397 ID 0x3FF LEN 2 92:01:
8475 ID 0x3BF LEN 2 49:00:
8487 ID 0x2E8 LEN 3 91:02:01:
8541 ID 0x121 LEN 8 10:0B:76:60:01:56:4F:4C:
8545 ID 0x521 LEN 8 30:01:14:84:84:84:84:84:
8548 ID 0x121 LEN 8 21:69:20:2B:35:20:FF:FF:
8553 ID 0x521 LEN 8 74:84:84:84:84:84:84:84:
8586 ID 0x2E8 LEN 3 91:02:01:
8589 ID 0x3AF LEN 2 59:00:
8687 ID 0x2E8 LEN 3 91:02:01:
8788 ID 0x2E8 LEN 3 91:02:01:
8803 ID 0x3CF LEN 1 69:
8887 ID 0x2E8 LEN 3 91:02:01:
8898 ID 0x3FF LEN 2 92:01:
8975 ID 0x3BF LEN 2 49:00:
8987 ID 0x2E8 LEN 3 91:02:01:
9086 ID 0x2E8 LEN 3 91:02:01:
9089 ID 0x3AF LEN 2 59:00:
9187 ID 0x2E8 LEN 3 91:02:01:
9288 ID 0x2E8 LEN 3 91:02:01:
9307 ID 0x3CF LEN 1 69:
9354 ID 0x2D0 LEN 5 12:00:31:31:00:
9387 ID 0x2E8 LEN 3 91:02:01:
9398 ID 0x3FF LEN 2 92:01:
9475 ID 0x3BF LEN 2 49:00:
9488 ID 0x2E8 LEN 3 91:02:01:
9586 ID 0x2E8 LEN 3 91:02:01:
9588 ID 0x3AF LEN 2 59:00:
9688 ID 0x2E8 LEN 3 91:02:01:
9788 ID 0x2E8 LEN 3 91:02:01:
9815 ID 0x3CF LEN 1 69:
9888 ID 0x2E8 LEN 3 91:02:01:
9896 ID 0x3FF LEN 2 92:01:
9975 ID 0x3BF LEN 2 49:00:
9987 ID 0x2E8 LEN 3 91:02:01:
9992 ID 0x121 LEN 8 10:0B:76:60:01:56:4F:4C:
9995 ID 0x521 LEN 8 30:01:14:84:84:84:84:84:
9999 ID 0x121 LEN 8 21:69:20:2B:34:20:FF:FF:
10003 ID 0x521 LEN 8 74:84:84:84:84:84:84:84:
10088 ID 0x2E8 LEN 3 91:02:01:
10186 ID 0x2E8 LEN 3 91:02:01:
10288 ID 0x2E8 LEN 3 91:02:01:
10318 ID 0x3CF LEN 1 69:
10387 ID 0x2D0 LEN 5 12:00:31:31:00:
10388 ID 0x2E8 LEN 3 91:02:01:
10397 ID 0x3FF LEN 2 92:01:
10475 ID 0x3BF LEN 2 49:00:
10486 ID 0x2E8 LEN 3 91:02:01:
10540 ID 0x121 LEN 8 10:0B:76:60:01:56:4F:4C:
10544 ID 0x521 LEN 8 30:01:14:84:84:84:84:84:
10547 ID 0x121 LEN 8 21:69:20:2B:33:20:FF:FF:
10552 ID 0x521 LEN 8 74:84:84:84:84:84:84:84:
10588 ID 0x2E8 LEN 3 91:02:01:
10686 ID 0x2E8 LEN 3 91:02:01:
10787 ID 0x2E8 LEN 3 91:02:01:
10822 ID 0x3CF LEN 1 69:
10888 ID 0x2E8 LEN 3 91:02:01:
10897 ID 0x3FF LEN 2 92:01:
10975 ID 0x3BF LEN 2 49:00:
10987 ID 0x2E8 LEN 3 91:02:01:
11087 ID 0x2E8 LEN 3 91:02:01:
11186 ID 0x2E8 LEN 3 91:02:01:
11191 ID 0x121 LEN 8 10:0B:76:60:01:56:4F:4C:
11199 ID 0x521 LEN 8 30:01:14:84:84:84:84:84:
11204 ID 0x121 LEN 8 21:69:20:2B:32:20:FF:FF:
11208 ID 0x521 LEN 8 74:84:84:84:84:84:84:84:
11287 ID 0x2E8 LEN 3 91:02:01:
11326 ID 0x3CF LEN 1 69:
11388 ID 0x2E8 LEN 3 91:02:01:
11397 ID 0x3FF LEN 2 92:01:
11420 ID 0x2D0 LEN 5 12:00:31:31:00:
11474 ID 0x3BF LEN 2 49:00:
11487 ID 0x2E8 LEN 3 91:02:01:
11587 ID 0x2E8 LEN 3 91:02:01:
11685 ID 0x2E8 LEN 3 91:02:01:
11787 ID 0x2E8 LEN 3 91:02:01:
11832 ID 0x3CF LEN 1 69:
11888 ID 0x2E8 LEN 3 91:02:01:
11893 ID 0x121 LEN 8 10:0B:76:60:01:56:4F:4C:
11895 ID 0x521 LEN 8 30:01:14:84:84:84:84:84:
11897 ID 0x121 LEN 8 21:69:20:2B:31:20:FF:FF:
11904 ID 0x521 LEN 8 74:84:84:84:84:84:84:84:
11974 ID 0x3BF LEN 2 49:00:
11986 ID 0x2E8 LEN 3 91:02:01:
12088 ID 0x2E8 LEN 3 91:02:01:
12089 ID 0x3AF LEN 2 59:00:
12186 ID 0x2E8 LEN 3 91:02:01:
12286 ID 0x2E8 LEN 3 91:02:01:
12341 ID 0x3CF LEN 1 69:
12388 ID 0x2E8 LEN 3 91:02:01:
12396 ID 0x3FF LEN 2 92:01:
12449 ID 0x2D0 LEN 5 12:00:31:31:00:
12475 ID 0x3BF LEN 2 49:00:
12486 ID 0x2E8 LEN 3 91:02:01:
12587 ID 0x2E8 LEN 3 91:02:01:
12589 ID 0x3AF LEN 2 59:00:
12686 ID 0x2E8 LEN 3 91:02:01:
12786 ID 0x2E8 LEN 3 91:02:01:
12854 ID 0x3CF LEN 1 69:
12888 ID 0x2E8 LEN 3 91:02:01:
12896 ID 0x3FF LEN 2 92:01:
12975 ID 0x3BF LEN 2 49:00:
12986 ID 0x2E8 LEN 3 91:02:01:
12991 ID 0x121 LEN 8 10:0B:76:60:01:56:4F:4C:
12995 ID 0x521 LEN 8 30:01:14:84:84:84:84:84:
12998 ID 0x121 LEN 8 21:69:20:30:20:20:FF:FF:
13001 ID 0x521 LEN 8 74:84:84:84:84:84:84:84:
13087 ID 0x2E8 LEN 3 91:02:01:
13089 ID 0x3AF LEN 2 59:00:
13186 ID 0x2E8 LEN 3 91:02:01:
13286 ID 0x2E8 LEN 3 91:02:01:
13358 ID 0x3CF LEN 1 69:
13387 ID 0x2E8 LEN 3 91:02:01:
13396 ID 0x3FF LEN 2 92:01:
13474 ID 0x3BF LEN 2 49:00:
13481 ID 0x2D0 LEN 5 12:00:31:31:00:
13486 ID 0x2E8 LEN 3 91:02:01:
13587 ID 0x2E8 LEN 3 91:02:01:
13589 ID 0x3AF LEN 2 59:00:
13685 ID 0x2E8 LEN 3 91:02:01:
13787 ID 0x2E8 LEN 3 91:02:01:
13861 ID 0x3CF LEN 1 69:
13887 ID 0x2E8 LEN 3 91:02:01:
13892 ID 0x121 LEN 8 10:0B:76:60:01:56:4F:4C:
13895 ID 0x3FF LEN 2 92:01:
13906 ID 0x521 LEN 8 30:01:14:84:84:84:84:84:
13908 ID 0x121 LEN 8 21:69:20:2D:31:20:FF:FF:
13920 ID 0x521 LEN 8 74:84:84:84:84:84:84:84:
13974 ID 0x3BF LEN 2 49:00:
13985 ID 0x2E8 LEN 3 91:02:01:
14087 ID 0x2E8 LEN 3 91:02:01:
14089 ID 0x3AF LEN 2 59:00:
14185 ID 0x2E8 LEN 3 91:02:01:
14286 ID 0x2E8 LEN 3 91:02:01:
14369 ID 0x3CF LEN 1 69:
14387 ID 0x2E8 LEN 3 91:02:01:
14395 ID 0x3FF LEN 2 92:01:
14475 ID 0x3BF LEN 2 49:00:
14485 ID 0x2E8 LEN 3 91:02:01:
14515 ID 0x2D0 LEN 5 12:00:31:31:00:
14586 ID 0x2E8 LEN 3 91:02:01:
14588 ID 0x3AF LEN 2 59:00:
14685 ID 0x2E8 LEN 3 91:02:01:
14739 ID 0x121 LEN 8 10:0B:76:60:01:56:4F:4C:
14742 ID 0x521 LEN 8 30:01:14:84:84:84:84:84:
14744 ID 0x121 LEN 8 21:69:20:2D:32:20:FF:FF:
14750 ID 0x521 LEN 8 74:84:84:84:84:84:84:84:
14786 ID 0x2E8 LEN 3 91:02:01:
14873 ID 0x3CF LEN 1 69:
14887 ID 0x2E8 LEN 3 91:02:01:
14896 ID 0x3FF LEN 2 92:01:
14974 ID 0x3BF LEN 2 49:00:
14986 ID 0x2E8 LEN 3 91:02:01:
15086 ID 0x2E8 LEN 3 91:02:01:
15092 ID 0x3AF LEN 2 59:00:
15184 ID 0x2E8 LEN 3 91:02:01:
15286 ID 0x2E8 LEN 3 91:02:01:
15380 ID 0x3CF LEN 1 69:
15387 ID 0x2E8 LEN 3 91:02:01:
15395 ID 0x3FF LEN 2 92:01:
15474 ID 0x3BF LEN 2 49:00:
15485 ID 0x2E8 LEN 3 91:02:01:
15546 ID 0x2D0 LEN 5 12:00:31:31:00:
15586 ID 0x2E8 LEN 3 91:02:01:
15588 ID 0x3AF LEN 2 59:00:
15685 ID 0x2E8 LEN 3 91:02:01:
15785 ID 0x2E8 LEN 3 91:02:01:
15885 ID 0x3CF LEN 1 69:
15887 ID 0x2E8 LEN 3 91:02:01:
15895 ID 0x3FF LEN 2 92:01:
15974 ID 0x3BF LEN 2 49:00:
15985 ID 0x2E8 LEN 3 91:02:01:
16087 ID 0x2E8 LEN 3 91:02:01:
16089 ID 0x3AF LEN 2 59:00:
16185 ID 0x2E8 LEN 3 91:02:01:
16286 ID 0x2E8 LEN 3 91:02:01:
16387 ID 0x2E8 LEN 3 91:02:01:
16392 ID 0x3CF LEN 1 69:
16395 ID 0x3FF LEN 2 92:01:
16475 ID 0x3BF LEN 2 49:00:
16485 ID 0x2E8 LEN 3 91:02:01:
16579 ID 0x2D0 LEN 5 12:00:31:31:00:
16586 ID 0x2E8 LEN 3 91:02:01:
16589 ID 0x3AF LEN 2 59:00:
16685 ID 0x2E8 LEN 3 91:02:01:
16693 ID 0x121 LEN 8 10:0B:76:60:22:20:20:4E:
16700 ID 0x521 LEN 8 30:01:14:84:84:84:84:84:
16702 ID 0x121 LEN 8 21:45:57:53:20:20:FF:FF:
16708 ID 0x521 LEN 8 74:84:84:84:84:84:84:84:
16720 ID 0x121 LEN 8 10:0B:76:60:26:52:46:49:
16724 ID 0x521 LEN 8 30:01:14:84:84:84:84:84:
16727 ID 0x121 LEN 8 21:20:39:34:46:4D:FF:FF:
16733 ID 0x521 LEN 8 74:84:84:84:84:84:84:84:
16786 ID 0x2E8 LEN 3 91:02:01:
16886 ID 0x2E8 LEN 3 91:02:01:
16894 ID 0x3FF LEN 2 92:01:
16896 ID 0x3CF LEN 1 69:
16974 ID 0x3BF LEN 2 49:00:
16985 ID 0x2E8 LEN 3 91:02:01:
17086 ID 0x2E8 LEN 3 91:02:01:
17088 ID 0x3AF LEN 2 59:00:
17184 ID 0x2E8 LEN 3 91:02:01:
17286 ID 0x2E8 LEN 3 91:02:01:
17387 ID 0x2E8 LEN 3 91:02:01:
17395 ID 0x3FF LEN 2 92:01:
17399 ID 0x3CF LEN 1 69:
17474 ID 0x3BF LEN 2 49:00:
17484 ID 0x2E8 LEN 3 91:02:01:
17586 ID 0x2E8 LEN 3 91:02:01:
17588 ID 0x3AF LEN 2 59:00:
17610 ID 0x2D0 LEN 5 12:00:31:31:00:
17684 ID 0x2E8 LEN 3 91:02:01:
17785 ID 0x2E8 LEN 3 91:02:01:
17887 ID 0x2E8 LEN 3 91:02:01:
17895 ID 0x3FF LEN 2 92:01:
17907 ID 0x3CF LEN 1 69:
17974 ID 0x3BF LEN 2 49:00:
17985 ID 0x2E8 LEN 3 91:02:01:
18085 ID 0x2E8 LEN 3 91:02:01:
18088 ID 0x3AF LEN 2 59:00:
18185 ID 0x2E8 LEN 3 91:02:01:
18285 ID 0x2E8 LEN 3 91:02:01:
18386 ID 0x2E8 LEN 3 91:02:01:
18395 ID 0x3FF LEN 2 92:01:
18415 ID 0x3CF LEN 1 69:
18475 ID 0x3BF LEN 2 49:00:
18485 ID 0x2E8 LEN 3 91:02:01:
18585 ID 0x2E8 LEN 3 91:02:01:
18588 ID 0x3AF LEN 2 59:00:
18642 ID 0x2D0 LEN 5 12:00:31:31:00:
18684 ID 0x2E8 LEN 3 91:02:01:
18786 ID 0x2E8 LEN 3 91:02:01:
18886 ID 0x2E8 LEN 3 91:02:01:
18894 ID 0x3FF LEN 2 92:01:
18923 ID 0x3CF LEN 1 69:
18974 ID 0x3BF LEN 2 49:00:
18984 ID 0x2E8 LEN 3 91:02:01:
19086 ID 0x2E8 LEN 3 91:02:01:
19088 ID 0x3AF LEN 2 59:00:
19184 ID 0x2E8 LEN 3 91:02:01:
19286 ID 0x2E8 LEN 3 91:02:01:
19386 ID 0x2E8 LEN 3 91:02:01:
19394 ID 0x3FF LEN 2 92:01:
19427 ID 0x3CF LEN 1 69:
19474 ID 0x3BF LEN 2 49:00:
19484 ID 0x2E8 LEN 3 91:02:01:
19586 ID 0x2E8 LEN 3 91:02:01:
19588 ID 0x3AF LEN 2 59:00:
19675 ID 0x2D0 LEN 5 12:00:31:31:00:
19684 ID 0x2E8 LEN 3 91:02:01:
19785 ID 0x2E8 LEN 3 91:02:01:
19887 ID 0x2E8 LEN 3 91:02:01:
19895 ID 0x3FF LEN 2 92:01:
19935 ID 0x3CF LEN 1 69:
19974 ID 0x3BF LEN 2 49:00:
19984 ID 0x2E8 LEN 3 91:02:01:
20085 ID 0x2E8 LEN 3 91:02:01:
20087 ID 0x3AF LEN 2 59:00:
20184 ID 0x2E8 LEN 3 91:02:01:
20285 ID 0x2E8 LEN 3 91:02:01:
20386 ID 0x2E8 LEN 3 91:02:01:
20395 ID 0x3FF LEN 2 92:01:
20443 ID 0x3CF LEN 1 69:
20474 ID 0x3BF LEN 2 49:00:
20485 ID 0x2E8 LEN 3 91:02:01:
20585 ID 0x2E8 LEN 3 91:02:01:
20587 ID 0x3AF LEN 2 59:00:
20684 ID 0x2E8 LEN 3 91:02:01:
20707 ID 0x2D0 LEN 5 12:00:31:31:00:
20785 ID 0x2E8 LEN 3 91:02:01:
20886 ID 0x2E8 LEN 3 91:02:01:
20894 ID 0x3FF LEN 2 92:01:
20946 ID 0x3CF LEN 1 69:
20974 ID 0x3BF LEN 2 49:00:
20984 ID 0x2E8 LEN 3 91:02:01:
21085 ID 0x2E8 LEN 3 91:02:01:
21088 ID 0x3AF LEN 2 59:00:
21184 ID 0x2E8 LEN 3 91:02:01:
21285 ID 0x2E8 LEN 3 91:02:01:
21386 ID 0x2E8 LEN 3 91:02:01:
21394 ID 0x3FF LEN 2 92:01:
21450 ID 0x3CF LEN 1 69:
21474 ID 0x3BF LEN 2 49:00:
21484 ID 0x2E8 LEN 3 91:02:01:
21585 ID 0x2E8 LEN 3 91:02:01:
21587 ID 0x3AF LEN 2 59:00:
21684 ID 0x2E8 LEN 3 91:02:01:
21739 ID 0x2D0 LEN 5 12:00:31:31:00:
21785 ID 0x2E8 LEN 3 91:02:01:
21885 ID 0x2E8 LEN 3 91:02:01:
21894 ID 0x3FF LEN 2 92:01:
21958 ID 0x3CF LEN 1 69:
21974 ID 0x3BF LEN 2 49:00:
21984 ID 0x2E8 LEN 3 91:02:01:
22085 ID 0x2E8 LEN 3 91:02:01:
22087 ID 0x3AF LEN 2 59:00:
22183 ID 0x2E8 LEN 3 91:02:01:
22285 ID 0x2E8 LEN 3 91:02:01:
22386 ID 0x2E8 LEN 3 91:02:01:
22394 ID 0x3FF LEN 2 92:01:
22466 ID 0x3CF LEN 1 69:
22473 ID 0x3BF LEN 2 49:00:
22483 ID 0x2E8 LEN 3 91:02:01:
22585 ID 0x2E8 LEN 3 91:02:01:
22587 ID 0x3AF LEN 2 59:00:
22683 ID 0x2E8 LEN 3 91:02:01:
22770 ID 0x2D0 LEN 5 12:00:31:31:00:
22785 ID 0x2E8 LEN 3 91:02:01:
22886 ID 0x2E8 LEN 3 91:02:01:
22894 ID 0x3FF LEN 2 92:01:
22974 ID 0x3BF LEN 2 49:00:
22978 ID 0x3CF LEN 1 69:
22984 ID 0x2E8 LEN 3 91:02:01:
23085 ID 0x2E8 LEN 3 91:02:01:
23088 ID 0x3AF LEN 2 59:00:
23186 ID 0x2E8 LEN 3 91:02:01:
23284 ID 0x2E8 LEN 3 91:02:01:
23386 ID 0x2E8 LEN 3 91:02:01:
23394 ID 0x3FF LEN 2 92:01:
23474 ID 0x3BF LEN 2 49:00:
23484 ID 0x2E8 LEN 3 91:02:01:
23486 ID 0x3CF LEN 1 69:
23584 ID 0x2E8 LEN 3 91:02:01:
23586 ID 0x3AF LEN 2 59:00:
23684 ID 0x2E8 LEN 3 91:02:01:
23784 ID 0x2E8 LEN 3 91:02:01:
23802 ID 0x2D0 LEN 5 12:00:31:31:00:
23885 ID 0x2E8 LEN 3 91:02:01:
23894 ID 0x3FF LEN 2 92:01:
23974 ID 0x3BF LEN 2 49:00:
23984 ID 0x2E8 LEN 3 91:02:01:
23990 ID 0x3CF LEN 1 69:
24085 ID 0x2E8 LEN 3 91:02:01:
24087 ID 0x3AF LEN 2 59:00:
24183 ID 0x2E8 LEN 3 91:02:01:
24285 ID 0x2E8 LEN 3 91:02:01:
24385 ID 0x2E8 LEN 3 91:02:01:
24393 ID 0x3FF LEN 2 92:01:
24473 ID 0x3BF LEN 2 49:00:
24484 ID 0x2E8 LEN 3 91:02:01:
24494 ID 0x3CF LEN 1 69:
24585 ID 0x2E8 LEN 3 91:02:01:
24587 ID 0x3AF LEN 2 59:00:
24683 ID 0x2E8 LEN 3 91:02:01:
24784 ID 0x2E8 LEN 3 91:02:01:
24835 ID 0x2D0 LEN 5 12:00:31:31:00:
24885 ID 0x2E8 LEN 3 91:02:01:
24893 ID 0x3FF LEN 2 92:01:
24974 ID 0x3BF LEN 2 49:00:
24983 ID 0x2E8 LEN 3 91:02:01:
25001 ID 0x3CF LEN 1 69:
25084 ID 0x2E8 LEN 3 91:02:01:
25088 ID 0x3AF LEN 2 59:00:
25186 ID 0x2E8 LEN 3 91:02:01:
25283 ID 0x2E8 LEN 3 91:02:01:
25384 ID 0x2E8 LEN 3 91:02:01:
25393 ID 0x3FF LEN 2 92:01:
25474 ID 0x3BF LEN 2 49:00:
25483 ID 0x2E8 LEN 3 91:02:01:
25508 ID 0x3CF LEN 1 69:
25584 ID 0x2E8 LEN 3 91:02:01:
25586 ID 0x3AF LEN 2 59:00:
25686 ID 0x2E8 LEN 3 91:02:01:
25784 ID 0x2E8 LEN 3 91:02:01:
25867 ID 0x2D0 LEN 5 12:00:31:31:00:
25885 ID 0x2E8 LEN 3 91:02:01:
25893 ID 0x3FF LEN 2 92:01:
25973 ID 0x3BF LEN 2 49:00:
25984 ID 0x2E8 LEN 3 91:02:01:
26018 ID 0x3CF LEN 1 69:
26085 ID 0x2E8 LEN 3 91:02:01:
26087 ID 0x3AF LEN 2 59:00:
26183 ID 0x2E8 LEN 3 91:02:01:
26284 ID 0x2E8 LEN 3 91:02:01:
26385 ID 0x2E8 LEN 3 91:02:01:
26393 ID 0x3FF LEN 2 92:01:
26473 ID 0x3BF LEN 2 49:00:
26483 ID 0x2E8 LEN 3 91:02:01:
26524 ID 0x3CF LEN 1 69:
26585 ID 0x2E8 LEN 3 91:02:01:
26587 ID 0x3AF LEN 2 59:00:
26685 ID 0x2E8 LEN 3 91:02:01:
26783 ID 0x2E8 LEN 3 91:02:01:
26885 ID 0x2E8 LEN 3 91:02:01:
26893 ID 0x3FF LEN 2 92:01:
26899 ID 0x2D0 LEN 5 12:00:31:31:00:
26974 ID 0x3BF LEN 2 49:00:
26983 ID 0x2E8 LEN 3 91:02:01:
27032 ID 0x3CF LEN 1 69:
27084 ID 0x2E8 LEN 3 91:02:01:
27087 ID 0x3AF LEN 2 59:00:
27185 ID 0x2E8 LEN 3 91:02:01:
27283 ID 0x2E8 LEN 3 91:02:01:
27384 ID 0x2E8 LEN 3 91:02:01:
27394 ID 0x3FF LEN 2 92:01:
27473 ID 0x3BF LEN 2 49:00:
27483 ID 0x2E8 LEN 3 91:02:01:
27536 ID 0x3CF LEN 1 69:
27584 ID 0x2E8 LEN 3 91:02:01:
27586 ID 0x3AF LEN 2 59:00:
27685 ID 0x2E8 LEN 3 91:02:01:
27784 ID 0x2E8 LEN 3 91:02:01:
27885 ID 0x2E8 LEN 3 91:02:01:
27893 ID 0x3FF LEN 2 92:01:
27931 ID 0x2D0 LEN 5 12:00:31:31:00:
27973 ID 0x3BF LEN 2 49:00:
27983 ID 0x2E8 LEN 3 91:02:01:
28044 ID 0x3CF LEN 1 69:
28084 ID 0x2E8 LEN 3 91:02:01:
28087 ID 0x3AF LEN 2 59:00:
28185 ID 0x2E8 LEN 3 91:02:01:
28283 ID 0x2E8 LEN 3 91:02:01:
28385 ID 0x2E8 LEN 3 91:02:01:
28393 ID 0x3FF LEN 2 92:01:
28473 ID 0x3BF LEN 2 49:00:
28483 ID 0x2E8 LEN 3 91:02:01:
28548 ID 0x3CF LEN 1 69:
28584 ID 0x2E8 LEN 3 91:02:01:
28587 ID 0x3AF LEN 2 59:00:
28683 ID 0x2E8 LEN 3 91:02:01:
28784 ID 0x2E8 LEN 3 91:02:01:
28884 ID 0x2E8 LEN 3 91:02:01:
28894 ID 0x3FF LEN 2 92:01:
28963 ID 0x2D0 LEN 5 12:00:31:31:00:
28974 ID 0x3BF LEN 2 49:00:
28984 ID 0x2E8 LEN 3 91:02:01:
29056 ID 0x3CF LEN 1 69:
29084 ID 0x2E8 LEN 3 91:02:01:
29087 ID 0x3AF LEN 2 59:00:
29182 ID 0x2E8 LEN 3 91:02:01:
29284 ID 0x2E8 LEN 3 91:02:01:
29384 ID 0x2E8 LEN 3 91:02:01:
29393 ID 0x3FF LEN 2 92:01:
29473 ID 0x3BF LEN 2 49:00:
29484 ID 0x2E8 LEN 3 91:02:01:
29563 ID 0x3CF LEN 1 69:
29584 ID 0x2E8 LEN 3 91:02:01:
29586 ID 0x3AF LEN 2 59:00:
29682 ID 0x2E8 LEN 3 91:02:01:
29784 ID 0x2E8 LEN 3 91:02:01:
29885 ID 0x2E8 LEN 3 91:02:01:
29893 ID 0x3FF LEN 2 92:01:
29973 ID 0x3BF LEN 2 49:00:
29983 ID 0x2E8 LEN 3 91:02:01:
29996 ID 0x2D0 LEN 5 12:00:31:31:00:
30071 ID 0x3CF LEN 1 69:
30084 ID 0x2E8 LEN 3 91:02:01:
30087 ID 0x3AF LEN 2 59:00:
30182 ID 0x2E8 LEN 3 91:02:01:
30283 ID 0x2E8 LEN 3 91:02:01:
30385 ID 0x2E8 LEN 3 91:02:01:
30393 ID 0x3FF LEN 2 92:01:
30474 ID 0x3BF LEN 2 49:00:
30483 ID 0x2E8 LEN 3 91:02:01:
30579 ID 0x3CF LEN 1 69:
30583 ID 0x2E8 LEN 3 91:02:01:
30586 ID 0x3AF LEN 2 59:00:
30683 ID 0x2E8 LEN 3 91:02:01:
30783 ID 0x2E8 LEN 3 91:02:01:
30884 ID 0x2E8 LEN 3 91:02:01:
30893 ID 0x3FF LEN 2 92:01:
30973 ID 0x3BF LEN 2 49:00:
30983 ID 0x2E8 LEN 3 91:02:01:
31028 ID 0x2D0 LEN 5 12:00:31:31:00:
31083 ID 0x3CF LEN 1 69:
31084 ID 0x2E8 LEN 3 91:02:01:
31087 ID 0x3AF LEN 2 59:00:
31182 ID 0x2E8 LEN 3 91:02:01:
31284 ID 0x2E8 LEN 3 91:02:01:
31384 ID 0x2E8 LEN 3 91:02:01:
31393 ID 0x3FF LEN 2 92:01:
31473 ID 0x3BF LEN 2 49:00:
31483 ID 0x2E8 LEN 3 91:02:01:
31584 ID 0x2E8 LEN 3 91:02:01:
31586 ID 0x3AF LEN 2 59:00:
31591 ID 0x3CF LEN 1 69:
31682 ID 0x2E8 LEN 3 91:02:01:
31783 ID 0x2E8 LEN 3 91:02:01:
31884 ID 0x2E8 LEN 3 91:02:01:
31893 ID 0x3FF LEN 2 92:01:
31973 ID 0x3BF LEN 2 49:00:
31983 ID 0x2E8 LEN 3 91:02:01:
32060 ID 0x2D0 LEN 5 12:00:31:31:00:
32083 ID 0x2E8 LEN 3 91:02:01:
32087 ID 0x3AF LEN 2 59:00:
32099 ID 0x3CF LEN 1 69:
32182 ID 0x2E8 LEN 3 91:02:01:
32283 ID 0x2E8 LEN 3 91:02:01:
32385 ID 0x2E8 LEN 3 91:02:01:
32393 ID 0x3FF LEN 2 92:01:
32473 ID 0x3BF LEN 2 49:00:
32483 ID 0x2E8 LEN 3 91:02:01:
32583 ID 0x2E8 LEN 3 91:02:01:
32586 ID 0x3AF LEN 2 59:00:
32603 ID 0x3CF LEN 1 69:
32681 ID 0x2E8 LEN 3 91:02:01:
32783 ID 0x2E8 LEN 3 91:02:01:
32884 ID 0x2E8 LEN 3 91:02:01:
32892 ID 0x3FF LEN 2 92:01:
32973 ID 0x3BF LEN 2 49:00:
32983 ID 0x2E8 LEN 3 91:02:01:
33083 ID 0x2E8 LEN 3 91:02:01:
33087 ID 0x3AF LEN 2 59:00:
33091 ID 0x2D0 LEN 5 12:00:31:31:00:
33111 ID 0x3CF LEN 1 69:
33182 ID 0x2E8 LEN 3 91:02:01:
33283 ID 0x2E8 LEN 3 91:02:01:
33384 ID 0x2E8 LEN 3 91:02:01:
33392 ID 0x3FF LEN 2 92:01:
33473 ID 0x3BF LEN 2 49:00:
33482 ID 0x2E8 LEN 3 91:02:01:
33584 ID 0x2E8 LEN 3 91:02:01:
33586 ID 0x3AF LEN 2 59:00:
33618 ID 0x3CF LEN 1 69:
33682 ID 0x2E8 LEN 3 91:02:01:
33783 ID 0x2E8 LEN 3 91:02:01:
33884 ID 0x2E8 LEN 3 91:02:01:
33893 ID 0x3FF LEN 2 92:01:
33973 ID 0x3BF LEN 2 49:00:
33982 ID 0x2E8 LEN 3 91:02:01:
34083 ID 0x2E8 LEN 3 91:02:01:
34086 ID 0x3AF LEN 2 59:00:
34122 ID 0x3CF LEN 1 69:
34124 ID 0x2D0 LEN 5 12:00:31:31:00:
34182 ID 0x2E8 LEN 3 91:02:01:
34283 ID 0x2E8 LEN 3 91:02:01:
34383 ID 0x2E8 LEN 3 91:02:01:
34393 ID 0x3FF LEN 2 92:01:
34472 ID 0x3BF LEN 2 49:00:
34483 ID 0x2E8 LEN 3 91:02:01:
34583 ID 0x2E8 LEN 3 91:02:01:
34586 ID 0x3AF LEN 2 59:00:
34630 ID 0x3CF LEN 1 69:
34681 ID 0x2E8 LEN 3 91:02:01:
34783 ID 0x2E8 LEN 3 91:02:01:
34884 ID 0x2E8 LEN 3 91:02:01:
34892 ID 0x3FF LEN 2 92:01:
34973 ID 0x3BF LEN 2 49:00:
34982 ID 0x2E8 LEN 3 91:02:01:
35083 ID 0x2E8 LEN 3 91:02:01:
35087 ID 0x3AF LEN 2 59:00:
35138 ID 0x3CF LEN 1 69:
35155 ID 0x2D0 LEN 5 12:00:31:31:00:
35181 ID 0x2E8 LEN 3 91:02:01:
35282 ID 0x2E8 LEN 3 91:02:01:
35384 ID 0x2E8 LEN 3 91:02:01:
35392 ID 0x3FF LEN 2 92:01:
35473 ID 0x3BF LEN 2 49:00:
35482 ID 0x2E8 LEN 3 91:02:01:
35582 ID 0x2E8 LEN 3 91:02:01:
35586 ID 0x3AF LEN 2 59:00:
35642 ID 0x3CF LEN 1 69:
35682 ID 0x2E8 LEN 3 91:02:01:
35782 ID 0x2E8 LEN 3 91:02:01:
35884 ID 0x2E8 LEN 3 91:02:01:
35892 ID 0x3FF LEN 2 92:01:
35973 ID 0x3BF LEN 2 49:00:
35982 ID 0x2E8 LEN 3 91:02:01:
36083 ID 0x2E8 LEN 3 91:02:01:
36086 ID 0x3AF LEN 2 59:00:
36149 ID 0x3CF LEN 1 69:
36182 ID 0x2E8 LEN 3 91:02:01:
36188 ID 0x2D0 LEN 5 12:00:31:31:00:
36283 ID 0x2E8 LEN 3 91:02:01:
36383 ID 0x2E8 LEN 3 91:02:01:
36392 ID 0x3FF LEN 2 92:01:
36472 ID 0x3BF LEN 2 49:00:
36482 ID 0x2E8 LEN 3 91:02:01:
36583 ID 0x2E8 LEN 3 91:02:01:
36586 ID 0x3AF LEN 2 59:00:
36654 ID 0x3CF LEN 1 69:
36681 ID 0x2E8 LEN 3 91:02:01:
36783 ID 0x2E8 LEN 3 91:02:01:
36883 ID 0x2E8 LEN 3 91:02:01:
36892 ID 0x3FF LEN 2 92:01:
36973 ID 0x3BF LEN 2 49:00:
36982 ID 0x2E8 LEN 3 91:02:01:
37083 ID 0x2E8 LEN 3 91:02:01:
37086 ID 0x3AF LEN 2 59:00:
37156 ID 0x3CF LEN 1 69:
37181 ID 0x2E8 LEN 3 91:02:01:
37220 ID 0x2D0 LEN 5 12:00:31:31:00:
37282 ID 0x2E8 LEN 3 91:02:01:
37384 ID 0x2E8 LEN 3 91:02:01:
37392 ID 0x3FF LEN 2 92:01:
37473 ID 0x3BF LEN 2 49:00:
37482 ID 0x2E8 LEN 3 91:02:01:
37582 ID 0x2E8 LEN 3 91:02:01:
37585 ID 0x3AF LEN 2 59:00:
37660 ID 0x3CF LEN 1 69:
37681 ID 0x2E8 LEN 3 91:02:01:
37782 ID 0x2E8 LEN 3 91:02:01:
37883 ID 0x2E8 LEN 3 91:02:01:
37892 ID 0x3FF LEN 2 92:01:
37972 ID 0x3BF LEN 2 49:00:
37982 ID 0x2E8 LEN 3 91:02:01:
38082 ID 0x2E8 LEN 3 91:02:01:
38086 ID 0x3AF LEN 2 59:00:
38168 ID 0x3CF LEN 1 69:
38180 ID 0x2E8 LEN 3 91:02:01:
38252 ID 0x2D0 LEN 5 12:00:31:31:00:
38282 ID 0x2E8 LEN 3 91:02:01:
38383 ID 0x2E8 LEN 3 91:02:01:
38391 ID 0x3FF LEN 2 92:01:
38472 ID 0x3BF LEN 2 49:00:
38481 ID 0x2E8 LEN 3 91:02:01:
38582 ID 0x2E8 LEN 3 91:02:01:
38586 ID 0x3AF LEN 2 59:00:
38677 ID 0x3CF LEN 1 69:
38681 ID 0x2E8 LEN 3 91:02:01:
38781 ID 0x2E8 LEN 3 91:02:01:
38881 ID 0x2E8 LEN 3 91:02:01:
38892 ID 0x3FF LEN 2 92:01:
38973 ID 0x3BF LEN 2 49:00:
38982 ID 0x2E8 LEN 3 91:02:01:
39083 ID 0x2E8 LEN 3 91:02:01:
39087 ID 0x3AF LEN 2 59:00:
39181 ID 0x2E8 LEN 3 91:02:01:
39184 ID 0x3CF LEN 1 69:
39282 ID 0x2E8 LEN 3 91:02:01:
39287 ID 0x2D0 LEN 5 12:00:31:31:00:
39383 ID 0x2E8 LEN 3 91:02:01:
39392 ID 0x3FF LEN 2 92:01:
39473 ID 0x3BF LEN 2 49:00:
39482 ID 0x2E8 LEN 3 91:02:01:
39583 ID 0x2E8 LEN 3 91:02:01:
39585 ID 0x3AF LEN 2 59:00:
39682 ID 0x2E8 LEN 3 91:02:01:
39693 ID 0x3CF LEN 1 69:
39783 ID 0x2E8 LEN 3 91:02:01:
39883 ID 0x2E8 LEN 3 91:02:01:
39891 ID 0x3FF LEN 2 92:01:
39972 ID 0x3BF LEN 2 49:00:
39982 ID 0x2E8 LEN 3 91:02:01:
40082 ID 0x2E8 LEN 3 91:02:01:
40085 ID 0x3AF LEN 2 59:00:
40181 ID 0x2E8 LEN 3 91:02:01:
40200 ID 0x3CF LEN 1 69:
40282 ID 0x2E8 LEN 3 91:02:01:
40315 ID 0x2D0 LEN 5 12:00:31:31:00:
40383 ID 0x2E8 LEN 3 91:02:01:
40391 ID 0x3FF LEN 2 92:01:
40472 ID 0x3BF LEN 2 49:00:
40481 ID 0x2E8 LEN 3 91:02:01:
40583 ID 0x2E8 LEN 3 91:02:01:
40586 ID 0x3AF LEN 2 59:00:
40681 ID 0x2E8 LEN 3 91:02:01:
40704 ID 0x3CF LEN 1 69:
40781 ID 0x2E8 LEN 3 91:02:01:
40883 ID 0x2E8 LEN 3 91:02:01:
40891 ID 0x3FF LEN 2 92:01:
40973 ID 0x3BF LEN 2 49:00:
40981 ID 0x2E8 LEN 3 91:02:01:
41082 ID 0x2E8 LEN 3 91:02:01:
41085 ID 0x3AF LEN 2 59:00:
41181 ID 0x2E8 LEN 3 91:02:01:
41207 ID 0x3CF LEN 1 69:
41282 ID 0x2E8 LEN 3 91:02:01:
41348 ID 0x2D0 LEN 5 12:00:31:31:00:
41382 ID 0x2E8 LEN 3 91:02:01:
41392 ID 0x3FF LEN 2 92:01:
41473 ID 0x3BF LEN 2 49:00:
41481 ID 0x2E8 LEN 3 91:02:01:
41582 ID 0x2E8 LEN 3 91:02:01:
41585 ID 0x3AF LEN 2 59:00:
41680 ID 0x2E8 LEN 3 91:02:01:
41715 ID 0x3CF LEN 1 69:
41782 ID 0x2E8 LEN 3 91:02:01:
41882 ID 0x2E8 LEN 3 91:02:01:
41891 ID 0x3FF LEN 2 92:01:
41972 ID 0x3BF LEN 2 49:00:
41981 ID 0x2E8 LEN 3 91:02:01:
42082 ID 0x2E8 LEN 3 91:02:01:
42086 ID 0x3AF LEN 2 59:00:
42180 ID 0x2E8 LEN 3 91:02:01:
42223 ID 0x3CF LEN 1 69:
42281 ID 0x2E8 LEN 3 91:02:01:
42380 ID 0x2D0 LEN 5 12:00:31:31:00:
42383 ID 0x2E8 LEN 3 91:02:01:
42391 ID 0x3FF LEN 2 92:01:
42472 ID 0x3BF LEN 2 49:00:
42481 ID 0x2E8 LEN 3 91:02:01:
42582 ID 0x2E8 LEN 3 91:02:01:
42586 ID 0x3AF LEN 2 59:00:
42680 ID 0x2E8 LEN 3 91:02:01:
42727 ID 0x3CF LEN 1 69:
42781 ID 0x2E8 LEN 3 91:02:01:
42883 ID 0x2E8 LEN 3 91:02:01:
42891 ID 0x3FF LEN 2 92:01:
42973 ID 0x3BF LEN 2 49:00:
42981 ID 0x2E8 LEN 3 91:02:01:
