
ROM used: 63 (1%)
          63 (1%) including unused fragments

          0 Average locations per line
          9 Average locations per statement

RAM used: 6 (2%) at main() level
          7 (2%) worst case

Stack used: 1 worst case (out of 7 total available)

Lines Stmts  %   Files
----- ----- ---  -----
   18     7 100  main.c
   19     0   0  main.h
  330     0   0  C:\Program Files (x86)\00_Dev\PICC_4.114\devices\16F877A.h
----- -----
  367     7 Total

Page ROM  %  RAM   Vol Diff  Functions:
---- --- --- ---   --- ----  ----------
0     20  32   1             @delay_ms1
0     39  62   1   106  1.7  main

Program metrics:
    Functions               1
    Statements              7
    Comments                77
    Volume (V)              108
    Difficilty (D)          1.6
    Effort to implement (E) 170
    Time to implement (T)   0 minutes
    Est Delivered Bugs (B)  0
    Cyclomatic Complexity   1
    Maintainability (MI)    158

 Segment     Used  Free
-----------  ----  ----
00000-00003     4  0  
00004-007FF    59  1985  
00800-00FFF     0  2048  
01000-017FF     0  2048  
01800-01EFF     0  1792  



